<?xml version="1.0" encoding="UTF-8"?>
<coverage generated="1701402334013" clover="3.2.0">
  <project timestamp="1701402334013" name="All files">
    <metrics statements="804" coveredstatements="782" conditionals="199" coveredconditionals="186" methods="113" coveredmethods="101" elements="1116" coveredelements="1069" complexity="0" loc="804" ncloc="804" packages="2" files="5" classes="5"/>
    <package name="Backend">
      <metrics statements="607" coveredstatements="585" conditionals="135" coveredconditionals="122" methods="93" coveredmethods="81"/>
      <file name="commuter_match.js" path="C:\cpen321\RouteRider\Backend\commuter_match.js">
        <metrics statements="42" coveredstatements="42" conditionals="14" coveredconditionals="14" methods="6" coveredmethods="6"/>
        <line num="1" count="6" type="stmt"/>
        <line num="3" count="6" type="stmt"/>
        <line num="6" count="6" type="stmt"/>
        <line num="7" count="6" type="stmt"/>
        <line num="10" count="6" type="stmt"/>
        <line num="11" count="6" type="stmt"/>
        <line num="93" count="23" type="stmt"/>
        <line num="95" count="23" type="cond" truecount="5" falsecount="0"/>
        <line num="98" count="10" type="stmt"/>
        <line num="102" count="13" type="stmt"/>
        <line num="105" count="13" type="stmt"/>
        <line num="106" count="13" type="stmt"/>
        <line num="108" count="13" type="stmt"/>
        <line num="109" count="15" type="stmt"/>
        <line num="113" count="15" type="cond" truecount="2" falsecount="0"/>
        <line num="114" count="14" type="stmt"/>
        <line num="115" count="14" type="stmt"/>
        <line num="122" count="13" type="stmt"/>
        <line num="178" count="8" type="stmt"/>
        <line num="181" count="8" type="stmt"/>
        <line num="188" count="18" type="stmt"/>
        <line num="193" count="8" type="stmt"/>
        <line num="265" count="7" type="stmt"/>
        <line num="268" count="7" type="stmt"/>
        <line num="271" count="7" type="stmt"/>
        <line num="272" count="7" type="stmt"/>
        <line num="273" count="7" type="stmt"/>
        <line num="277" count="7" type="stmt"/>
        <line num="280" count="7" type="stmt"/>
        <line num="282" count="15" type="stmt"/>
        <line num="285" count="15" type="stmt"/>
        <line num="286" count="9" type="stmt"/>
        <line num="288" count="5" type="stmt"/>
        <line num="291" count="5" type="cond" truecount="2" falsecount="0"/>
        <line num="296" count="2" type="stmt"/>
        <line num="297" count="2" type="stmt"/>
        <line num="298" count="2" type="stmt"/>
        <line num="303" count="7" type="stmt"/>
        <line num="304" count="7" type="cond" truecount="2" falsecount="0"/>
        <line num="305" count="2" type="stmt"/>
        <line num="307" count="5" type="stmt"/>
        <line num="339" count="6" type="stmt"/>
      </file>
      <file name="recommendation.js" path="C:\cpen321\RouteRider\Backend\recommendation.js">
        <metrics statements="29" coveredstatements="29" conditionals="6" coveredconditionals="6" methods="5" coveredmethods="5"/>
        <line num="9" count="6" type="stmt"/>
        <line num="11" count="6" type="stmt"/>
        <line num="12" count="6" type="stmt"/>
        <line num="14" count="6" type="stmt"/>
        <line num="15" count="3" type="stmt"/>
        <line num="16" count="3" type="stmt"/>
        <line num="18" count="3" type="stmt"/>
        <line num="20" count="3" type="stmt"/>
        <line num="26" count="3" type="stmt"/>
        <line num="33" count="3" type="stmt"/>
        <line num="34" count="3" type="stmt"/>
        <line num="36" count="3" type="stmt"/>
        <line num="37" count="3" type="cond" truecount="2" falsecount="0"/>
        <line num="38" count="1" type="stmt"/>
        <line num="43" count="3" type="stmt"/>
        <line num="44" count="3" type="cond" truecount="2" falsecount="0"/>
        <line num="45" count="1" type="stmt"/>
        <line num="49" count="3" type="stmt"/>
        <line num="50" count="3" type="stmt"/>
        <line num="52" count="3" type="stmt"/>
        <line num="54" count="3" type="stmt"/>
        <line num="63" count="3" type="stmt"/>
        <line num="64" count="3" type="cond" truecount="2" falsecount="0"/>
        <line num="65" count="1" type="stmt"/>
        <line num="66" count="1" type="stmt"/>
        <line num="67" count="7" type="stmt"/>
        <line num="69" count="1" type="stmt"/>
        <line num="72" count="2" type="stmt"/>
        <line num="133" count="6" type="stmt"/>
      </file>
      <file name="server.js" path="C:\cpen321\RouteRider\Backend\server.js">
        <metrics statements="536" coveredstatements="514" conditionals="115" coveredconditionals="102" methods="82" coveredmethods="70"/>
        <line num="1" count="6" type="stmt"/>
        <line num="2" count="6" type="stmt"/>
        <line num="3" count="6" type="stmt"/>
        <line num="4" count="6" type="stmt"/>
        <line num="6" count="6" type="stmt"/>
        <line num="8" count="6" type="stmt"/>
        <line num="10" count="6" type="stmt"/>
        <line num="11" count="6" type="stmt"/>
        <line num="12" count="6" type="stmt"/>
        <line num="14" count="6" type="stmt"/>
        <line num="15" count="6" type="stmt"/>
        <line num="17" count="6" type="stmt"/>
        <line num="18" count="6" type="stmt"/>
        <line num="20" count="6" type="stmt"/>
        <line num="21" count="6" type="stmt"/>
        <line num="22" count="6" type="stmt"/>
        <line num="23" count="6" type="stmt"/>
        <line num="27" count="6" type="stmt"/>
        <line num="31" count="6" type="stmt"/>
        <line num="34" count="6" type="stmt"/>
        <line num="36" count="6" type="stmt"/>
        <line num="38" count="6" type="stmt"/>
        <line num="40" count="6" type="stmt"/>
        <line num="42" count="6" type="stmt"/>
        <line num="44" count="6" type="stmt"/>
        <line num="46" count="6" type="stmt"/>
        <line num="48" count="6" type="stmt"/>
        <line num="50" count="6" type="stmt"/>
        <line num="52" count="6" type="stmt"/>
        <line num="54" count="6" type="stmt"/>
        <line num="56" count="6" type="stmt"/>
        <line num="58" count="6" type="stmt"/>
        <line num="60" count="6" type="stmt"/>
        <line num="62" count="6" type="stmt"/>
        <line num="64" count="6" type="stmt"/>
        <line num="66" count="6" type="stmt"/>
        <line num="68" count="6" type="stmt"/>
        <line num="70" count="6" type="stmt"/>
        <line num="72" count="6" type="stmt"/>
        <line num="74" count="6" type="stmt"/>
        <line num="76" count="6" type="stmt"/>
        <line num="78" count="6" type="stmt"/>
        <line num="80" count="6" type="stmt"/>
        <line num="82" count="6" type="stmt"/>
        <line num="84" count="6" type="stmt"/>
        <line num="86" count="6" type="stmt"/>
        <line num="90" count="6" type="stmt"/>
        <line num="112" count="6" type="stmt"/>
        <line num="117" count="6" type="stmt"/>
        <line num="123" count="6" type="stmt"/>
        <line num="124" count="6" type="stmt"/>
        <line num="141" count="6" type="stmt"/>
        <line num="143" count="6" type="stmt"/>
        <line num="146" count="6" type="stmt"/>
        <line num="148" count="6" type="stmt"/>
        <line num="153" count="6" type="stmt"/>
        <line num="155" count="6" type="stmt"/>
        <line num="159" count="6" type="stmt"/>
        <line num="170" count="6" type="stmt"/>
        <line num="171" count="6" type="stmt"/>
        <line num="173" count="6" type="stmt"/>
        <line num="175" count="6" type="stmt"/>
        <line num="177" count="6" type="stmt"/>
        <line num="179" count="6" type="stmt"/>
        <line num="188" count="6" type="stmt"/>
        <line num="189" count="3" type="stmt"/>
        <line num="190" count="3" type="stmt"/>
        <line num="191" count="3" type="cond" truecount="4" falsecount="0"/>
        <line num="194" count="1" type="stmt"/>
        <line num="195" count="1" type="stmt"/>
        <line num="199" count="2" type="stmt"/>
        <line num="204" count="2" type="cond" truecount="2" falsecount="0"/>
        <line num="206" count="1" type="stmt"/>
        <line num="212" count="1" type="stmt"/>
        <line num="218" count="1" type="stmt"/>
        <line num="232" count="6" type="stmt"/>
        <line num="233" count="1" type="stmt"/>
        <line num="234" count="1" type="stmt"/>
        <line num="239" count="1" type="stmt"/>
        <line num="240" count="1" type="stmt"/>
        <line num="244" count="5" type="stmt"/>
        <line num="245" count="5" type="cond" truecount="4" falsecount="0"/>
        <line num="247" count="1" type="stmt"/>
        <line num="250" count="5" type="stmt"/>
        <line num="255" count="5" type="cond" truecount="2" falsecount="0"/>
        <line num="264" count="2" type="stmt"/>
        <line num="268" count="2" type="stmt"/>
        <line num="277" count="2" type="stmt"/>
        <line num="278" count="2" type="cond" truecount="2" falsecount="0"/>
        <line num="285" count="1" type="stmt"/>
        <line num="296" count="1" type="stmt"/>
        <line num="308" count="3" type="stmt"/>
        <line num="317" count="0" type="stmt"/>
        <line num="321" count="0" type="stmt"/>
        <line num="323" count="0" type="stmt"/>
        <line num="326" count="0" type="stmt"/>
        <line num="328" count="0" type="stmt"/>
        <line num="335" count="6" type="stmt"/>
        <line num="345" count="4" type="stmt"/>
        <line num="346" count="4" type="stmt"/>
        <line num="350" count="6" type="stmt"/>
        <line num="351" count="2" type="stmt"/>
        <line num="353" count="2" type="stmt"/>
        <line num="354" count="1" type="stmt"/>
        <line num="355" count="1" type="stmt"/>
        <line num="356" count="1" type="stmt"/>
        <line num="360" count="1" type="stmt"/>
        <line num="380" count="6" type="stmt"/>
        <line num="381" count="9" type="stmt"/>
        <line num="382" count="9" type="stmt"/>
        <line num="383" count="9" type="stmt"/>
        <line num="384" count="9" type="stmt"/>
        <line num="386" count="3" type="stmt"/>
        <line num="390" count="6" type="stmt"/>
        <line num="395" count="6" type="stmt"/>
        <line num="402" count="6" type="stmt"/>
        <line num="403" count="6" type="stmt"/>
        <line num="404" count="6" type="stmt"/>
        <line num="408" count="6" type="stmt"/>
        <line num="410" count="1" type="stmt"/>
        <line num="414" count="5" type="stmt"/>
        <line num="418" count="6" type="stmt"/>
        <line num="419" count="5" type="stmt"/>
        <line num="420" count="5" type="stmt"/>
        <line num="421" count="5" type="stmt"/>
        <line num="422" count="5" type="stmt"/>
        <line num="423" count="5" type="stmt"/>
        <line num="424" count="5" type="stmt"/>
        <line num="426" count="5" type="stmt"/>
        <line num="427" count="5" type="stmt"/>
        <line num="428" count="15" type="stmt"/>
        <line num="429" count="15" type="stmt"/>
        <line num="430" count="15" type="stmt"/>
        <line num="431" count="15" type="stmt"/>
        <line num="432" count="15" type="stmt"/>
        <line num="433" count="2" type="stmt"/>
        <line num="434" count="2" type="stmt"/>
        <line num="436" count="13" type="stmt"/>
        <line num="439" count="5" type="cond" truecount="2" falsecount="0"/>
        <line num="440" count="1" type="stmt"/>
        <line num="442" count="4" type="stmt"/>
        <line num="448" count="6" type="stmt"/>
        <line num="449" count="6" type="stmt"/>
        <line num="454" count="6" type="stmt"/>
        <line num="464" count="3" type="stmt"/>
        <line num="465" count="3" type="stmt"/>
        <line num="466" count="3" type="stmt"/>
        <line num="467" count="1" type="stmt"/>
        <line num="469" count="2" type="stmt"/>
        <line num="470" count="2" type="stmt"/>
        <line num="474" count="6" type="stmt"/>
        <line num="497" count="3" type="stmt"/>
        <line num="499" count="3" type="stmt"/>
        <line num="500" count="3" type="stmt"/>
        <line num="505" count="3" type="stmt"/>
        <line num="509" count="3" type="stmt"/>
        <line num="511" count="3" type="stmt"/>
        <line num="518" count="3" type="stmt"/>
        <line num="519" count="3" type="stmt"/>
        <line num="521" count="3" type="stmt"/>
        <line num="522" count="3" type="stmt"/>
        <line num="525" count="3" type="stmt"/>
        <line num="526" count="3" type="cond" truecount="2" falsecount="0"/>
        <line num="527" count="2" type="stmt"/>
        <line num="533" count="2" type="cond" truecount="1" falsecount="1"/>
        <line num="541" count="2" type="stmt"/>
        <line num="549" count="2" type="stmt"/>
        <line num="550" count="2" type="cond" truecount="2" falsecount="0"/>
        <line num="552" count="1" type="stmt"/>
        <line num="555" count="1" type="stmt"/>
        <line num="558" count="0" type="stmt"/>
        <line num="561" count="1" type="stmt"/>
        <line num="564" count="1" type="stmt"/>
        <line num="569" count="3" type="stmt"/>
        <line num="683" count="1" type="stmt"/>
        <line num="688" count="0" type="stmt"/>
        <line num="690" count="0" type="stmt"/>
        <line num="692" count="0" type="stmt"/>
        <line num="699" count="7" type="stmt"/>
        <line num="700" count="7" type="cond" truecount="1" falsecount="1"/>
        <line num="701" count="0" type="stmt"/>
        <line num="702" count="0" type="stmt"/>
        <line num="703" count="0" type="stmt"/>
        <line num="710" count="1" type="stmt"/>
        <line num="711" count="1" type="stmt"/>
        <line num="714" count="1" type="stmt"/>
        <line num="716" count="1" type="stmt"/>
        <line num="897" count="21" type="stmt"/>
        <line num="899" count="21" type="stmt"/>
        <line num="903" count="21" type="stmt"/>
        <line num="907" count="21" type="cond" truecount="2" falsecount="0"/>
        <line num="908" count="2" type="stmt"/>
        <line num="909" count="19" type="cond" truecount="2" falsecount="0"/>
        <line num="910" count="2" type="stmt"/>
        <line num="917" count="21" type="cond" truecount="2" falsecount="0"/>
        <line num="918" count="17" type="stmt"/>
        <line num="919" count="17" type="stmt"/>
        <line num="920" count="17" type="stmt"/>
        <line num="921" count="17" type="stmt"/>
        <line num="924" count="28" type="cond" truecount="2" falsecount="0"/>
        <line num="926" count="7" type="stmt"/>
        <line num="927" count="7" type="stmt"/>
        <line num="928" count="7" type="stmt"/>
        <line num="929" count="7" type="stmt"/>
        <line num="932" count="17" type="cond" truecount="4" falsecount="0"/>
        <line num="933" count="10" type="stmt"/>
        <line num="940" count="21" type="stmt"/>
        <line num="941" count="21" type="cond" truecount="2" falsecount="0"/>
        <line num="943" count="14" type="stmt"/>
        <line num="946" count="21" type="stmt"/>
        <line num="952" count="3" type="cond" truecount="1" falsecount="1"/>
        <line num="961" count="3" type="stmt"/>
        <line num="962" count="3" type="stmt"/>
        <line num="963" count="3" type="stmt"/>
        <line num="964" count="3" type="stmt"/>
        <line num="965" count="3" type="stmt"/>
        <line num="966" count="3" type="stmt"/>
        <line num="967" count="3" type="stmt"/>
        <line num="969" count="3" type="stmt"/>
        <line num="970" count="3" type="stmt"/>
        <line num="971" count="3" type="stmt"/>
        <line num="972" count="3" type="stmt"/>
        <line num="973" count="3" type="stmt"/>
        <line num="975" count="3" type="stmt"/>
        <line num="976" count="3" type="stmt"/>
        <line num="977" count="25" type="stmt"/>
        <line num="979" count="25" type="cond" truecount="2" falsecount="0"/>
        <line num="980" count="11" type="cond" truecount="2" falsecount="1"/>
        <line num="982" count="9" type="stmt"/>
        <line num="983" count="9" type="stmt"/>
        <line num="984" count="9" type="stmt"/>
        <line num="985" count="9" type="stmt"/>
        <line num="986" count="9" type="stmt"/>
        <line num="988" count="2" type="stmt"/>
        <line num="989" count="2" type="stmt"/>
        <line num="990" count="2" type="stmt"/>
        <line num="991" count="2" type="stmt"/>
        <line num="992" count="2" type="stmt"/>
        <line num="999" count="14" type="stmt"/>
        <line num="1000" count="14" type="stmt"/>
        <line num="1001" count="14" type="stmt"/>
        <line num="1002" count="14" type="stmt"/>
        <line num="1005" count="25" type="stmt"/>
        <line num="1014" count="25" type="stmt"/>
        <line num="1020" count="25" type="stmt"/>
        <line num="1022" count="3" type="stmt"/>
        <line num="1025" count="3" type="stmt"/>
        <line num="1027" count="3" type="stmt"/>
        <line num="1028" count="3" type="stmt"/>
        <line num="1031" count="18" type="stmt"/>
        <line num="1052" count="4" type="stmt"/>
        <line num="1054" count="4" type="stmt"/>
        <line num="1055" count="4" type="stmt"/>
        <line num="1059" count="4" type="stmt"/>
        <line num="1064" count="4" type="stmt"/>
        <line num="1065" count="4" type="cond" truecount="2" falsecount="0"/>
        <line num="1066" count="1" type="stmt"/>
        <line num="1067" count="1" type="stmt"/>
        <line num="1071" count="1" type="stmt"/>
        <line num="1072" count="3" type="cond" truecount="2" falsecount="0"/>
        <line num="1073" count="1" type="stmt"/>
        <line num="1074" count="1" type="stmt"/>
        <line num="1078" count="1" type="stmt"/>
        <line num="1084" count="2" type="stmt"/>
        <line num="1085" count="2" type="stmt"/>
        <line num="1086" count="2" type="stmt"/>
        <line num="1088" count="2" type="cond" truecount="1" falsecount="1"/>
        <line num="1089" count="2" type="stmt"/>
        <line num="1090" count="2" type="stmt"/>
        <line num="1091" count="2" type="stmt"/>
        <line num="1092" count="2" type="stmt"/>
        <line num="1094" count="2" type="stmt"/>
        <line num="1096" count="2" type="stmt"/>
        <line num="1101" count="2" type="stmt"/>
        <line num="1102" count="2" type="stmt"/>
        <line num="1111" count="2" type="stmt"/>
        <line num="1123" count="2" type="stmt"/>
        <line num="1136" count="2" type="stmt"/>
        <line num="1137" count="2" type="stmt"/>
        <line num="1138" count="2" type="stmt"/>
        <line num="1139" count="3" type="stmt"/>
        <line num="1140" count="3" type="stmt"/>
        <line num="1142" count="3" type="cond" truecount="2" falsecount="0"/>
        <line num="1143" count="2" type="cond" truecount="2" falsecount="1"/>
        <line num="1145" count="1" type="stmt"/>
        <line num="1146" count="1" type="stmt"/>
        <line num="1147" count="1" type="stmt"/>
        <line num="1149" count="1" type="stmt"/>
        <line num="1151" count="1" type="stmt"/>
        <line num="1153" count="1" type="stmt"/>
        <line num="1154" count="1" type="stmt"/>
        <line num="1155" count="1" type="stmt"/>
        <line num="1157" count="1" type="stmt"/>
        <line num="1162" count="2" type="stmt"/>
        <line num="1166" count="2" type="stmt"/>
        <line num="1167" count="2" type="stmt"/>
        <line num="1168" count="2" type="stmt"/>
        <line num="1173" count="2" type="stmt"/>
        <line num="1183" count="2" type="stmt"/>
        <line num="1184" count="2" type="stmt"/>
        <line num="1185" count="2" type="stmt"/>
        <line num="1186" count="2" type="cond" truecount="2" falsecount="0"/>
        <line num="1188" count="1" type="stmt"/>
        <line num="1189" count="5" type="stmt"/>
        <line num="1190" count="5" type="stmt"/>
        <line num="1191" count="0" type="stmt"/>
        <line num="1198" count="0" type="cond" truecount="0" falsecount="2"/>
        <line num="1200" count="0" type="stmt"/>
        <line num="1201" count="0" type="stmt"/>
        <line num="1209" count="2" type="stmt"/>
        <line num="1213" count="2" type="stmt"/>
        <line num="1238" count="9" type="stmt"/>
        <line num="1239" count="9" type="stmt"/>
        <line num="1240" count="9" type="stmt"/>
        <line num="1241" count="9" type="stmt"/>
        <line num="1243" count="9" type="stmt"/>
        <line num="1247" count="9" type="cond" truecount="2" falsecount="0"/>
        <line num="1251" count="2" type="stmt"/>
        <line num="1252" count="2" type="stmt"/>
        <line num="1254" count="9" type="stmt"/>
        <line num="1258" count="9" type="cond" truecount="2" falsecount="0"/>
        <line num="1262" count="2" type="stmt"/>
        <line num="1263" count="2" type="stmt"/>
        <line num="1266" count="9" type="stmt"/>
        <line num="1270" count="9" type="cond" truecount="2" falsecount="0"/>
        <line num="1274" count="1" type="stmt"/>
        <line num="1275" count="1" type="stmt"/>
        <line num="1277" count="9" type="stmt"/>
        <line num="1281" count="9" type="cond" truecount="2" falsecount="0"/>
        <line num="1285" count="1" type="stmt"/>
        <line num="1286" count="1" type="stmt"/>
        <line num="1289" count="9" type="stmt"/>
        <line num="1290" count="9" type="cond" truecount="2" falsecount="0"/>
        <line num="1291" count="4" type="stmt"/>
        <line num="1294" count="9" type="stmt"/>
        <line num="1295" count="9" type="stmt"/>
        <line num="1296" count="9" type="stmt"/>
        <line num="1297" count="8" type="stmt"/>
        <line num="1298" count="8" type="stmt"/>
        <line num="1299" count="8" type="stmt"/>
        <line num="1300" count="7" type="stmt"/>
        <line num="1303" count="8" type="cond" truecount="2" falsecount="0"/>
        <line num="1305" count="5" type="stmt"/>
        <line num="1306" count="5" type="stmt"/>
        <line num="1307" count="5" type="stmt"/>
        <line num="1308" count="5" type="stmt"/>
        <line num="1311" count="6" type="cond" truecount="2" falsecount="0"/>
        <line num="1315" count="1" type="stmt"/>
        <line num="1318" count="6" type="stmt"/>
        <line num="1321" count="7" type="cond" truecount="2" falsecount="0"/>
        <line num="1323" count="4" type="stmt"/>
        <line num="1324" count="4" type="stmt"/>
        <line num="1325" count="4" type="stmt"/>
        <line num="1326" count="4" type="stmt"/>
        <line num="1329" count="5" type="cond" truecount="2" falsecount="0"/>
        <line num="1333" count="1" type="stmt"/>
        <line num="1341" count="5" type="stmt"/>
        <line num="1346" count="5" type="stmt"/>
        <line num="1347" count="5" type="stmt"/>
        <line num="1348" count="5" type="cond" truecount="2" falsecount="0"/>
        <line num="1349" count="1" type="stmt"/>
        <line num="1350" count="1" type="stmt"/>
        <line num="1352" count="4" type="stmt"/>
        <line num="1353" count="4" type="stmt"/>
        <line num="1356" count="5" type="stmt"/>
        <line num="1358" count="5" type="stmt"/>
        <line num="1365" count="4" type="stmt"/>
        <line num="1371" count="4" type="stmt"/>
        <line num="1382" count="4" type="stmt"/>
        <line num="1383" count="4" type="stmt"/>
        <line num="1384" count="4" type="stmt"/>
        <line num="1387" count="4" type="stmt"/>
        <line num="1388" count="4" type="stmt"/>
        <line num="1392" count="4" type="stmt"/>
        <line num="1396" count="4" type="stmt"/>
        <line num="1400" count="4" type="stmt"/>
        <line num="1401" count="4" type="stmt"/>
        <line num="1403" count="4" type="stmt"/>
        <line num="1409" count="4" type="stmt"/>
        <line num="1416" count="4" type="stmt"/>
        <line num="1417" count="4" type="stmt"/>
        <line num="1418" count="4" type="stmt"/>
        <line num="1419" count="4" type="stmt"/>
        <line num="1420" count="4" type="stmt"/>
        <line num="1421" count="4" type="stmt"/>
        <line num="1422" count="4" type="stmt"/>
        <line num="1423" count="4" type="stmt"/>
        <line num="1425" count="4" type="stmt"/>
        <line num="1426" count="4" type="stmt"/>
        <line num="1427" count="4" type="stmt"/>
        <line num="1428" count="4" type="stmt"/>
        <line num="1429" count="4" type="stmt"/>
        <line num="1431" count="4" type="stmt"/>
        <line num="1432" count="14" type="stmt"/>
        <line num="1434" count="14" type="cond" truecount="2" falsecount="0"/>
        <line num="1435" count="7" type="cond" truecount="2" falsecount="1"/>
        <line num="1437" count="3" type="stmt"/>
        <line num="1438" count="3" type="stmt"/>
        <line num="1439" count="3" type="stmt"/>
        <line num="1440" count="3" type="stmt"/>
        <line num="1441" count="3" type="stmt"/>
        <line num="1443" count="4" type="stmt"/>
        <line num="1444" count="4" type="stmt"/>
        <line num="1445" count="4" type="stmt"/>
        <line num="1446" count="4" type="stmt"/>
        <line num="1447" count="4" type="stmt"/>
        <line num="1451" count="7" type="stmt"/>
        <line num="1452" count="7" type="stmt"/>
        <line num="1453" count="7" type="stmt"/>
        <line num="1454" count="7" type="stmt"/>
        <line num="1457" count="14" type="stmt"/>
        <line num="1458" count="14" type="stmt"/>
        <line num="1466" count="14" type="stmt"/>
        <line num="1472" count="14" type="stmt"/>
        <line num="1474" count="4" type="stmt"/>
        <line num="1475" count="4" type="stmt"/>
        <line num="1477" count="4" type="stmt"/>
        <line num="1478" count="22" type="stmt"/>
        <line num="1487" count="4" type="stmt"/>
        <line num="1488" count="4" type="stmt"/>
        <line num="1489" count="4" type="stmt"/>
        <line num="1492" count="4" type="stmt"/>
        <line num="1494" count="4" type="stmt"/>
        <line num="1495" count="4" type="stmt"/>
        <line num="1497" count="4" type="stmt"/>
        <line num="1498" count="30" type="stmt"/>
        <line num="1509" count="0" type="stmt"/>
        <line num="1514" count="1" type="stmt"/>
        <line num="1515" count="1" type="stmt"/>
        <line num="1529" count="10" type="stmt"/>
        <line num="1530" count="10" type="stmt"/>
        <line num="1531" count="10" type="stmt"/>
        <line num="1532" count="10" type="stmt"/>
        <line num="1535" count="10" type="stmt"/>
        <line num="1536" count="10" type="stmt"/>
        <line num="1539" count="10" type="stmt"/>
        <line num="1546" count="10" type="stmt"/>
        <line num="1547" count="10" type="stmt"/>
        <line num="1556" count="10" type="stmt"/>
        <line num="1557" count="10" type="stmt"/>
        <line num="1558" count="10" type="stmt"/>
        <line num="1562" count="0" type="stmt"/>
        <line num="1591" count="64" type="stmt"/>
        <line num="1592" count="64" type="stmt"/>
        <line num="1593" count="64" type="stmt"/>
        <line num="1595" count="64" type="stmt"/>
        <line num="1596" count="64" type="stmt"/>
        <line num="1597" count="64" type="stmt"/>
        <line num="1599" count="64" type="stmt"/>
        <line num="1600" count="64" type="stmt"/>
        <line num="1601" count="64" type="stmt"/>
        <line num="1602" count="64" type="stmt"/>
        <line num="1603" count="151" type="stmt"/>
        <line num="1605" count="64" type="stmt"/>
        <line num="1606" count="64" type="stmt"/>
        <line num="1607" count="64" type="cond" truecount="2" falsecount="0"/>
        <line num="1608" count="39" type="stmt"/>
        <line num="1609" count="39" type="stmt"/>
        <line num="1610" count="39" type="stmt"/>
        <line num="1615" count="39" type="stmt"/>
        <line num="1618" count="39" type="cond" truecount="1" falsecount="1"/>
        <line num="1619" count="39" type="stmt"/>
        <line num="1623" count="64" type="stmt"/>
        <line num="1627" count="0" type="stmt"/>
        <line num="1644" count="32" type="stmt"/>
        <line num="1646" count="32" type="stmt"/>
        <line num="1647" count="32" type="cond" truecount="2" falsecount="0"/>
        <line num="1648" count="6" type="stmt"/>
        <line num="1650" count="32" type="stmt"/>
        <line num="1651" count="32" type="cond" truecount="2" falsecount="0"/>
        <line num="1652" count="19" type="stmt"/>
        <line num="1654" count="32" type="stmt"/>
        <line num="1655" count="32" type="stmt"/>
        <line num="1657" count="32" type="stmt"/>
        <line num="1665" count="32" type="stmt"/>
        <line num="1667" count="32" type="stmt"/>
        <line num="1668" count="31" type="stmt"/>
        <line num="1671" count="31" type="stmt"/>
        <line num="1672" count="298" type="stmt"/>
        <line num="1675" count="31" type="stmt"/>
        <line num="1678" count="31" type="stmt"/>
        <line num="1679" count="31" type="cond" truecount="2" falsecount="0"/>
        <line num="1681" count="18" type="stmt"/>
        <line num="1702" count="31" type="stmt"/>
        <line num="1705" count="32" type="stmt"/>
        <line num="1707" count="0" type="stmt"/>
        <line num="1712" count="0" type="stmt"/>
        <line num="1719" count="59" type="stmt"/>
        <line num="1720" count="59" type="stmt"/>
        <line num="1722" count="59" type="stmt"/>
        <line num="1733" count="5" type="stmt"/>
        <line num="1734" count="5" type="stmt"/>
        <line num="1735" count="5" type="stmt"/>
        <line num="1741" count="5" type="stmt"/>
        <line num="1747" count="5" type="stmt"/>
        <line num="1753" count="5" type="stmt"/>
        <line num="1759" count="5" type="stmt"/>
        <line num="1760" count="5" type="cond" truecount="1" falsecount="1"/>
        <line num="1764" count="0" type="stmt"/>
        <line num="1766" count="5" type="stmt"/>
        <line num="1768" count="5" type="stmt"/>
        <line num="1778" count="7" type="stmt"/>
        <line num="1779" count="7" type="stmt"/>
        <line num="1780" count="47" type="cond" truecount="4" falsecount="0"/>
        <line num="1781" count="7" type="stmt"/>
        <line num="1783" count="7" type="stmt"/>
        <line num="1786" count="40" type="cond" truecount="4" falsecount="0"/>
        <line num="1787" count="3" type="stmt"/>
        <line num="1788" count="3" type="stmt"/>
        <line num="1791" count="37" type="cond" truecount="2" falsecount="0"/>
        <line num="1793" count="15" type="stmt"/>
        <line num="1796" count="15" type="stmt"/>
        <line num="1801" count="7" type="stmt"/>
        <line num="1806" count="10" type="stmt"/>
        <line num="1807" count="10" type="stmt"/>
        <line num="1812" count="15" type="stmt"/>
        <line num="1813" count="15" type="stmt"/>
        <line num="1825" count="6" type="stmt"/>
        <line num="1831" count="6" type="stmt"/>
        <line num="1832" count="6" type="stmt"/>
        <line num="1833" count="6" type="stmt"/>
        <line num="1836" count="6" type="cond" truecount="4" falsecount="0"/>
        <line num="1837" count="1" type="stmt"/>
        <line num="1840" count="6" type="stmt"/>
        <line num="1844" count="6" type="stmt"/>
        <line num="1850" count="6" type="stmt"/>
        <line num="1855" count="5" type="stmt"/>
        <line num="1858" count="5" type="stmt"/>
        <line num="1861" count="5" type="cond" truecount="1" falsecount="1"/>
        <line num="1864" count="5" type="cond" truecount="1" falsecount="1"/>
        <line num="1866" count="5" type="stmt"/>
        <line num="1870" count="5" type="stmt"/>
        <line num="1876" count="2" type="stmt"/>
        <line num="1877" count="2" type="stmt"/>
        <line num="1879" count="2" type="stmt"/>
        <line num="1882" count="6" type="stmt"/>
      </file>
    </package>
    <package name="Backend.routes">
      <metrics statements="197" coveredstatements="197" conditionals="64" coveredconditionals="64" methods="20" coveredmethods="20"/>
      <file name="schedule.js" path="C:\cpen321\RouteRider\Backend\routes\schedule.js">
        <metrics statements="93" coveredstatements="93" conditionals="32" coveredconditionals="32" methods="10" coveredmethods="10"/>
        <line num="1" count="6" type="stmt"/>
        <line num="2" count="6" type="stmt"/>
        <line num="3" count="6" type="stmt"/>
        <line num="6" count="6" type="stmt"/>
        <line num="9" count="2" type="stmt"/>
        <line num="12" count="2" type="stmt"/>
        <line num="15" count="2" type="stmt"/>
        <line num="19" count="2" type="cond" truecount="2" falsecount="0"/>
        <line num="21" count="1" type="stmt"/>
        <line num="22" count="1" type="stmt"/>
        <line num="23" count="1" type="stmt"/>
        <line num="24" count="1" type="stmt"/>
        <line num="27" count="1" type="stmt"/>
        <line num="28" count="1" type="stmt"/>
        <line num="29" count="1" type="stmt"/>
        <line num="30" count="1" type="stmt"/>
        <line num="31" count="1" type="stmt"/>
        <line num="40" count="6" type="stmt"/>
        <line num="43" count="2" type="stmt"/>
        <line num="46" count="2" type="stmt"/>
        <line num="51" count="2" type="stmt"/>
        <line num="53" count="2" type="cond" truecount="2" falsecount="0"/>
        <line num="55" count="1" type="stmt"/>
        <line num="58" count="1" type="stmt"/>
        <line num="67" count="6" type="stmt"/>
        <line num="70" count="2" type="stmt"/>
        <line num="73" count="2" type="stmt"/>
        <line num="76" count="2" type="stmt"/>
        <line num="79" count="2" type="stmt"/>
        <line num="81" count="2" type="cond" truecount="2" falsecount="0"/>
        <line num="83" count="1" type="stmt"/>
        <line num="86" count="1" type="stmt"/>
        <line num="93" count="1" type="stmt"/>
        <line num="271" count="6" type="stmt"/>
        <line num="274" count="1" type="stmt"/>
        <line num="278" count="8" type="stmt"/>
        <line num="279" count="8" type="stmt"/>
        <line num="281" count="8" type="stmt"/>
        <line num="282" count="8" type="stmt"/>
        <line num="284" count="8" type="cond" truecount="2" falsecount="0"/>
        <line num="285" count="1" type="stmt"/>
        <line num="286" count="1" type="stmt"/>
        <line num="290" count="7" type="stmt"/>
        <line num="291" count="7" type="stmt"/>
        <line num="293" count="7" type="cond" truecount="4" falsecount="0"/>
        <line num="294" count="1" type="stmt"/>
        <line num="295" count="1" type="stmt"/>
        <line num="299" count="6" type="stmt"/>
        <line num="301" count="6" type="cond" truecount="2" falsecount="0"/>
        <line num="302" count="1" type="stmt"/>
        <line num="303" count="1" type="stmt"/>
        <line num="307" count="5" type="stmt"/>
        <line num="310" count="5" type="cond" truecount="2" falsecount="0"/>
        <line num="312" count="4" type="stmt"/>
        <line num="313" count="7" type="stmt"/>
        <line num="314" count="7" type="stmt"/>
        <line num="320" count="7" type="stmt"/>
        <line num="327" count="4" type="cond" truecount="2" falsecount="0"/>
        <line num="329" count="3" type="stmt"/>
        <line num="330" count="3" type="stmt"/>
        <line num="337" count="2" type="stmt"/>
        <line num="338" count="2" type="stmt"/>
        <line num="340" count="2" type="stmt"/>
        <line num="346" count="2" type="stmt"/>
        <line num="675" count="6" type="stmt"/>
        <line num="677" count="4" type="stmt"/>
        <line num="678" count="4" type="stmt"/>
        <line num="680" count="4" type="stmt"/>
        <line num="681" count="4" type="stmt"/>
        <line num="683" count="4" type="cond" truecount="2" falsecount="0"/>
        <line num="684" count="1" type="stmt"/>
        <line num="685" count="1" type="stmt"/>
        <line num="689" count="3" type="stmt"/>
        <line num="691" count="3" type="cond" truecount="2" falsecount="0"/>
        <line num="692" count="1" type="stmt"/>
        <line num="693" count="1" type="stmt"/>
        <line num="697" count="2" type="stmt"/>
        <line num="699" count="2" type="cond" truecount="2" falsecount="0"/>
        <line num="700" count="1" type="stmt"/>
        <line num="702" count="1" type="stmt"/>
        <line num="788" count="6" type="stmt"/>
        <line num="790" count="3" type="stmt"/>
        <line num="792" count="3" type="stmt"/>
        <line num="793" count="3" type="stmt"/>
        <line num="797" count="3" type="cond" truecount="2" falsecount="0"/>
        <line num="798" count="2" type="stmt"/>
        <line num="799" count="2" type="stmt"/>
        <line num="802" count="1" type="stmt"/>
        <line num="803" count="1" type="stmt"/>
        <line num="814" count="1" type="stmt"/>
        <line num="817" count="1" type="stmt"/>
        <line num="823" count="1" type="stmt"/>
        <line num="855" count="6" type="stmt"/>
      </file>
      <file name="user.js" path="C:\cpen321\RouteRider\Backend\routes\user.js">
        <metrics statements="104" coveredstatements="104" conditionals="32" coveredconditionals="32" methods="10" coveredmethods="10"/>
        <line num="4" count="6" type="stmt"/>
        <line num="5" count="6" type="stmt"/>
        <line num="6" count="6" type="stmt"/>
        <line num="9" count="6" type="stmt"/>
        <line num="12" count="2" type="stmt"/>
        <line num="16" count="2" type="stmt"/>
        <line num="20" count="2" type="stmt"/>
        <line num="23" count="2" type="cond" truecount="2" falsecount="0"/>
        <line num="26" count="1" type="stmt"/>
        <line num="27" count="1" type="stmt"/>
        <line num="28" count="1" type="stmt"/>
        <line num="29" count="1" type="stmt"/>
        <line num="32" count="1" type="stmt"/>
        <line num="33" count="1" type="stmt"/>
        <line num="34" count="1" type="stmt"/>
        <line num="35" count="1" type="stmt"/>
        <line num="36" count="1" type="stmt"/>
        <line num="46" count="6" type="stmt"/>
        <line num="48" count="2" type="stmt"/>
        <line num="49" count="2" type="stmt"/>
        <line num="52" count="2" type="stmt"/>
        <line num="55" count="2" type="stmt"/>
        <line num="60" count="2" type="cond" truecount="2" falsecount="0"/>
        <line num="61" count="1" type="stmt"/>
        <line num="63" count="1" type="stmt"/>
        <line num="72" count="6" type="stmt"/>
        <line num="75" count="2" type="stmt"/>
        <line num="78" count="2" type="stmt"/>
        <line num="83" count="2" type="stmt"/>
        <line num="85" count="2" type="cond" truecount="2" falsecount="0"/>
        <line num="87" count="1" type="stmt"/>
        <line num="91" count="1" type="stmt"/>
        <line num="180" count="6" type="stmt"/>
        <line num="182" count="5" type="stmt"/>
        <line num="185" count="5" type="stmt"/>
        <line num="188" count="5" type="stmt"/>
        <line num="190" count="5" type="stmt"/>
        <line num="192" count="5" type="cond" truecount="2" falsecount="0"/>
        <line num="193" count="1" type="stmt"/>
        <line num="195" count="4" type="stmt"/>
        <line num="196" count="4" type="stmt"/>
        <line num="199" count="4" type="stmt"/>
        <line num="200" count="4" type="stmt"/>
        <line num="203" count="4" type="cond" truecount="2" falsecount="0"/>
        <line num="204" count="2" type="stmt"/>
        <line num="205" count="2" type="stmt"/>
        <line num="206" count="2" type="stmt"/>
        <line num="208" count="2" type="stmt"/>
        <line num="216" count="4" type="cond" truecount="2" falsecount="0"/>
        <line num="217" count="2" type="stmt"/>
        <line num="218" count="2" type="stmt"/>
        <line num="219" count="2" type="stmt"/>
        <line num="221" count="2" type="stmt"/>
        <line num="230" count="4" type="cond" truecount="2" falsecount="0"/>
        <line num="231" count="3" type="stmt"/>
        <line num="233" count="1" type="stmt"/>
        <line num="347" count="6" type="stmt"/>
        <line num="349" count="6" type="stmt"/>
        <line num="350" count="6" type="stmt"/>
        <line num="352" count="6" type="stmt"/>
        <line num="355" count="6" type="stmt"/>
        <line num="361" count="6" type="cond" truecount="2" falsecount="0"/>
        <line num="362" count="1" type="stmt"/>
        <line num="366" count="5" type="cond" truecount="2" falsecount="0"/>
        <line num="367" count="1" type="stmt"/>
        <line num="368" count="1" type="stmt"/>
        <line num="380" count="4" type="cond" truecount="2" falsecount="0"/>
        <line num="381" count="1" type="stmt"/>
        <line num="383" count="3" type="cond" truecount="2" falsecount="0"/>
        <line num="384" count="1" type="stmt"/>
        <line num="386" count="2" type="cond" truecount="2" falsecount="0"/>
        <line num="387" count="1" type="stmt"/>
        <line num="396" count="1" type="stmt"/>
        <line num="399" count="1" type="stmt"/>
        <line num="405" count="1" type="stmt"/>
        <line num="416" count="6" type="stmt"/>
        <line num="418" count="3" type="stmt"/>
        <line num="419" count="3" type="stmt"/>
        <line num="421" count="3" type="stmt"/>
        <line num="424" count="3" type="stmt"/>
        <line num="426" count="3" type="cond" truecount="2" falsecount="0"/>
        <line num="427" count="1" type="stmt"/>
        <line num="431" count="2" type="cond" truecount="2" falsecount="0"/>
        <line num="432" count="1" type="stmt"/>
        <line num="436" count="1" type="stmt"/>
        <line num="439" count="1" type="stmt"/>
        <line num="442" count="1" type="stmt"/>
        <line num="450" count="1" type="stmt"/>
        <line num="453" count="1" type="stmt"/>
        <line num="457" count="2" type="stmt"/>
        <line num="458" count="1" type="stmt"/>
        <line num="473" count="6" type="stmt"/>
        <line num="475" count="3" type="stmt"/>
        <line num="476" count="3" type="stmt"/>
        <line num="478" count="3" type="stmt"/>
        <line num="481" count="3" type="stmt"/>
        <line num="483" count="3" type="cond" truecount="2" falsecount="0"/>
        <line num="484" count="1" type="stmt"/>
        <line num="488" count="2" type="cond" truecount="2" falsecount="0"/>
        <line num="489" count="1" type="stmt"/>
        <line num="493" count="1" type="stmt"/>
        <line num="496" count="1" type="stmt"/>
        <line num="502" count="1" type="stmt"/>
        <line num="678" count="6" type="stmt"/>
      </file>
    </package>
  </project>
</coverage>
