{"D:\\cpen 321\\RouteRider\\Backend\\commuter_match.js": {"path":"D:\\cpen 321\\RouteRider\\Backend\\commuter_match.js","statementMap":{"0":{"start":{"line":1,"column":16},"end":{"line":1,"column":34}},"1":{"start":{"line":3,"column":23},"end":{"line":3,"column":41}},"2":{"start":{"line":6,"column":12},"end":{"line":6,"column":21}},"3":{"start":{"line":7,"column":0},"end":{"line":7,"column":24}},"4":{"start":{"line":10,"column":12},"end":{"line":10,"column":37}},"5":{"start":{"line":11,"column":15},"end":{"line":11,"column":35}},"6":{"start":{"line":46,"column":4},"end":{"line":86,"column":5}},"7":{"start":{"line":48,"column":29},"end":{"line":48,"column":115}},"8":{"start":{"line":50,"column":8},"end":{"line":52,"column":9}},"9":{"start":{"line":51,"column":12},"end":{"line":51,"column":64}},"10":{"start":{"line":55,"column":25},"end":{"line":75,"column":9}},"11":{"start":{"line":77,"column":28},"end":{"line":77,"column":114}},"12":{"start":{"line":78,"column":36},"end":{"line":78,"column":57}},"13":{"start":{"line":80,"column":8},"end":{"line":80,"column":49}},"14":{"start":{"line":81,"column":8},"end":{"line":81,"column":41}},"15":{"start":{"line":83,"column":8},"end":{"line":83,"column":47}},"16":{"start":{"line":85,"column":8},"end":{"line":85,"column":37}},"17":{"start":{"line":105,"column":4},"end":{"line":132,"column":5}},"18":{"start":{"line":108,"column":25},"end":{"line":117,"column":9}},"19":{"start":{"line":120,"column":23},"end":{"line":120,"column":109}},"20":{"start":{"line":123,"column":36},"end":{"line":123,"column":74}},"21":{"start":{"line":123,"column":59},"end":{"line":123,"column":73}},"22":{"start":{"line":125,"column":8},"end":{"line":125,"column":63}},"23":{"start":{"line":126,"column":8},"end":{"line":126,"column":41}},"24":{"start":{"line":128,"column":8},"end":{"line":128,"column":35}},"25":{"start":{"line":130,"column":8},"end":{"line":130,"column":37}},"26":{"start":{"line":131,"column":8},"end":{"line":131,"column":18}},"27":{"start":{"line":152,"column":4},"end":{"line":195,"column":5}},"28":{"start":{"line":155,"column":32},"end":{"line":155,"column":72}},"29":{"start":{"line":157,"column":8},"end":{"line":157,"column":42}},"30":{"start":{"line":158,"column":8},"end":{"line":158,"column":37}},"31":{"start":{"line":161,"column":28},"end":{"line":161,"column":60}},"32":{"start":{"line":164,"column":30},"end":{"line":164,"column":39}},"33":{"start":{"line":166,"column":8},"end":{"line":186,"column":9}},"34":{"start":{"line":167,"column":40},"end":{"line":167,"column":76}},"35":{"start":{"line":169,"column":12},"end":{"line":169,"column":65}},"36":{"start":{"line":170,"column":12},"end":{"line":170,"column":45}},"37":{"start":{"line":173,"column":12},"end":{"line":185,"column":13}},"38":{"start":{"line":174,"column":16},"end":{"line":184,"column":17}},"39":{"start":{"line":176,"column":20},"end":{"line":183,"column":21}},"40":{"start":{"line":181,"column":24},"end":{"line":181,"column":49}},"41":{"start":{"line":182,"column":24},"end":{"line":182,"column":30}},"42":{"start":{"line":188,"column":8},"end":{"line":188,"column":51}},"43":{"start":{"line":189,"column":8},"end":{"line":189,"column":35}},"44":{"start":{"line":191,"column":8},"end":{"line":191,"column":29}},"45":{"start":{"line":193,"column":8},"end":{"line":193,"column":37}},"46":{"start":{"line":194,"column":8},"end":{"line":194,"column":18}},"47":{"start":{"line":219,"column":0},"end":{"line":225,"column":4}}},"fnMap":{"0":{"name":"getFirstEventsOfEachDay","decl":{"start":{"line":45,"column":15},"end":{"line":45,"column":38}},"loc":{"start":{"line":45,"column":50},"end":{"line":87,"column":1}},"line":45},"1":{"name":"findOtherEmails","decl":{"start":{"line":104,"column":17},"end":{"line":104,"column":32}},"loc":{"start":{"line":104,"column":44},"end":{"line":133,"column":1}},"line":104},"2":{"name":"(anonymous_2)","decl":{"start":{"line":123,"column":47},"end":{"line":123,"column":48}},"loc":{"start":{"line":123,"column":59},"end":{"line":123,"column":73}},"line":123},"3":{"name":"findMatchingUsers","decl":{"start":{"line":151,"column":15},"end":{"line":151,"column":32}},"loc":{"start":{"line":151,"column":44},"end":{"line":196,"column":1}},"line":151}},"branchMap":{"0":{"loc":{"start":{"line":50,"column":8},"end":{"line":52,"column":9}},"type":"if","locations":[{"start":{"line":50,"column":8},"end":{"line":52,"column":9}},{"start":{},"end":{}}],"line":50},"1":{"loc":{"start":{"line":176,"column":20},"end":{"line":183,"column":21}},"type":"if","locations":[{"start":{"line":176,"column":20},"end":{"line":183,"column":21}},{"start":{},"end":{}}],"line":176},"2":{"loc":{"start":{"line":177,"column":24},"end":{"line":179,"column":80}},"type":"binary-expr","locations":[{"start":{"line":177,"column":24},"end":{"line":177,"column":69}},{"start":{"line":178,"column":24},"end":{"line":178,"column":70}},{"start":{"line":179,"column":24},"end":{"line":179,"column":80}}],"line":177}},"s":{"0":1,"1":1,"2":1,"3":1,"4":1,"5":1,"6":0,"7":0,"8":0,"9":0,"10":0,"11":0,"12":0,"13":0,"14":0,"15":0,"16":0,"17":0,"18":0,"19":0,"20":0,"21":0,"22":0,"23":0,"24":0,"25":0,"26":0,"27":0,"28":0,"29":0,"30":0,"31":0,"32":0,"33":0,"34":0,"35":0,"36":0,"37":0,"38":0,"39":0,"40":0,"41":0,"42":0,"43":0,"44":0,"45":0,"46":0,"47":1},"f":{"0":0,"1":0,"2":0,"3":0},"b":{"0":[0,0],"1":[0,0],"2":[0,0,0]},"_coverageSchema":"1a1c01bbd47fc00a2c39e90264f33305004495a9","hash":"86e34777ab7a848c8425e36cd91a40cbd622e631"}
,"D:\\cpen 321\\RouteRider\\Backend\\recommendation.js": {"path":"D:\\cpen 321\\RouteRider\\Backend\\recommendation.js","statementMap":{"0":{"start":{"line":9,"column":4},"end":{"line":9,"column":50}},"1":{"start":{"line":11,"column":18},"end":{"line":11,"column":20}},"2":{"start":{"line":12,"column":16},"end":{"line":12,"column":57}},"3":{"start":{"line":14,"column":23},"end":{"line":87,"column":1}},"4":{"start":{"line":15,"column":2},"end":{"line":15,"column":19}},"5":{"start":{"line":16,"column":2},"end":{"line":86,"column":5}},"6":{"start":{"line":18,"column":19},"end":{"line":18,"column":31}},"7":{"start":{"line":20,"column":28},"end":{"line":25,"column":5}},"8":{"start":{"line":26,"column":28},"end":{"line":31,"column":5}},"9":{"start":{"line":33,"column":18},"end":{"line":33,"column":36}},"10":{"start":{"line":34,"column":18},"end":{"line":34,"column":36}},"11":{"start":{"line":36,"column":4},"end":{"line":85,"column":5}},"12":{"start":{"line":37,"column":37},"end":{"line":40,"column":8}},"13":{"start":{"line":41,"column":6},"end":{"line":41,"column":31}},"14":{"start":{"line":42,"column":6},"end":{"line":42,"column":29}},"15":{"start":{"line":43,"column":6},"end":{"line":43,"column":31}},"16":{"start":{"line":44,"column":6},"end":{"line":44,"column":29}},"17":{"start":{"line":46,"column":6},"end":{"line":50,"column":7}},"18":{"start":{"line":47,"column":8},"end":{"line":47,"column":62}},"19":{"start":{"line":49,"column":8},"end":{"line":49,"column":73}},"20":{"start":{"line":52,"column":6},"end":{"line":56,"column":7}},"21":{"start":{"line":53,"column":8},"end":{"line":53,"column":62}},"22":{"start":{"line":55,"column":8},"end":{"line":55,"column":73}},"23":{"start":{"line":57,"column":24},"end":{"line":57,"column":55}},"24":{"start":{"line":58,"column":24},"end":{"line":58,"column":55}},"25":{"start":{"line":60,"column":23},"end":{"line":60,"column":45}},"26":{"start":{"line":62,"column":28},"end":{"line":69,"column":7}},"27":{"start":{"line":71,"column":23},"end":{"line":71,"column":63}},"28":{"start":{"line":72,"column":6},"end":{"line":81,"column":7}},"29":{"start":{"line":73,"column":24},"end":{"line":73,"column":45}},"30":{"start":{"line":74,"column":8},"end":{"line":76,"column":9}},"31":{"start":{"line":74,"column":21},"end":{"line":74,"column":22}},"32":{"start":{"line":75,"column":10},"end":{"line":75,"column":39}},"33":{"start":{"line":77,"column":8},"end":{"line":77,"column":29}},"34":{"start":{"line":79,"column":8},"end":{"line":79,"column":62}},"35":{"start":{"line":80,"column":8},"end":{"line":80,"column":44}},"36":{"start":{"line":83,"column":6},"end":{"line":83,"column":46}},"37":{"start":{"line":84,"column":6},"end":{"line":84,"column":20}},"38":{"start":{"line":89,"column":0},"end":{"line":89,"column":32}}},"fnMap":{"0":{"name":"(anonymous_0)","decl":{"start":{"line":14,"column":23},"end":{"line":14,"column":24}},"loc":{"start":{"line":14,"column":47},"end":{"line":87,"column":1}},"line":14},"1":{"name":"(anonymous_1)","decl":{"start":{"line":16,"column":21},"end":{"line":16,"column":22}},"loc":{"start":{"line":16,"column":48},"end":{"line":86,"column":3}},"line":16}},"branchMap":{"0":{"loc":{"start":{"line":46,"column":6},"end":{"line":50,"column":7}},"type":"if","locations":[{"start":{"line":46,"column":6},"end":{"line":50,"column":7}},{"start":{"line":48,"column":13},"end":{"line":50,"column":7}}],"line":46},"1":{"loc":{"start":{"line":52,"column":6},"end":{"line":56,"column":7}},"type":"if","locations":[{"start":{"line":52,"column":6},"end":{"line":56,"column":7}},{"start":{"line":54,"column":13},"end":{"line":56,"column":7}}],"line":52},"2":{"loc":{"start":{"line":72,"column":6},"end":{"line":81,"column":7}},"type":"if","locations":[{"start":{"line":72,"column":6},"end":{"line":81,"column":7}},{"start":{"line":78,"column":13},"end":{"line":81,"column":7}}],"line":72}},"s":{"0":1,"1":1,"2":1,"3":1,"4":0,"5":0,"6":0,"7":0,"8":0,"9":0,"10":0,"11":0,"12":0,"13":0,"14":0,"15":0,"16":0,"17":0,"18":0,"19":0,"20":0,"21":0,"22":0,"23":0,"24":0,"25":0,"26":0,"27":0,"28":0,"29":0,"30":0,"31":0,"32":0,"33":0,"34":0,"35":0,"36":0,"37":0,"38":1},"f":{"0":0,"1":0},"b":{"0":[0,0],"1":[0,0],"2":[0,0]},"_coverageSchema":"1a1c01bbd47fc00a2c39e90264f33305004495a9","hash":"32eae3d508dbfcb112dfb3e7bb48b7ff0b39bfa6"}
,"D:\\cpen 321\\RouteRider\\Backend\\server.js": {"path":"D:\\cpen 321\\RouteRider\\Backend\\server.js","statementMap":{"0":{"start":{"line":1,"column":16},"end":{"line":1,"column":34}},"1":{"start":{"line":2,"column":14},"end":{"line":2,"column":30}},"2":{"start":{"line":3,"column":13},"end":{"line":3,"column":28}},"3":{"start":{"line":4,"column":11},"end":{"line":4,"column":24}},"4":{"start":{"line":6,"column":13},"end":{"line":6,"column":17}},"5":{"start":{"line":8,"column":24},"end":{"line":8,"column":42}},"6":{"start":{"line":10,"column":26},"end":{"line":10,"column":62}},"7":{"start":{"line":11,"column":20},"end":{"line":11,"column":58}},"8":{"start":{"line":13,"column":12},"end":{"line":13,"column":21}},"9":{"start":{"line":14,"column":0},"end":{"line":14,"column":24}},"10":{"start":{"line":16,"column":13},"end":{"line":16,"column":40}},"11":{"start":{"line":17,"column":17},"end":{"line":17,"column":48}},"12":{"start":{"line":18,"column":18},"end":{"line":18,"column":48}},"13":{"start":{"line":19,"column":23},"end":{"line":19,"column":53}},"14":{"start":{"line":23,"column":14},"end":{"line":23,"column":39}},"15":{"start":{"line":26,"column":19},"end":{"line":26,"column":42}},"16":{"start":{"line":27,"column":27},"end":{"line":27,"column":59}},"17":{"start":{"line":31,"column":0},"end":{"line":44,"column":1}},"18":{"start":{"line":52,"column":13},"end":{"line":52,"column":33}},"19":{"start":{"line":53,"column":16},"end":{"line":53,"column":31}},"20":{"start":{"line":54,"column":18},"end":{"line":54,"column":36}},"21":{"start":{"line":55,"column":10},"end":{"line":55,"column":28}},"22":{"start":{"line":57,"column":0},"end":{"line":60,"column":3}},"23":{"start":{"line":63,"column":12},"end":{"line":63,"column":37}},"24":{"start":{"line":64,"column":15},"end":{"line":64,"column":35}},"25":{"start":{"line":79,"column":2},"end":{"line":87,"column":3}},"26":{"start":{"line":80,"column":4},"end":{"line":80,"column":27}},"27":{"start":{"line":81,"column":4},"end":{"line":81,"column":40}},"28":{"start":{"line":84,"column":4},"end":{"line":84,"column":21}},"29":{"start":{"line":86,"column":4},"end":{"line":86,"column":54}},"30":{"start":{"line":93,"column":0},"end":{"line":93,"column":46}},"31":{"start":{"line":95,"column":0},"end":{"line":95,"column":53}},"32":{"start":{"line":96,"column":0},"end":{"line":96,"column":55}},"33":{"start":{"line":97,"column":0},"end":{"line":97,"column":61}},"34":{"start":{"line":98,"column":0},"end":{"line":98,"column":69}},"35":{"start":{"line":100,"column":0},"end":{"line":100,"column":60}},"36":{"start":{"line":102,"column":0},"end":{"line":102,"column":57}},"37":{"start":{"line":103,"column":0},"end":{"line":103,"column":62}},"38":{"start":{"line":105,"column":0},"end":{"line":105,"column":71}},"39":{"start":{"line":107,"column":0},"end":{"line":110,"column":2}},"40":{"start":{"line":111,"column":0},"end":{"line":114,"column":2}},"41":{"start":{"line":116,"column":0},"end":{"line":116,"column":49}},"42":{"start":{"line":119,"column":0},"end":{"line":119,"column":52}},"43":{"start":{"line":122,"column":0},"end":{"line":122,"column":58}},"44":{"start":{"line":123,"column":0},"end":{"line":123,"column":65}},"45":{"start":{"line":125,"column":0},"end":{"line":125,"column":61}},"46":{"start":{"line":127,"column":0},"end":{"line":127,"column":64}},"47":{"start":{"line":129,"column":0},"end":{"line":129,"column":56}},"48":{"start":{"line":131,"column":0},"end":{"line":131,"column":69}},"49":{"start":{"line":133,"column":0},"end":{"line":136,"column":2}},"50":{"start":{"line":138,"column":0},"end":{"line":138,"column":65}},"51":{"start":{"line":143,"column":0},"end":{"line":184,"column":3}},"52":{"start":{"line":144,"column":16},"end":{"line":144,"column":30}},"53":{"start":{"line":145,"column":16},"end":{"line":145,"column":30}},"54":{"start":{"line":146,"column":2},"end":{"line":151,"column":3}},"55":{"start":{"line":147,"column":4},"end":{"line":147,"column":42}},"56":{"start":{"line":148,"column":4},"end":{"line":148,"column":35}},"57":{"start":{"line":149,"column":4},"end":{"line":149,"column":64}},"58":{"start":{"line":150,"column":4},"end":{"line":150,"column":11}},"59":{"start":{"line":154,"column":2},"end":{"line":183,"column":7}},"60":{"start":{"line":159,"column":6},"end":{"line":178,"column":7}},"61":{"start":{"line":161,"column":8},"end":{"line":171,"column":13}},"62":{"start":{"line":166,"column":12},"end":{"line":166,"column":57}},"63":{"start":{"line":167,"column":12},"end":{"line":170,"column":15}},"64":{"start":{"line":173,"column":8},"end":{"line":173,"column":38}},"65":{"start":{"line":174,"column":8},"end":{"line":177,"column":11}},"66":{"start":{"line":181,"column":6},"end":{"line":181,"column":37}},"67":{"start":{"line":182,"column":6},"end":{"line":182,"column":47}},"68":{"start":{"line":189,"column":0},"end":{"line":199,"column":3}},"69":{"start":{"line":190,"column":21},"end":{"line":190,"column":40}},"70":{"start":{"line":191,"column":24},"end":{"line":191,"column":46}},"71":{"start":{"line":193,"column":2},"end":{"line":193,"column":54}},"72":{"start":{"line":196,"column":2},"end":{"line":198,"column":5}},"73":{"start":{"line":197,"column":4},"end":{"line":197,"column":58}},"74":{"start":{"line":201,"column":2},"end":{"line":263,"column":5}},"75":{"start":{"line":202,"column":4},"end":{"line":205,"column":5}},"76":{"start":{"line":203,"column":6},"end":{"line":203,"column":40}},"77":{"start":{"line":204,"column":6},"end":{"line":204,"column":77}},"78":{"start":{"line":207,"column":4},"end":{"line":262,"column":7}},"79":{"start":{"line":212,"column":6},"end":{"line":261,"column":7}},"80":{"start":{"line":213,"column":8},"end":{"line":220,"column":10}},"81":{"start":{"line":221,"column":28},"end":{"line":221,"column":45}},"82":{"start":{"line":223,"column":8},"end":{"line":223,"column":35}},"83":{"start":{"line":225,"column":24},"end":{"line":231,"column":9}},"84":{"start":{"line":232,"column":8},"end":{"line":232,"column":35}},"85":{"start":{"line":234,"column":8},"end":{"line":234,"column":50}},"86":{"start":{"line":235,"column":8},"end":{"line":251,"column":9}},"87":{"start":{"line":236,"column":10},"end":{"line":236,"column":71}},"88":{"start":{"line":242,"column":10},"end":{"line":242,"column":92}},"89":{"start":{"line":244,"column":10},"end":{"line":244,"column":68}},"90":{"start":{"line":250,"column":10},"end":{"line":250,"column":89}},"91":{"start":{"line":254,"column":8},"end":{"line":254,"column":42}},"92":{"start":{"line":260,"column":8},"end":{"line":260,"column":92}},"93":{"start":{"line":266,"column":2},"end":{"line":278,"column":7}},"94":{"start":{"line":270,"column":6},"end":{"line":270,"column":59}},"95":{"start":{"line":272,"column":6},"end":{"line":272,"column":15}},"96":{"start":{"line":275,"column":6},"end":{"line":275,"column":53}},"97":{"start":{"line":277,"column":6},"end":{"line":277,"column":15}},"98":{"start":{"line":284,"column":0},"end":{"line":296,"column":3}},"99":{"start":{"line":285,"column":2},"end":{"line":285,"column":61}},"100":{"start":{"line":294,"column":12},"end":{"line":294,"column":54}},"101":{"start":{"line":295,"column":2},"end":{"line":295,"column":56}},"102":{"start":{"line":299,"column":0},"end":{"line":309,"column":3}},"103":{"start":{"line":300,"column":20},"end":{"line":300,"column":40}},"104":{"start":{"line":302,"column":2},"end":{"line":308,"column":3}},"105":{"start":{"line":303,"column":26},"end":{"line":303,"column":70}},"106":{"start":{"line":304,"column":4},"end":{"line":304,"column":32}},"107":{"start":{"line":306,"column":4},"end":{"line":306,"column":35}},"108":{"start":{"line":307,"column":4},"end":{"line":307,"column":61}},"109":{"start":{"line":327,"column":40},"end":{"line":348,"column":1}},"110":{"start":{"line":328,"column":2},"end":{"line":347,"column":3}},"111":{"start":{"line":329,"column":18},"end":{"line":329,"column":34}},"112":{"start":{"line":330,"column":24},"end":{"line":330,"column":46}},"113":{"start":{"line":331,"column":17},"end":{"line":331,"column":32}},"114":{"start":{"line":332,"column":4},"end":{"line":340,"column":6}},"115":{"start":{"line":334,"column":8},"end":{"line":334,"column":56}},"116":{"start":{"line":337,"column":8},"end":{"line":337,"column":59}},"117":{"start":{"line":338,"column":8},"end":{"line":338,"column":56}},"118":{"start":{"line":342,"column":4},"end":{"line":345,"column":6}},"119":{"start":{"line":346,"column":4},"end":{"line":346,"column":64}},"120":{"start":{"line":350,"column":0},"end":{"line":353,"column":2}},"121":{"start":{"line":357,"column":29},"end":{"line":377,"column":1}},"122":{"start":{"line":358,"column":2},"end":{"line":376,"column":3}},"123":{"start":{"line":359,"column":18},"end":{"line":359,"column":34}},"124":{"start":{"line":360,"column":17},"end":{"line":360,"column":32}},"125":{"start":{"line":364,"column":4},"end":{"line":372,"column":6}},"126":{"start":{"line":366,"column":8},"end":{"line":366,"column":56}},"127":{"start":{"line":369,"column":8},"end":{"line":369,"column":57}},"128":{"start":{"line":370,"column":8},"end":{"line":370,"column":56}},"129":{"start":{"line":374,"column":4},"end":{"line":374,"column":77}},"130":{"start":{"line":375,"column":4},"end":{"line":375,"column":64}},"131":{"start":{"line":379,"column":0},"end":{"line":379,"column":73}},"132":{"start":{"line":381,"column":34},"end":{"line":391,"column":1}},"133":{"start":{"line":382,"column":2},"end":{"line":390,"column":3}},"134":{"start":{"line":383,"column":18},"end":{"line":383,"column":34}},"135":{"start":{"line":384,"column":18},"end":{"line":384,"column":34}},"136":{"start":{"line":385,"column":19},"end":{"line":385,"column":53}},"137":{"start":{"line":386,"column":4},"end":{"line":386,"column":57}},"138":{"start":{"line":388,"column":4},"end":{"line":388,"column":79}},"139":{"start":{"line":389,"column":4},"end":{"line":389,"column":64}},"140":{"start":{"line":393,"column":0},"end":{"line":393,"column":80}},"141":{"start":{"line":416,"column":2},"end":{"line":494,"column":5}},"142":{"start":{"line":417,"column":4},"end":{"line":417,"column":29}},"143":{"start":{"line":418,"column":19},"end":{"line":418,"column":41}},"144":{"start":{"line":419,"column":4},"end":{"line":493,"column":9}},"145":{"start":{"line":424,"column":24},"end":{"line":424,"column":37}},"146":{"start":{"line":428,"column":23},"end":{"line":428,"column":150}},"147":{"start":{"line":430,"column":24},"end":{"line":435,"column":9}},"148":{"start":{"line":437,"column":20},"end":{"line":486,"column":10}},"149":{"start":{"line":438,"column":21},"end":{"line":438,"column":23}},"150":{"start":{"line":440,"column":10},"end":{"line":442,"column":13}},"151":{"start":{"line":441,"column":12},"end":{"line":441,"column":26}},"152":{"start":{"line":444,"column":10},"end":{"line":485,"column":13}},"153":{"start":{"line":445,"column":12},"end":{"line":484,"column":13}},"154":{"start":{"line":446,"column":35},"end":{"line":446,"column":51}},"155":{"start":{"line":447,"column":14},"end":{"line":447,"column":40}},"156":{"start":{"line":448,"column":14},"end":{"line":448,"column":53}},"157":{"start":{"line":449,"column":14},"end":{"line":449,"column":74}},"158":{"start":{"line":450,"column":14},"end":{"line":450,"column":74}},"159":{"start":{"line":452,"column":14},"end":{"line":478,"column":15}},"160":{"start":{"line":458,"column":16},"end":{"line":458,"column":51}},"161":{"start":{"line":460,"column":32},"end":{"line":466,"column":17}},"162":{"start":{"line":468,"column":26},"end":{"line":468,"column":55}},"163":{"start":{"line":469,"column":16},"end":{"line":475,"column":17}},"164":{"start":{"line":470,"column":18},"end":{"line":470,"column":64}},"165":{"start":{"line":471,"column":18},"end":{"line":471,"column":32}},"166":{"start":{"line":473,"column":18},"end":{"line":473,"column":61}},"167":{"start":{"line":474,"column":18},"end":{"line":474,"column":33}},"168":{"start":{"line":477,"column":16},"end":{"line":477,"column":31}},"169":{"start":{"line":480,"column":14},"end":{"line":482,"column":16}},"170":{"start":{"line":483,"column":14},"end":{"line":483,"column":29}},"171":{"start":{"line":488,"column":8},"end":{"line":490,"column":11}},"172":{"start":{"line":489,"column":10},"end":{"line":489,"column":63}},"173":{"start":{"line":492,"column":8},"end":{"line":492,"column":18}},"174":{"start":{"line":585,"column":0},"end":{"line":587,"column":3}},"175":{"start":{"line":586,"column":2},"end":{"line":586,"column":36}},"176":{"start":{"line":602,"column":20},"end":{"line":608,"column":3}},"177":{"start":{"line":610,"column":2},"end":{"line":610,"column":80}},"178":{"start":{"line":610,"column":31},"end":{"line":610,"column":78}},"179":{"start":{"line":612,"column":0},"end":{"line":612,"column":20}},"180":{"start":{"line":754,"column":2},"end":{"line":754,"column":36}},"181":{"start":{"line":755,"column":20},"end":{"line":755,"column":22}},"182":{"start":{"line":757,"column":17},"end":{"line":760,"column":34}},"183":{"start":{"line":761,"column":13},"end":{"line":764,"column":34}},"184":{"start":{"line":765,"column":2},"end":{"line":774,"column":3}},"185":{"start":{"line":766,"column":4},"end":{"line":767,"column":50}},"186":{"start":{"line":768,"column":4},"end":{"line":768,"column":47}},"187":{"start":{"line":770,"column":7},"end":{"line":774,"column":3}},"188":{"start":{"line":771,"column":4},"end":{"line":772,"column":57}},"189":{"start":{"line":773,"column":4},"end":{"line":773,"column":46}},"190":{"start":{"line":780,"column":2},"end":{"line":804,"column":3}},"191":{"start":{"line":781,"column":27},"end":{"line":781,"column":29}},"192":{"start":{"line":782,"column":31},"end":{"line":782,"column":33}},"193":{"start":{"line":783,"column":27},"end":{"line":783,"column":39}},"194":{"start":{"line":784,"column":4},"end":{"line":794,"column":5}},"195":{"start":{"line":784,"column":17},"end":{"line":784,"column":18}},"196":{"start":{"line":787,"column":6},"end":{"line":793,"column":7}},"197":{"start":{"line":789,"column":8},"end":{"line":789,"column":56}},"198":{"start":{"line":790,"column":8},"end":{"line":790,"column":58}},"199":{"start":{"line":791,"column":8},"end":{"line":791,"column":66}},"200":{"start":{"line":792,"column":8},"end":{"line":792,"column":14}},"201":{"start":{"line":795,"column":4},"end":{"line":800,"column":5}},"202":{"start":{"line":796,"column":6},"end":{"line":796,"column":63}},"203":{"start":{"line":797,"column":6},"end":{"line":799,"column":8}},"204":{"start":{"line":801,"column":4},"end":{"line":801,"column":79}},"205":{"start":{"line":802,"column":4},"end":{"line":802,"column":87}},"206":{"start":{"line":803,"column":4},"end":{"line":803,"column":79}},"207":{"start":{"line":806,"column":2},"end":{"line":898,"column":5}},"208":{"start":{"line":807,"column":4},"end":{"line":807,"column":90}},"209":{"start":{"line":808,"column":4},"end":{"line":811,"column":5}},"210":{"start":{"line":809,"column":6},"end":{"line":809,"column":32}},"211":{"start":{"line":810,"column":6},"end":{"line":810,"column":26}},"212":{"start":{"line":813,"column":4},"end":{"line":897,"column":9}},"213":{"start":{"line":819,"column":8},"end":{"line":819,"column":45}},"214":{"start":{"line":819,"column":38},"end":{"line":819,"column":45}},"215":{"start":{"line":820,"column":8},"end":{"line":825,"column":10}},"216":{"start":{"line":828,"column":17},"end":{"line":828,"column":19}},"217":{"start":{"line":829,"column":24},"end":{"line":829,"column":26}},"218":{"start":{"line":830,"column":27},"end":{"line":830,"column":29}},"219":{"start":{"line":831,"column":19},"end":{"line":831,"column":21}},"220":{"start":{"line":832,"column":19},"end":{"line":832,"column":21}},"221":{"start":{"line":833,"column":22},"end":{"line":833,"column":24}},"222":{"start":{"line":834,"column":25},"end":{"line":834,"column":27}},"223":{"start":{"line":836,"column":8},"end":{"line":836,"column":61}},"224":{"start":{"line":837,"column":8},"end":{"line":837,"column":61}},"225":{"start":{"line":838,"column":8},"end":{"line":838,"column":69}},"226":{"start":{"line":839,"column":8},"end":{"line":839,"column":73}},"227":{"start":{"line":840,"column":8},"end":{"line":840,"column":24}},"228":{"start":{"line":842,"column":25},"end":{"line":842,"column":27}},"229":{"start":{"line":843,"column":8},"end":{"line":888,"column":11}},"230":{"start":{"line":844,"column":10},"end":{"line":844,"column":40}},"231":{"start":{"line":846,"column":10},"end":{"line":870,"column":11}},"232":{"start":{"line":847,"column":12},"end":{"line":864,"column":13}},"233":{"start":{"line":849,"column":16},"end":{"line":849,"column":29}},"234":{"start":{"line":850,"column":16},"end":{"line":850,"column":58}},"235":{"start":{"line":851,"column":16},"end":{"line":851,"column":69}},"236":{"start":{"line":852,"column":16},"end":{"line":852,"column":73}},"237":{"start":{"line":853,"column":16},"end":{"line":853,"column":22}},"238":{"start":{"line":855,"column":16},"end":{"line":855,"column":34}},"239":{"start":{"line":856,"column":16},"end":{"line":856,"column":52}},"240":{"start":{"line":857,"column":16},"end":{"line":857,"column":69}},"241":{"start":{"line":858,"column":16},"end":{"line":858,"column":73}},"242":{"start":{"line":859,"column":16},"end":{"line":859,"column":22}},"243":{"start":{"line":861,"column":16},"end":{"line":861,"column":33}},"244":{"start":{"line":862,"column":16},"end":{"line":862,"column":31}},"245":{"start":{"line":863,"column":16},"end":{"line":863,"column":22}},"246":{"start":{"line":866,"column":12},"end":{"line":866,"column":26}},"247":{"start":{"line":867,"column":12},"end":{"line":867,"column":24}},"248":{"start":{"line":868,"column":12},"end":{"line":868,"column":43}},"249":{"start":{"line":869,"column":12},"end":{"line":869,"column":47}},"250":{"start":{"line":872,"column":10},"end":{"line":872,"column":50}},"251":{"start":{"line":873,"column":10},"end":{"line":880,"column":12}},"252":{"start":{"line":881,"column":10},"end":{"line":886,"column":12}},"253":{"start":{"line":887,"column":10},"end":{"line":887,"column":35}},"254":{"start":{"line":889,"column":8},"end":{"line":889,"column":30}},"255":{"start":{"line":892,"column":8},"end":{"line":892,"column":50}},"256":{"start":{"line":893,"column":8},"end":{"line":893,"column":28}},"257":{"start":{"line":896,"column":8},"end":{"line":896,"column":22}},"258":{"start":{"line":915,"column":2},"end":{"line":915,"column":40}},"259":{"start":{"line":916,"column":2},"end":{"line":916,"column":68}},"260":{"start":{"line":917,"column":19},"end":{"line":917,"column":21}},"261":{"start":{"line":919,"column":20},"end":{"line":919,"column":22}},"262":{"start":{"line":920,"column":17},"end":{"line":923,"column":39}},"263":{"start":{"line":924,"column":13},"end":{"line":927,"column":39}},"264":{"start":{"line":929,"column":2},"end":{"line":939,"column":3}},"265":{"start":{"line":930,"column":4},"end":{"line":931,"column":50}},"266":{"start":{"line":932,"column":4},"end":{"line":932,"column":29}},"267":{"start":{"line":933,"column":4},"end":{"line":933,"column":47}},"268":{"start":{"line":934,"column":9},"end":{"line":939,"column":3}},"269":{"start":{"line":935,"column":4},"end":{"line":936,"column":42}},"270":{"start":{"line":937,"column":4},"end":{"line":937,"column":29}},"271":{"start":{"line":938,"column":4},"end":{"line":938,"column":47}},"272":{"start":{"line":940,"column":2},"end":{"line":940,"column":65}},"273":{"start":{"line":941,"column":2},"end":{"line":941,"column":44}},"274":{"start":{"line":944,"column":20},"end":{"line":944,"column":22}},"275":{"start":{"line":945,"column":13},"end":{"line":945,"column":22}},"276":{"start":{"line":946,"column":2},"end":{"line":958,"column":3}},"277":{"start":{"line":946,"column":15},"end":{"line":946,"column":16}},"278":{"start":{"line":948,"column":4},"end":{"line":957,"column":5}},"279":{"start":{"line":949,"column":18},"end":{"line":949,"column":20}},"280":{"start":{"line":950,"column":6},"end":{"line":950,"column":44}},"281":{"start":{"line":951,"column":6},"end":{"line":951,"column":60}},"282":{"start":{"line":952,"column":6},"end":{"line":952,"column":76}},"283":{"start":{"line":954,"column":6},"end":{"line":954,"column":30}},"284":{"start":{"line":956,"column":6},"end":{"line":956,"column":56}},"285":{"start":{"line":959,"column":2},"end":{"line":959,"column":78}},"286":{"start":{"line":961,"column":13},"end":{"line":961,"column":15}},"287":{"start":{"line":962,"column":2},"end":{"line":1034,"column":3}},"288":{"start":{"line":963,"column":4},"end":{"line":970,"column":6}},"289":{"start":{"line":971,"column":4},"end":{"line":975,"column":6}},"290":{"start":{"line":976,"column":4},"end":{"line":981,"column":6}},"291":{"start":{"line":983,"column":21},"end":{"line":993,"column":5}},"292":{"start":{"line":996,"column":15},"end":{"line":996,"column":17}},"293":{"start":{"line":997,"column":21},"end":{"line":997,"column":23}},"294":{"start":{"line":998,"column":4},"end":{"line":1024,"column":5}},"295":{"start":{"line":998,"column":17},"end":{"line":998,"column":18}},"296":{"start":{"line":999,"column":6},"end":{"line":999,"column":45}},"297":{"start":{"line":1000,"column":6},"end":{"line":1000,"column":36}},"298":{"start":{"line":1002,"column":6},"end":{"line":1023,"column":7}},"299":{"start":{"line":1003,"column":8},"end":{"line":1021,"column":9}},"300":{"start":{"line":1005,"column":12},"end":{"line":1005,"column":43}},"301":{"start":{"line":1006,"column":12},"end":{"line":1006,"column":72}},"302":{"start":{"line":1007,"column":12},"end":{"line":1008,"column":55}},"303":{"start":{"line":1009,"column":12},"end":{"line":1010,"column":55}},"304":{"start":{"line":1011,"column":12},"end":{"line":1011,"column":18}},"305":{"start":{"line":1013,"column":12},"end":{"line":1013,"column":48}},"306":{"start":{"line":1014,"column":12},"end":{"line":1014,"column":66}},"307":{"start":{"line":1015,"column":12},"end":{"line":1016,"column":55}},"308":{"start":{"line":1017,"column":12},"end":{"line":1017,"column":18}},"309":{"start":{"line":1019,"column":12},"end":{"line":1019,"column":61}},"310":{"start":{"line":1020,"column":12},"end":{"line":1020,"column":18}},"311":{"start":{"line":1022,"column":8},"end":{"line":1022,"column":14}},"312":{"start":{"line":1026,"column":4},"end":{"line":1026,"column":66}},"313":{"start":{"line":1027,"column":4},"end":{"line":1027,"column":68}},"314":{"start":{"line":1028,"column":4},"end":{"line":1031,"column":6}},"315":{"start":{"line":1033,"column":4},"end":{"line":1033,"column":30}},"316":{"start":{"line":1035,"column":2},"end":{"line":1035,"column":76}},"317":{"start":{"line":1043,"column":18},"end":{"line":1043,"column":20}},"318":{"start":{"line":1044,"column":18},"end":{"line":1044,"column":20}},"319":{"start":{"line":1045,"column":2},"end":{"line":1067,"column":3}},"320":{"start":{"line":1046,"column":4},"end":{"line":1066,"column":5}},"321":{"start":{"line":1048,"column":6},"end":{"line":1065,"column":7}},"322":{"start":{"line":1048,"column":19},"end":{"line":1048,"column":20}},"323":{"start":{"line":1049,"column":8},"end":{"line":1049,"column":62}},"324":{"start":{"line":1050,"column":8},"end":{"line":1064,"column":11}},"325":{"start":{"line":1051,"column":10},"end":{"line":1063,"column":13}},"326":{"start":{"line":1058,"column":12},"end":{"line":1062,"column":13}},"327":{"start":{"line":1059,"column":14},"end":{"line":1061,"column":17}},"328":{"start":{"line":1060,"column":16},"end":{"line":1060,"column":28}},"329":{"start":{"line":1068,"column":2},"end":{"line":1068,"column":57}},"330":{"start":{"line":1094,"column":14},"end":{"line":1094,"column":19}},"331":{"start":{"line":1095,"column":21},"end":{"line":1095,"column":23}},"332":{"start":{"line":1097,"column":22},"end":{"line":1100,"column":34}},"333":{"start":{"line":1101,"column":2},"end":{"line":1108,"column":3}},"334":{"start":{"line":1102,"column":4},"end":{"line":1104,"column":6}},"335":{"start":{"line":1105,"column":4},"end":{"line":1105,"column":17}},"336":{"start":{"line":1106,"column":4},"end":{"line":1107,"column":62}},"337":{"start":{"line":1109,"column":24},"end":{"line":1112,"column":36}},"338":{"start":{"line":1113,"column":2},"end":{"line":1120,"column":3}},"339":{"start":{"line":1114,"column":4},"end":{"line":1116,"column":6}},"340":{"start":{"line":1117,"column":4},"end":{"line":1117,"column":17}},"341":{"start":{"line":1118,"column":4},"end":{"line":1119,"column":64}},"342":{"start":{"line":1122,"column":13},"end":{"line":1125,"column":32}},"343":{"start":{"line":1126,"column":2},"end":{"line":1133,"column":3}},"344":{"start":{"line":1127,"column":4},"end":{"line":1129,"column":6}},"345":{"start":{"line":1130,"column":4},"end":{"line":1130,"column":17}},"346":{"start":{"line":1131,"column":4},"end":{"line":1132,"column":55}},"347":{"start":{"line":1134,"column":15},"end":{"line":1137,"column":36}},"348":{"start":{"line":1138,"column":2},"end":{"line":1145,"column":3}},"349":{"start":{"line":1139,"column":4},"end":{"line":1141,"column":6}},"350":{"start":{"line":1142,"column":4},"end":{"line":1142,"column":17}},"351":{"start":{"line":1143,"column":4},"end":{"line":1144,"column":57}},"352":{"start":{"line":1147,"column":2},"end":{"line":1361,"column":5}},"353":{"start":{"line":1148,"column":4},"end":{"line":1150,"column":5}},"354":{"start":{"line":1149,"column":6},"end":{"line":1149,"column":27}},"355":{"start":{"line":1152,"column":32},"end":{"line":1152,"column":34}},"356":{"start":{"line":1153,"column":36},"end":{"line":1153,"column":38}},"357":{"start":{"line":1154,"column":32},"end":{"line":1154,"column":44}},"358":{"start":{"line":1155,"column":34},"end":{"line":1155,"column":36}},"359":{"start":{"line":1156,"column":38},"end":{"line":1156,"column":40}},"360":{"start":{"line":1157,"column":34},"end":{"line":1157,"column":48}},"361":{"start":{"line":1158,"column":4},"end":{"line":1168,"column":5}},"362":{"start":{"line":1158,"column":17},"end":{"line":1158,"column":18}},"363":{"start":{"line":1161,"column":6},"end":{"line":1167,"column":7}},"364":{"start":{"line":1163,"column":8},"end":{"line":1163,"column":66}},"365":{"start":{"line":1164,"column":8},"end":{"line":1164,"column":68}},"366":{"start":{"line":1165,"column":8},"end":{"line":1165,"column":76}},"367":{"start":{"line":1166,"column":8},"end":{"line":1166,"column":14}},"368":{"start":{"line":1169,"column":4},"end":{"line":1176,"column":5}},"369":{"start":{"line":1170,"column":6},"end":{"line":1172,"column":8}},"370":{"start":{"line":1173,"column":6},"end":{"line":1175,"column":8}},"371":{"start":{"line":1178,"column":4},"end":{"line":1188,"column":5}},"372":{"start":{"line":1181,"column":6},"end":{"line":1187,"column":7}},"373":{"start":{"line":1183,"column":8},"end":{"line":1183,"column":70}},"374":{"start":{"line":1184,"column":8},"end":{"line":1184,"column":72}},"375":{"start":{"line":1185,"column":8},"end":{"line":1185,"column":80}},"376":{"start":{"line":1186,"column":8},"end":{"line":1186,"column":14}},"377":{"start":{"line":1189,"column":4},"end":{"line":1196,"column":5}},"378":{"start":{"line":1190,"column":6},"end":{"line":1192,"column":8}},"379":{"start":{"line":1193,"column":6},"end":{"line":1195,"column":8}},"380":{"start":{"line":1203,"column":23},"end":{"line":1203,"column":86}},"381":{"start":{"line":1205,"column":27},"end":{"line":1205,"column":29}},"382":{"start":{"line":1206,"column":31},"end":{"line":1206,"column":33}},"383":{"start":{"line":1207,"column":4},"end":{"line":1213,"column":5}},"384":{"start":{"line":1208,"column":6},"end":{"line":1208,"column":47}},"385":{"start":{"line":1209,"column":6},"end":{"line":1209,"column":55}},"386":{"start":{"line":1211,"column":6},"end":{"line":1211,"column":49}},"387":{"start":{"line":1212,"column":6},"end":{"line":1212,"column":57}},"388":{"start":{"line":1215,"column":4},"end":{"line":1360,"column":9}},"389":{"start":{"line":1222,"column":23},"end":{"line":1227,"column":9}},"390":{"start":{"line":1228,"column":23},"end":{"line":1233,"column":9}},"391":{"start":{"line":1236,"column":30},"end":{"line":1236,"column":70}},"392":{"start":{"line":1237,"column":20},"end":{"line":1237,"column":69}},"393":{"start":{"line":1238,"column":20},"end":{"line":1238,"column":69}},"394":{"start":{"line":1241,"column":8},"end":{"line":1241,"column":50}},"395":{"start":{"line":1246,"column":43},"end":{"line":1249,"column":9}},"396":{"start":{"line":1254,"column":24},"end":{"line":1254,"column":62}},"397":{"start":{"line":1255,"column":29},"end":{"line":1255,"column":73}},"398":{"start":{"line":1257,"column":8},"end":{"line":1355,"column":13}},"399":{"start":{"line":1266,"column":21},"end":{"line":1266,"column":23}},"400":{"start":{"line":1267,"column":28},"end":{"line":1267,"column":30}},"401":{"start":{"line":1268,"column":31},"end":{"line":1268,"column":33}},"402":{"start":{"line":1269,"column":23},"end":{"line":1269,"column":25}},"403":{"start":{"line":1270,"column":29},"end":{"line":1270,"column":31}},"404":{"start":{"line":1271,"column":23},"end":{"line":1271,"column":25}},"405":{"start":{"line":1272,"column":26},"end":{"line":1272,"column":28}},"406":{"start":{"line":1273,"column":29},"end":{"line":1273,"column":31}},"407":{"start":{"line":1275,"column":12},"end":{"line":1275,"column":65}},"408":{"start":{"line":1276,"column":12},"end":{"line":1276,"column":65}},"409":{"start":{"line":1277,"column":12},"end":{"line":1277,"column":48}},"410":{"start":{"line":1278,"column":12},"end":{"line":1278,"column":77}},"411":{"start":{"line":1279,"column":12},"end":{"line":1279,"column":28}},"412":{"start":{"line":1281,"column":12},"end":{"line":1326,"column":15}},"413":{"start":{"line":1282,"column":14},"end":{"line":1282,"column":44}},"414":{"start":{"line":1284,"column":14},"end":{"line":1308,"column":15}},"415":{"start":{"line":1285,"column":16},"end":{"line":1302,"column":17}},"416":{"start":{"line":1287,"column":20},"end":{"line":1287,"column":33}},"417":{"start":{"line":1288,"column":20},"end":{"line":1288,"column":62}},"418":{"start":{"line":1289,"column":20},"end":{"line":1289,"column":73}},"419":{"start":{"line":1290,"column":20},"end":{"line":1290,"column":77}},"420":{"start":{"line":1291,"column":20},"end":{"line":1291,"column":26}},"421":{"start":{"line":1293,"column":20},"end":{"line":1293,"column":38}},"422":{"start":{"line":1294,"column":20},"end":{"line":1294,"column":56}},"423":{"start":{"line":1295,"column":20},"end":{"line":1295,"column":73}},"424":{"start":{"line":1296,"column":20},"end":{"line":1296,"column":77}},"425":{"start":{"line":1297,"column":20},"end":{"line":1297,"column":26}},"426":{"start":{"line":1299,"column":20},"end":{"line":1299,"column":37}},"427":{"start":{"line":1300,"column":20},"end":{"line":1300,"column":35}},"428":{"start":{"line":1301,"column":20},"end":{"line":1301,"column":26}},"429":{"start":{"line":1304,"column":16},"end":{"line":1304,"column":30}},"430":{"start":{"line":1305,"column":16},"end":{"line":1305,"column":28}},"431":{"start":{"line":1306,"column":16},"end":{"line":1306,"column":47}},"432":{"start":{"line":1307,"column":16},"end":{"line":1307,"column":51}},"433":{"start":{"line":1310,"column":14},"end":{"line":1310,"column":54}},"434":{"start":{"line":1319,"column":14},"end":{"line":1324,"column":16}},"435":{"start":{"line":1325,"column":14},"end":{"line":1325,"column":39}},"436":{"start":{"line":1327,"column":12},"end":{"line":1327,"column":38}},"437":{"start":{"line":1328,"column":12},"end":{"line":1328,"column":38}},"438":{"start":{"line":1333,"column":12},"end":{"line":1333,"column":34}},"439":{"start":{"line":1334,"column":12},"end":{"line":1334,"column":64}},"440":{"start":{"line":1335,"column":12},"end":{"line":1335,"column":64}},"441":{"start":{"line":1338,"column":12},"end":{"line":1338,"column":54}},"442":{"start":{"line":1339,"column":12},"end":{"line":1339,"column":32}},"443":{"start":{"line":1354,"column":12},"end":{"line":1354,"column":26}},"444":{"start":{"line":1359,"column":8},"end":{"line":1359,"column":22}},"445":{"start":{"line":1373,"column":2},"end":{"line":1408,"column":5}},"446":{"start":{"line":1374,"column":14},"end":{"line":1374,"column":15}},"447":{"start":{"line":1375,"column":15},"end":{"line":1375,"column":16}},"448":{"start":{"line":1376,"column":17},"end":{"line":1376,"column":28}},"449":{"start":{"line":1379,"column":6},"end":{"line":1379,"column":108}},"450":{"start":{"line":1380,"column":29},"end":{"line":1380,"column":62}},"451":{"start":{"line":1383,"column":4},"end":{"line":1407,"column":9}},"452":{"start":{"line":1390,"column":8},"end":{"line":1390,"column":48}},"453":{"start":{"line":1391,"column":8},"end":{"line":1391,"column":49}},"454":{"start":{"line":1400,"column":8},"end":{"line":1400,"column":35}},"455":{"start":{"line":1401,"column":8},"end":{"line":1401,"column":36}},"456":{"start":{"line":1402,"column":8},"end":{"line":1402,"column":24}},"457":{"start":{"line":1405,"column":8},"end":{"line":1405,"column":27}},"458":{"start":{"line":1406,"column":8},"end":{"line":1406,"column":22}},"459":{"start":{"line":1422,"column":2},"end":{"line":1477,"column":5}},"460":{"start":{"line":1423,"column":19},"end":{"line":1423,"column":73}},"461":{"start":{"line":1424,"column":19},"end":{"line":1424,"column":60}},"462":{"start":{"line":1426,"column":19},"end":{"line":1432,"column":6}},"463":{"start":{"line":1434,"column":16},"end":{"line":1434,"column":48}},"464":{"start":{"line":1436,"column":20},"end":{"line":1472,"column":6}},"465":{"start":{"line":1437,"column":17},"end":{"line":1437,"column":19}},"466":{"start":{"line":1440,"column":6},"end":{"line":1442,"column":9}},"467":{"start":{"line":1441,"column":8},"end":{"line":1441,"column":22}},"468":{"start":{"line":1444,"column":6},"end":{"line":1471,"column":9}},"469":{"start":{"line":1447,"column":21},"end":{"line":1447,"column":44}},"470":{"start":{"line":1448,"column":8},"end":{"line":1465,"column":9}},"471":{"start":{"line":1450,"column":10},"end":{"line":1461,"column":13}},"472":{"start":{"line":1457,"column":12},"end":{"line":1459,"column":15}},"473":{"start":{"line":1464,"column":10},"end":{"line":1464,"column":37}},"474":{"start":{"line":1470,"column":8},"end":{"line":1470,"column":34}},"475":{"start":{"line":1473,"column":4},"end":{"line":1476,"column":7}},"476":{"start":{"line":1475,"column":6},"end":{"line":1475,"column":38}},"477":{"start":{"line":1482,"column":10},"end":{"line":1482,"column":17}},"478":{"start":{"line":1483,"column":10},"end":{"line":1483,"column":17}},"479":{"start":{"line":1485,"column":2},"end":{"line":1485,"column":34}},"480":{"start":{"line":1496,"column":27},"end":{"line":1496,"column":47}},"481":{"start":{"line":1497,"column":29},"end":{"line":1497,"column":49}},"482":{"start":{"line":1498,"column":30},"end":{"line":1503,"column":3}},"483":{"start":{"line":1504,"column":25},"end":{"line":1509,"column":3}},"484":{"start":{"line":1510,"column":32},"end":{"line":1515,"column":3}},"485":{"start":{"line":1516,"column":27},"end":{"line":1521,"column":3}},"486":{"start":{"line":1522,"column":21},"end":{"line":1522,"column":23}},"487":{"start":{"line":1523,"column":2},"end":{"line":1530,"column":3}},"488":{"start":{"line":1527,"column":4},"end":{"line":1527,"column":49}},"489":{"start":{"line":1529,"column":4},"end":{"line":1529,"column":47}},"490":{"start":{"line":1531,"column":2},"end":{"line":1531,"column":22}},"491":{"start":{"line":1541,"column":19},"end":{"line":1541,"column":30}},"492":{"start":{"line":1542,"column":2},"end":{"line":1567,"column":3}},"493":{"start":{"line":1542,"column":15},"end":{"line":1542,"column":16}},"494":{"start":{"line":1543,"column":4},"end":{"line":1565,"column":5}},"495":{"start":{"line":1544,"column":6},"end":{"line":1545,"column":57}},"496":{"start":{"line":1546,"column":6},"end":{"line":1548,"column":8}},"497":{"start":{"line":1549,"column":11},"end":{"line":1565,"column":5}},"498":{"start":{"line":1553,"column":6},"end":{"line":1554,"column":55}},"499":{"start":{"line":1555,"column":6},"end":{"line":1557,"column":8}},"500":{"start":{"line":1558,"column":11},"end":{"line":1565,"column":5}},"501":{"start":{"line":1560,"column":6},"end":{"line":1562,"column":8}},"502":{"start":{"line":1563,"column":6},"end":{"line":1564,"column":70}},"503":{"start":{"line":1568,"column":2},"end":{"line":1568,"column":20}},"504":{"start":{"line":1573,"column":15},"end":{"line":1573,"column":35}},"505":{"start":{"line":1574,"column":2},"end":{"line":1574,"column":43}},"506":{"start":{"line":1579,"column":15},"end":{"line":1579,"column":41}},"507":{"start":{"line":1580,"column":2},"end":{"line":1583,"column":5}},"508":{"start":{"line":1592,"column":25},"end":{"line":1592,"column":68}},"509":{"start":{"line":1594,"column":2},"end":{"line":1596,"column":3}},"510":{"start":{"line":1595,"column":4},"end":{"line":1595,"column":43}},"511":{"start":{"line":1598,"column":14},"end":{"line":1598,"column":45}},"512":{"start":{"line":1599,"column":16},"end":{"line":1599,"column":47}},"513":{"start":{"line":1600,"column":13},"end":{"line":1600,"column":52}},"514":{"start":{"line":1603,"column":2},"end":{"line":1605,"column":3}},"515":{"start":{"line":1604,"column":4},"end":{"line":1604,"column":16}},"516":{"start":{"line":1607,"column":28},"end":{"line":1609,"column":65}},"517":{"start":{"line":1611,"column":15},"end":{"line":1611,"column":42}},"518":{"start":{"line":1613,"column":2},"end":{"line":1615,"column":3}},"519":{"start":{"line":1614,"column":4},"end":{"line":1614,"column":51}},"520":{"start":{"line":1617,"column":2},"end":{"line":1617,"column":28}},"521":{"start":{"line":1622,"column":15},"end":{"line":1622,"column":34}},"522":{"start":{"line":1623,"column":21},"end":{"line":1625,"column":66}},"523":{"start":{"line":1626,"column":2},"end":{"line":1626,"column":20}},"524":{"start":{"line":1632,"column":28},"end":{"line":1632,"column":69}},"525":{"start":{"line":1633,"column":28},"end":{"line":1633,"column":69}},"526":{"start":{"line":1635,"column":2},"end":{"line":1635,"column":49}},"527":{"start":{"line":1638,"column":0},"end":{"line":1638,"column":58}}},"fnMap":{"0":{"name":"connectToDatabase","decl":{"start":{"line":78,"column":15},"end":{"line":78,"column":32}},"loc":{"start":{"line":78,"column":35},"end":{"line":88,"column":1}},"line":78},"1":{"name":"(anonymous_1)","decl":{"start":{"line":143,"column":29},"end":{"line":143,"column":30}},"loc":{"start":{"line":143,"column":43},"end":{"line":184,"column":1}},"line":143},"2":{"name":"(anonymous_2)","decl":{"start":{"line":158,"column":10},"end":{"line":158,"column":11}},"loc":{"start":{"line":158,"column":20},"end":{"line":179,"column":5}},"line":158},"3":{"name":"(anonymous_3)","decl":{"start":{"line":165,"column":16},"end":{"line":165,"column":17}},"loc":{"start":{"line":165,"column":22},"end":{"line":171,"column":11}},"line":165},"4":{"name":"(anonymous_4)","decl":{"start":{"line":180,"column":11},"end":{"line":180,"column":12}},"loc":{"start":{"line":180,"column":22},"end":{"line":183,"column":5}},"line":180},"5":{"name":"(anonymous_5)","decl":{"start":{"line":189,"column":42},"end":{"line":189,"column":43}},"loc":{"start":{"line":189,"column":62},"end":{"line":199,"column":1}},"line":189},"6":{"name":"(anonymous_6)","decl":{"start":{"line":196,"column":66},"end":{"line":196,"column":67}},"loc":{"start":{"line":196,"column":75},"end":{"line":198,"column":3}},"line":196},"7":{"name":"findUserToken","decl":{"start":{"line":200,"column":9},"end":{"line":200,"column":22}},"loc":{"start":{"line":200,"column":72},"end":{"line":264,"column":1}},"line":200},"8":{"name":"(anonymous_8)","decl":{"start":{"line":201,"column":21},"end":{"line":201,"column":22}},"loc":{"start":{"line":201,"column":42},"end":{"line":263,"column":3}},"line":201},"9":{"name":"(anonymous_9)","decl":{"start":{"line":211,"column":10},"end":{"line":211,"column":11}},"loc":{"start":{"line":211,"column":30},"end":{"line":262,"column":5}},"line":211},"10":{"name":"sendNotification","decl":{"start":{"line":265,"column":9},"end":{"line":265,"column":25}},"loc":{"start":{"line":265,"column":35},"end":{"line":279,"column":1}},"line":265},"11":{"name":"(anonymous_11)","decl":{"start":{"line":269,"column":10},"end":{"line":269,"column":11}},"loc":{"start":{"line":269,"column":24},"end":{"line":273,"column":5}},"line":269},"12":{"name":"(anonymous_12)","decl":{"start":{"line":274,"column":11},"end":{"line":274,"column":12}},"loc":{"start":{"line":274,"column":22},"end":{"line":278,"column":5}},"line":274},"13":{"name":"(anonymous_13)","decl":{"start":{"line":284,"column":31},"end":{"line":284,"column":32}},"loc":{"start":{"line":284,"column":51},"end":{"line":296,"column":1}},"line":284},"14":{"name":"(anonymous_14)","decl":{"start":{"line":299,"column":45},"end":{"line":299,"column":46}},"loc":{"start":{"line":299,"column":65},"end":{"line":309,"column":1}},"line":299},"15":{"name":"(anonymous_15)","decl":{"start":{"line":327,"column":40},"end":{"line":327,"column":41}},"loc":{"start":{"line":327,"column":60},"end":{"line":348,"column":1}},"line":327},"16":{"name":"(anonymous_16)","decl":{"start":{"line":333,"column":6},"end":{"line":333,"column":7}},"loc":{"start":{"line":333,"column":18},"end":{"line":335,"column":7}},"line":333},"17":{"name":"(anonymous_17)","decl":{"start":{"line":336,"column":6},"end":{"line":336,"column":7}},"loc":{"start":{"line":336,"column":17},"end":{"line":339,"column":7}},"line":336},"18":{"name":"(anonymous_18)","decl":{"start":{"line":357,"column":29},"end":{"line":357,"column":30}},"loc":{"start":{"line":357,"column":49},"end":{"line":377,"column":1}},"line":357},"19":{"name":"(anonymous_19)","decl":{"start":{"line":365,"column":6},"end":{"line":365,"column":7}},"loc":{"start":{"line":365,"column":18},"end":{"line":367,"column":7}},"line":365},"20":{"name":"(anonymous_20)","decl":{"start":{"line":368,"column":6},"end":{"line":368,"column":7}},"loc":{"start":{"line":368,"column":17},"end":{"line":371,"column":7}},"line":368},"21":{"name":"(anonymous_21)","decl":{"start":{"line":381,"column":34},"end":{"line":381,"column":35}},"loc":{"start":{"line":381,"column":54},"end":{"line":391,"column":1}},"line":381},"22":{"name":"checkLiveTransitTime","decl":{"start":{"line":409,"column":15},"end":{"line":409,"column":35}},"loc":{"start":{"line":415,"column":2},"end":{"line":495,"column":1}},"line":415},"23":{"name":"(anonymous_23)","decl":{"start":{"line":416,"column":21},"end":{"line":416,"column":22}},"loc":{"start":{"line":416,"column":42},"end":{"line":494,"column":3}},"line":416},"24":{"name":"(anonymous_24)","decl":{"start":{"line":423,"column":12},"end":{"line":423,"column":13}},"loc":{"start":{"line":423,"column":22},"end":{"line":493,"column":7}},"line":423},"25":{"name":"(anonymous_25)","decl":{"start":{"line":437,"column":51},"end":{"line":437,"column":52}},"loc":{"start":{"line":437,"column":60},"end":{"line":486,"column":9}},"line":437},"26":{"name":"(anonymous_26)","decl":{"start":{"line":440,"column":25},"end":{"line":440,"column":26}},"loc":{"start":{"line":440,"column":36},"end":{"line":442,"column":11}},"line":440},"27":{"name":"(anonymous_27)","decl":{"start":{"line":444,"column":24},"end":{"line":444,"column":25}},"loc":{"start":{"line":444,"column":30},"end":{"line":485,"column":11}},"line":444},"28":{"name":"(anonymous_28)","decl":{"start":{"line":488,"column":24},"end":{"line":488,"column":25}},"loc":{"start":{"line":488,"column":35},"end":{"line":490,"column":9}},"line":488},"29":{"name":"(anonymous_29)","decl":{"start":{"line":585,"column":13},"end":{"line":585,"column":14}},"loc":{"start":{"line":585,"column":33},"end":{"line":587,"column":1}},"line":585},"30":{"name":"startSSLServer","decl":{"start":{"line":601,"column":9},"end":{"line":601,"column":23}},"loc":{"start":{"line":601,"column":26},"end":{"line":611,"column":1}},"line":601},"31":{"name":"(anonymous_31)","decl":{"start":{"line":610,"column":25},"end":{"line":610,"column":26}},"loc":{"start":{"line":610,"column":31},"end":{"line":610,"column":78}},"line":610},"32":{"name":"initRoute","decl":{"start":{"line":753,"column":15},"end":{"line":753,"column":24}},"loc":{"start":{"line":753,"column":42},"end":{"line":899,"column":1}},"line":753},"33":{"name":"(anonymous_33)","decl":{"start":{"line":806,"column":21},"end":{"line":806,"column":22}},"loc":{"start":{"line":806,"column":42},"end":{"line":898,"column":3}},"line":806},"34":{"name":"(anonymous_34)","decl":{"start":{"line":818,"column":12},"end":{"line":818,"column":13}},"loc":{"start":{"line":818,"column":22},"end":{"line":894,"column":7}},"line":818},"35":{"name":"(anonymous_35)","decl":{"start":{"line":843,"column":45},"end":{"line":843,"column":46}},"loc":{"start":{"line":843,"column":66},"end":{"line":888,"column":9}},"line":843},"36":{"name":"(anonymous_36)","decl":{"start":{"line":895,"column":13},"end":{"line":895,"column":14}},"loc":{"start":{"line":895,"column":24},"end":{"line":897,"column":7}},"line":895},"37":{"name":"initReminders","decl":{"start":{"line":914,"column":15},"end":{"line":914,"column":28}},"loc":{"start":{"line":914,"column":56},"end":{"line":1069,"column":1}},"line":914},"38":{"name":"(anonymous_38)","decl":{"start":{"line":1050,"column":52},"end":{"line":1050,"column":53}},"loc":{"start":{"line":1050,"column":58},"end":{"line":1064,"column":9}},"line":1050},"39":{"name":"(anonymous_39)","decl":{"start":{"line":1057,"column":17},"end":{"line":1057,"column":18}},"loc":{"start":{"line":1057,"column":26},"end":{"line":1063,"column":11}},"line":1057},"40":{"name":"(anonymous_40)","decl":{"start":{"line":1059,"column":32},"end":{"line":1059,"column":33}},"loc":{"start":{"line":1059,"column":42},"end":{"line":1061,"column":15}},"line":1059},"41":{"name":"initRouteWithFriends","decl":{"start":{"line":1089,"column":15},"end":{"line":1089,"column":35}},"loc":{"start":{"line":1089,"column":66},"end":{"line":1362,"column":1}},"line":1089},"42":{"name":"(anonymous_42)","decl":{"start":{"line":1147,"column":21},"end":{"line":1147,"column":22}},"loc":{"start":{"line":1147,"column":42},"end":{"line":1361,"column":3}},"line":1147},"43":{"name":"(anonymous_43)","decl":{"start":{"line":1220,"column":12},"end":{"line":1220,"column":13}},"loc":{"start":{"line":1220,"column":22},"end":{"line":1356,"column":7}},"line":1220},"44":{"name":"(anonymous_44)","decl":{"start":{"line":1258,"column":16},"end":{"line":1258,"column":17}},"loc":{"start":{"line":1258,"column":26},"end":{"line":1351,"column":11}},"line":1258},"45":{"name":"(anonymous_45)","decl":{"start":{"line":1281,"column":49},"end":{"line":1281,"column":50}},"loc":{"start":{"line":1281,"column":70},"end":{"line":1326,"column":13}},"line":1281},"46":{"name":"(anonymous_46)","decl":{"start":{"line":1352,"column":17},"end":{"line":1352,"column":18}},"loc":{"start":{"line":1352,"column":28},"end":{"line":1355,"column":11}},"line":1352},"47":{"name":"(anonymous_47)","decl":{"start":{"line":1357,"column":13},"end":{"line":1357,"column":14}},"loc":{"start":{"line":1357,"column":24},"end":{"line":1360,"column":7}},"line":1357},"48":{"name":"getLatLong","decl":{"start":{"line":1372,"column":9},"end":{"line":1372,"column":19}},"loc":{"start":{"line":1372,"column":29},"end":{"line":1409,"column":1}},"line":1372},"49":{"name":"(anonymous_49)","decl":{"start":{"line":1373,"column":21},"end":{"line":1373,"column":22}},"loc":{"start":{"line":1373,"column":42},"end":{"line":1408,"column":3}},"line":1373},"50":{"name":"(anonymous_50)","decl":{"start":{"line":1387,"column":12},"end":{"line":1387,"column":13}},"loc":{"start":{"line":1387,"column":26},"end":{"line":1403,"column":7}},"line":1387},"51":{"name":"(anonymous_51)","decl":{"start":{"line":1404,"column":13},"end":{"line":1404,"column":14}},"loc":{"start":{"line":1404,"column":24},"end":{"line":1407,"column":7}},"line":1404},"52":{"name":"planTransitTrip","decl":{"start":{"line":1421,"column":15},"end":{"line":1421,"column":30}},"loc":{"start":{"line":1421,"column":64},"end":{"line":1478,"column":1}},"line":1421},"53":{"name":"(anonymous_53)","decl":{"start":{"line":1422,"column":21},"end":{"line":1422,"column":22}},"loc":{"start":{"line":1422,"column":42},"end":{"line":1477,"column":3}},"line":1422},"54":{"name":"(anonymous_54)","decl":{"start":{"line":1436,"column":35},"end":{"line":1436,"column":36}},"loc":{"start":{"line":1436,"column":49},"end":{"line":1472,"column":5}},"line":1436},"55":{"name":"(anonymous_55)","decl":{"start":{"line":1440,"column":26},"end":{"line":1440,"column":27}},"loc":{"start":{"line":1440,"column":37},"end":{"line":1442,"column":7}},"line":1440},"56":{"name":"(anonymous_56)","decl":{"start":{"line":1444,"column":25},"end":{"line":1444,"column":26}},"loc":{"start":{"line":1444,"column":31},"end":{"line":1471,"column":7}},"line":1444},"57":{"name":"(anonymous_57)","decl":{"start":{"line":1450,"column":25},"end":{"line":1450,"column":26}},"loc":{"start":{"line":1450,"column":43},"end":{"line":1461,"column":11}},"line":1450},"58":{"name":"(anonymous_58)","decl":{"start":{"line":1457,"column":40},"end":{"line":1457,"column":41}},"loc":{"start":{"line":1457,"column":61},"end":{"line":1459,"column":13}},"line":1457},"59":{"name":"(anonymous_59)","decl":{"start":{"line":1473,"column":24},"end":{"line":1473,"column":25}},"loc":{"start":{"line":1473,"column":33},"end":{"line":1476,"column":5}},"line":1473},"60":{"name":"calcDist","decl":{"start":{"line":1481,"column":9},"end":{"line":1481,"column":17}},"loc":{"start":{"line":1481,"column":34},"end":{"line":1486,"column":1}},"line":1481},"61":{"name":"getMeetingPoint","decl":{"start":{"line":1495,"column":9},"end":{"line":1495,"column":24}},"loc":{"start":{"line":1495,"column":45},"end":{"line":1532,"column":1}},"line":1495},"62":{"name":"calcWalkingTimes","decl":{"start":{"line":1540,"column":9},"end":{"line":1540,"column":25}},"loc":{"start":{"line":1540,"column":39},"end":{"line":1569,"column":1}},"line":1540},"63":{"name":"timeToTimestamp","decl":{"start":{"line":1572,"column":9},"end":{"line":1572,"column":24}},"loc":{"start":{"line":1572,"column":37},"end":{"line":1575,"column":1}},"line":1572},"64":{"name":"timestampToTime","decl":{"start":{"line":1578,"column":9},"end":{"line":1578,"column":24}},"loc":{"start":{"line":1578,"column":36},"end":{"line":1584,"column":1}},"line":1578},"65":{"name":"combineDateAndTime","decl":{"start":{"line":1587,"column":9},"end":{"line":1587,"column":27}},"loc":{"start":{"line":1587,"column":52},"end":{"line":1618,"column":1}},"line":1587},"66":{"name":"isoToCron","decl":{"start":{"line":1621,"column":9},"end":{"line":1621,"column":18}},"loc":{"start":{"line":1621,"column":45},"end":{"line":1627,"column":1}},"line":1621},"67":{"name":"compareTimeStrings","decl":{"start":{"line":1630,"column":9},"end":{"line":1630,"column":27}},"loc":{"start":{"line":1630,"column":48},"end":{"line":1636,"column":1}},"line":1630}},"branchMap":{"0":{"loc":{"start":{"line":146,"column":2},"end":{"line":151,"column":3}},"type":"if","locations":[{"start":{"line":146,"column":2},"end":{"line":151,"column":3}},{"start":{},"end":{}}],"line":146},"1":{"loc":{"start":{"line":146,"column":6},"end":{"line":146,"column":22}},"type":"binary-expr","locations":[{"start":{"line":146,"column":6},"end":{"line":146,"column":12}},{"start":{"line":146,"column":16},"end":{"line":146,"column":22}}],"line":146},"2":{"loc":{"start":{"line":159,"column":6},"end":{"line":178,"column":7}},"type":"if","locations":[{"start":{"line":159,"column":6},"end":{"line":178,"column":7}},{"start":{"line":172,"column":13},"end":{"line":178,"column":7}}],"line":159},"3":{"loc":{"start":{"line":202,"column":4},"end":{"line":205,"column":5}},"type":"if","locations":[{"start":{"line":202,"column":4},"end":{"line":205,"column":5}},{"start":{},"end":{}}],"line":202},"4":{"loc":{"start":{"line":202,"column":8},"end":{"line":202,"column":37}},"type":"binary-expr","locations":[{"start":{"line":202,"column":8},"end":{"line":202,"column":19}},{"start":{"line":202,"column":23},"end":{"line":202,"column":37}}],"line":202},"5":{"loc":{"start":{"line":212,"column":6},"end":{"line":261,"column":7}},"type":"if","locations":[{"start":{"line":212,"column":6},"end":{"line":261,"column":7}},{"start":{"line":253,"column":11},"end":{"line":261,"column":7}}],"line":212},"6":{"loc":{"start":{"line":235,"column":8},"end":{"line":251,"column":9}},"type":"if","locations":[{"start":{"line":235,"column":8},"end":{"line":251,"column":9}},{"start":{"line":243,"column":15},"end":{"line":251,"column":9}}],"line":235},"7":{"loc":{"start":{"line":445,"column":12},"end":{"line":484,"column":13}},"type":"if","locations":[{"start":{"line":445,"column":12},"end":{"line":484,"column":13}},{"start":{"line":479,"column":19},"end":{"line":484,"column":13}}],"line":445},"8":{"loc":{"start":{"line":452,"column":14},"end":{"line":478,"column":15}},"type":"if","locations":[{"start":{"line":452,"column":14},"end":{"line":478,"column":15}},{"start":{"line":476,"column":21},"end":{"line":478,"column":15}}],"line":452},"9":{"loc":{"start":{"line":469,"column":16},"end":{"line":475,"column":17}},"type":"if","locations":[{"start":{"line":469,"column":16},"end":{"line":475,"column":17}},{"start":{"line":472,"column":23},"end":{"line":475,"column":17}}],"line":469},"10":{"loc":{"start":{"line":765,"column":2},"end":{"line":774,"column":3}},"type":"if","locations":[{"start":{"line":765,"column":2},"end":{"line":774,"column":3}},{"start":{"line":770,"column":7},"end":{"line":774,"column":3}}],"line":765},"11":{"loc":{"start":{"line":770,"column":7},"end":{"line":774,"column":3}},"type":"if","locations":[{"start":{"line":770,"column":7},"end":{"line":774,"column":3}},{"start":{},"end":{}}],"line":770},"12":{"loc":{"start":{"line":780,"column":2},"end":{"line":804,"column":3}},"type":"if","locations":[{"start":{"line":780,"column":2},"end":{"line":804,"column":3}},{"start":{},"end":{}}],"line":780},"13":{"loc":{"start":{"line":787,"column":6},"end":{"line":793,"column":7}},"type":"if","locations":[{"start":{"line":787,"column":6},"end":{"line":793,"column":7}},{"start":{},"end":{}}],"line":787},"14":{"loc":{"start":{"line":795,"column":4},"end":{"line":800,"column":5}},"type":"if","locations":[{"start":{"line":795,"column":4},"end":{"line":800,"column":5}},{"start":{},"end":{}}],"line":795},"15":{"loc":{"start":{"line":795,"column":8},"end":{"line":795,"column":51}},"type":"binary-expr","locations":[{"start":{"line":795,"column":8},"end":{"line":795,"column":30}},{"start":{"line":795,"column":34},"end":{"line":795,"column":51}}],"line":795},"16":{"loc":{"start":{"line":808,"column":4},"end":{"line":811,"column":5}},"type":"if","locations":[{"start":{"line":808,"column":4},"end":{"line":811,"column":5}},{"start":{},"end":{}}],"line":808},"17":{"loc":{"start":{"line":819,"column":8},"end":{"line":819,"column":45}},"type":"if","locations":[{"start":{"line":819,"column":8},"end":{"line":819,"column":45}},{"start":{},"end":{}}],"line":819},"18":{"loc":{"start":{"line":846,"column":10},"end":{"line":870,"column":11}},"type":"if","locations":[{"start":{"line":846,"column":10},"end":{"line":870,"column":11}},{"start":{"line":865,"column":17},"end":{"line":870,"column":11}}],"line":846},"19":{"loc":{"start":{"line":847,"column":12},"end":{"line":864,"column":13}},"type":"switch","locations":[{"start":{"line":848,"column":14},"end":{"line":853,"column":22}},{"start":{"line":854,"column":14},"end":{"line":859,"column":22}},{"start":{"line":860,"column":14},"end":{"line":863,"column":22}}],"line":847},"20":{"loc":{"start":{"line":929,"column":2},"end":{"line":939,"column":3}},"type":"if","locations":[{"start":{"line":929,"column":2},"end":{"line":939,"column":3}},{"start":{"line":934,"column":9},"end":{"line":939,"column":3}}],"line":929},"21":{"loc":{"start":{"line":934,"column":9},"end":{"line":939,"column":3}},"type":"if","locations":[{"start":{"line":934,"column":9},"end":{"line":939,"column":3}},{"start":{},"end":{}}],"line":934},"22":{"loc":{"start":{"line":948,"column":4},"end":{"line":957,"column":5}},"type":"if","locations":[{"start":{"line":948,"column":4},"end":{"line":957,"column":5}},{"start":{},"end":{}}],"line":948},"23":{"loc":{"start":{"line":1002,"column":6},"end":{"line":1023,"column":7}},"type":"if","locations":[{"start":{"line":1002,"column":6},"end":{"line":1023,"column":7}},{"start":{},"end":{}}],"line":1002},"24":{"loc":{"start":{"line":1003,"column":8},"end":{"line":1021,"column":9}},"type":"switch","locations":[{"start":{"line":1004,"column":10},"end":{"line":1011,"column":18}},{"start":{"line":1012,"column":10},"end":{"line":1017,"column":18}},{"start":{"line":1018,"column":10},"end":{"line":1020,"column":18}}],"line":1003},"25":{"loc":{"start":{"line":1046,"column":4},"end":{"line":1066,"column":5}},"type":"if","locations":[{"start":{"line":1046,"column":4},"end":{"line":1066,"column":5}},{"start":{},"end":{}}],"line":1046},"26":{"loc":{"start":{"line":1058,"column":12},"end":{"line":1062,"column":13}},"type":"if","locations":[{"start":{"line":1058,"column":12},"end":{"line":1062,"column":13}},{"start":{},"end":{}}],"line":1058},"27":{"loc":{"start":{"line":1101,"column":2},"end":{"line":1108,"column":3}},"type":"if","locations":[{"start":{"line":1101,"column":2},"end":{"line":1108,"column":3}},{"start":{},"end":{}}],"line":1101},"28":{"loc":{"start":{"line":1113,"column":2},"end":{"line":1120,"column":3}},"type":"if","locations":[{"start":{"line":1113,"column":2},"end":{"line":1120,"column":3}},{"start":{},"end":{}}],"line":1113},"29":{"loc":{"start":{"line":1126,"column":2},"end":{"line":1133,"column":3}},"type":"if","locations":[{"start":{"line":1126,"column":2},"end":{"line":1133,"column":3}},{"start":{},"end":{}}],"line":1126},"30":{"loc":{"start":{"line":1138,"column":2},"end":{"line":1145,"column":3}},"type":"if","locations":[{"start":{"line":1138,"column":2},"end":{"line":1145,"column":3}},{"start":{},"end":{}}],"line":1138},"31":{"loc":{"start":{"line":1148,"column":4},"end":{"line":1150,"column":5}},"type":"if","locations":[{"start":{"line":1148,"column":4},"end":{"line":1150,"column":5}},{"start":{},"end":{}}],"line":1148},"32":{"loc":{"start":{"line":1161,"column":6},"end":{"line":1167,"column":7}},"type":"if","locations":[{"start":{"line":1161,"column":6},"end":{"line":1167,"column":7}},{"start":{},"end":{}}],"line":1161},"33":{"loc":{"start":{"line":1169,"column":4},"end":{"line":1176,"column":5}},"type":"if","locations":[{"start":{"line":1169,"column":4},"end":{"line":1176,"column":5}},{"start":{},"end":{}}],"line":1169},"34":{"loc":{"start":{"line":1181,"column":6},"end":{"line":1187,"column":7}},"type":"if","locations":[{"start":{"line":1181,"column":6},"end":{"line":1187,"column":7}},{"start":{},"end":{}}],"line":1181},"35":{"loc":{"start":{"line":1189,"column":4},"end":{"line":1196,"column":5}},"type":"if","locations":[{"start":{"line":1189,"column":4},"end":{"line":1196,"column":5}},{"start":{},"end":{}}],"line":1189},"36":{"loc":{"start":{"line":1207,"column":4},"end":{"line":1213,"column":5}},"type":"if","locations":[{"start":{"line":1207,"column":4},"end":{"line":1213,"column":5}},{"start":{"line":1210,"column":11},"end":{"line":1213,"column":5}}],"line":1207},"37":{"loc":{"start":{"line":1284,"column":14},"end":{"line":1308,"column":15}},"type":"if","locations":[{"start":{"line":1284,"column":14},"end":{"line":1308,"column":15}},{"start":{"line":1303,"column":21},"end":{"line":1308,"column":15}}],"line":1284},"38":{"loc":{"start":{"line":1285,"column":16},"end":{"line":1302,"column":17}},"type":"switch","locations":[{"start":{"line":1286,"column":18},"end":{"line":1291,"column":26}},{"start":{"line":1292,"column":18},"end":{"line":1297,"column":26}},{"start":{"line":1298,"column":18},"end":{"line":1301,"column":26}}],"line":1285},"39":{"loc":{"start":{"line":1448,"column":8},"end":{"line":1465,"column":9}},"type":"if","locations":[{"start":{"line":1448,"column":8},"end":{"line":1465,"column":9}},{"start":{"line":1462,"column":15},"end":{"line":1465,"column":9}}],"line":1448},"40":{"loc":{"start":{"line":1523,"column":2},"end":{"line":1530,"column":3}},"type":"if","locations":[{"start":{"line":1523,"column":2},"end":{"line":1530,"column":3}},{"start":{"line":1528,"column":9},"end":{"line":1530,"column":3}}],"line":1523},"41":{"loc":{"start":{"line":1543,"column":4},"end":{"line":1565,"column":5}},"type":"if","locations":[{"start":{"line":1543,"column":4},"end":{"line":1565,"column":5}},{"start":{"line":1549,"column":11},"end":{"line":1565,"column":5}}],"line":1543},"42":{"loc":{"start":{"line":1543,"column":8},"end":{"line":1543,"column":47}},"type":"binary-expr","locations":[{"start":{"line":1543,"column":8},"end":{"line":1543,"column":14}},{"start":{"line":1543,"column":18},"end":{"line":1543,"column":47}}],"line":1543},"43":{"loc":{"start":{"line":1549,"column":11},"end":{"line":1565,"column":5}},"type":"if","locations":[{"start":{"line":1549,"column":11},"end":{"line":1565,"column":5}},{"start":{"line":1558,"column":11},"end":{"line":1565,"column":5}}],"line":1549},"44":{"loc":{"start":{"line":1550,"column":6},"end":{"line":1551,"column":35}},"type":"binary-expr","locations":[{"start":{"line":1550,"column":6},"end":{"line":1550,"column":32}},{"start":{"line":1551,"column":6},"end":{"line":1551,"column":35}}],"line":1550},"45":{"loc":{"start":{"line":1558,"column":11},"end":{"line":1565,"column":5}},"type":"if","locations":[{"start":{"line":1558,"column":11},"end":{"line":1565,"column":5}},{"start":{},"end":{}}],"line":1558},"46":{"loc":{"start":{"line":1594,"column":2},"end":{"line":1596,"column":3}},"type":"if","locations":[{"start":{"line":1594,"column":2},"end":{"line":1596,"column":3}},{"start":{},"end":{}}],"line":1594},"47":{"loc":{"start":{"line":1603,"column":2},"end":{"line":1605,"column":3}},"type":"if","locations":[{"start":{"line":1603,"column":2},"end":{"line":1605,"column":3}},{"start":{},"end":{}}],"line":1603},"48":{"loc":{"start":{"line":1603,"column":6},"end":{"line":1603,"column":24}},"type":"binary-expr","locations":[{"start":{"line":1603,"column":6},"end":{"line":1603,"column":10}},{"start":{"line":1603,"column":14},"end":{"line":1603,"column":24}}],"line":1603},"49":{"loc":{"start":{"line":1613,"column":2},"end":{"line":1615,"column":3}},"type":"if","locations":[{"start":{"line":1613,"column":2},"end":{"line":1615,"column":3}},{"start":{},"end":{}}],"line":1613}},"s":{"0":1,"1":1,"2":1,"3":1,"4":1,"5":1,"6":1,"7":1,"8":1,"9":1,"10":1,"11":1,"12":1,"13":1,"14":1,"15":1,"16":1,"17":1,"18":1,"19":1,"20":1,"21":1,"22":1,"23":1,"24":1,"25":1,"26":1,"27":1,"28":1,"29":0,"30":1,"31":1,"32":1,"33":1,"34":1,"35":1,"36":1,"37":1,"38":1,"39":1,"40":1,"41":1,"42":1,"43":1,"44":1,"45":1,"46":1,"47":1,"48":1,"49":1,"50":1,"51":1,"52":3,"53":3,"54":3,"55":1,"56":1,"57":1,"58":1,"59":2,"60":2,"61":1,"62":1,"63":1,"64":1,"65":1,"66":0,"67":0,"68":1,"69":0,"70":0,"71":0,"72":0,"73":0,"74":3,"75":3,"76":1,"77":1,"78":3,"79":3,"80":1,"81":1,"82":1,"83":1,"84":1,"85":1,"86":1,"87":1,"88":1,"89":0,"90":0,"91":2,"92":2,"93":0,"94":0,"95":0,"96":0,"97":0,"98":1,"99":3,"100":3,"101":3,"102":1,"103":0,"104":0,"105":0,"106":0,"107":0,"108":0,"109":1,"110":6,"111":6,"112":6,"113":6,"114":6,"115":1,"116":5,"117":5,"118":0,"119":0,"120":1,"121":1,"122":4,"123":4,"124":4,"125":4,"126":1,"127":3,"128":3,"129":0,"130":0,"131":1,"132":1,"133":0,"134":0,"135":0,"136":0,"137":0,"138":0,"139":0,"140":1,"141":0,"142":0,"143":0,"144":0,"145":0,"146":0,"147":0,"148":0,"149":0,"150":0,"151":0,"152":0,"153":0,"154":0,"155":0,"156":0,"157":0,"158":0,"159":0,"160":0,"161":0,"162":0,"163":0,"164":0,"165":0,"166":0,"167":0,"168":0,"169":0,"170":0,"171":0,"172":0,"173":0,"174":1,"175":0,"176":1,"177":1,"178":1,"179":1,"180":4,"181":4,"182":4,"183":4,"184":4,"185":1,"186":1,"187":3,"188":1,"189":1,"190":4,"191":2,"192":2,"193":2,"194":2,"195":2,"196":3,"197":1,"198":1,"199":1,"200":1,"201":2,"202":1,"203":1,"204":2,"205":2,"206":2,"207":4,"208":4,"209":4,"210":3,"211":3,"212":4,"213":1,"214":0,"215":1,"216":1,"217":1,"218":1,"219":1,"220":1,"221":1,"222":1,"223":1,"224":1,"225":1,"226":1,"227":1,"228":1,"229":1,"230":9,"231":9,"232":4,"233":3,"234":3,"235":3,"236":3,"237":3,"238":1,"239":1,"240":1,"241":1,"242":1,"243":0,"244":0,"245":0,"246":5,"247":5,"248":5,"249":5,"250":9,"251":9,"252":9,"253":9,"254":1,"255":1,"256":1,"257":0,"258":3,"259":3,"260":3,"261":3,"262":3,"263":3,"264":3,"265":1,"266":1,"267":1,"268":2,"269":1,"270":1,"271":1,"272":1,"273":1,"274":1,"275":1,"276":1,"277":1,"278":1,"279":1,"280":1,"281":1,"282":1,"283":1,"284":1,"285":1,"286":1,"287":1,"288":1,"289":1,"290":1,"291":1,"292":1,"293":1,"294":1,"295":1,"296":2,"297":2,"298":2,"299":1,"300":1,"301":1,"302":1,"303":1,"304":1,"305":0,"306":0,"307":0,"308":0,"309":0,"310":0,"311":1,"312":1,"313":1,"314":1,"315":1,"316":1,"317":1,"318":1,"319":1,"320":1,"321":1,"322":1,"323":5,"324":5,"325":0,"326":0,"327":0,"328":0,"329":1,"330":6,"331":6,"332":6,"333":6,"334":1,"335":1,"336":1,"337":6,"338":6,"339":2,"340":2,"341":2,"342":6,"343":6,"344":0,"345":0,"346":0,"347":6,"348":6,"349":1,"350":1,"351":1,"352":6,"353":6,"354":3,"355":6,"356":6,"357":6,"358":6,"359":6,"360":6,"361":5,"362":5,"363":6,"364":3,"365":3,"366":3,"367":3,"368":4,"369":1,"370":1,"371":4,"372":5,"373":2,"374":2,"375":2,"376":2,"377":3,"378":1,"379":1,"380":3,"381":3,"382":3,"383":3,"384":0,"385":0,"386":3,"387":3,"388":3,"389":2,"390":2,"391":2,"392":2,"393":2,"394":2,"395":2,"396":2,"397":2,"398":2,"399":2,"400":2,"401":2,"402":2,"403":2,"404":2,"405":2,"406":2,"407":2,"408":2,"409":2,"410":2,"411":2,"412":2,"413":8,"414":8,"415":4,"416":2,"417":2,"418":2,"419":2,"420":2,"421":2,"422":2,"423":2,"424":2,"425":2,"426":0,"427":0,"428":0,"429":4,"430":4,"431":4,"432":4,"433":8,"434":8,"435":8,"436":2,"437":2,"438":2,"439":2,"440":2,"441":2,"442":2,"443":0,"444":1,"445":6,"446":6,"447":6,"448":6,"449":6,"450":6,"451":6,"452":6,"453":6,"454":6,"455":6,"456":6,"457":0,"458":0,"459":10,"460":10,"461":10,"462":10,"463":10,"464":10,"465":7,"466":7,"467":121,"468":7,"469":7,"470":7,"471":6,"472":6,"473":1,"474":7,"475":10,"476":0,"477":12,"478":12,"479":12,"480":3,"481":3,"482":3,"483":3,"484":3,"485":3,"486":3,"487":3,"488":0,"489":3,"490":3,"491":3,"492":3,"493":3,"494":21,"495":3,"496":3,"497":18,"498":1,"499":1,"500":17,"501":7,"502":7,"503":3,"504":4,"505":4,"506":7,"507":7,"508":3,"509":3,"510":0,"511":3,"512":3,"513":3,"514":3,"515":0,"516":3,"517":3,"518":3,"519":0,"520":3,"521":5,"522":5,"523":5,"524":0,"525":0,"526":0,"527":1},"f":{"0":1,"1":3,"2":2,"3":1,"4":0,"5":0,"6":0,"7":3,"8":3,"9":3,"10":0,"11":0,"12":0,"13":3,"14":0,"15":6,"16":1,"17":5,"18":4,"19":1,"20":3,"21":0,"22":0,"23":0,"24":0,"25":0,"26":0,"27":0,"28":0,"29":0,"30":1,"31":1,"32":4,"33":4,"34":1,"35":9,"36":0,"37":3,"38":0,"39":0,"40":0,"41":6,"42":6,"43":2,"44":2,"45":8,"46":0,"47":1,"48":6,"49":6,"50":6,"51":0,"52":10,"53":10,"54":7,"55":121,"56":7,"57":6,"58":30,"59":0,"60":12,"61":3,"62":3,"63":4,"64":7,"65":3,"66":5,"67":0},"b":{"0":[1,2],"1":[3,2],"2":[1,1],"3":[1,2],"4":[3,3],"5":[1,2],"6":[1,0],"7":[0,0],"8":[0,0],"9":[0,0],"10":[1,3],"11":[1,2],"12":[2,2],"13":[1,2],"14":[1,1],"15":[2,1],"16":[3,1],"17":[0,1],"18":[4,5],"19":[3,1,0],"20":[1,2],"21":[1,1],"22":[1,0],"23":[1,1],"24":[1,0,0],"25":[1,0],"26":[0,0],"27":[1,5],"28":[2,4],"29":[0,6],"30":[1,5],"31":[3,3],"32":[3,3],"33":[1,3],"34":[2,3],"35":[1,2],"36":[0,3],"37":[4,4],"38":[2,2,0],"39":[6,1],"40":[0,3],"41":[3,18],"42":[21,3],"43":[1,17],"44":[18,3],"45":[7,10],"46":[0,3],"47":[0,3],"48":[3,2],"49":[0,3]},"_coverageSchema":"1a1c01bbd47fc00a2c39e90264f33305004495a9","hash":"eee7eeeac80e35a76c9a68b8d07f9a0acefa4c08"}
,"D:\\cpen 321\\RouteRider\\Backend\\routes\\schedule.js": {"path":"D:\\cpen 321\\RouteRider\\Backend\\routes\\schedule.js","statementMap":{"0":{"start":{"line":1,"column":23},"end":{"line":1,"column":41}},"1":{"start":{"line":2,"column":12},"end":{"line":2,"column":37}},"2":{"start":{"line":3,"column":15},"end":{"line":3,"column":35}},"3":{"start":{"line":6,"column":26},"end":{"line":37,"column":1}},"4":{"start":{"line":7,"column":2},"end":{"line":36,"column":3}},"5":{"start":{"line":9,"column":25},"end":{"line":9,"column":33}},"6":{"start":{"line":12,"column":23},"end":{"line":12,"column":73}},"7":{"start":{"line":15,"column":29},"end":{"line":17,"column":6}},"8":{"start":{"line":19,"column":4},"end":{"line":32,"column":5}},"9":{"start":{"line":21,"column":27},"end":{"line":21,"column":68}},"10":{"start":{"line":22,"column":33},"end":{"line":22,"column":72}},"11":{"start":{"line":23,"column":6},"end":{"line":23,"column":52}},"12":{"start":{"line":24,"column":6},"end":{"line":24,"column":54}},"13":{"start":{"line":27,"column":6},"end":{"line":27,"column":47}},"14":{"start":{"line":28,"column":29},"end":{"line":28,"column":60}},"15":{"start":{"line":29,"column":35},"end":{"line":29,"column":76}},"16":{"start":{"line":30,"column":6},"end":{"line":30,"column":54}},"17":{"start":{"line":31,"column":6},"end":{"line":31,"column":56}},"18":{"start":{"line":34,"column":4},"end":{"line":34,"column":35}},"19":{"start":{"line":35,"column":4},"end":{"line":35,"column":61}},"20":{"start":{"line":40,"column":27},"end":{"line":64,"column":1}},"21":{"start":{"line":41,"column":2},"end":{"line":63,"column":3}},"22":{"start":{"line":43,"column":22},"end":{"line":43,"column":38}},"23":{"start":{"line":46,"column":23},"end":{"line":46,"column":73}},"24":{"start":{"line":48,"column":4},"end":{"line":48,"column":27}},"25":{"start":{"line":51,"column":21},"end":{"line":51,"column":67}},"26":{"start":{"line":53,"column":4},"end":{"line":59,"column":5}},"27":{"start":{"line":55,"column":6},"end":{"line":55,"column":45}},"28":{"start":{"line":58,"column":6},"end":{"line":58,"column":60}},"29":{"start":{"line":61,"column":4},"end":{"line":61,"column":35}},"30":{"start":{"line":62,"column":4},"end":{"line":62,"column":61}},"31":{"start":{"line":67,"column":23},"end":{"line":101,"column":1}},"32":{"start":{"line":68,"column":2},"end":{"line":100,"column":3}},"33":{"start":{"line":70,"column":18},"end":{"line":70,"column":34}},"34":{"start":{"line":73,"column":32},"end":{"line":73,"column":40}},"35":{"start":{"line":76,"column":23},"end":{"line":76,"column":73}},"36":{"start":{"line":79,"colu
[...]
"111":{"start":{"line":270,"column":27},"end":{"line":270,"column":61}},"112":{"start":{"line":272,"column":6},"end":{"line":289,"column":7}},"113":{"start":{"line":274,"column":8},"end":{"line":274,"column":39}},"114":{"start":{"line":277,"column":29},"end":{"line":280,"column":9}},"115":{"start":{"line":282,"column":8},"end":{"line":286,"column":9}},"116":{"start":{"line":283,"column":10},"end":{"line":283,"column":73}},"117":{"start":{"line":285,"column":10},"end":{"line":285,"column":66}},"118":{"start":{"line":288,"column":8},"end":{"line":288,"column":65}},"119":{"start":{"line":291,"column":6},"end":{"line":291,"column":37}},"120":{"start":{"line":292,"column":6},"end":{"line":292,"column":63}},"121":{"start":{"line":297,"column":23},"end":{"line":338,"column":3}},"122":{"start":{"line":298,"column":4},"end":{"line":337,"column":5}},"123":{"start":{"line":299,"column":24},"end":{"line":299,"column":40}},"124":{"start":{"line":300,"column":26},"end":{"line":300,"column":40}},"125":{"start":{"line":303,"column":25},"end":{"line":303,"column":67}},"126":{"start":{"line":306,"column":19},"end":{"line":306,"column":65}},"127":{"start":{"line":308,"column":6},"end":{"line":311,"column":7}},"128":{"start":{"line":309,"column":8},"end":{"line":309,"column":58}},"129":{"start":{"line":310,"column":8},"end":{"line":310,"column":15}},"130":{"start":{"line":314,"column":26},"end":{"line":314,"column":59}},"131":{"start":{"line":316,"column":6},"end":{"line":333,"column":7}},"132":{"start":{"line":318,"column":8},"end":{"line":318,"column":44}},"133":{"start":{"line":321,"column":29},"end":{"line":324,"column":9}},"134":{"start":{"line":326,"column":8},"end":{"line":330,"column":9}},"135":{"start":{"line":327,"column":10},"end":{"line":327,"column":75}},"136":{"start":{"line":329,"column":10},"end":{"line":329,"column":69}},"137":{"start":{"line":332,"column":8},"end":{"line":332,"column":72}},"138":{"start":{"line":335,"column":6},"end":{"line":335,"column":37}},"139":{"start":{"line":336,"column":6},"end":{"line":336,"column":63}},"140":{"start":{"line":340,"column":28},"end":{"line":394,"column":3}},"141":{"start":{"line":341,"column":4},"end":{"line":393,"column":5}},"142":{"start":{"line":342,"column":24},"end":{"line":342,"column":40}},"143":{"start":{"line":343,"column":26},"end":{"line":343,"column":40}},"144":{"start":{"line":345,"column":29},"end":{"line":345,"column":71}},"145":{"start":{"line":348,"column":29},"end":{"line":351,"column":8}},"146":{"start":{"line":354,"column":6},"end":{"line":356,"column":7}},"147":{"start":{"line":355,"column":8},"end":{"line":355,"column":65}},"148":{"start":{"line":359,"column":6},"end":{"line":362,"column":7}},"149":{"start":{"line":360,"column":8},"end":{"line":360,"column":85}},"150":{"start":{"line":361,"column":8},"end":{"line":361,"column":83}},"151":{"start":{"line":372,"column":6},"end":{"line":389,"column":7}},"152":{"start":{"line":374,"column":8},"end":{"line":374,"column":46}},"153":{"start":{"line":377,"column":29},"end":{"line":380,"column":9}},"154":{"start":{"line":382,"column":8},"end":{"line":386,"column":9}},"155":{"start":{"line":383,"column":10},"end":{"line":383,"column":87}},"156":{"start":{"line":385,"column":10},"end":{"line":385,"column":82}},"157":{"start":{"line":388,"column":8},"end":{"line":388,"column":78}},"158":{"start":{"line":391,"column":6},"end":{"line":391,"column":37}},"159":{"start":{"line":392,"column":6},"end":{"line":392,"column":70}},"160":{"start":{"line":396,"column":30},"end":{"line":445,"column":3}},"161":{"start":{"line":397,"column":4},"end":{"line":444,"column":5}},"162":{"start":{"line":398,"column":24},"end":{"line":398,"column":40}},"163":{"start":{"line":399,"column":26},"end":{"line":399,"column":50}},"164":{"start":{"line":401,"column":29},"end":{"line":401,"column":71}},"165":{"start":{"line":404,"column":19},"end":{"line":404,"column":69}},"166":{"start":{"line":406,"column":6},"end":{"line":408,"column":7}},"167":{"start":{"line":407,"column":8},"end":{"line":407,"column":65}},"168":{"start":{"line":411,"column":6},"end":{"line":413,"column":7}},"169":{"start":{"line":412,"column":8},"end":{"line":412,"column":106}},"170":{"start":{"line":416,"column":36},"end":{"line":416,"column":98}},"171":{"start":{"line":416,"column":74},"end":{"line":416,"column":97}},"172":{"start":{"line":419,"column":6},"end":{"line":419,"column":37}},"173":{"start":{"line":422,"column":21},"end":{"line":422,"column":73}},"174":{"start":{"line":424,"column":6},"end":{"line":426,"column":7}},"175":{"start":{"line":425,"column":8},"end":{"line":425,"column":83}},"176":{"start":{"line":428,"column":6},"end":{"line":428,"column":37}},"177":{"start":{"line":431,"column":28},"end":{"line":434,"column":8}},"178":{"start":{"line":436,"column":6},"end":{"line":440,"column":7}},"179":{"start":{"line":436,"column":40},"end":{"line":436,"column":64}},"180":{"start":{"line":437,"column":8},"end":{"line":437,"column":89}},"181":{"start":{"line":439,"column":8},"end":{"line":439,"column":82}},"182":{"start":{"line":442,"column":6},"end":{"line":442,"column":37}},"183":{"start":{"line":443,"column":6},"end":{"line":443,"column":70}},"184":{"start":{"line":447,"column":31},"end":{"line":484,"column":3}},"185":{"start":{"line":448,"column":4},"end":{"line":483,"column":5}},"186":{"start":{"line":449,"column":24},"end":{"line":449,"column":40}},"187":{"start":{"line":450,"column":26},"end":{"line":450,"column":50}},"188":{"start":{"line":452,"column":29},"end":{"line":452,"column":71}},"189":{"start":{"line":455,"column":19},"end":{"line":455,"column":69}},"190":{"start":{"line":457,"column":6},"end":{"line":459,"column":7}},"191":{"start":{"line":458,"column":8},"end":{"line":458,"column":65}},"192":{"start":{"line":462,"column":6},"end":{"line":464,"column":7}},"193":{"start":{"line":463,"column":8},"end":{"line":463,"column":106}},"194":{"start":{"line":467,"column":36},"end":{"line":467,"column":98}},"195":{"start":{"line":467,"column":74},"end":{"line":467,"column":97}},"196":{"start":{"line":470,"column":27},"end":{"line":473,"column":7}},"197":{"start":{"line":475,"column":6},"end":{"line":479,"column":7}},"198":{"start":{"line":476,"column":8},"end":{"line":476,"column":89}},"199":{"start":{"line":478,"column":8},"end":{"line":478,"column":83}},"200":{"start":{"line":481,"column":6},"end":{"line":481,"column":37}},"201":{"start":{"line":482,"column":6},"end":{"line":482,"column":70}},"202":{"start":{"line":537,"column":19},"end":{"line":560,"column":3}},"203":{"start":{"line":538,"column":4},"end":{"line":559,"column":5}},"204":{"start":{"line":539,"column":24},"end":{"line":539,"column":40}},"205":{"start":{"line":540,"column":30},"end":{"line":540,"column":38}},"206":{"start":{"line":543,"column":25},"end":{"line":543,"column":67}},"207":{"start":{"line":546,"column":27},"end":{"line":549,"column":7}},"208":{"start":{"line":551,"column":6},"end":{"line":555,"column":7}},"209":{"start":{"line":552,"column":8},"end":{"line":552,"column":83}},"210":{"start":{"line":554,"column":8},"end":{"line":554,"column":58}},"211":{"start":{"line":557,"column":6},"end":{"line":557,"column":37}},"212":{"start":{"line":558,"column":6},"end":{"line":558,"column":63}},"213":{"start":{"line":624,"column":19},"end":{"line":641,"column":1}},"214":{"start":{"line":625,"column":2},"end":{"line":640,"column":3}},"215":{"start":{"line":626,"column":18},"end":{"line":626,"column":34}},"216":{"start":{"line":629,"column":23},"end":{"line":629,"column":65}},"217":{"start":{"line":630,"column":19},"end":{"line":630,"column":56}},"218":{"start":{"line":632,"column":2},"end":{"line":636,"column":5}},"219":{"start":{"line":633,"column":6},"end":{"line":633,"column":69}},"220":{"start":{"line":635,"column":6},"end":{"line":635,"column":56}},"221":{"start":{"line":638,"column":4},"end":{"line":638,"column":35}},"222":{"start":{"line":639,"column":4},"end":{"line":639,"column":61}},"223":{"start":{"line":648,"column":2},"end":{"line":663,"column":4}}},"fnMap":{"0":{"name":"(anonymous_0)","decl":{"start":{"line":9,"column":22},"end":{"line":9,"column":23}},"loc":{"start":{"line":9,"column":42},"end":{"line":40,"column":1}},"line":9},"1":{"name":"(anonymous_1)","decl":{"start":{"line":43,"column":22},"end":{"line":43,"column":23}},"loc":{"start":{"line":43,"column":42},"end":{"line":66,"column":3}},"line":43},"2":{"name":"(anonymous_2)","decl":{"start":{"line":69,"column":23},"end":{"line":69,"column":24}},"loc":{"start":{"line":69,"column":43},"end":{"line":94,"column":3}},"line":69},"3":{"name":"(anonymous_3)","decl":{"start":{"line":97,"column":22},"end":{"line":97,"column":23}},"loc":{"start":{"line":97,"column":42},"end":{"line":119,"column":3}},"line":97},"4":{"name":"(anonymous_4)","decl":{"start":{"line":122,"column":25},"end":{"line":122,"column":26}},"loc":{"start":{"line":122,"column":45},"end":{"line":144,"column":3}},"line":122},"5":{"name":"(anonymous_5)","decl":{"start":{"line":149,"column":22},"end":{"line":149,"column":23}},"loc":{"start":{"line":149,"column":42},"end":{"line":169,"column":3}},"line":149},"6":{"name":"(anonymous_6)","decl":{"start":{"line":172,"column":31},"end":{"line":172,"column":32}},"loc":{"start":{"line":172,"column":51},"end":{"line":235,"column":1}},"line":172},"7":{"name":"(anonymous_7)","decl":{"start":{"line":240,"column":20},"end":{"line":240,"column":21}},"loc":{"start":{"line":240,"column":40},"end":{"line":294,"column":3}},"line":240},"8":{"name":"(anonymous_8)","decl":{"start":{"line":297,"column":23},"end":{"line":297,"column":24}},"loc":{"start":{"line":297,"column":43},"end":{"line":338,"column":3}},"line":297},"9":{"name":"(anonymous_9)","decl":{"start":{"line":340,"column":28},"end":{"line":340,"column":29}},"loc":{"start":{"line":340,"column":48},"end":{"line":394,"column":3}},"line":340},"10":{"name":"(anonymous_10)","decl":{"start":{"line":396,"column":30},"end":{"line":396,"column":31}},"loc":{"start":{"line":396,"column":50},"end":{"line":445,"column":3}},"line":396},"11":{"name":"(anonymous_11)","decl":{"start":{"line":416,"column":63},"end":{"line":416,"column":64}},"loc":{"start":{"line":416,"column":74},"end":{"line":416,"column":97}},"line":416},"12":{"name":"(anonymous_12)","decl":{"start":{"line":436,"column":30},"end":{"line":436,"column":31}},"loc":{"start":{"line":436,"column":40},"end":{"line":436,"column":64}},"line":436},"13":{"name":"(anonymous_13)","decl":{"start":{"line":447,"column":31},"end":{"line":447,"column":32}},"loc":{"start":{"line":447,"column":51},"end":{"line":484,"column":3}},"line":447},"14":{"name":"(anonymous_14)","decl":{"start":{"line":467,"column":63},"end":{"line":467,"column":64}},"loc":{"start":{"line":467,"column":74},"end":{"line":467,"column":97}},"line":467},"15":{"name":"(anonymous_15)","decl":{"start":{"line":537,"column":19},"end":{"line":537,"column":20}},"loc":{"start":{"line":537,"column":39},"end":{"line":560,"column":3}},"line":537},"16":{"name":"(anonymous_16)","decl":{"start":{"line":624,"column":19},"end":{"line":624,"column":20}},"loc":{"start":{"line":624,"column":39},"end":{"line":641,"column":1}},"line":624}},"branchMap":{"0":{"loc":{"start":{"line":20,"column":4},"end":{"line":35,"column":5}},"type":"if","locations":[{"start":{"line":20,"column":4},"end":{"line":35,"column":5}},{"start":{"line":27,"column":11},"end":{"line":35,"column":5}}],"line":20},"1":{"loc":{"start":{"line":57,"column":4},"end":{"line":61,"column":5}},"type":"if","locations":[{"start":{"line":57,"column":4},"end":{"line":61,"column":5}},{"start":{"line":59,"column":11},"end":{"line":61,"column":5}}],"line":57},"2":{"loc":{"start":{"line":82,"column":6},"end":{"line":89,"column":7}},"type":"if","locations":[{"start":{"line":82,"column":6},"end":{"line":89,"column":7}},{"start":{"line":86,"column":13},"end":{"line":89,"column":7}}],"line":82},"3":{"loc":{"start":{"line":108,"column":6},"end":{"line":114,"column":7}},"type":"if","locations":[{"start":{"line":108,"column":6},"end":{"line":114,"column":7}},{"start":{"line":111,"column":13},"end":{"line":114,"column":7}}],"line":108},"4":{"loc":{"start":{"line":133,"column":6},"end":{"line":139,"column":7}},"type":"if","locations":[{"start":{"line":133,"column":6},"end":{"line":139,"column":7}},{"start":{"line":136,"column":13},"end":{"line":139,"column":7}}],"line":133},"5":{"loc":{"start":{"line":159,"column":6},"end":{"line":164,"column":7}},"type":"if","locations":[{"start":{"line":159,"column":6},"end":{"line":164,"column":7}},{"start":{"line":161,"column":13},"end":{"line":164,"column":7}}],"line":159},"6":{"loc":{"start":{"line":182,"column":4},"end":{"line":230,"column":5}},"type":"if","locations":[{"start":{"line":182,"column":4},"end":{"line":230,"column":5}},{"start":{"line":184,"column":11},"end":{"line":230,"column":5}}],"line":182},"7":{"loc":{"start":{"line":196,"column":8},"end":{"line":207,"column":9}},"type":"if","locations":[{"start":{"line":196,"column":8},"end":{"line":207,"column":9}},{"start":{"line":201,"column":15},"end":{"line":207,"column":9}}],"line":196},"8":{"loc":{"start":{"line":214,"column":8},"end":{"line":225,"column":9}},"type":"if","locations":[{"start":{"line":214,"column":8},"end":{"line":225,"column":9}},{"start":{"line":219,"column":15},"end":{"line":225,"column":9}}],"line":214},"9":{"loc":{"start":{"line":255,"column":6},"end":{"line":258,"column":7}},"type":"if","locations":[{"start":{"line":255,"column":6},"end":{"line":258,"column":7}},{"start":{},"end":{}}],"line":255},"10":{"loc":{"start":{"line":263,"column":6},"end":{"line":266,"column":7}},"type":"if","locations":[{"start":{"line":263,"column":6},"end":{"line":266,"column":7}},{"start":{},"end":{}}],"line":263},"11":{"loc":{"start":{"line":272,"column":6},"end":{"line":289,"column":7}},"type":"if","locations":[{"start":{"line":272,"column":6},"end":{"line":289,"column":7}},{"start":{"line":287,"column":13},"end":{"line":289,"column":7}}],"line":272},"12":{"loc":{"start":{"line":282,"column":8},"end":{"line":286,"column":9}},"type":"if","locations":[{"start":{"line":282,"column":8},"end":{"line":286,"column":9}},{"start":{"line":284,"column":15},"end":{"line":286,"column":9}}],"line":282},"13":{"loc":{"start":{"line":308,"column":6},"end":{"line":311,"column":7}},"type":"if","locations":[{"start":{"line":308,"column":6},"end":{"line":311,"column":7}},{"start":{},"end":{}}],"line":308},"14":{"loc":{"start":{"line":316,"column":6},"end":{"line":333,"column":7}},"type":"if","locations":[{"start":{"line":316,"column":6},"end":{"line":333,"column":7}},{"start":{"line":331,"column":13},"end":{"line":333,"column":7}}],"line":316},"15":{"loc":{"start":{"line":326,"column":8},"end":{"line":330,"column":9}},"type":"if","locations":[{"start":{"line":326,"column":8},"end":{"line":330,"column":9}},{"start":{"line":328,"column":15},"end":{"line":330,"column":9}}],"line":326},"16":{"loc":{"start":{"line":354,"column":6},"end":{"line":356,"column":7}},"type":"if","locations":[{"start":{"line":354,"column":6},"end":{"line":356,"column":7}},{"start":{},"end":{}}],"line":354},"17":{"loc":{"start":{"line":359,"column":6},"end":{"line":362,"column":7}},"type":"if","locations":[{"start":{"line":359,"column":6},"end":{"line":362,"column":7}},{"start":{},"end":{}}],"line":359},"18":{"loc":{"start":{"line":372,"column":6},"end":{"line":389,"column":7}},"type":"if","locations":[{"start":{"line":372,"column":6},"end":{"line":389,"column":7}},{"start":{"line":387,"column":13},"end":{"line":389,"column":7}}],"line":372},"19":{"loc":{"start":{"line":382,"column":8},"end":{"line":386,"column":9}},"type":"if","locations":[{"start":{"line":382,"column":8},"end":{"line":386,"column":9}},{"start":{"line":384,"column":15},"end":{"line":386,"column":9}}],"line":382},"20":{"loc":{"start":{"line":406,"column":6},"end":{"line":408,"column":7}},"type":"if","locations":[{"start":{"line":406,"column":6},"end":{"line":408,"column":7}},{"start":{},"end":{}}],"line":406},"21":{"loc":{"start":{"line":411,"column":6},"end":{"line":413,"column":7}},"type":"if","locations":[{"start":{"line":411,"column":6},"end":{"line":413,"column":7}},{"start":{},"end":{}}],"line":411},"22":{"loc":{"start":{"line":424,"column":6},"end":{"line":426,"column":7}},"type":"if","locations":[{"start":{"line":424,"column":6},"end":{"line":426,"column":7}},{"start":{},"end":{}}],"line":424},"23":{"loc":{"start":{"line":436,"column":6},"end":{"line":440,"column":7}},"type":"if","locations":[{"start":{"line":436,"column":6},"end":{"line":440,"column":7}},{"start":{"line":438,"column":13},"end":{"line":440,"column":7}}],"line":436},"24":{"loc":{"start":{"line":457,"column":6},"end":{"line":459,"column":7}},"type":"if","locations":[{"start":{"line":457,"column":6},"end":{"line":459,"column":7}},{"start":{},"end":{}}],"line":457},"25":{"loc":{"start":{"line":462,"column":6},"end":{"line":464,"column":7}},"type":"if","locations":[{"start":{"line":462,"column":6},"end":{"line":464,"column":7}},{"start":{},"end":{}}],"line":462},"26":{"loc":{"start":{"line":475,"column":6},"end":{"line":479,"column":7}},"type":"if","locations":[{"start":{"line":475,"column":6},"end":{"line":479,"column":7}},{"start":{"line":477,"column":13},"end":{"line":479,"column":7}}],"line":475},"27":{"loc":{"start":{"line":551,"column":6},"end":{"line":555,"column":7}},"type":"if","locations":[{"start":{"line":551,"column":6},"end":{"line":555,"column":7}},{"start":{"line":553,"column":13},"end":{"line":555,"column":7}}],"line":551},"28":{"loc":{"start":{"line":632,"column":2},"end":{"line":636,"column":5}},"type":"if","locations":[{"start":{"line":632,"column":2},"end":{"line":636,"column":5}},{"start":{"line":634,"column":11},"end":{"line":636,"column":5}}],"line":632}},"s":{"0":1,"1":1,"2":1,"3":1,"4":0,"5":0,"6":0,"7":0,"8":0,"9":0,"10":0,"11":0,"12":0,"13":0,"14":0,"15":0,"16":0,"17":0,"18":0,"19":0,"20":0,"21":1,"22":0,"23":0,"24":0,"25":0,"26":0,"27":0,"28":0,"29":0,"30":0,"31":0,"32":1,"33":0,"34":0,"35":0,"36":0,"37":0,"38":0,"39":0,"40":0,"41":0,"42":0,"43":1,"44":0,"45":0,"46":0,"47":0,"48":0,"49":0,"50":0,"51":0,"52":0,"53":1,"54":0,"55":0,"56":0,"57":0,"58":0,"59":0,"60":0,"61":0,"62":0,"63":1,"64":0,"65":0,"66":0,"67":0,"68":0,"69":0,"70":0,"71":0,"72":0,"73":0,"74":1,"75":0,"76":0,"77":0,"78":0,"79":0,"80":0,"81":0,"82":0,"83":0,"84":0,"85":0,"86":0,"87":0,"88":0,"89":0,"90":0,"91":0,"92":0,"93":0,"94":0,"95":0,"96":0,"97":0,"98":1,"99":0,"100":0,"101":0,"102":0,"103":0,"104":0,"105":0,"106":0,"107":0,"108":0,"109":0,"110":0,"111":0,"112":0,"113":0,"114":0,"115":0,"116":0,"117":0,"118":0,"119":0,"120":0,"121":1,"122":0,"123":0,"124":0,"125":0,"126":0,"127":0,"128":0,"129":0,"130":0,"131":0,"132":0,"133":0,"134":0,"135":0,"136":0,"137":0,"138":0,"139":0,"140":1,"141":0,"142":0,"143":0,"144":0,"145":0,"146":0,"147":0,"148":0,"149":0,"150":0,"151":0,"152":0,"153":0,"154":0,"155":0,"156":0,"157":0,"158":0,"159":0,"160":1,"161":0,"162":0,"163":0,"164":0,"165":0,"166":0,"167":0,"168":0,"169":0,"170":0,"171":0,"172":0,"173":0,"174":0,"175":0,"176":0,"177":0,"178":0,"179":0,"180":0,"181":0,"182":0,"183":0,"184":1,"185":0,"186":0,"187":0,"188":0,"189":0,"190":0,"191":0,"192":0,"193":0,"194":0,"195":0,"196":0,"197":0,"198":0,"199":0,"200":0,"201":0,"202":1,"203":0,"204":0,"205":0,"206":0,"207":0,"208":0,"209":0,"210":0,"211":0,"212":0,"213":1,"214":0,"215":0,"216":0,"217":0,"218":0,"219":0,"220":0,"221":0,"222":0,"223":1},"f":{"0":0,"1":0,"2":0,"3":0,"4":0,"5":0,"6":0,"7":0,"8":0,"9":0,"10":0,"11":0,"12":0,"13":0,"14":0,"15":0,"16":0},"b":{"0":[0,0],"1":[0,0],"2":[0,0],"3":[0,0],"4":[0,0],"5":[0,0],"6":[0,0],"7":[0,0],"8":[0,0],"9":[0,0],"10":[0,0],"11":[0,0],"12":[0,0],"13":[0,0],"14":[0,0],"15":[0,0],"16":[0,0],"17":[0,0],"18":[0,0],"19":[0,0],"20":[0,0],"21":[0,0],"22":[0,0],"23":[0,0],"24":[0,0],"25":[0,0],"26":[0,0],"27":[0,0],"28":[0,0]},"_coverageSchema":"1a1c01bbd47fc00a2c39e90264f33305004495a9","hash":"c521d60946fc6b6a6257ad3f1861da0531552b52"}
}
