TN:
SF:commuter_match.js
FN:90,getFirstEventsOfEachDay
FN:102,(anonymous_1)
FN:177,findOtherEmails
FN:187,(anonymous_3)
FN:264,findMatchingUsers
FNF:5
FNH:5
FNDA:42,getFirstEventsOfEachDay
FNDA:5,(anonymous_1)
FNDA:8,findOtherEmails
FNDA:37,(anonymous_3)
FNDA:7,findMatchingUsers
DA:1,5
DA:3,5
DA:6,5
DA:7,5
DA:10,5
DA:11,5
DA:93,42
DA:95,42
DA:98,5
DA:102,37
DA:105,37
DA:106,37
DA:108,37
DA:109,42
DA:113,42
DA:114,39
DA:115,39
DA:122,37
DA:180,8
DA:187,37
DA:192,8
DA:267,7
DA:273,7
DA:276,7
DA:279,7
DA:281,34
DA:287,34
DA:288,31
DA:289,27
DA:294,1
DA:295,1
DA:304,7
DA:333,5
LF:33
LH:33
BRDA:95,0,0,5
BRDA:95,0,1,37
BRDA:95,1,0,42
BRDA:95,1,1,38
BRDA:95,1,2,37
BRDA:113,2,0,39
BRDA:113,2,1,3
BRDA:289,3,0,1
BRDA:289,3,1,26
BRDA:290,4,0,27
BRDA:290,4,1,7
BRDA:290,4,2,5
BRF:12
BRH:12
end_of_record
TN:
SF:jest.config.js
FNF:0
FNH:0
DA:2,0
DA:9,0
LF:2
LH:0
BRF:0
BRH:0
end_of_record
TN:
SF:recommendation.js
FN:14,(anonymous_0)
FN:16,(anonymous_1)
FNF:2
FNH:2
FNDA:4,(anonymous_0)
FNDA:4,(anonymous_1)
DA:9,5
DA:11,5
DA:12,5
DA:14,5
DA:15,4
DA:16,4
DA:18,4
DA:20,4
DA:26,4
DA:33,4
DA:34,4
DA:36,4
DA:37,4
DA:41,3
DA:42,3
DA:43,3
DA:44,3
DA:46,3
DA:47,2
DA:49,1
DA:52,3
DA:53,1
DA:55,2
DA:57,3
DA:58,3
DA:60,3
DA:62,3
DA:71,3
DA:72,3
DA:73,1
DA:74,1
DA:75,7
DA:77,1
DA:79,2
DA:80,2
DA:83,1
DA:84,1
DA:89,5
LF:38
LH:38
BRDA:46,0,0,2
BRDA:46,0,1,1
BRDA:52,1,0,1
BRDA:52,1,1,2
BRDA:72,2,0,1
BRDA:72,2,1,2
BRF:6
BRH:6
end_of_record
TN:
SF:server.js
FN:79,connectToDatabase
FN:142,(anonymous_1)
FN:157,(anonymous_2)
FN:164,(anonymous_3)
FN:188,(anonymous_4)
FN:195,(anonymous_5)
FN:199,findUserToken
FN:200,(anonymous_7)
FN:210,(anonymous_8)
FN:264,sendNotification
FN:268,(anonymous_10)
FN:273,(anonymous_11)
FN:283,(anonymous_12)
FN:298,(anonymous_13)
FN:321,(anonymous_14)
FN:326,(anonymous_15)
FN:329,(anonymous_16)
FN:343,(anonymous_17)
FN:350,(anonymous_18)
FN:353,(anonymous_19)
FN:362,(anonymous_20)
FN:390,checkLiveTransitTime
FN:397,(anonymous_22)
FN:404,(anonymous_23)
FN:418,(anonymous_24)
FN:421,(anonymous_25)
FN:425,(anonymous_26)
FN:469,(anonymous_27)
FN:584,startSSLServer
FN:593,(anonymous_29)
FN:597,closeServer
FN:599,(anonymous_31)
FN:744,initRoute
FN:792,(anonymous_33)
FN:803,(anonymous_34)
FN:828,(anonymous_35)
FN:882,(anonymous_36)
FN:901,initReminders
FN:1037,(anonymous_38)
FN:1044,(anonymous_39)
FN:1046,(anonymous_40)
FN:1076,initRouteWithFriends
FN:1134,(anonymous_42)
FN:1207,(anonymous_43)
FN:1245,(anonymous_44)
FN:1268,(anonymous_45)
FN:1338,(anonymous_46)
FN:1343,(anonymous_47)
FN:1358,getLatLong
FN:1359,(anonymous_49)
FN:1373,(anonymous_50)
FN:1390,(anonymous_51)
FN:1407,planTransitTrip
FN:1408,(anonymous_53)
FN:1422,(anonymous_54)
FN:1426,(anonymous_55)
FN:1430,(anonymous_56)
FN:1436,(anonymous_57)
FN:1443,(anonymous_58)
FN:1459,(anonymous_59)
FN:1467,calcDist
FN:1481,getMeetingPoint
FN:1526,calcWalkingTimes
FN:1558,timeToTimestamp
FN:1564,timestampToTime
FN:1573,combineDateAndTime
FN:1607,isoToCron
FN:1616,compareTimeStrings
FNF:68
FNH:56
FNDA:5,connectToDatabase
FNDA:3,(anonymous_1)
FNDA:2,(anonymous_2)
FNDA:1,(anonymous_3)
FNDA:1,(anonymous_4)
FNDA:1,(anonymous_5)
FNDA:5,findUserToken
FNDA:5,(anonymous_7)
FNDA:5,(anonymous_8)
FNDA:0,sendNotification
FNDA:0,(anonymous_10)
FNDA:0,(anonymous_11)
FNDA:4,(anonymous_12)
FNDA:1,(anonymous_13)
FNDA:9,(anonymous_14)
FNDA:3,(anonymous_15)
FNDA:6,(anonymous_16)
FNDA:4,(anonymous_17)
FNDA:1,(anonymous_18)
FNDA:3,(anonymous_19)
FNDA:4,(anonymous_20)
FNDA:3,checkLiveTransitTime
FNDA:3,(anonymous_22)
FNDA:3,(anonymous_23)
FNDA:3,(anonymous_24)
FNDA:3,(anonymous_25)
FNDA:3,(anonymous_26)
FNDA:0,(anonymous_27)
FNDA:5,startSSLServer
FNDA:1,(anonymous_29)
FNDA:4,closeServer
FNDA:0,(anonymous_31)
FNDA:4,initRoute
FNDA:4,(anonymous_33)
FNDA:1,(anonymous_34)
FNDA:9,(anonymous_35)
FNDA:0,(anonymous_36)
FNDA:4,initReminders
FNDA:0,(anonymous_38)
FNDA:0,(anonymous_39)
FNDA:0,(anonymous_40)
FNDA:9,initRouteWithFriends
FNDA:9,(anonymous_42)
FNDA:4,(anonymous_43)
FNDA:3,(anonymous_44)
FNDA:10,(anonymous_45)
FNDA:0,(anonymous_46)
FNDA:1,(anonymous_47)
FNDA:10,getLatLong
FNDA:10,(anonymous_49)
FNDA:10,(anonymous_50)
FNDA:0,(anonymous_51)
FNDA:15,planTransitTrip
FNDA:15,(anonymous_53)
FNDA:11,(anonymous_54)
FNDA:205,(anonymous_55)
FNDA:11,(anonymous_56)
FNDA:10,(anonymous_57)
FNDA:44,(anonymous_58)
FNDA:0,(anonymous_59)
FNDA:20,calcDist
FNDA:5,getMeetingPoint
FNDA:4,calcWalkingTimes
FNDA:5,timeToTimestamp
FNDA:8,timestampToTime
FNDA:6,combineDateAndTime
FNDA:5,isoToCron
FNDA:2,compareTimeStrings
DA:1,5
DA:2,5
DA:3,5
DA:4,5
DA:6,5
DA:8,5
DA:10,5
DA:11,5
DA:13,5
DA:14,5
DA:16,5
DA:17,5
DA:18,5
DA:19,5
DA:23,5
DA:26,5
DA:27,5
DA:31,5
DA:53,5
DA:54,5
DA:55,5
DA:56,5
DA:58,5
DA:64,5
DA:65,5
DA:80,5
DA:81,5
DA:82,5
DA:85,5
DA:94,5
DA:96,5
DA:99,5
DA:101,5
DA:106,5
DA:108,5
DA:112,5
DA:123,5
DA:124,5
DA:126,5
DA:128,5
DA:130,5
DA:132,5
DA:142,5
DA:143,3
DA:144,3
DA:145,3
DA:148,1
DA:149,1
DA:153,2
DA:158,2
DA:160,1
DA:166,1
DA:173,1
DA:188,5
DA:189,1
DA:190,1
DA:195,1
DA:196,1
DA:200,5
DA:201,5
DA:203,1
DA:206,5
DA:211,5
DA:220,2
DA:224,2
DA:233,2
DA:234,2
DA:241,1
DA:249,1
DA:259,3
DA:265,0
DA:271,0
DA:276,0
DA:283,5
DA:293,4
DA:294,4
DA:298,5
DA:299,1
DA:300,1
DA:301,1
DA:321,5
DA:322,9
DA:323,9
DA:324,9
DA:325,9
DA:327,3
DA:331,6
DA:336,5
DA:343,5
DA:344,4
DA:345,4
DA:349,4
DA:351,1
DA:355,3
DA:360,5
DA:362,5
DA:363,4
DA:364,4
DA:365,4
DA:366,4
DA:367,1
DA:369,3
DA:370,3
DA:374,5
DA:397,3
DA:399,3
DA:400,3
DA:405,3
DA:409,3
DA:411,3
DA:418,3
DA:419,3
DA:421,3
DA:422,3
DA:425,3
DA:426,3
DA:427,2
DA:433,2
DA:441,2
DA:449,2
DA:450,2
DA:452,1
DA:455,1
DA:458,0
DA:461,1
DA:464,1
DA:469,3
DA:473,3
DA:585,5
DA:593,5
DA:595,5
DA:598,4
DA:599,4
DA:746,4
DA:748,4
DA:752,4
DA:756,4
DA:757,1
DA:760,3
DA:761,1
DA:769,4
DA:770,2
DA:771,2
DA:772,2
DA:773,2
DA:776,3
DA:778,1
DA:779,1
DA:780,1
DA:781,1
DA:784,2
DA:785,1
DA:792,4
DA:793,4
DA:795,3
DA:798,4
DA:804,1
DA:813,1
DA:814,1
DA:815,1
DA:816,1
DA:817,1
DA:818,1
DA:819,1
DA:821,1
DA:822,1
DA:823,1
DA:824,1
DA:825,1
DA:827,1
DA:828,1
DA:829,9
DA:831,9
DA:832,4
DA:834,3
DA:835,3
DA:836,3
DA:837,3
DA:838,3
DA:840,1
DA:841,1
DA:842,1
DA:843,1
DA:844,1
DA:851,5
DA:852,5
DA:853,5
DA:854,5
DA:857,9
DA:866,9
DA:872,9
DA:874,1
DA:877,1
DA:879,1
DA:880,1
DA:904,4
DA:906,4
DA:907,4
DA:911,4
DA:916,4
DA:917,1
DA:920,1
DA:921,3
DA:922,1
DA:925,1
DA:931,2
DA:932,2
DA:933,2
DA:935,2
DA:936,2
DA:937,2
DA:938,2
DA:939,2
DA:941,2
DA:943,2
DA:948,2
DA:949,2
DA:958,2
DA:970,2
DA:983,2
DA:984,2
DA:985,2
DA:986,3
DA:987,3
DA:989,3
DA:990,2
DA:992,1
DA:993,1
DA:994,1
DA:996,1
DA:998,1
DA:1000,1
DA:1001,1
DA:1002,1
DA:1004,1
DA:1009,2
DA:1013,2
DA:1014,2
DA:1015,2
DA:1020,2
DA:1030,2
DA:1031,2
DA:1032,2
DA:1033,2
DA:1035,1
DA:1036,5
DA:1037,5
DA:1038,0
DA:1045,0
DA:1046,0
DA:1047,0
DA:1055,2
DA:1081,9
DA:1082,9
DA:1084,9
DA:1088,9
DA:1092,2
DA:1093,2
DA:1096,9
DA:1100,9
DA:1104,2
DA:1105,2
DA:1109,9
DA:1113,9
DA:1117,1
DA:1118,1
DA:1121,9
DA:1125,9
DA:1129,1
DA:1130,1
DA:1134,9
DA:1135,9
DA:1136,4
DA:1139,9
DA:1140,9
DA:1141,9
DA:1142,8
DA:1143,8
DA:1144,8
DA:1145,7
DA:1148,8
DA:1150,5
DA:1151,5
DA:1152,5
DA:1153,5
DA:1156,6
DA:1160,1
DA:1165,6
DA:1168,7
DA:1170,4
DA:1171,4
DA:1172,4
DA:1173,4
DA:1176,5
DA:1180,1
DA:1190,5
DA:1192,5
DA:1193,5
DA:1194,5
DA:1195,1
DA:1196,1
DA:1198,4
DA:1199,4
DA:1202,5
DA:1209,4
DA:1215,4
DA:1223,4
DA:1224,4
DA:1225,4
DA:1228,4
DA:1233,4
DA:1241,4
DA:1242,4
DA:1244,4
DA:1253,3
DA:1254,3
DA:1255,3
DA:1256,3
DA:1257,3
DA:1258,3
DA:1259,3
DA:1260,3
DA:1262,3
DA:1263,3
DA:1264,3
DA:1265,3
DA:1266,3
DA:1268,3
DA:1269,10
DA:1271,10
DA:1272,5
DA:1274,2
DA:1275,2
DA:1276,2
DA:1277,2
DA:1278,2
DA:1280,3
DA:1281,3
DA:1282,3
DA:1283,3
DA:1284,3
DA:1288,5
DA:1289,5
DA:1290,5
DA:1291,5
DA:1294,10
DA:1303,10
DA:1309,10
DA:1311,3
DA:1312,3
DA:1317,3
DA:1318,3
DA:1319,3
DA:1322,3
DA:1324,3
DA:1325,3
DA:1345,1
DA:1359,10
DA:1360,10
DA:1361,10
DA:1362,10
DA:1365,10
DA:1366,10
DA:1369,10
DA:1376,10
DA:1377,10
DA:1386,10
DA:1387,10
DA:1388,10
DA:1408,15
DA:1409,15
DA:1410,15
DA:1412,15
DA:1420,15
DA:1422,15
DA:1423,11
DA:1426,11
DA:1427,205
DA:1430,11
DA:1433,11
DA:1434,11
DA:1436,10
DA:1443,10
DA:1450,1
DA:1456,11
DA:1459,15
DA:1468,20
DA:1469,20
DA:1471,20
DA:1482,5
DA:1483,5
DA:1484,5
DA:1490,5
DA:1496,5
DA:1502,5
DA:1508,5
DA:1509,5
DA:1513,0
DA:1515,5
DA:1517,5
DA:1527,4
DA:1528,4
DA:1529,25
DA:1530,4
DA:1532,4
DA:1535,21
DA:1539,1
DA:1541,1
DA:1544,20
DA:1546,8
DA:1549,8
DA:1554,4
DA:1559,5
DA:1560,5
DA:1565,8
DA:1566,8
DA:1578,6
DA:1584,6
DA:1585,6
DA:1586,6
DA:1589,6
DA:1590,1
DA:1593,6
DA:1597,6
DA:1603,6
DA:1608,5
DA:1609,5
DA:1612,5
DA:1618,2
DA:1619,2
DA:1621,2
DA:1624,5
LF:432
LH:423
BRDA:145,0,0,1
BRDA:145,0,1,2
BRDA:145,1,0,3
BRDA:145,1,1,2
BRDA:158,2,0,1
BRDA:158,2,1,1
BRDA:201,3,0,1
BRDA:201,3,1,4
BRDA:201,4,0,5
BRDA:201,4,1,5
BRDA:211,5,0,2
BRDA:211,5,1,3
BRDA:234,6,0,1
BRDA:234,6,1,1
BRDA:426,7,0,2
BRDA:426,7,1,1
BRDA:433,8,0,2
BRDA:433,8,1,0
BRDA:450,9,0,1
BRDA:450,9,1,1
BRDA:598,10,0,4
BRDA:598,10,1,0
BRDA:756,11,0,1
BRDA:756,11,1,3
BRDA:760,12,0,1
BRDA:760,12,1,2
BRDA:769,13,0,2
BRDA:769,13,1,2
BRDA:776,14,0,1
BRDA:776,14,1,2
BRDA:784,15,0,1
BRDA:784,15,1,1
BRDA:784,16,0,2
BRDA:784,16,1,1
BRDA:793,17,0,3
BRDA:793,17,1,1
BRDA:804,18,0,0
BRDA:804,18,1,1
BRDA:831,19,0,4
BRDA:831,19,1,5
BRDA:832,20,0,3
BRDA:832,20,1,1
BRDA:832,20,2,0
BRDA:916,21,0,1
BRDA:916,21,1,3
BRDA:921,22,0,1
BRDA:921,22,1,2
BRDA:935,23,0,2
BRDA:935,23,1,0
BRDA:989,24,0,2
BRDA:989,24,1,1
BRDA:990,25,0,1
BRDA:990,25,1,1
BRDA:990,25,2,0
BRDA:1033,26,0,1
BRDA:1033,26,1,1
BRDA:1045,27,0,0
BRDA:1045,27,1,0
BRDA:1088,28,0,2
BRDA:1088,28,1,7
BRDA:1100,29,0,2
BRDA:1100,29,1,7
BRDA:1113,30,0,1
BRDA:1113,30,1,8
BRDA:1125,31,0,1
BRDA:1125,31,1,8
BRDA:1135,32,0,4
BRDA:1135,32,1,5
BRDA:1148,33,0,5
BRDA:1148,33,1,3
BRDA:1156,34,0,1
BRDA:1156,34,1,5
BRDA:1168,35,0,4
BRDA:1168,35,1,3
BRDA:1176,36,0,1
BRDA:1176,36,1,4
BRDA:1194,37,0,1
BRDA:1194,37,1,4
BRDA:1271,38,0,5
BRDA:1271,38,1,5
BRDA:1272,39,0,2
BRDA:1272,39,1,3
BRDA:1272,39,2,0
BRDA:1434,40,0,10
BRDA:1434,40,1,1
BRDA:1509,41,0,0
BRDA:1509,41,1,5
BRDA:1529,42,0,4
BRDA:1529,42,1,21
BRDA:1529,43,0,25
BRDA:1529,43,1,4
BRDA:1535,44,0,1
BRDA:1535,44,1,20
BRDA:1536,45,0,21
BRDA:1536,45,1,4
BRDA:1544,46,0,8
BRDA:1544,46,1,12
BRDA:1589,47,0,1
BRDA:1589,47,1,5
BRDA:1589,48,0,6
BRDA:1589,48,1,4
BRF:101
BRH:91
end_of_record
TN:
SF:coverage\lcov-report\block-navigation.js
FN:2,init
FN:24,toggleClass
FN:31,makeCurrent
FN:41,goToPrevious
FN:52,goToNext
FN:65,jump
FNF:6
FNH:0
FNDA:0,init
FNDA:0,toggleClass
FNDA:0,makeCurrent
FNDA:0,goToPrevious
FNDA:0,goToNext
FNDA:0,jump
DA:2,0
DA:4,0
DA:7,0
DA:10,0
DA:14,0
DA:20,0
DA:25,0
DA:28,0
DA:32,0
DA:33,0
DA:34,0
DA:42,0
DA:43,0
DA:44,0
DA:45,0
DA:46,0
DA:49,0
DA:53,0
DA:55,0
DA:59,0
DA:62,0
DA:65,0
DA:66,0
DA:71,0
DA:74,0
DA:77,0
DA:78,0
DA:82,0
DA:83,0
DA:87,0
LF:30
LH:0
BRDA:43,0,0,0
BRDA:43,0,1,0
BRDA:43,1,0,0
BRDA:43,1,1,0
BRDA:45,2,0,0
BRDA:45,2,1,0
BRDA:55,3,0,0
BRDA:55,3,1,0
BRDA:56,4,0,0
BRDA:56,4,1,0
BRDA:66,5,0,0
BRDA:66,5,1,0
BRDA:67,6,0,0
BRDA:67,6,1,0
BRDA:74,7,0,0
BRDA:74,7,1,0
BRDA:74,7,2,0
BRDA:74,7,3,0
BRDA:74,7,4,0
BRF:19
BRH:0
end_of_record
TN:
SF:coverage\lcov-report\prettify.js
FN:2,(anonymous_0)
FN:2,k
FN:2,ab
FN:2,T
FN:2,X
FN:2,(anonymous_5)
FN:2,W
FN:2,(anonymous_7)
FN:2,a
FN:2,aa
FN:2,B
FN:2,o
FN:2,g
FN:2,(anonymous_13)
FN:2,(anonymous_14)
FN:2,i
FN:2,Q
FN:2,ae
FN:2,ad
FN:2,ai
FN:2,D
FN:2,c
FN:2,q
FN:2,d
FN:2,y
FN:2,b
FN:2,Y
FN:2,(anonymous_27)
FN:2,U
FNF:29
FNH:0
FNDA:0,(anonymous_0)
FNDA:0,k
FNDA:0,ab
FNDA:0,T
FNDA:0,X
FNDA:0,(anonymous_5)
FNDA:0,W
FNDA:0,(anonymous_7)
FNDA:0,a
FNDA:0,aa
FNDA:0,B
FNDA:0,o
FNDA:0,g
FNDA:0,(anonymous_13)
FNDA:0,(anonymous_14)
FNDA:0,i
FNDA:0,Q
FNDA:0,ae
FNDA:0,ad
FNDA:0,ai
FNDA:0,D
FNDA:0,c
FNDA:0,q
FNDA:0,d
FNDA:0,y
FNDA:0,b
FNDA:0,Y
FNDA:0,(anonymous_27)
FNDA:0,U
DA:2,0
LF:1
LH:0
BRDA:2,0,0,0
BRDA:2,0,1,0
BRDA:2,1,0,0
BRDA:2,1,1,0
BRDA:2,2,0,0
BRDA:2,2,1,0
BRDA:2,3,0,0
BRDA:2,3,1,0
BRDA:2,4,0,0
BRDA:2,4,1,0
BRDA:2,5,0,0
BRDA:2,5,1,0
BRDA:2,6,0,0
BRDA:2,6,1,0
BRDA:2,7,0,0
BRDA:2,7,1,0
BRDA:2,8,0,0
BRDA:2,8,1,0
BRDA:2,9,0,0
BRDA:2,9,1,0
BRDA:2,10,0,0
BRDA:2,10,1,0
BRDA:2,11,0,0
BRDA:2,11,1,0
BRDA:2,11,2,0
BRDA:2,11,3,0
BRDA:2,12,0,0
BRDA:2,12,1,0
BRDA:2,13,0,0
BRDA:2,13,1,0
BRDA:2,14,0,0
BRDA:2,14,1,0
BRDA:2,15,0,0
BRDA:2,15,1,0
BRDA:2,16,0,0
BRDA:2,16,1,0
BRDA:2,17,0,0
BRDA:2,17,1,0
BRDA:2,18,0,0
BRDA:2,18,1,0
BRDA:2,19,0,0
BRDA:2,19,1,0
BRDA:2,20,0,0
BRDA:2,20,1,0
BRDA:2,21,0,0
BRDA:2,21,1,0
BRDA:2,22,0,0
BRDA:2,22,1,0
BRDA:2,23,0,0
BRDA:2,23,1,0
BRDA:2,24,0,0
BRDA:2,24,1,0
BRDA:2,25,0,0
BRDA:2,25,1,0
BRDA:2,26,0,0
BRDA:2,26,1,0
BRDA:2,27,0,0
BRDA:2,27,1,0
BRDA:2,28,0,0
BRDA:2,28,1,0
BRDA:2,29,0,0
BRDA:2,29,1,0
BRDA:2,30,0,0
BRDA:2,30,1,0
BRDA:2,31,0,0
BRDA:2,31,1,0
BRDA:2,32,0,0
BRDA:2,32,1,0
BRDA:2,33,0,0
BRDA:2,33,1,0
BRDA:2,34,0,0
BRDA:2,34,1,0
BRDA:2,35,0,0
BRDA:2,35,1,0
BRDA:2,36,0,0
BRDA:2,36,1,0
BRDA:2,37,0,0
BRDA:2,37,1,0
BRDA:2,38,0,0
BRDA:2,38,1,0
BRDA:2,39,0,0
BRDA:2,39,1,0
BRDA:2,40,0,0
BRDA:2,40,1,0
BRDA:2,41,0,0
BRDA:2,41,1,0
BRDA:2,42,0,0
BRDA:2,42,1,0
BRDA:2,43,0,0
BRDA:2,43,1,0
BRDA:2,44,0,0
BRDA:2,44,1,0
BRDA:2,45,0,0
BRDA:2,45,1,0
BRDA:2,46,0,0
BRDA:2,46,1,0
BRDA:2,47,0,0
BRDA:2,47,1,0
BRDA:2,48,0,0
BRDA:2,48,1,0
BRDA:2,49,0,0
BRDA:2,49,1,0
BRDA:2,50,0,0
BRDA:2,50,1,0
BRDA:2,50,2,0
BRDA:2,51,0,0
BRDA:2,51,1,0
BRDA:2,52,0,0
BRDA:2,52,1,0
BRDA:2,53,0,0
BRDA:2,53,1,0
BRDA:2,54,0,0
BRDA:2,54,1,0
BRDA:2,55,0,0
BRDA:2,55,1,0
BRDA:2,56,0,0
BRDA:2,56,1,0
BRDA:2,57,0,0
BRDA:2,57,1,0
BRDA:2,58,0,0
BRDA:2,58,1,0
BRDA:2,59,0,0
BRDA:2,59,1,0
BRDA:2,60,0,0
BRDA:2,60,1,0
BRDA:2,61,0,0
BRDA:2,61,1,0
BRDA:2,62,0,0
BRDA:2,62,1,0
BRDA:2,63,0,0
BRDA:2,63,1,0
BRDA:2,64,0,0
BRDA:2,64,1,0
BRDA:2,65,0,0
BRDA:2,65,1,0
BRDA:2,66,0,0
BRDA:2,66,1,0
BRDA:2,67,0,0
BRDA:2,67,1,0
BRDA:2,68,0,0
BRDA:2,68,1,0
BRDA:2,69,0,0
BRDA:2,69,1,0
BRDA:2,70,0,0
BRDA:2,70,1,0
BRDA:2,71,0,0
BRDA:2,71,1,0
BRDA:2,72,0,0
BRDA:2,72,1,0
BRDA:2,73,0,0
BRDA:2,73,1,0
BRDA:2,74,0,0
BRDA:2,74,1,0
BRDA:2,75,0,0
BRDA:2,75,1,0
BRDA:2,76,0,0
BRDA:2,76,1,0
BRDA:2,77,0,0
BRDA:2,77,1,0
BRDA:2,78,0,0
BRDA:2,78,1,0
BRDA:2,79,0,0
BRDA:2,79,1,0
BRDA:2,80,0,0
BRDA:2,80,1,0
BRDA:2,81,0,0
BRDA:2,81,1,0
BRDA:2,82,0,0
BRDA:2,82,1,0
BRDA:2,83,0,0
BRDA:2,83,1,0
BRDA:2,84,0,0
BRDA:2,84,1,0
BRDA:2,85,0,0
BRDA:2,85,1,0
BRDA:2,86,0,0
BRDA:2,86,1,0
BRDA:2,87,0,0
BRDA:2,87,1,0
BRDA:2,88,0,0
BRDA:2,88,1,0
BRDA:2,89,0,0
BRDA:2,89,1,0
BRDA:2,89,2,0
BRDA:2,90,0,0
BRDA:2,90,1,0
BRDA:2,91,0,0
BRDA:2,91,1,0
BRDA:2,92,0,0
BRDA:2,92,1,0
BRDA:2,93,0,0
BRDA:2,93,1,0
BRDA:2,94,0,0
BRDA:2,94,1,0
BRDA:2,95,0,0
BRDA:2,95,1,0
BRDA:2,96,0,0
BRDA:2,96,1,0
BRDA:2,97,0,0
BRDA:2,97,1,0
BRDA:2,98,0,0
BRDA:2,98,1,0
BRDA:2,99,0,0
BRDA:2,99,1,0
BRDA:2,100,0,0
BRDA:2,100,1,0
BRDA:2,101,0,0
BRDA:2,101,1,0
BRDA:2,102,0,0
BRDA:2,102,1,0
BRDA:2,103,0,0
BRDA:2,103,1,0
BRDA:2,104,0,0
BRDA:2,104,1,0
BRDA:2,105,0,0
BRDA:2,105,1,0
BRDA:2,106,0,0
BRDA:2,106,1,0
BRDA:2,107,0,0
BRDA:2,107,1,0
BRDA:2,108,0,0
BRDA:2,108,1,0
BRDA:2,109,0,0
BRDA:2,109,1,0
BRDA:2,110,0,0
BRDA:2,110,1,0
BRDA:2,111,0,0
BRDA:2,111,1,0
BRDA:2,112,0,0
BRDA:2,112,1,0
BRDA:2,113,0,0
BRDA:2,113,1,0
BRDA:2,114,0,0
BRDA:2,114,1,0
BRDA:2,115,0,0
BRDA:2,115,1,0
BRDA:2,116,0,0
BRDA:2,116,1,0
BRDA:2,117,0,0
BRDA:2,117,1,0
BRDA:2,118,0,0
BRDA:2,118,1,0
BRDA:2,119,0,0
BRDA:2,119,1,0
BRDA:2,120,0,0
BRDA:2,120,1,0
BRDA:2,121,0,0
BRDA:2,121,1,0
BRDA:2,122,0,0
BRDA:2,122,1,0
BRDA:2,123,0,0
BRDA:2,123,1,0
BRDA:2,124,0,0
BRDA:2,124,1,0
BRDA:2,125,0,0
BRDA:2,125,1,0
BRDA:2,126,0,0
BRDA:2,126,1,0
BRDA:2,127,0,0
BRDA:2,127,1,0
BRDA:2,128,0,0
BRDA:2,128,1,0
BRDA:2,128,2,0
BRDA:2,129,0,0
BRDA:2,129,1,0
BRDA:2,130,0,0
BRDA:2,130,1,0
BRDA:2,131,0,0
BRDA:2,131,1,0
BRDA:2,131,2,0
BRDA:2,131,3,0
BRDA:2,131,4,0
BRDA:2,132,0,0
BRDA:2,132,1,0
BRDA:2,133,0,0
BRDA:2,133,1,0
BRDA:2,134,0,0
BRDA:2,134,1,0
BRDA:2,135,0,0
BRDA:2,135,1,0
BRDA:2,136,0,0
BRDA:2,136,1,0
BRDA:2,137,0,0
BRDA:2,137,1,0
BRDA:2,138,0,0
BRDA:2,138,1,0
BRF:286
BRH:0
end_of_record
TN:
SF:coverage\lcov-report\sorter.js
FN:2,(anonymous_0)
FN:11,getTable
FN:15,getTableHeader
FN:19,getTableBody
FN:23,getNthColumn
FN:27,onFilterInput
FN:45,addSearchBox
FN:53,loadColumns
FN:78,loadRowData
FN:97,loadData
FN:106,sortByIndex
FN:108,(anonymous_11)
FN:120,(anonymous_12)
FN:137,removeSortIndicators
FN:145,addSortIndicators
FN:151,enableUI
FN:154,ithSorter
FN:157,(anonymous_17)
FN:184,(anonymous_18)
FNF:19
FNH:0
FNDA:0,(anonymous_0)
FNDA:0,getTable
FNDA:0,getTableHeader
FNDA:0,getTableBody
FNDA:0,getNthColumn
FNDA:0,onFilterInput
FNDA:0,addSearchBox
FNDA:0,loadColumns
FNDA:0,loadRowData
FNDA:0,loadData
FNDA:0,sortByIndex
FNDA:0,(anonymous_11)
FNDA:0,(anonymous_12)
FNDA:0,removeSortIndicators
FNDA:0,addSortIndicators
FNDA:0,enableUI
FNDA:0,ithSorter
FNDA:0,(anonymous_17)
FNDA:0,(anonymous_18)
DA:2,0
DA:5,0
DA:12,0
DA:16,0
DA:20,0
DA:24,0
DA:28,0
DA:29,0
DA:30,0
DA:31,0
DA:32,0
DA:37,0
DA:39,0
DA:46,0
DA:47,0
DA:48,0
DA:49,0
DA:54,0
DA:56,0
DA:60,0
DA:61,0
DA:62,0
DA:67,0
DA:68,0
DA:69,0
DA:70,0
DA:74,0
DA:79,0
DA:82,0
DA:85,0
DA:86,0
DA:87,0
DA:88,0
DA:89,0
DA:90,0
DA:92,0
DA:94,0
DA:98,0
DA:101,0
DA:102,0
DA:107,0
DA:108,0
DA:109,0
DA:110,0
DA:111,0
DA:113,0
DA:114,0
DA:115,0
DA:116,0
DA:119,0
DA:120,0
DA:121,0
DA:125,0
DA:126,0
DA:127,0
DA:130,0
DA:132,0
DA:133,0
DA:138,0
DA:139,0
DA:141,0
DA:142,0
DA:146,0
DA:154,0
DA:155,0
DA:157,0
DA:158,0
DA:160,0
DA:161,0
DA:163,0
DA:164,0
DA:165,0
DA:166,0
DA:167,0
DA:170,0
DA:171,0
DA:174,0
DA:175,0
DA:176,0
DA:178,0
DA:184,0
DA:185,0
DA:186,0
DA:188,0
DA:189,0
DA:190,0
DA:191,0
DA:192,0
DA:196,0
LF:89
LH:0
BRDA:32,0,0,0
BRDA:32,0,1,0
BRDA:65,1,0,0
BRDA:65,1,1,0
BRDA:68,2,0,0
BRDA:68,2,1,0
BRDA:89,3,0,0
BRDA:89,3,1,0
BRDA:111,4,0,0
BRDA:111,4,1,0
BRDA:111,5,0,0
BRDA:111,5,1,0
BRDA:119,6,0,0
BRDA:119,6,1,0
BRDA:146,7,0,0
BRDA:146,7,1,0
BRDA:160,8,0,0
BRDA:160,8,1,0
BRDA:171,9,0,0
BRDA:171,9,1,0
BRDA:175,10,0,0
BRDA:175,10,1,0
BRDA:185,11,0,0
BRDA:185,11,1,0
BRF:24
BRH:0
end_of_record
TN:
SF:routes\schedule.js
FN:6,(anonymous_0)
FN:40,(anonymous_1)
FN:67,(anonymous_2)
FN:271,(anonymous_3)
FN:273,compareEvents
FN:312,(anonymous_5)
FN:675,(anonymous_6)
FN:689,(anonymous_7)
FN:788,(anonymous_8)
FN:803,(anonymous_9)
FNF:10
FNH:10
FNDA:2,(anonymous_0)
FNDA:2,(anonymous_1)
FNDA:2,(anonymous_2)
FNDA:8,(anonymous_3)
FNDA:1,compareEvents
FNDA:7,(anonymous_5)
FNDA:4,(anonymous_6)
FNDA:3,(anonymous_7)
FNDA:3,(anonymous_8)
FNDA:1,(anonymous_9)
DA:1,5
DA:2,5
DA:3,5
DA:6,5
DA:9,2
DA:12,2
DA:15,2
DA:19,2
DA:21,1
DA:22,1
DA:23,1
DA:24,1
DA:27,1
DA:28,1
DA:29,1
DA:30,1
DA:31,1
DA:40,5
DA:43,2
DA:46,2
DA:51,2
DA:53,2
DA:55,1
DA:58,1
DA:67,5
DA:70,2
DA:73,2
DA:76,2
DA:79,2
DA:81,2
DA:83,1
DA:86,1
DA:93,1
DA:271,5
DA:274,1
DA:278,8
DA:279,8
DA:281,8
DA:282,8
DA:284,8
DA:285,1
DA:286,1
DA:290,7
DA:291,7
DA:293,7
DA:294,1
DA:295,1
DA:299,6
DA:301,6
DA:302,1
DA:303,1
DA:307,5
DA:310,5
DA:312,4
DA:313,7
DA:314,7
DA:320,7
DA:327,4
DA:329,3
DA:330,3
DA:337,2
DA:338,2
DA:340,2
DA:346,2
DA:675,5
DA:677,4
DA:678,4
DA:680,4
DA:681,4
DA:683,4
DA:684,1
DA:685,1
DA:689,3
DA:691,3
DA:692,1
DA:693,1
DA:697,2
DA:699,2
DA:700,1
DA:702,1
DA:788,5
DA:790,3
DA:792,3
DA:793,3
DA:797,3
DA:798,2
DA:799,2
DA:802,1
DA:803,1
DA:814,1
DA:816,1
DA:822,1
DA:854,5
LF:93
LH:93
BRDA:19,0,0,1
BRDA:19,0,1,1
BRDA:53,1,0,1
BRDA:53,1,1,1
BRDA:81,2,0,1
BRDA:81,2,1,1
BRDA:284,3,0,1
BRDA:284,3,1,7
BRDA:293,4,0,1
BRDA:293,4,1,6
BRDA:293,5,0,7
BRDA:293,5,1,6
BRDA:301,6,0,1
BRDA:301,6,1,5
BRDA:310,7,0,4
BRDA:310,7,1,1
BRDA:321,8,0,7
BRDA:321,8,1,6
BRDA:321,8,2,5
BRDA:321,8,3,5
BRDA:321,8,4,5
BRDA:321,8,5,1
BRDA:327,9,0,3
BRDA:327,9,1,1
BRDA:683,10,0,1
BRDA:683,10,1,3
BRDA:691,11,0,1
BRDA:691,11,1,2
BRDA:699,12,0,1
BRDA:699,12,1,1
BRDA:797,13,0,2
BRDA:797,13,1,1
BRF:32
BRH:32
end_of_record
TN:
SF:routes\user.js
FN:9,(anonymous_0)
FN:46,(anonymous_1)
FN:72,(anonymous_2)
FN:180,(anonymous_3)
FN:347,(anonymous_4)
FN:403,(anonymous_5)
FN:423,(anonymous_6)
FN:444,(anonymous_7)
FN:460,(anonymous_8)
FN:480,(anonymous_9)
FNF:10
FNH:10
FNDA:2,(anonymous_0)
FNDA:2,(anonymous_1)
FNDA:2,(anonymous_2)
FNDA:5,(anonymous_3)
FNDA:4,(anonymous_4)
FNDA:3,(anonymous_5)
FNDA:1,(anonymous_6)
FNDA:2,(anonymous_7)
FNDA:3,(anonymous_8)
FNDA:1,(anonymous_9)
DA:4,5
DA:5,5
DA:6,5
DA:9,5
DA:12,2
DA:16,2
DA:20,2
DA:23,2
DA:26,1
DA:27,1
DA:28,1
DA:29,1
DA:32,1
DA:33,1
DA:34,1
DA:35,1
DA:36,1
DA:46,5
DA:48,2
DA:49,2
DA:52,2
DA:55,2
DA:60,2
DA:61,1
DA:63,1
DA:72,5
DA:75,2
DA:78,2
DA:83,2
DA:85,2
DA:87,1
DA:91,1
DA:180,5
DA:182,5
DA:185,5
DA:188,5
DA:190,5
DA:192,5
DA:193,1
DA:195,4
DA:196,4
DA:199,4
DA:200,4
DA:203,4
DA:204,2
DA:205,2
DA:206,2
DA:208,2
DA:216,4
DA:217,2
DA:218,2
DA:219,2
DA:221,2
DA:230,4
DA:231,3
DA:233,1
DA:347,5
DA:349,4
DA:350,4
DA:352,4
DA:355,4
DA:361,4
DA:362,1
DA:366,3
DA:367,1
DA:368,1
DA:379,2
DA:381,1
DA:384,1
DA:390,1
DA:395,1
DA:403,5
DA:405,3
DA:406,3
DA:408,3
DA:411,3
DA:413,3
DA:414,1
DA:418,2
DA:419,1
DA:423,1
DA:426,1
DA:429,1
DA:437,1
DA:440,1
DA:444,2
DA:445,1
DA:460,5
DA:462,3
DA:463,3
DA:465,3
DA:468,3
DA:470,3
DA:471,1
DA:475,2
DA:476,1
DA:480,1
DA:483,1
DA:489,1
DA:665,5
LF:100
LH:100
BRDA:23,0,0,1
BRDA:23,0,1,1
BRDA:60,1,0,1
BRDA:60,1,1,1
BRDA:85,2,0,1
BRDA:85,2,1,1
BRDA:192,3,0,1
BRDA:192,3,1,4
BRDA:203,4,0,2
BRDA:203,4,1,2
BRDA:216,5,0,2
BRDA:216,5,1,2
BRDA:230,6,0,3
BRDA:230,6,1,1
BRDA:361,7,0,1
BRDA:361,7,1,3
BRDA:366,8,0,1
BRDA:366,8,1,2
BRDA:379,9,0,1
BRDA:379,9,1,1
BRDA:379,10,0,2
BRDA:379,10,1,2
BRDA:413,11,0,1
BRDA:413,11,1,2
BRDA:418,12,0,1
BRDA:418,12,1,1
BRDA:470,13,0,1
BRDA:470,13,1,2
BRDA:475,14,0,1
BRDA:475,14,1,1
BRF:30
BRH:30
end_of_record
