<?xml version="1.0" ?>
<!DOCTYPE coverage SYSTEM "http://cobertura.sourceforge.net/xml/coverage-04.dtd">
<coverage lines-valid="747" lines-covered="722" line-rate="0.9665" branches-valid="187" branches-covered="172" branch-rate="0.9197" timestamp="1701179070943" complexity="0" version="0.1">
  <sources>
    <source>C:\cpen321\RouteRider</source>
  </sources>
  <packages>
    <package name="Backend" line-rate="0.9545" branch-rate="0.878">
      <classes>
        <class name="commuter_match.js" filename="Backend\commuter_match.js" line-rate="0.9411" branch-rate="0.9166">
          <methods>
            <method name="getFirstEventsOfEachDay" hits="39" signature="()V">
              <lines>
                <line number="90" hits="39"/>
              </lines>
            </method>
            <method name="(anonymous_1)" hits="4" signature="()V">
              <lines>
                <line number="102" hits="4"/>
              </lines>
            </method>
            <method name="findOtherEmails" hits="7" signature="()V">
              <lines>
                <line number="177" hits="7"/>
              </lines>
            </method>
            <method name="(anonymous_3)" hits="40" signature="()V">
              <lines>
                <line number="187" hits="40"/>
              </lines>
            </method>
            <method name="findMatchingUsers" hits="6" signature="()V">
              <lines>
                <line number="263" hits="6"/>
              </lines>
            </method>
          </methods>
          <lines>
            <line number="1" hits="5" branch="false"/>
            <line number="3" hits="5" branch="false"/>
            <line number="6" hits="5" branch="false"/>
            <line number="7" hits="5" branch="false"/>
            <line number="10" hits="5" branch="false"/>
            <line number="11" hits="5" branch="false"/>
            <line number="93" hits="39" branch="false"/>
            <line number="95" hits="39" branch="true" condition-coverage="100% (5/5)"/>
            <line number="98" hits="5" branch="false"/>
            <line number="102" hits="34" branch="false"/>
            <line number="105" hits="34" branch="false"/>
            <line number="106" hits="34" branch="false"/>
            <line number="108" hits="34" branch="false"/>
            <line number="109" hits="38" branch="false"/>
            <line number="113" hits="38" branch="true" condition-coverage="100% (2/2)"/>
            <line number="114" hits="37" branch="false"/>
            <line number="115" hits="37" branch="false"/>
            <line number="122" hits="34" branch="false"/>
            <line number="180" hits="7" branch="false"/>
            <line number="187" hits="40" branch="false"/>
            <line number="192" hits="7" branch="false"/>
            <line number="266" hits="6" branch="false"/>
            <line number="269" hits="6" branch="false"/>
            <line number="272" hits="6" branch="false"/>
            <line number="275" hits="6" branch="false"/>
            <line number="277" hits="32" branch="false"/>
            <line number="280" hits="32" branch="false"/>
            <line number="281" hits="28" branch="false"/>
            <line number="283" hits="25" branch="false"/>
            <line number="286" hits="25" branch="true" condition-coverage="50% (1/2)"/>
            <line number="291" hits="0" branch="false"/>
            <line number="292" hits="0" branch="false"/>
            <line number="298" hits="5" branch="false"/>
            <line number="327" hits="5" branch="false"/>
          </lines>
        </class>
        <class name="recommendation.js" filename="Backend\recommendation.js" line-rate="1" branch-rate="1">
          <methods>
            <method name="(anonymous_0)" hits="3" signature="()V">
              <lines>
                <line number="14" hits="3"/>
              </lines>
            </method>
            <method name="(anonymous_1)" hits="3" signature="()V">
              <lines>
                <line number="16" hits="3"/>
              </lines>
            </method>
          </methods>
          <lines>
            <line number="9" hits="5" branch="false"/>
            <line number="11" hits="5" branch="false"/>
            <line number="12" hits="5" branch="false"/>
            <line number="14" hits="5" branch="false"/>
            <line number="15" hits="3" branch="false"/>
            <line number="16" hits="3" branch="false"/>
            <line number="18" hits="3" branch="false"/>
            <line number="20" hits="3" branch="false"/>
            <line number="26" hits="3" branch="false"/>
            <line number="33" hits="3" branch="false"/>
            <line number="34" hits="3" branch="false"/>
            <line number="36" hits="3" branch="false"/>
            <line number="37" hits="3" branch="false"/>
            <line number="41" hits="2" branch="false"/>
            <line number="42" hits="2" branch="false"/>
            <line number="43" hits="2" branch="false"/>
            <line number="44" hits="2" branch="false"/>
            <line number="46" hits="2" branch="true" condition-coverage="100% (2/2)"/>
            <line number="47" hits="1" branch="false"/>
            <line number="49" hits="1" branch="false"/>
            <line number="52" hits="2" branch="true" condition-coverage="100% (2/2)"/>
            <line number="53" hits="1" branch="false"/>
            <line number="55" hits="1" branch="false"/>
            <line number="57" hits="2" branch="false"/>
            <line number="58" hits="2" branch="false"/>
            <line number="60" hits="2" branch="false"/>
            <line number="62" hits="2" branch="false"/>
            <line number="71" hits="2" branch="false"/>
            <line number="72" hits="2" branch="true" condition-coverage="100% (2/2)"/>
            <line number="73" hits="1" branch="false"/>
            <line number="74" hits="1" branch="false"/>
            <line number="75" hits="7" branch="false"/>
            <line number="77" hits="1" branch="false"/>
            <line number="79" hits="1" branch="false"/>
            <line number="80" hits="1" branch="false"/>
            <line number="83" hits="1" branch="false"/>
            <line number="84" hits="1" branch="false"/>
            <line number="89" hits="5" branch="false"/>
          </lines>
        </class>
        <class name="server.js" filename="Backend\server.js" line-rate="0.9518000000000001" branch-rate="0.8665999999999999">
          <methods>
            <method name="(anonymous_0)" hits="3" signature="()V">
              <lines>
                <line number="164" hits="3"/>
              </lines>
            </method>
            <method name="(anonymous_1)" hits="2" signature="()V">
              <lines>
                <line number="179" hits="2"/>
              </lines>
            </method>
            <method name="(anonymous_2)" hits="1" signature="()V">
              <lines>
                <line number="186" hits="1"/>
              </lines>
            </method>
            <method name="(anonymous_3)" hits="1" signature="()V">
              <lines>
                <line number="210" hits="1"/>
              </lines>
            </method>
            <method name="(anonymous_4)" hits="1" signature="()V">
              <lines>
                <line number="217" hits="1"/>
              </lines>
            </method>
            <method name="findUserToken" hits="5" signature="()V">
              <lines>
                <line number="221" hits="5"/>
              </lines>
            </method>
            <method name="(anonymous_6)" hits="5" signature="()V">
              <lines>
                <line number="222" hits="5"/>
              </lines>
            </method>
            <method name="(anonymous_7)" hits="5" signature="()V">
              <lines>
                <line number="232" hits="5"/>
              </lines>
            </method>
            <method name="sendNotification" hits="0" signature="()V">
              <lines>
                <line number="286" hits="0"/>
              </lines>
            </method>
            <method name="(anonymous_9)" hits="0" signature="()V">
              <lines>
                <line number="290" hits="0"/>
              </lines>
            </method>
            <method name="(anonymous_10)" hits="0" signature="()V">
              <lines>
                <line number="295" hits="0"/>
              </lines>
            </method>
            <method name="(anonymous_11)" hits="4" signature="()V">
              <lines>
                <line number="305" hits="4"/>
              </lines>
            </method>
            <method name="(anonymous_12)" hits="1" signature="()V">
              <lines>
                <line number="320" hits="1"/>
              </lines>
            </method>
            <method name="(anonymous_13)" hits="9" signature="()V">
              <lines>
                <line number="343" hits="9"/>
              </lines>
            </method>
            <method name="(anonymous_14)" hits="3" signature="()V">
              <lines>
                <line number="348" hits="3"/>
              </lines>
            </method>
            <method name="(anonymous_15)" hits="6" signature="()V">
              <lines>
                <line number="351" hits="6"/>
              </lines>
            </method>
            <method name="(anonymous_16)" hits="4" signature="()V">
              <lines>
                <line number="365" hits="4"/>
              </lines>
            </method>
            <method name="(anonymous_17)" hits="1" signature="()V">
              <lines>
                <line number="372" hits="1"/>
              </lines>
            </method>
            <method name="(anonymous_18)" hits="3" signature="()V">
              <lines>
                <line number="375" hits="3"/>
              </lines>
            </method>
            <method name="(anonymous_19)" hits="3" signature="()V">
              <lines>
                <line number="384" hits="3"/>
              </lines>
            </method>
            <method name="checkLiveTransitTime" hits="3" signature="()V">
              <lines>
                <line number="412" hits="3"/>
              </lines>
            </method>
            <method name="(anonymous_21)" hits="3" signature="()V">
              <lines>
                <line number="419" hits="3"/>
              </lines>
            </method>
            <method name="(anonymous_22)" hits="3" signature="()V">
              <lines>
                <line number="426" hits="3"/>
              </lines>
            </method>
            <method name="(anonymous_23)" hits="3" signature="()V">
              <lines>
                <line number="440" hits="3"/>
              </lines>
            </method>
            <method name="(anonymous_24)" hits="3" signature="()V">
              <lines>
                <line number="443" hits="3"/>
              </lines>
            </method>
            <method name="(anonymous_25)" hits="3" signature="()V">
              <lines>
                <line number="447" hits="3"/>
              </lines>
            </method>
            <method name="(anonymous_26)" hits="0" signature="()V">
              <lines>
                <line number="491" hits="0"/>
              </lines>
            </method>
            <method name="startSSLServer" hits="5" signature="()V">
              <lines>
                <line number="630" hits="5"/>
              </lines>
            </method>
            <method name="stopSSLServer" hits="4" signature="()V">
              <lines>
                <line number="648" hits="4"/>
              </lines>
            </method>
            <method name="(anonymous_29)" hits="4" signature="()V">
              <lines>
                <line number="649" hits="4"/>
              </lines>
            </method>
            <method name="(anonymous_30)" hits="0" signature="()V">
              <lines>
                <line number="651" hits="0"/>
              </lines>
            </method>
            <method name="connectToDatabase" hits="5" signature="()V">
              <lines>
                <line number="661" hits="5"/>
              </lines>
            </method>
            <method name="closeServer" hits="0" signature="()V">
              <lines>
                <line number="694" hits="0"/>
              </lines>
            </method>
            <method name="(anonymous_33)" hits="0" signature="()V">
              <lines>
                <line number="698" hits="0"/>
              </lines>
            </method>
            <method name="initRoute" hits="4" signature="()V">
              <lines>
                <line number="848" hits="4"/>
              </lines>
            </method>
            <method name="(anonymous_35)" hits="4" signature="()V">
              <lines>
                <line number="896" hits="4"/>
              </lines>
            </method>
            <method name="(anonymous_36)" hits="1" signature="()V">
              <lines>
                <line number="907" hits="1"/>
              </lines>
            </method>
            <method name="(anonymous_37)" hits="9" signature="()V">
              <lines>
                <line number="932" hits="9"/>
              </lines>
            </method>
            <method name="(anonymous_38)" hits="0" signature="()V">
              <lines>
                <line number="986" hits="0"/>
              </lines>
            </method>
            <method name="initReminders" hits="4" signature="()V">
              <lines>
                <line number="1005" hits="4"/>
              </lines>
            </method>
            <method name="(anonymous_40)" hits="0" signature="()V">
              <lines>
                <line number="1141" hits="0"/>
              </lines>
            </method>
            <method name="(anonymous_41)" hits="0" signature="()V">
              <lines>
                <line number="1148" hits="0"/>
              </lines>
            </method>
            <method name="(anonymous_42)" hits="0" signature="()V">
              <lines>
                <line number="1150" hits="0"/>
              </lines>
            </method>
            <method name="initRouteWithFriends" hits="9" signature="()V">
              <lines>
                <line number="1180" hits="9"/>
              </lines>
            </method>
            <method name="(anonymous_44)" hits="9" signature="()V">
              <lines>
                <line number="1238" hits="9"/>
              </lines>
            </method>
            <method name="(anonymous_45)" hits="4" signature="()V">
              <lines>
                <line number="1311" hits="4"/>
              </lines>
            </method>
            <method name="(anonymous_46)" hits="3" signature="()V">
              <lines>
                <line number="1349" hits="3"/>
              </lines>
            </method>
            <method name="(anonymous_47)" hits="10" signature="()V">
              <lines>
                <line number="1372" hits="10"/>
              </lines>
            </method>
            <method name="(anonymous_48)" hits="0" signature="()V">
              <lines>
                <line number="1442" hits="0"/>
              </lines>
            </method>
            <method name="(anonymous_49)" hits="1" signature="()V">
              <lines>
                <line number="1447" hits="1"/>
              </lines>
            </method>
            <method name="getLatLong" hits="10" signature="()V">
              <lines>
                <line number="1462" hits="10"/>
              </lines>
            </method>
            <method name="(anonymous_51)" hits="10" signature="()V">
              <lines>
                <line number="1463" hits="10"/>
              </lines>
            </method>
            <method name="(anonymous_52)" hits="10" signature="()V">
              <lines>
                <line number="1477" hits="10"/>
              </lines>
            </method>
            <method name="(anonymous_53)" hits="0" signature="()V">
              <lines>
                <line number="1494" hits="0"/>
              </lines>
            </method>
            <method name="planTransitTrip" hits="15" signature="()V">
              <lines>
                <line number="1511" hits="15"/>
              </lines>
            </method>
            <method name="(anonymous_55)" hits="15" signature="()V">
              <lines>
                <line number="1512" hits="15"/>
              </lines>
            </method>
            <method name="(anonymous_56)" hits="11" signature="()V">
              <lines>
                <line number="1526" hits="11"/>
              </lines>
            </method>
            <method name="(anonymous_57)" hits="205" signature="()V">
              <lines>
                <line number="1530" hits="205"/>
              </lines>
            </method>
            <method name="(anonymous_58)" hits="11" signature="()V">
              <lines>
                <line number="1534" hits="11"/>
              </lines>
            </method>
            <method name="(anonymous_59)" hits="10" signature="()V">
              <lines>
                <line number="1540" hits="10"/>
              </lines>
            </method>
            <method name="(anonymous_60)" hits="44" signature="()V">
              <lines>
                <line number="1547" hits="44"/>
              </lines>
            </method>
            <method name="(anonymous_61)" hits="0" signature="()V">
              <lines>
                <line number="1563" hits="0"/>
              </lines>
            </method>
            <method name="calcDist" hits="20" signature="()V">
              <lines>
                <line number="1571" hits="20"/>
              </lines>
            </method>
            <method name="getMeetingPoint" hits="5" signature="()V">
              <lines>
                <line number="1585" hits="5"/>
              </lines>
            </method>
            <method name="calcWalkingTimes" hits="4" signature="()V">
              <lines>
                <line number="1630" hits="4"/>
              </lines>
            </method>
            <method name="timeToTimestamp" hits="5" signature="()V">
              <lines>
                <line number="1662" hits="5"/>
              </lines>
            </method>
            <method name="timestampToTime" hits="8" signature="()V">
              <lines>
                <line number="1668" hits="8"/>
              </lines>
            </method>
            <method name="combineDateAndTime" hits="6" signature="()V">
              <lines>
                <line number="1677" hits="6"/>
              </lines>
            </method>
            <method name="isoToCron" hits="5" signature="()V">
              <lines>
                <line number="1711" hits="5"/>
              </lines>
            </method>
            <method name="compareTimeStrings" hits="2" signature="()V">
              <lines>
                <line number="1720" hits="2"/>
              </lines>
            </method>
          </methods>
          <lines>
            <line number="1" hits="5" branch="false"/>
            <line number="2" hits="5" branch="false"/>
            <line number="3" hits="5" branch="false"/>
            <line number="4" hits="5" branch="false"/>
            <line number="6" hits="5" branch="false"/>
            <line number="8" hits="5" branch="false"/>
            <line number="10" hits="5" branch="false"/>
            <line number="11" hits="5" branch="false"/>
            <line number="12" hits="5" branch="false"/>
            <line number="15" hits="5" branch="false"/>
            <line number="16" hits="5" branch="false"/>
            <line number="18" hits="5" branch="false"/>
            <line number="19" hits="5" branch="false"/>
            <line number="21" hits="5" branch="false"/>
            <line number="22" hits="5" branch="false"/>
            <line number="23" hits="5" branch="false"/>
            <line number="24" hits="5" branch="false"/>
            <line number="28" hits="5" branch="false"/>
            <line number="32" hits="5" branch="false"/>
            <line number="34" hits="5" branch="false"/>
            <line number="35" hits="5" branch="false"/>
            <line number="36" hits="5" branch="false"/>
            <line number="37" hits="5" branch="false"/>
            <line number="38" hits="5" branch="false"/>
            <line number="39" hits="5" branch="false"/>
            <line number="40" hits="5" branch="false"/>
            <line number="41" hits="5" branch="false"/>
            <line number="42" hits="5" branch="false"/>
            <line number="43" hits="5" branch="false"/>
            <line number="44" hits="5" branch="false"/>
            <line number="45" hits="5" branch="false"/>
            <line number="46" hits="5" branch="false"/>
            <line number="47" hits="5" branch="false"/>
            <line number="48" hits="5" branch="false"/>
            <line number="49" hits="5" branch="false"/>
            <line number="50" hits="5" branch="false"/>
            <line number="51" hits="5" branch="false"/>
            <line number="52" hits="5" branch="false"/>
            <line number="53" hits="5" branch="false"/>
            <line number="54" hits="5" branch="false"/>
            <line number="55" hits="5" branch="false"/>
            <line number="56" hits="5" branch="false"/>
            <line number="57" hits="5" branch="false"/>
            <line number="58" hits="5" branch="false"/>
            <line number="59" hits="5" branch="false"/>
            <line number="61" hits="5" branch="false"/>
            <line number="65" hits="5" branch="false"/>
            <line number="85" hits="5" branch="false"/>
            <line number="86" hits="5" branch="false"/>
            <line number="87" hits="5" branch="false"/>
            <line number="88" hits="5" branch="false"/>
            <line number="90" hits="5" branch="false"/>
            <line number="96" hits="5" branch="false"/>
            <line number="97" hits="5" branch="false"/>
            <line number="116" hits="5" branch="false"/>
            <line number="118" hits="5" branch="false"/>
            <line number="121" hits="5" branch="false"/>
            <line number="123" hits="5" branch="false"/>
            <line number="128" hits="5" branch="false"/>
            <line number="130" hits="5" branch="false"/>
            <line number="134" hits="5" branch="false"/>
            <line number="145" hits="5" branch="false"/>
            <line number="146" hits="5" branch="false"/>
            <line number="148" hits="5" branch="false"/>
            <line number="150" hits="5" branch="false"/>
            <line number="152" hits="5" branch="false"/>
            <line number="154" hits="5" branch="false"/>
            <line number="164" hits="5" branch="false"/>
            <line number="165" hits="3" branch="false"/>
            <line number="166" hits="3" branch="false"/>
            <line number="167" hits="3" branch="true" condition-coverage="100% (4/4)"/>
            <line number="170" hits="1" branch="false"/>
            <line number="171" hits="1" branch="false"/>
            <line number="175" hits="2" branch="false"/>
            <line number="180" hits="2" branch="true" condition-coverage="100% (2/2)"/>
            <line number="182" hits="1" branch="false"/>
            <line number="188" hits="1" branch="false"/>
            <line number="195" hits="1" branch="false"/>
            <line number="210" hits="5" branch="false"/>
            <line number="211" hits="1" branch="false"/>
            <line number="212" hits="1" branch="false"/>
            <line number="217" hits="1" branch="false"/>
            <line number="218" hits="1" branch="false"/>
            <line number="222" hits="5" branch="false"/>
            <line number="223" hits="5" branch="true" condition-coverage="100% (4/4)"/>
            <line number="225" hits="1" branch="false"/>
            <line number="228" hits="5" branch="false"/>
            <line number="233" hits="5" branch="true" condition-coverage="100% (2/2)"/>
            <line number="242" hits="2" branch="false"/>
            <line number="246" hits="2" branch="false"/>
            <line number="255" hits="2" branch="false"/>
            <line number="256" hits="2" branch="true" condition-coverage="100% (2/2)"/>
            <line number="263" hits="1" branch="false"/>
            <line number="271" hits="1" branch="false"/>
            <line number="281" hits="3" branch="false"/>
            <line number="287" hits="0" branch="false"/>
            <line number="293" hits="0" branch="false"/>
            <line number="298" hits="0" branch="false"/>
            <line number="305" hits="5" branch="false"/>
            <line number="315" hits="4" branch="false"/>
            <line number="316" hits="4" branch="false"/>
            <line number="320" hits="5" branch="false"/>
            <line number="321" hits="1" branch="false"/>
            <line number="322" hits="1" branch="false"/>
            <line number="323" hits="1" branch="false"/>
            <line number="343" hits="5" branch="false"/>
            <line number="344" hits="9" branch="false"/>
            <line number="345" hits="9" branch="false"/>
            <line number="346" hits="9" branch="false"/>
            <line number="347" hits="9" branch="false"/>
            <line number="349" hits="3" branch="false"/>
            <line number="353" hits="6" branch="false"/>
            <line number="358" hits="5" branch="false"/>
            <line number="365" hits="5" branch="false"/>
            <line number="366" hits="4" branch="false"/>
            <line number="367" hits="4" branch="false"/>
            <line number="371" hits="4" branch="false"/>
            <line number="373" hits="1" branch="false"/>
            <line number="377" hits="3" branch="false"/>
            <line number="382" hits="5" branch="false"/>
            <line number="384" hits="5" branch="false"/>
            <line number="385" hits="3" branch="false"/>
            <line number="386" hits="3" branch="false"/>
            <line number="387" hits="3" branch="false"/>
            <line number="388" hits="3" branch="false"/>
            <line number="389" hits="1" branch="false"/>
            <line number="391" hits="2" branch="false"/>
            <line number="392" hits="2" branch="false"/>
            <line number="396" hits="5" branch="false"/>
            <line number="419" hits="3" branch="false"/>
            <line number="421" hits="3" branch="false"/>
            <line number="422" hits="3" branch="false"/>
            <line number="427" hits="3" branch="false"/>
            <line number="431" hits="3" branch="false"/>
            <line number="433" hits="3" branch="false"/>
            <line number="440" hits="3" branch="false"/>
            <line number="441" hits="3" branch="false"/>
            <line number="443" hits="3" branch="false"/>
            <line number="444" hits="3" branch="false"/>
            <line number="447" hits="3" branch="false"/>
            <line number="448" hits="3" branch="true" condition-coverage="100% (2/2)"/>
            <line number="449" hits="2" branch="false"/>
            <line number="455" hits="2" branch="true" condition-coverage="50% (1/2)"/>
            <line number="463" hits="2" branch="false"/>
            <line number="471" hits="2" branch="false"/>
            <line number="472" hits="2" branch="true" condition-coverage="100% (2/2)"/>
            <line number="474" hits="1" branch="false"/>
            <line number="477" hits="1" branch="false"/>
            <line number="480" hits="0" branch="false"/>
            <line number="483" hits="1" branch="false"/>
            <line number="486" hits="1" branch="false"/>
            <line number="491" hits="3" branch="false"/>
            <line number="495" hits="3" branch="false"/>
            <line number="631" hits="5" branch="false"/>
            <line number="632" hits="5" branch="false"/>
            <line number="637" hits="5" branch="false"/>
            <line number="639" hits="5" branch="false"/>
            <line number="641" hits="1" branch="false"/>
            <line number="643" hits="0" branch="false"/>
            <line number="644" hits="0" branch="false"/>
            <line number="649" hits="4" branch="false"/>
            <line number="650" hits="4" branch="true" condition-coverage="50% (1/2)"/>
            <line number="651" hits="4" branch="false"/>
            <line number="652" hits="0" branch="false"/>
            <line number="653" hits="0" branch="false"/>
            <line number="656" hits="0" branch="false"/>
            <line number="662" hits="5" branch="false"/>
            <line number="664" hits="5" branch="false"/>
            <line number="667" hits="5" branch="false"/>
            <line number="670" hits="0" branch="false"/>
            <line number="673" hits="0" branch="false"/>
            <line number="674" hits="0" branch="false"/>
            <line number="678" hits="5" branch="false"/>
            <line number="695" hits="0" branch="true" condition-coverage="0% (0/2)"/>
            <line number="696" hits="0" branch="false"/>
            <line number="698" hits="0" branch="false"/>
            <line number="699" hits="0" branch="true" condition-coverage="0% (0/2)"/>
            <line number="700" hits="0" branch="false"/>
            <line number="702" hits="0" branch="false"/>
            <line number="850" hits="4" branch="false"/>
            <line number="852" hits="4" branch="false"/>
            <line number="856" hits="4" branch="false"/>
            <line number="860" hits="4" branch="true" condition-coverage="100% (2/2)"/>
            <line number="861" hits="1" branch="false"/>
            <line number="864" hits="3" branch="true" condition-coverage="100% (2/2)"/>
            <line number="865" hits="1" branch="false"/>
            <line number="873" hits="4" branch="true" condition-coverage="100% (2/2)"/>
            <line number="874" hits="2" branch="false"/>
            <line number="875" hits="2" branch="false"/>
            <line number="876" hits="2" branch="false"/>
            <line number="877" hits="2" branch="false"/>
            <line number="880" hits="3" branch="true" condition-coverage="100% (2/2)"/>
            <line number="882" hits="1" branch="false"/>
            <line number="883" hits="1" branch="false"/>
            <line number="884" hits="1" branch="false"/>
            <line number="885" hits="1" branch="false"/>
            <line number="888" hits="2" branch="true" condition-coverage="100% (4/4)"/>
            <line number="889" hits="1" branch="false"/>
            <line number="896" hits="4" branch="false"/>
            <line number="897" hits="4" branch="true" condition-coverage="100% (2/2)"/>
            <line number="899" hits="3" branch="false"/>
            <line number="902" hits="4" branch="false"/>
            <line number="908" hits="1" branch="true" condition-coverage="50% (1/2)"/>
            <line number="917" hits="1" branch="false"/>
            <line number="918" hits="1" branch="false"/>
            <line number="919" hits="1" branch="false"/>
            <line number="920" hits="1" branch="false"/>
            <line number="921" hits="1" branch="false"/>
            <line number="922" hits="1" branch="false"/>
            <line number="923" hits="1" branch="false"/>
            <line number="925" hits="1" branch="false"/>
            <line number="926" hits="1" branch="false"/>
            <line number="927" hits="1" branch="false"/>
            <line number="928" hits="1" branch="false"/>
            <line number="929" hits="1" branch="false"/>
            <line number="931" hits="1" branch="false"/>
            <line number="932" hits="1" branch="false"/>
            <line number="933" hits="9" branch="false"/>
            <line number="935" hits="9" branch="true" condition-coverage="100% (2/2)"/>
            <line number="936" hits="4" branch="true" condition-coverage="66.66666666666666% (2/3)"/>
            <line number="938" hits="3" branch="false"/>
            <line number="939" hits="3" branch="false"/>
            <line number="940" hits="3" branch="false"/>
            <line number="941" hits="3" branch="false"/>
            <line number="942" hits="3" branch="false"/>
            <line number="944" hits="1" branch="false"/>
            <line number="945" hits="1" branch="false"/>
            <line number="946" hits="1" branch="false"/>
            <line number="947" hits="1" branch="false"/>
            <line number="948" hits="1" branch="false"/>
            <line number="955" hits="5" branch="false"/>
            <line number="956" hits="5" branch="false"/>
            <line number="957" hits="5" branch="false"/>
            <line number="958" hits="5" branch="false"/>
            <line number="961" hits="9" branch="false"/>
            <line number="970" hits="9" branch="false"/>
            <line number="976" hits="9" branch="false"/>
            <line number="978" hits="1" branch="false"/>
            <line number="981" hits="1" branch="false"/>
            <line number="983" hits="1" branch="false"/>
            <line number="984" hits="1" branch="false"/>
            <line number="1008" hits="4" branch="false"/>
            <line number="1010" hits="4" branch="false"/>
            <line number="1011" hits="4" branch="false"/>
            <line number="1015" hits="4" branch="false"/>
            <line number="1020" hits="4" branch="true" condition-coverage="100% (2/2)"/>
            <line number="1021" hits="1" branch="false"/>
            <line number="1024" hits="1" branch="false"/>
            <line number="1025" hits="3" branch="true" condition-coverage="100% (2/2)"/>
            <line number="1026" hits="1" branch="false"/>
            <line number="1029" hits="1" branch="false"/>
            <line number="1035" hits="2" branch="false"/>
            <line number="1036" hits="2" branch="false"/>
            <line number="1037" hits="2" branch="false"/>
            <line number="1039" hits="2" branch="true" condition-coverage="50% (1/2)"/>
            <line number="1040" hits="2" branch="false"/>
            <line number="1041" hits="2" branch="false"/>
            <line number="1042" hits="2" branch="false"/>
            <line number="1043" hits="2" branch="false"/>
            <line number="1045" hits="2" branch="false"/>
            <line number="1047" hits="2" branch="false"/>
            <line number="1052" hits="2" branch="false"/>
            <line number="1053" hits="2" branch="false"/>
            <line number="1062" hits="2" branch="false"/>
            <line number="1074" hits="2" branch="false"/>
            <line number="1087" hits="2" branch="false"/>
            <line number="1088" hits="2" branch="false"/>
            <line number="1089" hits="2" branch="false"/>
            <line number="1090" hits="3" branch="false"/>
            <line number="1091" hits="3" branch="false"/>
            <line number="1093" hits="3" branch="true" condition-coverage="100% (2/2)"/>
            <line number="1094" hits="2" branch="true" condition-coverage="66.66666666666666% (2/3)"/>
            <line number="1096" hits="1" branch="false"/>
            <line number="1097" hits="1" branch="false"/>
            <line number="1098" hits="1" branch="false"/>
            <line number="1100" hits="1" branch="false"/>
            <line number="1102" hits="1" branch="false"/>
            <line number="1104" hits="1" branch="false"/>
            <line number="1105" hits="1" branch="false"/>
            <line number="1106" hits="1" branch="false"/>
            <line number="1108" hits="1" branch="false"/>
            <line number="1113" hits="2" branch="false"/>
            <line number="1117" hits="2" branch="false"/>
            <line number="1118" hits="2" branch="false"/>
            <line number="1119" hits="2" branch="false"/>
            <line number="1124" hits="2" branch="false"/>
            <line number="1134" hits="2" branch="false"/>
            <line number="1135" hits="2" branch="false"/>
            <line number="1136" hits="2" branch="false"/>
            <line number="1137" hits="2" branch="true" condition-coverage="100% (2/2)"/>
            <line number="1139" hits="1" branch="false"/>
            <line number="1140" hits="5" branch="false"/>
            <line number="1141" hits="5" branch="false"/>
            <line number="1142" hits="0" branch="false"/>
            <line number="1149" hits="0" branch="true" condition-coverage="0% (0/2)"/>
            <line number="1150" hits="0" branch="false"/>
            <line number="1151" hits="0" branch="false"/>
            <line number="1159" hits="2" branch="false"/>
            <line number="1185" hits="9" branch="false"/>
            <line number="1186" hits="9" branch="false"/>
            <line number="1188" hits="9" branch="false"/>
            <line number="1192" hits="9" branch="true" condition-coverage="100% (2/2)"/>
            <line number="1196" hits="2" branch="false"/>
            <line number="1197" hits="2" branch="false"/>
            <line number="1200" hits="9" branch="false"/>
            <line number="1204" hits="9" branch="true" condition-coverage="100% (2/2)"/>
            <line number="1208" hits="2" branch="false"/>
            <line number="1209" hits="2" branch="false"/>
            <line number="1213" hits="9" branch="false"/>
            <line number="1217" hits="9" branch="true" condition-coverage="100% (2/2)"/>
            <line number="1221" hits="1" branch="false"/>
            <line number="1222" hits="1" branch="false"/>
            <line number="1225" hits="9" branch="false"/>
            <line number="1229" hits="9" branch="true" condition-coverage="100% (2/2)"/>
            <line number="1233" hits="1" branch="false"/>
            <line number="1234" hits="1" branch="false"/>
            <line number="1238" hits="9" branch="false"/>
            <line number="1239" hits="9" branch="true" condition-coverage="100% (2/2)"/>
            <line number="1240" hits="4" branch="false"/>
            <line number="1243" hits="9" branch="false"/>
            <line number="1244" hits="9" branch="false"/>
            <line number="1245" hits="9" branch="false"/>
            <line number="1246" hits="8" branch="false"/>
            <line number="1247" hits="8" branch="false"/>
            <line number="1248" hits="8" branch="false"/>
            <line number="1249" hits="7" branch="false"/>
            <line number="1252" hits="8" branch="true" condition-coverage="100% (2/2)"/>
            <line number="1254" hits="5" branch="false"/>
            <line number="1255" hits="5" branch="false"/>
            <line number="1256" hits="5" branch="false"/>
            <line number="1257" hits="5" branch="false"/>
            <line number="1260" hits="6" branch="true" condition-coverage="100% (2/2)"/>
            <line number="1264" hits="1" branch="false"/>
            <line number="1269" hits="6" branch="false"/>
            <line number="1272" hits="7" branch="true" condition-coverage="100% (2/2)"/>
            <line number="1274" hits="4" branch="false"/>
            <line number="1275" hits="4" branch="false"/>
            <line number="1276" hits="4" branch="false"/>
            <line number="1277" hits="4" branch="false"/>
            <line number="1280" hits="5" branch="true" condition-coverage="100% (2/2)"/>
            <line number="1284" hits="1" branch="false"/>
            <line number="1294" hits="5" branch="false"/>
            <line number="1296" hits="5" branch="false"/>
            <line number="1297" hits="5" branch="false"/>
            <line number="1298" hits="5" branch="true" condition-coverage="100% (2/2)"/>
            <line number="1299" hits="1" branch="false"/>
            <line number="1300" hits="1" branch="false"/>
            <line number="1302" hits="4" branch="false"/>
            <line number="1303" hits="4" branch="false"/>
            <line number="1306" hits="5" branch="false"/>
            <line number="1313" hits="4" branch="false"/>
            <line number="1319" hits="4" branch="false"/>
            <line number="1327" hits="4" branch="false"/>
            <line number="1328" hits="4" branch="false"/>
            <line number="1329" hits="4" branch="false"/>
            <line number="1332" hits="4" branch="false"/>
            <line number="1337" hits="4" branch="false"/>
            <line number="1345" hits="4" branch="false"/>
            <line number="1346" hits="4" branch="false"/>
            <line number="1348" hits="4" branch="false"/>
            <line number="1357" hits="3" branch="false"/>
            <line number="1358" hits="3" branch="false"/>
            <line number="1359" hits="3" branch="false"/>
            <line number="1360" hits="3" branch="false"/>
            <line number="1361" hits="3" branch="false"/>
            <line number="1362" hits="3" branch="false"/>
            <line number="1363" hits="3" branch="false"/>
            <line number="1364" hits="3" branch="false"/>
            <line number="1366" hits="3" branch="false"/>
            <line number="1367" hits="3" branch="false"/>
            <line number="1368" hits="3" branch="false"/>
            <line number="1369" hits="3" branch="false"/>
            <line number="1370" hits="3" branch="false"/>
            <line number="1372" hits="3" branch="false"/>
            <line number="1373" hits="10" branch="false"/>
            <line number="1375" hits="10" branch="true" condition-coverage="100% (2/2)"/>
            <line number="1376" hits="5" branch="true" condition-coverage="66.66666666666666% (2/3)"/>
            <line number="1378" hits="2" branch="false"/>
            <line number="1379" hits="2" branch="false"/>
            <line number="1380" hits="2" branch="false"/>
            <line number="1381" hits="2" branch="false"/>
            <line number="1382" hits="2" branch="false"/>
            <line number="1384" hits="3" branch="false"/>
            <line number="1385" hits="3" branch="false"/>
            <line number="1386" hits="3" branch="false"/>
            <line number="1387" hits="3" branch="false"/>
            <line number="1388" hits="3" branch="false"/>
            <line number="1392" hits="5" branch="false"/>
            <line number="1393" hits="5" branch="false"/>
            <line number="1394" hits="5" branch="false"/>
            <line number="1395" hits="5" branch="false"/>
            <line number="1398" hits="10" branch="false"/>
            <line number="1407" hits="10" branch="false"/>
            <line number="1413" hits="10" branch="false"/>
            <line number="1415" hits="3" branch="false"/>
            <line number="1416" hits="3" branch="false"/>
            <line number="1421" hits="3" branch="false"/>
            <line number="1422" hits="3" branch="false"/>
            <line number="1423" hits="3" branch="false"/>
            <line number="1426" hits="3" branch="false"/>
            <line number="1428" hits="3" branch="false"/>
            <line number="1429" hits="3" branch="false"/>
            <line number="1449" hits="1" branch="false"/>
            <line number="1463" hits="10" branch="false"/>
            <line number="1464" hits="10" branch="false"/>
            <line number="1465" hits="10" branch="false"/>
            <line number="1466" hits="10" branch="false"/>
            <line number="1469" hits="10" branch="false"/>
            <line number="1470" hits="10" branch="false"/>
            <line number="1473" hits="10" branch="false"/>
            <line number="1480" hits="10" branch="false"/>
            <line number="1481" hits="10" branch="false"/>
            <line number="1490" hits="10" branch="false"/>
            <line number="1491" hits="10" branch="false"/>
            <line number="1492" hits="10" branch="false"/>
            <line number="1512" hits="15" branch="false"/>
            <line number="1513" hits="15" branch="false"/>
            <line number="1514" hits="15" branch="false"/>
            <line number="1516" hits="15" branch="false"/>
            <line number="1524" hits="15" branch="false"/>
            <line number="1526" hits="15" branch="false"/>
            <line number="1527" hits="11" branch="false"/>
            <line number="1530" hits="11" branch="false"/>
            <line number="1531" hits="205" branch="false"/>
            <line number="1534" hits="11" branch="false"/>
            <line number="1537" hits="11" branch="false"/>
            <line number="1538" hits="11" branch="true" condition-coverage="100% (2/2)"/>
            <line number="1540" hits="10" branch="false"/>
            <line number="1547" hits="10" branch="false"/>
            <line number="1554" hits="1" branch="false"/>
            <line number="1560" hits="11" branch="false"/>
            <line number="1563" hits="15" branch="false"/>
            <line number="1572" hits="20" branch="false"/>
            <line number="1573" hits="20" branch="false"/>
            <line number="1575" hits="20" branch="false"/>
            <line number="1586" hits="5" branch="false"/>
            <line number="1587" hits="5" branch="false"/>
            <line number="1588" hits="5" branch="false"/>
            <line number="1594" hits="5" branch="false"/>
            <line number="1600" hits="5" branch="false"/>
            <line number="1606" hits="5" branch="false"/>
            <line number="1612" hits="5" branch="false"/>
            <line number="1613" hits="5" branch="true" condition-coverage="50% (1/2)"/>
            <line number="1617" hits="0" branch="false"/>
            <line number="1619" hits="5" branch="false"/>
            <line number="1621" hits="5" branch="false"/>
            <line number="1631" hits="4" branch="false"/>
            <line number="1632" hits="4" branch="false"/>
            <line number="1633" hits="25" branch="true" condition-coverage="100% (4/4)"/>
            <line number="1634" hits="4" branch="false"/>
            <line number="1636" hits="4" branch="false"/>
            <line number="1639" hits="21" branch="true" condition-coverage="100% (2/2)"/>
            <line number="1643" hits="1" branch="false"/>
            <line number="1645" hits="1" branch="false"/>
            <line number="1648" hits="20" branch="true" condition-coverage="100% (2/2)"/>
            <line number="1650" hits="8" branch="false"/>
            <line number="1653" hits="8" branch="false"/>
            <line number="1658" hits="4" branch="false"/>
            <line number="1663" hits="5" branch="false"/>
            <line number="1664" hits="5" branch="false"/>
            <line number="1669" hits="8" branch="false"/>
            <line number="1670" hits="8" branch="false"/>
            <line number="1682" hits="6" branch="false"/>
            <line number="1688" hits="6" branch="false"/>
            <line number="1689" hits="6" branch="false"/>
            <line number="1690" hits="6" branch="false"/>
            <line number="1693" hits="6" branch="true" condition-coverage="100% (4/4)"/>
            <line number="1694" hits="1" branch="false"/>
            <line number="1697" hits="6" branch="false"/>
            <line number="1701" hits="6" branch="false"/>
            <line number="1707" hits="6" branch="false"/>
            <line number="1712" hits="5" branch="false"/>
            <line number="1713" hits="5" branch="false"/>
            <line number="1716" hits="5" branch="false"/>
            <line number="1722" hits="2" branch="false"/>
            <line number="1723" hits="2" branch="false"/>
            <line number="1725" hits="2" branch="false"/>
            <line number="1728" hits="5" branch="false"/>
          </lines>
        </class>
      </classes>
    </package>
    <package name="Backend.routes" line-rate="1" branch-rate="1">
      <classes>
        <class name="schedule.js" filename="Backend\routes\schedule.js" line-rate="1" branch-rate="1">
          <methods>
            <method name="(anonymous_0)" hits="2" signature="()V">
              <lines>
                <line number="6" hits="2"/>
              </lines>
            </method>
            <method name="(anonymous_1)" hits="2" signature="()V">
              <lines>
                <line number="40" hits="2"/>
              </lines>
            </method>
            <method name="(anonymous_2)" hits="2" signature="()V">
              <lines>
                <line number="67" hits="2"/>
              </lines>
            </method>
            <method name="(anonymous_3)" hits="8" signature="()V">
              <lines>
                <line number="271" hits="8"/>
              </lines>
            </method>
            <method name="compareEvents" hits="1" signature="()V">
              <lines>
                <line number="273" hits="1"/>
              </lines>
            </method>
            <method name="(anonymous_5)" hits="7" signature="()V">
              <lines>
                <line number="312" hits="7"/>
              </lines>
            </method>
            <method name="(anonymous_6)" hits="4" signature="()V">
              <lines>
                <line number="675" hits="4"/>
              </lines>
            </method>
            <method name="(anonymous_7)" hits="3" signature="()V">
              <lines>
                <line number="689" hits="3"/>
              </lines>
            </method>
            <method name="(anonymous_8)" hits="3" signature="()V">
              <lines>
                <line number="788" hits="3"/>
              </lines>
            </method>
            <method name="(anonymous_9)" hits="1" signature="()V">
              <lines>
                <line number="803" hits="1"/>
              </lines>
            </method>
          </methods>
          <lines>
            <line number="1" hits="5" branch="false"/>
            <line number="2" hits="5" branch="false"/>
            <line number="3" hits="5" branch="false"/>
            <line number="6" hits="5" branch="false"/>
            <line number="9" hits="2" branch="false"/>
            <line number="12" hits="2" branch="false"/>
            <line number="15" hits="2" branch="false"/>
            <line number="19" hits="2" branch="true" condition-coverage="100% (2/2)"/>
            <line number="21" hits="1" branch="false"/>
            <line number="22" hits="1" branch="false"/>
            <line number="23" hits="1" branch="false"/>
            <line number="24" hits="1" branch="false"/>
            <line number="27" hits="1" branch="false"/>
            <line number="28" hits="1" branch="false"/>
            <line number="29" hits="1" branch="false"/>
            <line number="30" hits="1" branch="false"/>
            <line number="31" hits="1" branch="false"/>
            <line number="40" hits="5" branch="false"/>
            <line number="43" hits="2" branch="false"/>
            <line number="46" hits="2" branch="false"/>
            <line number="51" hits="2" branch="false"/>
            <line number="53" hits="2" branch="true" condition-coverage="100% (2/2)"/>
            <line number="55" hits="1" branch="false"/>
            <line number="58" hits="1" branch="false"/>
            <line number="67" hits="5" branch="false"/>
            <line number="70" hits="2" branch="false"/>
            <line number="73" hits="2" branch="false"/>
            <line number="76" hits="2" branch="false"/>
            <line number="79" hits="2" branch="false"/>
            <line number="81" hits="2" branch="true" condition-coverage="100% (2/2)"/>
            <line number="83" hits="1" branch="false"/>
            <line number="86" hits="1" branch="false"/>
            <line number="93" hits="1" branch="false"/>
            <line number="271" hits="5" branch="false"/>
            <line number="274" hits="1" branch="false"/>
            <line number="278" hits="8" branch="false"/>
            <line number="279" hits="8" branch="false"/>
            <line number="281" hits="8" branch="false"/>
            <line number="282" hits="8" branch="false"/>
            <line number="284" hits="8" branch="true" condition-coverage="100% (2/2)"/>
            <line number="285" hits="1" branch="false"/>
            <line number="286" hits="1" branch="false"/>
            <line number="290" hits="7" branch="false"/>
            <line number="291" hits="7" branch="false"/>
            <line number="293" hits="7" branch="true" condition-coverage="100% (4/4)"/>
            <line number="294" hits="1" branch="false"/>
            <line number="295" hits="1" branch="false"/>
            <line number="299" hits="6" branch="false"/>
            <line number="301" hits="6" branch="true" condition-coverage="100% (2/2)"/>
            <line number="302" hits="1" branch="false"/>
            <line number="303" hits="1" branch="false"/>
            <line number="307" hits="5" branch="false"/>
            <line number="310" hits="5" branch="true" condition-coverage="100% (2/2)"/>
            <line number="312" hits="4" branch="false"/>
            <line number="313" hits="7" branch="false"/>
            <line number="314" hits="7" branch="false"/>
            <line number="320" hits="7" branch="false"/>
            <line number="327" hits="4" branch="true" condition-coverage="100% (2/2)"/>
            <line number="329" hits="3" branch="false"/>
            <line number="330" hits="3" branch="false"/>
            <line number="337" hits="2" branch="false"/>
            <line number="338" hits="2" branch="false"/>
            <line number="340" hits="2" branch="false"/>
            <line number="346" hits="2" branch="false"/>
            <line number="675" hits="5" branch="false"/>
            <line number="677" hits="4" branch="false"/>
            <line number="678" hits="4" branch="false"/>
            <line number="680" hits="4" branch="false"/>
            <line number="681" hits="4" branch="false"/>
            <line number="683" hits="4" branch="true" condition-coverage="100% (2/2)"/>
            <line number="684" hits="1" branch="false"/>
            <line number="685" hits="1" branch="false"/>
            <line number="689" hits="3" branch="false"/>
            <line number="691" hits="3" branch="true" condition-coverage="100% (2/2)"/>
            <line number="692" hits="1" branch="false"/>
            <line number="693" hits="1" branch="false"/>
            <line number="697" hits="2" branch="false"/>
            <line number="699" hits="2" branch="true" condition-coverage="100% (2/2)"/>
            <line number="700" hits="1" branch="false"/>
            <line number="702" hits="1" branch="false"/>
            <line number="788" hits="5" branch="false"/>
            <line number="790" hits="3" branch="false"/>
            <line number="792" hits="3" branch="false"/>
            <line number="793" hits="3" branch="false"/>
            <line number="797" hits="3" branch="true" condition-coverage="100% (2/2)"/>
            <line number="798" hits="2" branch="false"/>
            <line number="799" hits="2" branch="false"/>
            <line number="802" hits="1" branch="false"/>
            <line number="803" hits="1" branch="false"/>
            <line number="814" hits="1" branch="false"/>
            <line number="816" hits="1" branch="false"/>
            <line number="822" hits="1" branch="false"/>
            <line number="854" hits="5" branch="false"/>
          </lines>
        </class>
        <class name="user.js" filename="Backend\routes\user.js" line-rate="1" branch-rate="1">
          <methods>
            <method name="(anonymous_0)" hits="2" signature="()V">
              <lines>
                <line number="9" hits="2"/>
              </lines>
            </method>
            <method name="(anonymous_1)" hits="2" signature="()V">
              <lines>
                <line number="46" hits="2"/>
              </lines>
            </method>
            <method name="(anonymous_2)" hits="2" signature="()V">
              <lines>
                <line number="72" hits="2"/>
              </lines>
            </method>
            <method name="(anonymous_3)" hits="5" signature="()V">
              <lines>
                <line number="180" hits="5"/>
              </lines>
            </method>
            <method name="(anonymous_4)" hits="6" signature="()V">
              <lines>
                <line number="347" hits="6"/>
              </lines>
            </method>
            <method name="(anonymous_5)" hits="3" signature="()V">
              <lines>
                <line number="416" hits="3"/>
              </lines>
            </method>
            <method name="(anonymous_6)" hits="1" signature="()V">
              <lines>
                <line number="436" hits="1"/>
              </lines>
            </method>
            <method name="(anonymous_7)" hits="2" signature="()V">
              <lines>
                <line number="457" hits="2"/>
              </lines>
            </method>
            <method name="(anonymous_8)" hits="3" signature="()V">
              <lines>
                <line number="473" hits="3"/>
              </lines>
            </method>
            <method name="(anonymous_9)" hits="1" signature="()V">
              <lines>
                <line number="493" hits="1"/>
              </lines>
            </method>
          </methods>
          <lines>
            <line number="4" hits="5" branch="false"/>
            <line number="5" hits="5" branch="false"/>
            <line number="6" hits="5" branch="false"/>
            <line number="9" hits="5" branch="false"/>
            <line number="12" hits="2" branch="false"/>
            <line number="16" hits="2" branch="false"/>
            <line number="20" hits="2" branch="false"/>
            <line number="23" hits="2" branch="true" condition-coverage="100% (2/2)"/>
            <line number="26" hits="1" branch="false"/>
            <line number="27" hits="1" branch="false"/>
            <line number="28" hits="1" branch="false"/>
            <line number="29" hits="1" branch="false"/>
            <line number="32" hits="1" branch="false"/>
            <line number="33" hits="1" branch="false"/>
            <line number="34" hits="1" branch="false"/>
            <line number="35" hits="1" branch="false"/>
            <line number="36" hits="1" branch="false"/>
            <line number="46" hits="5" branch="false"/>
            <line number="48" hits="2" branch="false"/>
            <line number="49" hits="2" branch="false"/>
            <line number="52" hits="2" branch="false"/>
            <line number="55" hits="2" branch="false"/>
            <line number="60" hits="2" branch="true" condition-coverage="100% (2/2)"/>
            <line number="61" hits="1" branch="false"/>
            <line number="63" hits="1" branch="false"/>
            <line number="72" hits="5" branch="false"/>
            <line number="75" hits="2" branch="false"/>
            <line number="78" hits="2" branch="false"/>
            <line number="83" hits="2" branch="false"/>
            <line number="85" hits="2" branch="true" condition-coverage="100% (2/2)"/>
            <line number="87" hits="1" branch="false"/>
            <line number="91" hits="1" branch="false"/>
            <line number="180" hits="5" branch="false"/>
            <line number="182" hits="5" branch="false"/>
            <line number="185" hits="5" branch="false"/>
            <line number="188" hits="5" branch="false"/>
            <line number="190" hits="5" branch="false"/>
            <line number="192" hits="5" branch="true" condition-coverage="100% (2/2)"/>
            <line number="193" hits="1" branch="false"/>
            <line number="195" hits="4" branch="false"/>
            <line number="196" hits="4" branch="false"/>
            <line number="199" hits="4" branch="false"/>
            <line number="200" hits="4" branch="false"/>
            <line number="203" hits="4" branch="true" condition-coverage="100% (2/2)"/>
            <line number="204" hits="2" branch="false"/>
            <line number="205" hits="2" branch="false"/>
            <line number="206" hits="2" branch="false"/>
            <line number="208" hits="2" branch="false"/>
            <line number="216" hits="4" branch="true" condition-coverage="100% (2/2)"/>
            <line number="217" hits="2" branch="false"/>
            <line number="218" hits="2" branch="false"/>
            <line number="219" hits="2" branch="false"/>
            <line number="221" hits="2" branch="false"/>
            <line number="230" hits="4" branch="true" condition-coverage="100% (2/2)"/>
            <line number="231" hits="3" branch="false"/>
            <line number="233" hits="1" branch="false"/>
            <line number="347" hits="5" branch="false"/>
            <line number="349" hits="6" branch="false"/>
            <line number="350" hits="6" branch="false"/>
            <line number="352" hits="6" branch="false"/>
            <line number="355" hits="6" branch="false"/>
            <line number="361" hits="6" branch="true" condition-coverage="100% (2/2)"/>
            <line number="362" hits="1" branch="false"/>
            <line number="366" hits="5" branch="true" condition-coverage="100% (2/2)"/>
            <line number="367" hits="1" branch="false"/>
            <line number="368" hits="1" branch="false"/>
            <line number="380" hits="4" branch="true" condition-coverage="100% (2/2)"/>
            <line number="381" hits="1" branch="false"/>
            <line number="383" hits="3" branch="true" condition-coverage="100% (2/2)"/>
            <line number="384" hits="1" branch="false"/>
            <line number="386" hits="2" branch="true" condition-coverage="100% (2/2)"/>
            <line number="387" hits="1" branch="false"/>
            <line number="396" hits="1" branch="false"/>
            <line number="399" hits="1" branch="false"/>
            <line number="405" hits="1" branch="false"/>
            <line number="416" hits="5" branch="false"/>
            <line number="418" hits="3" branch="false"/>
            <line number="419" hits="3" branch="false"/>
            <line number="421" hits="3" branch="false"/>
            <line number="424" hits="3" branch="false"/>
            <line number="426" hits="3" branch="true" condition-coverage="100% (2/2)"/>
            <line number="427" hits="1" branch="false"/>
            <line number="431" hits="2" branch="true" condition-coverage="100% (2/2)"/>
            <line number="432" hits="1" branch="false"/>
            <line number="436" hits="1" branch="false"/>
            <line number="439" hits="1" branch="false"/>
            <line number="442" hits="1" branch="false"/>
            <line number="450" hits="1" branch="false"/>
            <line number="453" hits="1" branch="false"/>
            <line number="457" hits="2" branch="false"/>
            <line number="458" hits="1" branch="false"/>
            <line number="473" hits="5" branch="false"/>
            <line number="475" hits="3" branch="false"/>
            <line number="476" hits="3" branch="false"/>
            <line number="478" hits="3" branch="false"/>
            <line number="481" hits="3" branch="false"/>
            <line number="483" hits="3" branch="true" condition-coverage="100% (2/2)"/>
            <line number="484" hits="1" branch="false"/>
            <line number="488" hits="2" branch="true" condition-coverage="100% (2/2)"/>
            <line number="489" hits="1" branch="false"/>
            <line number="493" hits="1" branch="false"/>
            <line number="496" hits="1" branch="false"/>
            <line number="502" hits="1" branch="false"/>
            <line number="678" hits="5" branch="false"/>
          </lines>
        </class>
      </classes>
    </package>
  </packages>
</coverage>
