{"C:\\cpen321\\RouteRider\\Backend\\commuter_match.js": {"path":"C:\\cpen321\\RouteRider\\Backend\\commuter_match.js","statementMap":{"0":{"start":{"line":1,"column":16},"end":{"line":1,"column":34}},"1":{"start":{"line":3,"column":23},"end":{"line":3,"column":41}},"2":{"start":{"line":6,"column":12},"end":{"line":6,"column":21}},"3":{"start":{"line":7,"column":0},"end":{"line":7,"column":24}},"4":{"start":{"line":10,"column":12},"end":{"line":10,"column":37}},"5":{"start":{"line":11,"column":15},"end":{"line":11,"column":35}},"6":{"start":{"line":93,"column":22},"end":{"line":93,"column":108}},"7":{"start":{"line":95,"column":1},"end":{"line":99,"column":2}},"8":{"start":{"line":98,"column":5},"end":{"line":98,"column":27}},"9":{"start":{"line":102,"column":22},"end":{"line":102,"column":103}},"10":{"start":{"line":102,"column":57},"end":{"line":102,"column":102}},"11":{"start":{"line":105,"column":21},"end":{"line":105,"column":23}},"12":{"start":{"line":106,"column":19},"end":{"line":106,"column":28}},"13":{"start":{"line":108,"column":1},"end":{"line":117,"column":2}},"14":{"start":{"line":109,"column":21},"end":{"line":109,"column":67}},"15":{"start":{"line":113,"column":5},"end":{"line":116,"column":6}},"16":{"start":{"line":114,"column":9},"end":{"line":114,"column":32}},"17":{"start":{"line":115,"column":9},"end":{"line":115,"column":52}},"18":{"start":{"line":122,"column":1},"end":{"line":122,"column":32}},"19":{"start":{"line":180,"column":39},"end":{"line":184,"column":22}},"20":{"start":{"line":187,"column":36},"end":{"line":187,"column":90}},"21":{"start":{"line":187,"column":75},"end":{"line":187,"column":89}},"22":{"start":{"line":192,"column":8},"end":{"line":192,"column":35}},"23":{"start":{"line":266,"column":32},"end":{"line":266,"column":72}},"24":{"start":{"line":269,"column":28},"end":{"line":269,"column":60}},"25":{"start":{"line":272,"column":30},"end":{"line":272,"column":39}},"26":{"start":{"line":275,"column":8},"end":{"line":296,"column":9}},"27":{"start":{"line":277,"column":40},"end":{"line":277,"column":76}},"28":{"start":{"line":280,"column":12},"end":{"line":295,"column":13}},"29":{"start":{"line":281,"column":16},"end":{"line":294,"column":17}},"30":{"start":{"line":283,"column":43},"end":{"line":283,"column":127}},"31":{"start":{"line":286,"column":20},"end":{"line":293,"column":21}},"32":{"start":{"line":291,"column":24},"end":{"line":291,"column":49}},"33":{"start":{"line":292,"column":24},"end":{"line":292,"column":30}},"34":{"start":{"line":298,"column":8},"end":{"line":298,"column":29}},"35":{"start":{"line":327,"column":0},"end":{"line":333,"column":4}}},"fnMap":{"0":{"name":"getFirstEventsOfEachDay","decl":{"start":{"line":90,"column":15},"end":{"line":90,"column":38}},"loc":{"start":{"line":90,"column":50},"end":{"line":126,"column":1}},"line":90},"1":{"name":"(anonymous_1)","decl":{"start":{"line":102,"column":47},"end":{"line":102,"column":48}},"loc":{"start":{"line":102,"column":57},"end":{"line":102,"column":102}},"line":102},"2":{"name":"findOtherEmails","decl":{"start":{"line":177,"column":15},"end":{"line":177,"column":30}},"loc":{"start":{"line":177,"column":42},"end":{"line":197,"column":1}},"line":177},"3":{"name":"(anonymous_3)","decl":{"start":{"line":187,"column":63},"end":{"line":187,"column":64}},"loc":{"start":{"line":187,"column":75},"end":{"line":187,"column":89}},"line":187},"4":{"name":"findMatchingUsers","decl":{"start":{"line":263,"column":17},"end":{"line":263,"column":34}},"loc":{"start":{"line":263,"column":46},"end":{"line":303,"column":1}},"line":263}},"branchMap":{"0":{"loc":{"start":{"line":95,"column":1},"end":{"line":99,"column":2}},"type":"if","locations":[{"start":{"line":95,"column":1},"end":{"line":99,"column":2}},{"start":{},"end":{}}],"line":95},"1":{"loc":{"start":{"line":95,"column":5},"end":{"line":95,"column":78}},"type":"binary-expr","locations":[{"start":{"line":95,"column":5},"end":{"line":95,"column":18}},{"start":{"line":95,"column":22},"end":{"line":95,"column":42}},{"start":{"line":95,"column":46},"end":{"line":95,"column":78}}],"line":95},"2":{"loc":{"start":{"line":113,"column":5},"end":{"line":116,"column":6}},"type":"if","locations":[{"start":{"line":113,"column":5},"end":{"line":116,"column":6}},{"start":{},"end":{}}],"line":113},"3":{"loc":{"start":{"line":286,"column":20},"end":{"line":293,"column":21}},"type":"if","locations":[{"start":{"line":286,"column":20},"end":{"line":293,"column":21}},{"start":{},"end":{}}],"line":286},"4":{"loc":{"start":{"line":287,"column":24},"end":{"line":289,"column":60}},"type":"binary-expr","locations":[{"start":{"line":287,"column":24},"end":{"line":287,"column":69}},{"start":{"line":288,"column":24},"end":{"line":288,"column":70}},{"start":{"line":289,"column":24},"end":{"line":289,"column":60}}],"line":287}},"s":{"0":5,"1":5,"2":5,"3":5,"4":5,"5":5,"6":39,"7":39,"8":5,"9":34,"10":4,"11":34,"12":34,"13":34,"14":38,"15":38,"16":37,"17":37,"18":34,"19":7,"20":7,"21":40,"22":7,"23":6,"24":6,"25":6,"26":6,"27":32,"28":32,"29":28,"30":25,"31":25,"32":0,"33":0,"34":5,"35":5},"f":{"0":39,"1":4,"2":7,"3":40,"4":6},"b":{"0":[5,34],"1":[39,35,34],"2":[37,1],"3":[0,24],"4":[25,8,6]},"_coverageSchema":"1a1c01bbd47fc00a2c39e90264f33305004495a9","hash":"7b2351455d9000ab6bc22c89ec5af503fa1302c1"}
,"C:\\cpen321\\RouteRider\\Backend\\recommendation.js": {"path":"C:\\cpen321\\RouteRider\\Backend\\recommendation.js","statementMap":{"0":{"start":{"line":9,"column":4},"end":{"line":9,"column":50}},"1":{"start":{"line":11,"column":18},"end":{"line":11,"column":20}},"2":{"start":{"line":12,"column":16},"end":{"line":12,"column":57}},"3":{"start":{"line":14,"column":23},"end":{"line":87,"column":1}},"4":{"start":{"line":15,"column":2},"end":{"line":15,"column":19}},"5":{"start":{"line":16,"column":2},"end":{"line":86,"column":5}},"6":{"start":{"line":18,"column":19},"end":{"line":18,"column":31}},"7":{"start":{"line":20,"column":28},"end":{"line":25,"column":5}},"8":{"start":{"line":26,"column":28},"end":{"line":31,"column":5}},"9":{"start":{"line":33,"column":18},"end":{"line":33,"column":36}},"10":{"start":{"line":34,"column":18},"end":{"line":34,"column":36}},"11":{"start":{"line":36,"column":4},"end":{"line":85,"column":5}},"12":{"start":{"line":37,"column":37},"end":{"line":40,"column":8}},"13":{"start":{"line":41,"column":6},"end":{"line":41,"column":31}},"14":{"start":{"line":42,"column":6},"end":{"line":42,"column":29}},"15":{"start":{"line":43,"column":6},"end":{"line":43,"column":31}},"16":{"start":{"line":44,"column":6},"end":{"line":44,"column":29}},"17":{"start":{"line":46,"column":6},"end":{"line":50,"column":7}},"18":{"start":{"line":47,"column":8},"end":{"line":47,"column":62}},"19":{"start":{"line":49,"column":8},"end":{"line":49,"column":73}},"20":{"start":{"line":52,"column":6},"end":{"line":56,"column":7}},"21":{"start":{"line":53,"column":8},"end":{"line":53,"column":62}},"22":{"start":{"line":55,"column":8},"end":{"line":55,"column":73}},"23":{"start":{"line":57,"column":24},"end":{"line":57,"column":55}},"24":{"start":{"line":58,"column":24},"end":{"line":58,"column":55}},"25":{"start":{"line":60,"column":23},"end":{"line":60,"column":45}},"26":{"start":{"line":62,"column":28},"end":{"line":69,"column":7}},"27":{"start":{"line":71,"column":23},"end":{"line":71,"column":63}},"28":{"start":{"line":72,"column":6},"end":{"line":81,"column":7}},"29":{"start":{"line":73,"column":24},"end":{"line":73,"column":45}},"30":{"start":{"line":74,"column":8},"end":{"line":76,"column":9}},"31":{"start":{"line":74,"column":21},"end":{"line":74,"column":22}},"32":{"start":{"line":75,"column":10},"end":{"line":75,"column":39}},"33":{"start":{"line":77,"column":8},"end":{"line":77,"column":29}},"34":{"start":{"line":79,"column":8},"end":{"line":79,"column":62}},"35":{"start":{"line":80,"column":8},"end":{"line":80,"column":44}},"36":{"start":{"line":83,"column":6},"end":{"line":83,"column":46}},"37":{"start":{"line":84,"column":6},"end":{"line":84,"column":20}},"38":{"start":{"line":89,"column":0},"end":{"line":89,"column":32}}},"fnMap":{"0":{"name":"(anonymous_0)","decl":{"start":{"line":14,"column":23},"end":{"line":14,"column":24}},"loc":{"start":{"line":14,"column":47},"end":{"line":87,"column":1}},"line":14},"1":{"name":"(anonymous_1)","decl":{"start":{"line":16,"column":21},"end":{"line":16,"column":22}},"loc":{"start":{"line":16,"column":48},"end":{"line":86,"column":3}},"line":16}},"branchMap":{"0":{"loc":{"start":{"line":46,"column":6},"end":{"line":50,"column":7}},"type":"if","locations":[{"start":{"line":46,"column":6},"end":{"line":50,"column":7}},{"start":{"line":48,"column":13},"end":{"line":50,"column":7}}],"line":46},"1":{"loc":{"start":{"line":52,"column":6},"end":{"line":56,"column":7}},"type":"if","locations":[{"start":{"line":52,"column":6},"end":{"line":56,"column":7}},{"start":{"line":54,"column":13},"end":{"line":56,"column":7}}],"line":52},"2":{"loc":{"start":{"line":72,"column":6},"end":{"line":81,"column":7}},"type":"if","locations":[{"start":{"line":72,"column":6},"end":{"line":81,"column":7}},{"start":{"line":78,"column":13},"end":{"line":81,"column":7}}],"line":72}},"s":{"0":5,"1":5,"2":5,"3":5,"4":3,"5":3,"6":3,"7":3,"8":3,"9":3,"10":3,"11":3,"12":3,"13":2,"14":2,"15":2,"16":2,"17":2,"18":1,"19":1,"20":2,"21":1,"22":1,"23":2,"24":2,"25":2,"26":2,"27":2,"28":2,"29":1,"30":1,"31":1,"32":7,"33":1,"34":1,"35":1,"36":1,"37":1,"38":5},"f":{"0":3,"1":3},"b":{"0":[1,1],"1":[1,1],"2":[1,1]},"_coverageSchema":"1a1c01bbd47fc00a2c39e90264f33305004495a9","hash":"324d7c598c93c6b0e8ce26498bb00668c0bf3654"}
,"C:\\cpen321\\RouteRider\\Backend\\server.js": {"path":"C:\\cpen321\\RouteRider\\Backend\\server.js","statementMap":{"0":{"start":{"line":1,"column":16},"end":{"line":1,"column":34}},"1":{"start":{"line":2,"column":14},"end":{"line":2,"column":30}},"2":{"start":{"line":3,"column":13},"end":{"line":3,"column":28}},"3":{"start":{"line":4,"column":11},"end":{"line":4,"column":24}},"4":{"start":{"line":6,"column":13},"end":{"line":6,"column":17}},"5":{"start":{"line":8,"column":24},"end":{"line":8,"column":42}},"6":{"start":{"line":10,"column":26},"end":{"line":10,"column":62}},"7":{"start":{"line":11,"column":20},"end":{"line":11,"column":58}},"8":{"start":{"line":12,"column":13},"end":{"line":12,"column":28}},"9":{"start":{"line":15,"column":17},"end":{"line":15,"column":44}},"10":{"start":{"line":16,"column":21},"end":{"line":16,"column":64}},"11":{"start":{"line":18,"column":12},"end":{"line":18,"column":21}},"12":{"start":{"line":19,"column":0},"end":{"line":19,"column":24}},"13":{"start":{"line":21,"column":13},"end":{"line":21,"column":40}},"14":{"start":{"line":22,"column":17},"end":{"line":22,"column":48}},"15":{"start":{"line":23,"column":18},"end":{"line":23,"column":48}},"16":{"start":{"line":24,"column":23},"end":{"line":24,"column":53}},"17":{"start":{"line":28,"column":14},"end":{"line":28,"column":39}},"18":{"start":{"line":32,"column":27},"end":{"line":32,"column":59}},"19":{"start":{"line":34,"column":24},"end":{"line":34,"column":119}},"20":{"start":{"line":35,"column":24},"end":{"line":35,"column":90}},"21":{"start":{"line":36,"column":24},"end":{"line":36,"column":90}},"22":{"start":{"line":37,"column":24},"end":{"line":37,"column":90}},"23":{"start":{"line":38,"column":24},"end":{"line":38,"column":90}},"24":{"start":{"line":39,"column":24},"end":{"line":39,"column":90}},"25":{"start":{"line":40,"column":24},"end":{"line":40,"column":90}},"26":{"start":{"line":41,"column":24},"end":{"line":41,"column":90}},"27":{"start":{"line":42,"column":24},"end":{"line":42,"column":90}},"28":{"start":{"line":43,"column":25},"end":{"line":43,"column":91}},"29":{"start":{"line":44,"column":25},"end":{"line":44,"column":91}},"30":{"start":{"line":45,"column":25},"end":{"line":45,"column":91}},"31":{"start":{"line":46,"column":25},"end":{"line":46,"column":91}},"32":{"start":{"line":47,"column":25},"end":{"line":47,"column":91}},"33":{"start":{"line":48,"column":25},"end":{"line":48,"column":91}},"34":{"start":{"line":49,"column":25},"end":{"line":49,"column":91}},"35":{"start":{"line":50,"column":25},"end":{"line":50,"column":91}},"36":{"start":{"line":51,"column":25},"end":{"line":51,"column":91}},"37":{"start":{"line":52,"column":25},"end":{"line":52,"column":91}},"38":{"start":{"line":53,"column":25},"end":{"line":53,"column":91}},"39":{"start":{"line":54,"column":25},"end":{"line":54,"column":91}},"40":{"start":{"line":55,"column":25},"end":{"line":55,"column":91}},"41":{"start":{"line":56,"column":25},"end":{"line":56,"column":91}},"42":{"start":{"line":57,"column":25},"end":{"line":57,"column":91}},"43":{"start":{"line":58,"column":25},"end":{"line":58,"column":91}},"44":{"start":{"line":59,"column":25},"end":{"line":59,"column":80}},"45":{"start":{"line":61,"column":19},"end":{"line":61,"column":556}},"46":{"start":{"line":65,"column":0},"end":{"line":77,"column":1}},"47":{"start":{"line":85,"column":13},"end":{"line":85,"column":33}},"48":{"start":{"line":86,"column":16},"end":{"line":86,"column":31}},"49":{"start":{"line":87,"column":18},"end":{"line":87,"column":36}},"50":{"start":{"line":88,"column":10},"end":{"line":88,"column":28}},"51":{"start":{"line":90,"column":0},"end":{"line":93,"column":3}},"52":{"start":{"line":96,"column":12},"end":{"line":96,"column":39}},"53":{"start":{"line":97,"column":15},"end":{"line":97,"column":35}},"54":{"start":{"line":116,"column":0},"end":{"line":116,"column":46}},"55":{"start":{"line":118,"column":0},"end":{"line":118,"column":53}},"56":{"start":{"line":121,"column":0},"end":{"line":121,"column":69}},"57":{"start":{"line":123,"column":0},"end":{"line":123,"column":60}},"58":{"start":{"line":128,"column":0},"end":{"line":128,"column":71}},"59":{"start":{"line":130,"column":0},"end":{"line":133,"column":2}},"60":{"start":{"line":134,"column":0},"end":{"line":137,"column":2}},"61":{"start":{"line":145,"column":0},"end":{"line":145,"column":58}},"62":{"start":{"line":146,"column":0},"end":{"line":146,"column":65}},"63":{"start":{"line":148,"column":0},"end":{"line":148,"column":61}},"64":{"start":{"line":150,"column":0},"end":{"line":150,"column":64}},"65":{"start":{"line":152,"column":0},"end":{"line":152,"column":56}},"66":{"start":{"line":154,"column":0},"end":{"line":154,"column":69}},"67":{"start":{"line":164,"column":0},"end":{"line":205,"column":3}},"68":{"start":{"line":165,"column":16},"end":{"line":165,"column":30}},"69":{"start":{"line":166,"column":16},"end":{"line":166,"column":30}},"70":{"start":{"line":167,"column":2},"end":{"line":172,"column":3}},"71":{"start":{"line":170,"column":4},"end":{"line":170,"column":64}},"72":{"start":{"line":171,"column":4},"end":{"line":171,"column":11}},"73":{"start":{"line":175,"column":2},"end":{"line":200,"column":6}},"74":{"start":{"line":180,"column":6},"end":{"line":199,"column":7}},"75":{"start":{"line":182,"column":8},"end":{"line":192,"column":13}},"76":{"start":{"line":188,"column":12},"end":{"line":191,"column":15}},"77":{"start":{"line":195,"column":8},"end":{"line":198,"column":11}},"78":{"start":{"line":210,"column":0},"end":{"line":220,"column":3}},"79":{"start":{"line":211,"column":21},"end":{"line":211,"column":40}},"80":{"start":{"line":212,"column":24},"end":{"line":212,"column":46}},"81":{"start":{"line":217,"column":2},"end":{"line":219,"column":5}},"82":{"start":{"line":218,"column":4},"end":{"line":218,"column":58}},"83":{"start":{"line":222,"column":2},"end":{"line":284,"column":5}},"84":{"start":{"line":223,"column":4},"end":{"line":226,"column":5}},"85":{"start":{"line":225,"column":6},"end":{"line":225,"column":77}},"86":{"start":{"line":228,"column":4},"end":{"line":283,"column":7}},"87":{"start":{"line":233,"column":6},"end":{"line":282,"column":7}},"88":{"start":{"line":242,"column":28},"end":{"line":242,"column":45}},"89":{"start":{"line":246,"column":24},"end":{"line":252,"column":9}},"90":{"start":{"line":255,"column":8},"end":{"line":255,"column":50}},"91":{"start":{"line":256,"column":8},"end":{"line":272,"column":9}},"92":{"start":{"line":263,"column":10},"end":{"line":263,"column":92}},"93":{"start":{"line":271,"column":10},"end":{"line":271,"column":89}},"94":{"start":{"line":281,"column":8},"end":{"line":281,"column":92}},"95":{"start":{"line":287,"column":2},"end":{"line":299,"column":7}},"96":{"start":{"line":293,"column":6},"end":{"line":293,"column":15}},"97":{"start":{"line":298,"column":6},"end":{"line":298,"column":15}},"98":{"start":{"line":305,"column":0},"end":{"line":317,"column":3}},"99":{"start":{"line":315,"column":12},"end":{"line":315,"column":54}},"100":{"start":{"line":316,"column":2},"end":{"line":316,"column":56}},"101":{"start":{"line":320,"column":0},"end":{"line":325,"column":3}},"102":{"start":{"line":321,"column":20},"end":{"line":321,"column":40}},"103":{"start":{"line":322,"column":26},"end":{"line":322,"column":70}},"104":{"start":{"line":323,"column":4},"end":{"line":323,"column":44}},"105":{"start":{"line":343,"column":40},"end":{"line":356,"column":1}},"106":{"start":{"line":344,"column":16},"end":{"line":344,"column":32}},"107":{"start":{"line":345,"column":22},"end":{"line":345,"column":44}},"108":{"start":{"line":346,"column":15},"end":{"line":346,"column":30}},"109":{"start":{"line":347,"column":2},"end":{"line":355,"column":4}},"110":{"start":{"line":349,"column":6},"end":{"line":349,"column":54}},"111":{"start":{"line":353,"column":6},"end":{"line":353,"column":54}},"112":{"start":{"line":358,"column":0},"end":{"line":361,"column":2}},"113":{"start":{"line":365,"column":29},"end":{"line":380,"column":1}},"114":{"start":{"line":366,"column":16},"end":{"line":366,"column":32}},"115":{"start":{"line":367,"column":15},"end":{"line":367,"column":30}},"116":{"start":{"line":371,"column":2},"end":{"line":379,"column":4}},"117":{"start":{"line":373,"column":6},"end":{"line":373,"column":54}},"118":{"start":{"line":377,"column":6},"end":{"line":377,"column":54}},"119":{"start":{"line":382,"column":0},"end":{"line":382,"column":73}},"120":{"start":{"line":384,"column":34},"end":{"line":394,"column":1}},"121":{"start":{"line":385,"column":2},"end":{"line":393,"column":3}},"122":{"start":{"line":386,"column":18},"end":{"line":386,"column":34}},"123":{"start":{"line":387,"column":18},"end":{"line":387,"column":34}},"124":{"start":{"line":388,"column":19},"end":{"line":388,"column":53}},"125":{"start":{"line":389,"column":4},"end":{"line":389,"column":57}},"126":{"start":{"line":391,"column":4},"end":{"line":391,"column":79}},"127":{"start":{"line":392,"column":4},"end":{"line":392,"column":64}},"128":{"start":{"line":396,"column":0},"end":{"line":396,"column":80}},"129":{"start":{"line":419,"column":2},"end":{"line":497,"column":5}},"130":{"start":{"line":421,"column":19},"end":{"line":421,"column":41}},"131":{"start":{"line":422,"column":4},"end":{"line":496,"column":9}},"132":{"start":{"line":427,"column":24},"end":{"line":427,"column":37}},"133":{"start":{"line":431,"column":23},"end":{"line":431,"column":150}},"134":{"start":{"line":433,"column":24},"end":{"line":438,"column":9}},"135":{"start":{"line":440,"column":20},"end":{"line":489,"column":10}},"136":{"start":{"line":441,"column":21},"end":{"line":441,"column":23}},"137":{"start":{"line":443,"column":10},"end":{"line":445,"column":13}},"138":{"start":{"line":444,"column":12},"end":{"line":444,"column":26}},"139":{"start":{"line":447,"column":10},"end":{"line":488,"column":13}},"140":{"start":{"line":448,"column":12},"end":{"line":487,"column":13}},"141":{"start":{"line":449,"column":35},"end":{"line":449,"column":51}},"142":{"start":{"line":455,"column":14},"end":{"line":481,"column":15}},"143":{"start":{"line":463,"column":32},"end":{"line":469,"column":17}},"144":{"start":{"line":471,"column":26},"end":{"line":471,"column":55}},"145":{"start":{"line":472,"column":16},"end":{"line":478,"column":17}},"146":{"start":{"line":474,"column":18},"end":{"line":474,"column":32}},"147":{"start":{"line":477,"column":18},"end":{"line":477,"column":33}},"148":{"start":{"line":480,"column":16},"end":{"line":480,"column":31}},"149":{"start":{"line":483,"column":14},"end":{"line":485,"column":16}},"150":{"start":{"line":486,"column":14},"end":{"line":486,"column":29}},"151":{"start":{"line":491,"column":8},"end":{"line":493,"column":11}},"152":{"start":{"line":495,"column":8},"end":{"line":495,"column":18}},"153":{"start":{"line":631,"column":2},"end":{"line":645,"column":3}},"154":{"start":{"line":632,"column":24},"end":{"line":635,"column":6}},"155":{"start":{"line":637,"column":4},"end":{"line":637,"column":55}},"156":{"start":{"line":639,"column":4},"end":{"line":639,"column":45}},"157":{"start":{"line":641,"column":4},"end":{"line":641,"column":52}},"158":{"start":{"line":643,"column":4},"end":{"line":643,"column":55}},"159":{"start":{"line":644,"column":4},"end":{"line":644,"column":16}},"160":{"start":{"line":649,"column":2},"end":{"line":658,"column":5}},"161":{"start":{"line":650,"column":4},"end":{"line":657,"column":5}},"162":{"start":{"line":651,"column":6},"end":{"line":654,"column":9}},"163":{"start":{"line":652,"column":8},"end":{"line":652,"column":46}},"164":{"start":{"line":653,"column":8},"end":{"line":653,"column":18}},"165":{"start":{"line":656,"column":6},"end":{"line":656,"column":16}},"166":{"start":{"line":662,"column":2},"end":{"line":675,"column":3}},"167":{"start":{"line":664,"column":4},"end":{"line":664,"column":40}},"168":{"start":{"line":667,"column":4},"end":{"line":667,"column":27}},"169":{"start":{"line":670,"column":4},"end":{"line":670,"column":54}},"170":{"start":{"line":673,"column":4},"end":{"line":673,"column":26}},"171":{"start":{"line":674,"column":4},"end":{"line":674,"column":16}},"172":{"start":{"line":678,"column":0},"end":{"line":678,"column":20}},"173":{"start":{"line":695,"column":2},"end":{"line":705,"column":3}},"174":{"start":{"line":696,"column":4},"end":{"line":696,"column":34}},"175":{"start":{"line":698,"column":4},"end":{"line":704,"column":7}},"176":{"start":{"line":699,"column":6},"end":{"line":703,"column":7}},"177":{"start":{"line":700,"column":8},"end":{"line":700,"column":52}},"178":{"start":{"line":702,"column":8},"end":{"line":702,"column":37}},"179":{"start":{"line":850,"column":20},"end":{"line":850,"column":22}},"180":{"start":{"line":852,"column":17},"end":{"line":855,"column":34}},"181":{"start":{"line":856,"column":13},"end":{"line":859,"column":34}},"182":{"start":{"line":860,"column":2},"end":{"line":867,"column":3}},"183":{"start":{"line":861,"column":4},"end":{"line":862,"column":50}},"184":{"start":{"line":864,"column":7},"end":{"line":867,"column":3}},"185":{"start":{"line":865,"column":4},"end":{"line":866,"column":57}},"186":{"start":{"line":873,"column":2},"end":{"line":894,"column":3}},"187":{"start":{"line":874,"column":27},"end":{"line":874,"column":29}},"188":{"start":{"line":875,"column":31},"end":{"line":875,"column":33}},"189":{"start":{"line":876,"column":27},"end":{"line":876,"column":39}},"190":{"start":{"line":877,"column":4},"end":{"line":887,"column":5}},"191":{"start":{"line":877,"column":17},"end":{"line":877,"column":18}},"192":{"start":{"line":880,"column":6},"end":{"line":886,"column":7}},"193":{"start":{"line":882,"column":8},"end":{"line":882,"column":56}},"194":{"start":{"line":883,"column":8},"end":{"line":883,"column":58}},"195":{"start":{"line":884,"column":8},"end":{"line":884,"column":66}},"196":{"start":{"line":885,"column":8},"end":{"line":885,"column":14}},"197":{"start":{"line":888,"column":4},"end":{"line":890,"column":5}},"198":{"start":{"line":889,"column":6},"end":{"line":889,"column":63}},"199":{"start":{"line":896,"column":2},"end":{"line":989,"column":5}},"200":{"start":{"line":897,"column":4},"end":{"line":900,"column":5}},"201":{"start":{"line":899,"column":6},"end":{"line":899,"column":26}},"202":{"start":{"line":902,"column":4},"end":{"line":988,"column":9}},"203":{"start":{"line":908,"column":8},"end":{"line":908,"column":45}},"204":{"start":{"line":908,"column":38},"end":{"line":908,"column":45}},"205":{"start":{"line":917,"column":17},"end":{"line":917,"column":19}},"206":{"start":{"line":918,"column":24},"end":{"line":918,"column":26}},"207":{"start":{"line":919,"column":27},"end":{"line":919,"column":29}},"208":{"start":{"line":920,"column":19},"end":{"line":920,"column":21}},"209":{"start":{"line":921,"column":19},"end":{"line":921,"column":21}},"210":{"start":{"line":922,"column":22},"end":{"line":922,"column":24}},"211":{"start":{"line":923,"column":25},"end":{"line":923,"column":27}},"212":{"start":{"line":925,"column":8},"end":{"line":925,"column":61}},"213":{"start":{"line":926,"column":8},"end":{"line":926,"column":61}},"214":{"start":{"line":927,"column":8},"end":{"line":927,"column":69}},"215":{"start":{"line":928,"column":8},"end":{"line":928,"column":73}},"216":{"start":{"line":929,"column":8},"end":{"line":929,"column":24}},"217":{"start":{"line":931,"column":25},"end":{"line":931,"column":27}},"218":{"start":{"line":932,"column":8},"end":{"line":977,"column":11}},"219":{"start":{"line":933,"column":10},"end":{"line":933,"column":40}},"220":{"start":{"line":935,"column":10},"end":{"line":959,"column":11}},"221":{"start":{"line":936,"column":12},"end":{"line":953,"column":13}},"222":{"start":{"line":938,"column":16},"end":{"line":938,"column":29}},"223":{"start":{"line":939,"column":16},"end":{"line":939,"column":58}},"224":{"start":{"line":940,"column":16},"end":{"line":940,"column":69}},"225":{"start":{"line":941,"column":16},"end":{"line":941,"column":73}},"226":{"start":{"line":942,"column":16},"end":{"line":942,"column":22}},"227":{"start":{"line":944,"column":16},"end":{"line":944,"column":34}},"228":{"start":{"line":945,"column":16},"end":{"line":945,"column":52}},"229":{"start":{"line":946,"column":16},"end":{"line":946,"column":69}},"230":{"start":{"line":947,"column":16},"end":{"line":947,"column":73}},"231":{"start":{"line":948,"column":16},"end":{"line":948,"column":22}},"232":{"start":{"line":955,"column":12},"end":{"line":955,"column":26}},"233":{"start":{"line":956,"column":12},"end":{"line":956,"column":24}},"234":{"start":{"line":957,"column":12},"end":{"line":957,"column":43}},"235":{"start":{"line":958,"column":12},"end":{"line":958,"column":47}},"236":{"start":{"line":961,"column":10},"end":{"line":961,"column":50}},"237":{"start":{"line":970,"column":10},"end":{"line":975,"column":12}},"238":{"start":{"line":976,"column":10},"end":{"line":976,"column":35}},"239":{"start":{"line":978,"column":8},"end":{"line":978,"column":30}},"240":{"start":{"line":981,"column":8},"end":{"line":981,"column":50}},"241":{"start":{"line":983,"column":8},"end":{"line":983,"column":62}},"242":{"start":{"line":984,"column":8},"end":{"line":984,"column":28}},"243":{"start":{"line":1008,"column":19},"end":{"line":1008,"column":21}},"244":{"start":{"line":1010,"column":20},"end":{"line":1010,"column":22}},"245":{"start":{"line":1011,"column":17},"end":{"line":1014,"column":39}},"246":{"start":{"line":1015,"column":13},"end":{"line":1018,"column":39}},"247":{"start":{"line":1020,"column":2},"end":{"line":1030,"column":3}},"248":{"start":{"line":1021,"column":4},"end":{"line":1022,"column":50}},"249":{"start":{"line":1024,"column":4},"end":{"line":1024,"column":47}},"250":{"start":{"line":1025,"column":9},"end":{"line":1030,"column":3}},"251":{"start":{"line":1026,"column":4},"end":{"line":1027,"column":42}},"252":{"start":{"line":1029,"column":4},"end":{"line":1029,"column":47}},"253":{"start":{"line":1035,"column":20},"end":{"line":1035,"column":22}},"254":{"start":{"line":1036,"column":13},"end":{"line":1036,"column":22}},"255":{"start":{"line":1037,"column":2},"end":{"line":1049,"column":3}},"256":{"start":{"line":1037,"column":15},"end":{"line":1037,"column":16}},"257":{"start":{"line":1039,"column":4},"end":{"line":1048,"column":5}},"258":{"start":{"line":1040,"column":18},"end":{"line":1040,"column":20}},"259":{"start":{"line":1041,"column":6},"end":{"line":1041,"column":44}},"260":{"start":{"line":1042,"column":6},"end":{"line":1042,"column":60}},"261":{"start":{"line":1043,"column":6},"end":{"line":1043,"column":76}},"262":{"start":{"line":1045,"column":6},"end":{"line":1045,"column":30}},"263":{"start":{"line":1047,"column":6},"end":{"line":1047,"column":56}},"264":{"start":{"line":1052,"column":13},"end":{"line":1052,"column":15}},"265":{"start":{"line":1053,"column":2},"end":{"line":1125,"column":3}},"266":{"start":{"line":1062,"column":4},"end":{"line":1066,"column":6}},"267":{"start":{"line":1074,"column":21},"end":{"line":1084,"column":5}},"268":{"start":{"line":1087,"column":15},"end":{"line":1087,"column":17}},"269":{"start":{"line":1088,"column":21},"end":{"line":1088,"column":23}},"270":{"start":{"line":1089,"column":4},"end":{"line":1115,"column":5}},"271":{"start":{"line":1089,"column":17},"end":{"line":1089,"column":18}},"272":{"start":{"line":1090,"column":6},"end":{"line":1090,"column":45}},"273":{"start":{"line":1091,"column":6},"end":{"line":1091,"column":36}},"274":{"start":{"line":1093,"column":6},"end":{"line":1114,"column":7}},"275":{"start":{"line":1094,"column":8},"end":{"line":1112,"column":9}},"276":{"start":{"line":1096,"column":12},"end":{"line":1096,"column":43}},"277":{"start":{"line":1097,"column":12},"end":{"line":1097,"column":72}},"278":{"start":{"line":1098,"column":12},"end":{"line":1099,"column":55}},"279":{"start":{"line":1100,"column":12},"end":{"line":1101,"column":55}},"280":{"start":{"line":1102,"column":12},"end":{"line":1102,"column":18}},"281":{"start":{"line":1104,"column":12},"end":{"line":1104,"column":48}},"282":{"start":{"line":1105,"column":12},"end":{"line":1105,"column":66}},"283":{"start":{"line":1106,"column":12},"end":{"line":1107,"column":55}},"284":{"start":{"line":1108,"column":12},"end":{"line":1108,"column":18}},"285":{"start":{"line":1113,"column":8},"end":{"line":1113,"column":14}},"286":{"start":{"line":1117,"column":4},"end":{"line":1117,"column":66}},"287":{"start":{"line":1118,"column":4},"end":{"line":1118,"column":68}},"288":{"start":{"line":1119,"column":4},"end":{"line":1122,"column":6}},"289":{"start":{"line":1124,"column":4},"end":{"line":1124,"column":30}},"290":{"start":{"line":1134,"column":18},"end":{"line":1134,"column":20}},"291":{"start":{"line":1135,"column":18},"end":{"line":1135,"column":20}},"292":{"start":{"line":1136,"column":2},"end":{"line":1158,"column":3}},"293":{"start":{"line":1137,"column":4},"end":{"line":1157,"column":5}},"294":{"start":{"line":1139,"column":6},"end":{"line":1156,"column":7}},"295":{"start":{"line":1139,"column":19},"end":{"line":1139,"column":20}},"296":{"start":{"line":1140,"column":8},"end":{"line":1140,"column":62}},"297":{"start":{"line":1141,"column":8},"end":{"line":1155,"column":11}},"298":{"start":{"line":1142,"column":10},"end":{"line":1154,"column":13}},"299":{"start":{"line":1149,"column":12},"end":{"line":1153,"column":13}},"300":{"start":{"line":1150,"column":14},"end":{"line":1152,"column":17}},"301":{"start":{"line":1151,"column":16},"end":{"line":1151,"column":28}},"302":{"start":{"line":1159,"column":2},"end":{"line":1159,"column":57}},"303":{"start":{"line":1185,"column":14},"end":{"line":1185,"column":19}},"304":{"start":{"line":1186,"column":21},"end":{"line":1186,"column":23}},"305":{"start":{"line":1188,"column":22},"end":{"line":1191,"column":34}},"306":{"start":{"line":1192,"column":2},"end":{"line":1199,"column":3}},"307":{"start":{"line":1196,"column":4},"end":{"line":1196,"column":17}},"308":{"start":{"line":1197,"column":4},"end":{"line":1198,"column":62}},"309":{"start":{"line":1200,"column":24},"end":{"line":1203,"column":36}},"310":{"start":{"line":1204,"column":2},"end":{"line":1211,"column":3}},"311":{"start":{"line":1208,"column":4},"end":{"line":1208,"column":17}},"312":{"start":{"line":1209,"column":4},"end":{"line":1210,"column":64}},"313":{"start":{"line":1213,"column":13},"end":{"line":1216,"column":32}},"314":{"start":{"line":1217,"column":2},"end":{"line":1224,"column":3}},"315":{"start":{"line":1221,"column":4},"end":{"line":1221,"column":17}},"316":{"start":{"line":1222,"column":4},"end":{"line":1223,"column":55}},"317":{"start":{"line":1225,"column":15},"end":{"line":1228,"column":36}},"318":{"start":{"line":1229,"column":2},"end":{"line":1236,"column":3}},"319":{"start":{"line":1233,"column":4},"end":{"line":1233,"column":17}},"320":{"start":{"line":1234,"column":4},"end":{"line":1235,"column":57}},"321":{"start":{"line":1238,"column":2},"end":{"line":1451,"column":5}},"322":{"start":{"line":1239,"column":4},"end":{"line":1241,"column":5}},"323":{"start":{"line":1240,"column":6},"end":{"line":1240,"column":27}},"324":{"start":{"line":1243,"column":32},"end":{"line":1243,"column":34}},"325":{"start":{"line":1244,"column":36},"end":{"line":1244,"column":38}},"326":{"start":{"line":1245,"column":32},"end":{"line":1245,"column":44}},"327":{"start":{"line":1246,"column":34},"end":{"line":1246,"column":36}},"328":{"start":{"line":1247,"column":38},"end":{"line":1247,"column":40}},"329":{"start":{"line":1248,"column":34},"end":{"line":1248,"column":48}},"330":{"start":{"line":1249,"column":4},"end":{"line":1259,"column":5}},"331":{"start":{"line":1249,"column":17},"end":{"line":1249,"column":18}},"332":{"start":{"line":1252,"column":6},"end":{"line":1258,"column":7}},"333":{"start":{"line":1254,"column":8},"end":{"line":1254,"column":66}},"334":{"start":{"line":1255,"column":8},"end":{"line":1255,"column":68}},"335":{"start":{"line":1256,"column":8},"end":{"line":1256,"column":76}},"336":{"start":{"line":1257,"column":8},"end":{"line":1257,"column":14}},"337":{"start":{"line":1260,"column":4},"end":{"line":1267,"column":5}},"338":{"start":{"line":1264,"column":6},"end":{"line":1266,"column":8}},"339":{"start":{"line":1269,"column":4},"end":{"line":1279,"column":5}},"340":{"start":{"line":1272,"column":6},"end":{"line":1278,"column":7}},"341":{"start":{"line":1274,"column":8},"end":{"line":1274,"column":70}},"342":{"start":{"line":1275,"column":8},"end":{"line":1275,"column":72}},"343":{"start":{"line":1276,"column":8},"end":{"line":1276,"column":80}},"344":{"start":{"line":1277,"column":8},"end":{"line":1277,"column":14}},"345":{"start":{"line":1280,"column":4},"end":{"line":1287,"column":5}},"346":{"start":{"line":1284,"column":6},"end":{"line":1286,"column":8}},"347":{"start":{"line":1294,"column":23},"end":{"line":1294,"column":86}},"348":{"start":{"line":1296,"column":27},"end":{"line":1296,"column":29}},"349":{"start":{"line":1297,"column":31},"end":{"line":1297,"column":33}},"350":{"start":{"line":1298,"column":4},"end":{"line":1304,"column":5}},"351":{"start":{"line":1299,"column":6},"end":{"line":1299,"column":47}},"352":{"start":{"line":1300,"column":6},"end":{"line":1300,"column":55}},"353":{"start":{"line":1302,"column":6},"end":{"line":1302,"column":49}},"354":{"start":{"line":1303,"column":6},"end":{"line":1303,"column":57}},"355":{"start":{"line":1306,"column":4},"end":{"line":1450,"column":9}},"356":{"start":{"line":1313,"column":23},"end":{"line":1318,"column":9}},"357":{"start":{"line":1319,"column":23},"end":{"line":1324,"column":9}},"358":{"start":{"line":1327,"column":30},"end":{"line":1327,"column":70}},"359":{"start":{"line":1328,"column":20},"end":{"line":1328,"column":69}},"360":{"start":{"line":1329,"column":20},"end":{"line":1329,"column":69}},"361":{"start":{"line":1332,"column":8},"end":{"line":1332,"column":50}},"362":{"start":{"line":1337,"column":43},"end":{"line":1340,"column":9}},"363":{"start":{"line":1345,"column":24},"end":{"line":1345,"column":62}},"364":{"start":{"line":1346,"column":29},"end":{"line":1346,"column":73}},"365":{"start":{"line":1348,"column":8},"end":{"line":1445,"column":13}},"366":{"start":{"line":1357,"column":21},"end":{"line":1357,"column":23}},"367":{"start":{"line":1358,"column":28},"end":{"line":1358,"column":30}},"368":{"start":{"line":1359,"column":31},"end":{"line":1359,"column":33}},"369":{"start":{"line":1360,"column":23},"end":{"line":1360,"column":25}},"370":{"start":{"line":1361,"column":29},"end":{"line":1361,"column":31}},"371":{"start":{"line":1362,"column":23},"end":{"line":1362,"column":25}},"372":{"start":{"line":1363,"column":26},"end":{"line":1363,"column":28}},"373":{"start":{"line":1364,"column":29},"end":{"line":1364,"column":31}},"374":{"start":{"line":1366,"column":12},"end":{"line":1366,"column":65}},"375":{"start":{"line":1367,"column":12},"end":{"line":1367,"column":65}},"376":{"start":{"line":1368,"column":12},"end":{"line":1368,"column":48}},"377":{"start":{"line":1369,"column":12},"end":{"line":1369,"column":77}},"378":{"start":{"line":1370,"column":12},"end":{"line":1370,"column":28}},"379":{"start":{"line":1372,"column":12},"end":{"line":1414,"column":15}},"380":{"start":{"line":1373,"column":14},"end":{"line":1373,"column":44}},"381":{"start":{"line":1375,"column":14},"end":{"line":1396,"column":15}},"382":{"start":{"line":1376,"column":16},"end":{"line":1390,"column":17}},"383":{"start":{"line":1378,"column":20},"end":{"line":1378,"column":33}},"384":{"start":{"line":1379,"column":20},"end":{"line":1379,"column":62}},"385":{"start":{"line":1380,"column":20},"end":{"line":1380,"column":73}},"386":{"start":{"line":1381,"column":20},"end":{"line":1381,"column":77}},"387":{"start":{"line":1382,"column":20},"end":{"line":1382,"column":26}},"388":{"start":{"line":1384,"column":20},"end":{"line":1384,"column":38}},"389":{"start":{"line":1385,"column":20},"end":{"line":1385,"column":56}},"390":{"start":{"line":1386,"column":20},"end":{"line":1386,"column":73}},"391":{"start":{"line":1387,"column":20},"end":{"line":1387,"column":77}},"392":{"start":{"line":1388,"column":20},"end":{"line":1388,"column":26}},"393":{"start":{"line":1392,"column":16},"end":{"line":1392,"column":30}},"394":{"start":{"line":1393,"column":16},"end":{"line":1393,"column":28}},"395":{"start":{"line":1394,"column":16},"end":{"line":1394,"column":47}},"396":{"start":{"line":1395,"column":16},"end":{"line":1395,"column":51}},"397":{"start":{"line":1398,"column":14},"end":{"line":1398,"column":54}},"398":{"start":{"line":1407,"column":14},"end":{"line":1412,"column":16}},"399":{"start":{"line":1413,"column":14},"end":{"line":1413,"column":39}},"400":{"start":{"line":1415,"column":12},"end":{"line":1415,"column":38}},"401":{"start":{"line":1416,"column":12},"end":{"line":1416,"column":38}},"402":{"start":{"line":1421,"column":12},"end":{"line":1421,"column":34}},"403":{"start":{"line":1422,"column":12},"end":{"line":1422,"column":64}},"404":{"start":{"line":1423,"column":12},"end":{"line":1423,"column":64}},"405":{"start":{"line":1426,"column":12},"end":{"line":1426,"column":54}},"406":{"start":{"line":1428,"column":12},"end":{"line":1428,"column":66}},"407":{"start":{"line":1429,"column":12},"end":{"line":1429,"column":32}},"408":{"start":{"line":1449,"column":8},"end":{"line":1449,"column":22}},"409":{"start":{"line":1463,"column":2},"end":{"line":1498,"column":5}},"410":{"start":{"line":1464,"column":14},"end":{"line":1464,"column":15}},"411":{"start":{"line":1465,"column":15},"end":{"line":1465,"column":16}},"412":{"start":{"line":1466,"column":17},"end":{"line":1466,"column":28}},"413":{"start":{"line":1469,"column":6},"end":{"line":1469,"column":108}},"414":{"start":{"line":1470,"column":29},"end":{"line":1470,"column":62}},"415":{"start":{"line":1473,"column":4},"end":{"line":1497,"column":9}},"416":{"start":{"line":1480,"column":8},"end":{"line":1480,"column":48}},"417":{"start":{"line":1481,"column":8},"end":{"line":1481,"column":49}},"418":{"start":{"line":1490,"column":8},"end":{"line":1490,"column":35}},"419":{"start":{"line":1491,"column":8},"end":{"line":1491,"column":36}},"420":{"start":{"line":1492,"column":8},"end":{"line":1492,"column":24}},"421":{"start":{"line":1512,"column":2},"end":{"line":1567,"column":5}},"422":{"start":{"line":1513,"column":19},"end":{"line":1513,"column":73}},"423":{"start":{"line":1514,"column":19},"end":{"line":1514,"column":60}},"424":{"start":{"line":1516,"column":19},"end":{"line":1522,"column":6}},"425":{"start":{"line":1524,"column":16},"end":{"line":1524,"column":48}},"426":{"start":{"line":1526,"column":20},"end":{"line":1562,"column":6}},"427":{"start":{"line":1527,"column":17},"end":{"line":1527,"column":19}},"428":{"start":{"line":1530,"column":6},"end":{"line":1532,"column":9}},"429":{"start":{"line":1531,"column":8},"end":{"line":1531,"column":22}},"430":{"start":{"line":1534,"column":6},"end":{"line":1561,"column":9}},"431":{"start":{"line":1537,"column":21},"end":{"line":1537,"column":44}},"432":{"start":{"line":1538,"column":8},"end":{"line":1555,"column":9}},"433":{"start":{"line":1540,"column":10},"end":{"line":1551,"column":13}},"434":{"start":{"line":1547,"column":12},"end":{"line":1549,"column":15}},"435":{"start":{"line":1554,"column":10},"end":{"line":1554,"column":37}},"436":{"start":{"line":1560,"column":8},"end":{"line":1560,"column":34}},"437":{"start":{"line":1563,"column":4},"end":{"line":1566,"column":7}},"438":{"start":{"line":1572,"column":10},"end":{"line":1572,"column":17}},"439":{"start":{"line":1573,"column":10},"end":{"line":1573,"column":17}},"440":{"start":{"line":1575,"column":2},"end":{"line":1575,"column":34}},"441":{"start":{"line":1586,"column":27},"end":{"line":1586,"column":47}},"442":{"start":{"line":1587,"column":29},"end":{"line":1587,"column":49}},"443":{"start":{"line":1588,"column":30},"end":{"line":1593,"column":3}},"444":{"start":{"line":1594,"column":25},"end":{"line":1599,"column":3}},"445":{"start":{"line":1600,"column":32},"end":{"line":1605,"column":3}},"446":{"start":{"line":1606,"column":27},"end":{"line":1611,"column":3}},"447":{"start":{"line":1612,"column":21},"end":{"line":1612,"column":23}},"448":{"start":{"line":1613,"column":2},"end":{"line":1620,"column":3}},"449":{"start":{"line":1617,"column":4},"end":{"line":1617,"column":49}},"450":{"start":{"line":1619,"column":4},"end":{"line":1619,"column":47}},"451":{"start":{"line":1621,"column":2},"end":{"line":1621,"column":22}},"452":{"start":{"line":1631,"column":19},"end":{"line":1631,"column":30}},"453":{"start":{"line":1632,"column":2},"end":{"line":1657,"column":3}},"454":{"start":{"line":1632,"column":15},"end":{"line":1632,"column":16}},"455":{"start":{"line":1633,"column":4},"end":{"line":1655,"column":5}},"456":{"start":{"line":1634,"column":6},"end":{"line":1635,"column":57}},"457":{"start":{"line":1636,"column":6},"end":{"line":1638,"column":8}},"458":{"start":{"line":1639,"column":11},"end":{"line":1655,"column":5}},"459":{"start":{"line":1643,"column":6},"end":{"line":1644,"column":55}},"460":{"start":{"line":1645,"column":6},"end":{"line":1647,"column":8}},"461":{"start":{"line":1648,"column":11},"end":{"line":1655,"column":5}},"462":{"start":{"line":1650,"column":6},"end":{"line":1652,"column":8}},"463":{"start":{"line":1653,"column":6},"end":{"line":1654,"column":70}},"464":{"start":{"line":1658,"column":2},"end":{"line":1658,"column":20}},"465":{"start":{"line":1663,"column":15},"end":{"line":1663,"column":35}},"466":{"start":{"line":1664,"column":2},"end":{"line":1664,"column":43}},"467":{"start":{"line":1669,"column":15},"end":{"line":1669,"column":41}},"468":{"start":{"line":1670,"column":2},"end":{"line":1673,"column":5}},"469":{"start":{"line":1682,"column":25},"end":{"line":1682,"column":68}},"470":{"start":{"line":1688,"column":14},"end":{"line":1688,"column":45}},"471":{"start":{"line":1689,"column":16},"end":{"line":1689,"column":47}},"472":{"start":{"line":1690,"column":13},"end":{"line":1690,"column":52}},"473":{"start":{"line":1693,"column":2},"end":{"line":1695,"column":3}},"474":{"start":{"line":1694,"column":4},"end":{"line":1694,"column":16}},"475":{"start":{"line":1697,"column":28},"end":{"line":1699,"column":65}},"476":{"start":{"line":1701,"column":15},"end":{"line":1701,"column":42}},"477":{"start":{"line":1707,"column":2},"end":{"line":1707,"column":28}},"478":{"start":{"line":1712,"column":15},"end":{"line":1712,"column":34}},"479":{"start":{"line":1713,"column":21},"end":{"line":1715,"column":66}},"480":{"start":{"line":1716,"column":2},"end":{"line":1716,"column":20}},"481":{"start":{"line":1722,"column":28},"end":{"line":1722,"column":69}},"482":{"start":{"line":1723,"column":28},"end":{"line":1723,"column":69}},"483":{"start":{"line":1725,"column":2},"end":{"line":1725,"column":49}},"484":{"start":{"line":1728,"column":0},"end":{"line":1728,"column":108}}},"fnMap":{"0":{"name":"(anonymous_0)","decl":{"start":{"line":164,"column":29},"end":{"line":164,"column":30}},"loc":{"start":{"line":164,"column":43},"end":{"line":205,"column":1}},"line":164},"1":{"name":"(anonymous_1)","decl":{"start":{"line":179,"column":10},"end":{"line":179,"column":11}},"loc":{"start":{"line":179,"column":20},"end":{"line":200,"column":5}},"line":179},"2":{"name":"(anonymous_2)","decl":{"start":{"line":186,"column":16},"end":{"line":186,"column":17}},"loc":{"start":{"line":186,"column":22},"end":{"line":192,"column":11}},"line":186},"3":{"name":"(anonymous_3)","decl":{"start":{"line":210,"column":42},"end":{"line":210,"column":43}},"loc":{"start":{"line":210,"column":62},"end":{"line":220,"column":1}},"line":210},"4":{"name":"(anonymous_4)","decl":{"start":{"line":217,"column":66},"end":{"line":217,"column":67}},"loc":{"start":{"line":217,"column":75},"end":{"line":219,"column":3}},"line":217},"5":{"name":"findUserToken","decl":{"start":{"line":221,"column":9},"end":{"line":221,"column":22}},"loc":{"start":{"line":221,"column":72},"end":{"line":285,"column":1}},"line":221},"6":{"name":"(anonymous_6)","decl":{"start":{"line":222,"column":21},"end":{"line":222,"column":22}},"loc":{"start":{"line":222,"column":42},"end":{"line":284,"column":3}},"line":222},"7":{"name":"(anonymous_7)","decl":{"start":{"line":232,"column":10},"end":{"line":232,"column":11}},"loc":{"start":{"line":232,"column":30},"end":{"line":283,"column":5}},"line":232},"8":{"name":"sendNotification","decl":{"start":{"line":286,"column":9},"end":{"line":286,"column":25}},"loc":{"start":{"line":286,"column":35},"end":{"line":300,"column":1}},"line":286},"9":{"name":"(anonymous_9)","decl":{"start":{"line":290,"column":10},"end":{"line":290,"column":11}},"loc":{"start":{"line":290,"column":24},"end":{"line":294,"column":5}},"line":290},"10":{"name":"(anonymous_10)","decl":{"start":{"line":295,"column":11},"end":{"line":295,"column":12}},"loc":{"start":{"line":295,"column":22},"end":{"line":299,"column":5}},"line":295},"11":{"name":"(anonymous_11)","decl":{"start":{"line":305,"column":31},"end":{"line":305,"column":32}},"loc":{"start":{"line":305,"column":51},"end":{"line":317,"column":1}},"line":305},"12":{"name":"(anonymous_12)","decl":{"start":{"line":320,"column":45},"end":{"line":320,"column":46}},"loc":{"start":{"line":320,"column":65},"end":{"line":325,"column":1}},"line":320},"13":{"name":"(anonymous_13)","decl":{"start":{"line":343,"column":40},"end":{"line":343,"column":41}},"loc":{"start":{"line":343,"column":60},"end":{"line":356,"column":1}},"line":343},"14":{"name":"(anonymous_14)","decl":{"start":{"line":348,"column":4},"end":{"line":348,"column":5}},"loc":{"start":{"line":348,"column":16},"end":{"line":350,"column":5}},"line":348},"15":{"name":"(anonymous_15)","decl":{"start":{"line":351,"column":4},"end":{"line":351,"column":5}},"loc":{"start":{"line":351,"column":15},"end":{"line":354,"column":5}},"line":351},"16":{"name":"(anonymous_16)","decl":{"start":{"line":365,"column":29},"end":{"line":365,"column":30}},"loc":{"start":{"line":365,"column":49},"end":{"line":380,"column":1}},"line":365},"17":{"name":"(anonymous_17)","decl":{"start":{"line":372,"column":4},"end":{"line":372,"column":5}},"loc":{"start":{"line":372,"column":16},"end":{"line":374,"column":5}},"line":372},"18":{"name":"(anonymous_18)","decl":{"start":{"line":375,"column":4},"end":{"line":375,"column":5}},"loc":{"start":{"line":375,"column":15},"end":{"line":378,"column":5}},"line":375},"19":{"name":"(anonymous_19)","decl":{"start":{"line":384,"column":34},"end":{"line":384,"column":35}},"loc":{"start":{"line":384,"column":54},"end":{"line":394,"column":1}},"line":384},"20":{"name":"checkLiveTransitTime","decl":{"start":{"line":412,"column":15},"end":{"line":412,"column":35}},"loc":{"start":{"line":418,"column":2},"end":{"line":498,"column":1}},"line":418},"21":{"name":"(anonymous_21)","decl":{"start":{"line":419,"column":21},"end":{"line":419,"column":22}},"loc":{"start":{"line":419,"column":42},"end":{"line":497,"column":3}},"line":419},"22":{"name":"(anonymous_22)","decl":{"start":{"line":426,"column":12},"end":{"line":426,"column":13}},"loc":{"start":{"line":426,"column":22},"end":{"line":496,"column":7}},"line":426},"23":{"name":"(anonymous_23)","decl":{"start":{"line":440,"column":51},"end":{"line":440,"column":52}},"loc":{"start":{"line":440,"column":60},"end":{"line":489,"column":9}},"line":440},"24":{"name":"(anonymous_24)","decl":{"start":{"line":443,"column":25},"end":{"line":443,"column":26}},"loc":{"start":{"line":443,"column":36},"end":{"line":445,"column":11}},"line":443},"25":{"name":"(anonymous_25)","decl":{"start":{"line":447,"column":24},"end":{"line":447,"column":25}},"loc":{"start":{"line":447,"column":30},"end":{"line":488,"column":11}},"line":447},"26":{"name":"(anonymous_26)","decl":{"start":{"line":491,"column":24},"end":{"line":491,"column":25}},"loc":{"start":{"line":491,"column":35},"end":{"line":493,"column":9}},"line":491},"27":{"name":"startSSLServer","decl":{"start":{"line":630,"column":15},"end":{"line":630,"column":29}},"loc":{"start":{"line":630,"column":32},"end":{"line":646,"column":1}},"line":630},"28":{"name":"stopSSLServer","decl":{"start":{"line":648,"column":15},"end":{"line":648,"column":28}},"loc":{"start":{"line":648,"column":31},"end":{"line":659,"column":1}},"line":648},"29":{"name":"(anonymous_29)","decl":{"start":{"line":649,"column":21},"end":{"line":649,"column":22}},"loc":{"start":{"line":649,"column":34},"end":{"line":658,"column":3}},"line":649},"30":{"name":"(anonymous_30)","decl":{"start":{"line":651,"column":22},"end":{"line":651,"column":23}},"loc":{"start":{"line":651,"column":28},"end":{"line":654,"column":7}},"line":651},"31":{"name":"connectToDatabase","decl":{"start":{"line":661,"column":15},"end":{"line":661,"column":32}},"loc":{"start":{"line":661,"column":35},"end":{"line":676,"column":1}},"line":661},"32":{"name":"closeServer","decl":{"start":{"line":694,"column":9},"end":{"line":694,"column":20}},"loc":{"start":{"line":694,"column":23},"end":{"line":706,"column":1}},"line":694},"33":{"name":"(anonymous_33)","decl":{"start":{"line":698,"column":20},"end":{"line":698,"column":21}},"loc":{"start":{"line":698,"column":29},"end":{"line":704,"column":5}},"line":698},"34":{"name":"initRoute","decl":{"start":{"line":848,"column":15},"end":{"line":848,"column":24}},"loc":{"start":{"line":848,"column":42},"end":{"line":990,"column":1}},"line":848},"35":{"name":"(anonymous_35)","decl":{"start":{"line":896,"column":21},"end":{"line":896,"column":22}},"loc":{"start":{"line":896,"column":42},"end":{"line":989,"column":3}},"line":896},"36":{"name":"(anonymous_36)","decl":{"start":{"line":907,"column":12},"end":{"line":907,"column":13}},"loc":{"start":{"line":907,"column":22},"end":{"line":985,"column":7}},"line":907},"37":{"name":"(anonymous_37)","decl":{"start":{"line":932,"column":45},"end":{"line":932,"column":46}},"loc":{"start":{"line":932,"column":66},"end":{"line":977,"column":9}},"line":932},"38":{"name":"(anonymous_38)","decl":{"start":{"line":986,"column":13},"end":{"line":986,"column":14}},"loc":{"start":{"line":986,"column":24},"end":{"line":988,"column":7}},"line":986},"39":{"name":"initReminders","decl":{"start":{"line":1005,"column":15},"end":{"line":1005,"column":28}},"loc":{"start":{"line":1005,"column":56},"end":{"line":1160,"column":1}},"line":1005},"40":{"name":"(anonymous_40)","decl":{"start":{"line":1141,"column":52},"end":{"line":1141,"column":53}},"loc":{"start":{"line":1141,"column":58},"end":{"line":1155,"column":9}},"line":1141},"41":{"name":"(anonymous_41)","decl":{"start":{"line":1148,"column":17},"end":{"line":1148,"column":18}},"loc":{"start":{"line":1148,"column":26},"end":{"line":1154,"column":11}},"line":1148},"42":{"name":"(anonymous_42)","decl":{"start":{"line":1150,"column":32},"end":{"line":1150,"column":33}},"loc":{"start":{"line":1150,"column":42},"end":{"line":1152,"column":15}},"line":1150},"43":{"name":"initRouteWithFriends","decl":{"start":{"line":1180,"column":15},"end":{"line":1180,"column":35}},"loc":{"start":{"line":1180,"column":66},"end":{"line":1452,"column":1}},"line":1180},"44":{"name":"(anonymous_44)","decl":{"start":{"line":1238,"column":21},"end":{"line":1238,"column":22}},"loc":{"start":{"line":1238,"column":42},"end":{"line":1451,"column":3}},"line":1238},"45":{"name":"(anonymous_45)","decl":{"start":{"line":1311,"column":12},"end":{"line":1311,"column":13}},"loc":{"start":{"line":1311,"column":22},"end":{"line":1446,"column":7}},"line":1311},"46":{"name":"(anonymous_46)","decl":{"start":{"line":1349,"column":16},"end":{"line":1349,"column":17}},"loc":{"start":{"line":1349,"column":26},"end":{"line":1441,"column":11}},"line":1349},"47":{"name":"(anonymous_47)","decl":{"start":{"line":1372,"column":49},"end":{"line":1372,"column":50}},"loc":{"start":{"line":1372,"column":70},"end":{"line":1414,"column":13}},"line":1372},"48":{"name":"(anonymous_48)","decl":{"start":{"line":1442,"column":17},"end":{"line":1442,"column":18}},"loc":{"start":{"line":1442,"column":28},"end":{"line":1445,"column":11}},"line":1442},"49":{"name":"(anonymous_49)","decl":{"start":{"line":1447,"column":13},"end":{"line":1447,"column":14}},"loc":{"start":{"line":1447,"column":24},"end":{"line":1450,"column":7}},"line":1447},"50":{"name":"getLatLong","decl":{"start":{"line":1462,"column":9},"end":{"line":1462,"column":19}},"loc":{"start":{"line":1462,"column":29},"end":{"line":1499,"column":1}},"line":1462},"51":{"name":"(anonymous_51)","decl":{"start":{"line":1463,"column":21},"end":{"line":1463,"column":22}},"loc":{"start":{"line":1463,"column":42},"end":{"line":1498,"column":3}},"line":1463},"52":{"name":"(anonymous_52)","decl":{"start":{"line":1477,"column":12},"end":{"line":1477,"column":13}},"loc":{"start":{"line":1477,"column":26},"end":{"line":1493,"column":7}},"line":1477},"53":{"name":"(anonymous_53)","decl":{"start":{"line":1494,"column":13},"end":{"line":1494,"column":14}},"loc":{"start":{"line":1494,"column":24},"end":{"line":1497,"column":7}},"line":1494},"54":{"name":"planTransitTrip","decl":{"start":{"line":1511,"column":15},"end":{"line":1511,"column":30}},"loc":{"start":{"line":1511,"column":64},"end":{"line":1568,"column":1}},"line":1511},"55":{"name":"(anonymous_55)","decl":{"start":{"line":1512,"column":21},"end":{"line":1512,"column":22}},"loc":{"start":{"line":1512,"column":42},"end":{"line":1567,"column":3}},"line":1512},"56":{"name":"(anonymous_56)","decl":{"start":{"line":1526,"column":35},"end":{"line":1526,"column":36}},"loc":{"start":{"line":1526,"column":49},"end":{"line":1562,"column":5}},"line":1526},"57":{"name":"(anonymous_57)","decl":{"start":{"line":1530,"column":26},"end":{"line":1530,"column":27}},"loc":{"start":{"line":1530,"column":37},"end":{"line":1532,"column":7}},"line":1530},"58":{"name":"(anonymous_58)","decl":{"start":{"line":1534,"column":25},"end":{"line":1534,"column":26}},"loc":{"start":{"line":1534,"column":31},"end":{"line":1561,"column":7}},"line":1534},"59":{"name":"(anonymous_59)","decl":{"start":{"line":1540,"column":25},"end":{"line":1540,"column":26}},"loc":{"start":{"line":1540,"column":43},"end":{"line":1551,"column":11}},"line":1540},"60":{"name":"(anonymous_60)","decl":{"start":{"line":1547,"column":40},"end":{"line":1547,"column":41}},"loc":{"start":{"line":1547,"column":61},"end":{"line":1549,"column":13}},"line":1547},"61":{"name":"(anonymous_61)","decl":{"start":{"line":1563,"column":24},"end":{"line":1563,"column":25}},"loc":{"start":{"line":1563,"column":33},"end":{"line":1566,"column":5}},"line":1563},"62":{"name":"calcDist","decl":{"start":{"line":1571,"column":9},"end":{"line":1571,"column":17}},"loc":{"start":{"line":1571,"column":34},"end":{"line":1576,"column":1}},"line":1571},"63":{"name":"getMeetingPoint","decl":{"start":{"line":1585,"column":9},"end":{"line":1585,"column":24}},"loc":{"start":{"line":1585,"column":45},"end":{"line":1622,"column":1}},"line":1585},"64":{"name":"calcWalkingTimes","decl":{"start":{"line":1630,"column":9},"end":{"line":1630,"column":25}},"loc":{"start":{"line":1630,"column":39},"end":{"line":1659,"column":1}},"line":1630},"65":{"name":"timeToTimestamp","decl":{"start":{"line":1662,"column":9},"end":{"line":1662,"column":24}},"loc":{"start":{"line":1662,"column":37},"end":{"line":1665,"column":1}},"line":1662},"66":{"name":"timestampToTime","decl":{"start":{"line":1668,"column":9},"end":{"line":1668,"column":24}},"loc":{"start":{"line":1668,"column":36},"end":{"line":1674,"column":1}},"line":1668},"67":{"name":"combineDateAndTime","decl":{"start":{"line":1677,"column":9},"end":{"line":1677,"column":27}},"loc":{"start":{"line":1677,"column":52},"end":{"line":1708,"column":1}},"line":1677},"68":{"name":"isoToCron","decl":{"start":{"line":1711,"column":9},"end":{"line":1711,"column":18}},"loc":{"start":{"line":1711,"column":45},"end":{"line":1717,"column":1}},"line":1711},"69":{"name":"compareTimeStrings","decl":{"start":{"line":1720,"column":9},"end":{"line":1720,"column":27}},"loc":{"start":{"line":1720,"column":48},"end":{"line":1726,"column":1}},"line":1720}},"branchMap":{"0":{"loc":{"start":{"line":167,"column":2},"end":{"line":172,"column":3}},"type":"if","locations":[{"start":{"line":167,"column":2},"end":{"line":172,"column":3}},{"start":{},"end":{}}],"line":167},"1":{"loc":{"start":{"line":167,"column":6},"end":{"line":167,"column":22}},"type":"binary-expr","locations":[{"start":{"line":167,"column":6},"end":{"line":167,"column":12}},{"start":{"line":167,"column":16},"end":{"line":167,"column":22}}],"line":167},"2":{"loc":{"start":{"line":180,"column":6},"end":{"line":199,"column":7}},"type":"if","locations":[{"start":{"line":180,"column":6},"end":{"line":199,"column":7}},{"start":{"line":193,"column":13},"end":{"line":199,"column":7}}],"line":180},"3":{"loc":{"start":{"line":223,"column":4},"end":{"line":226,"column":5}},"type":"if","locations":[{"start":{"line":223,"column":4},"end":{"line":226,"column":5}},{"start":{},"end":{}}],"line":223},"4":{"loc":{"start":{"line":223,"column":8},"end":{"line":223,"column":37}},"type":"binary-expr","locations":[{"start":{"line":223,"column":8},"end":{"line":223,"column":19}},{"start":{"line":223,"column":23},"end":{"line":223,"column":37}}],"line":223},"5":{"loc":{"start":{"line":233,"column":6},"end":{"line":282,"column":7}},"type":"if","locations":[{"start":{"line":233,"column":6},"end":{"line":282,"column":7}},{"start":{"line":274,"column":11},"end":{"line":282,"column":7}}],"line":233},"6":{"loc":{"start":{"line":256,"column":8},"end":{"line":272,"column":9}},"type":"if","locations":[{"start":{"line":256,"column":8},"end":{"line":272,"column":9}},{"start":{"line":264,"column":15},"end":{"line":272,"column":9}}],"line":256},"7":{"loc":{"start":{"line":448,"column":12},"end":{"line":487,"column":13}},"type":"if","locations":[{"start":{"line":448,"column":12},"end":{"line":487,"column":13}},{"start":{"line":482,"column":19},"end":{"line":487,"column":13}}],"line":448},"8":{"loc":{"start":{"line":455,"column":14},"end":{"line":481,"column":15}},"type":"if","locations":[{"start":{"line":455,"column":14},"end":{"line":481,"column":15}},{"start":{"line":479,"column":21},"end":{"line":481,"column":15}}],"line":455},"9":{"loc":{"start":{"line":472,"column":16},"end":{"line":478,"column":17}},"type":"if","locations":[{"start":{"line":472,"column":16},"end":{"line":478,"column":17}},{"start":{"line":475,"column":23},"end":{"line":478,"column":17}}],"line":472},"10":{"loc":{"start":{"line":650,"column":4},"end":{"line":657,"column":5}},"type":"if","locations":[{"start":{"line":650,"column":4},"end":{"line":657,"column":5}},{"start":{"line":655,"column":11},"end":{"line":657,"column":5}}],"line":650},"11":{"loc":{"start":{"line":695,"column":2},"end":{"line":705,"column":3}},"type":"if","locations":[{"start":{"line":695,"column":2},"end":{"line":705,"column":3}},{"start":{},"end":{}}],"line":695},"12":{"loc":{"start":{"line":699,"column":6},"end":{"line":703,"column":7}},"type":"if","locations":[{"start":{"line":699,"column":6},"end":{"line":703,"column":7}},{"start":{"line":701,"column":13},"end":{"line":703,"column":7}}],"line":699},"13":{"loc":{"start":{"line":860,"column":2},"end":{"line":867,"column":3}},"type":"if","locations":[{"start":{"line":860,"column":2},"end":{"line":867,"column":3}},{"start":{"line":864,"column":7},"end":{"line":867,"column":3}}],"line":860},"14":{"loc":{"start":{"line":864,"column":7},"end":{"line":867,"column":3}},"type":"if","locations":[{"start":{"line":864,"column":7},"end":{"line":867,"column":3}},{"start":{},"end":{}}],"line":864},"15":{"loc":{"start":{"line":873,"column":2},"end":{"line":894,"column":3}},"type":"if","locations":[{"start":{"line":873,"column":2},"end":{"line":894,"column":3}},{"start":{},"end":{}}],"line":873},"16":{"loc":{"start":{"line":880,"column":6},"end":{"line":886,"column":7}},"type":"if","locations":[{"start":{"line":880,"column":6},"end":{"line":886,"column":7}},{"start":{},"end":{}}],"line":880},"17":{"loc":{"start":{"line":888,"column":4},"end":{"line":890,"column":5}},"type":"if","locations":[{"start":{"line":888,"column":4},"end":{"line":890,"column":5}},{"start":{},"end":{}}],"line":888},"18":{"loc":{"start":{"line":888,"column":8},"end":{"line":888,"column":51}},"type":"binary-expr","locations":[{"start":{"line":888,"column":8},"end":{"line":888,"column":30}},{"start":{"line":888,"column":34},"end":{"line":888,"column":51}}],"line":888},"19":{"loc":{"start":{"line":897,"column":4},"end":{"line":900,"column":5}},"type":"if","locations":[{"start":{"line":897,"column":4},"end":{"line":900,"column":5}},{"start":{},"end":{}}],"line":897},"20":{"loc":{"start":{"line":908,"column":8},"end":{"line":908,"column":45}},"type":"if","locations":[{"start":{"line":908,"column":8},"end":{"line":908,"column":45}},{"start":{},"end":{}}],"line":908},"21":{"loc":{"start":{"line":935,"column":10},"end":{"line":959,"column":11}},"type":"if","locations":[{"start":{"line":935,"column":10},"end":{"line":959,"column":11}},{"start":{"line":954,"column":17},"end":{"line":959,"column":11}}],"line":935},"22":{"loc":{"start":{"line":936,"column":12},"end":{"line":953,"column":13}},"type":"switch","locations":[{"start":{"line":937,"column":14},"end":{"line":942,"column":22}},{"start":{"line":943,"column":14},"end":{"line":948,"column":22}},{"start":{"line":949,"column":14},"end":{"line":949,"column":22}}],"line":936},"23":{"loc":{"start":{"line":1020,"column":2},"end":{"line":1030,"column":3}},"type":"if","locations":[{"start":{"line":1020,"column":2},"end":{"line":1030,"column":3}},{"start":{"line":1025,"column":9},"end":{"line":1030,"column":3}}],"line":1020},"24":{"loc":{"start":{"line":1025,"column":9},"end":{"line":1030,"column":3}},"type":"if","locations":[{"start":{"line":1025,"column":9},"end":{"line":1030,"column":3}},{"start":{},"end":{}}],"line":1025},"25":{"loc":{"start":{"line":1039,"column":4},"end":{"line":1048,"column":5}},"type":"if","locations":[{"start":{"line":1039,"column":4},"end":{"line":1048,"column":5}},{"start":{},"end":{}}],"line":1039},"26":{"loc":{"start":{"line":1093,"column":6},"end":{"line":1114,"column":7}},"type":"if","locations":[{"start":{"line":1093,"column":6},"end":{"line":1114,"column":7}},{"start":{},"end":{}}],"line":1093},"27":{"loc":{"start":{"line":1094,"column":8},"end":{"line":1112,"column":9}},"type":"switch","locations":[{"start":{"line":1095,"column":10},"end":{"line":1102,"column":18}},{"start":{"line":1103,"column":10},"end":{"line":1108,"column":18}},{"start":{"line":1109,"column":10},"end":{"line":1109,"column":18}}],"line":1094},"28":{"loc":{"start":{"line":1137,"column":4},"end":{"line":1157,"column":5}},"type":"if","locations":[{"start":{"line":1137,"column":4},"end":{"line":1157,"column":5}},{"start":{},"end":{}}],"line":1137},"29":{"loc":{"start":{"line":1149,"column":12},"end":{"line":1153,"column":13}},"type":"if","locations":[{"start":{"line":1149,"column":12},"end":{"line":1153,"column":13}},{"start":{},"end":{}}],"line":1149},"30":{"loc":{"start":{"line":1192,"column":2},"end":{"line":1199,"column":3}},"type":"if","locations":[{"start":{"line":1192,"column":2},"end":{"line":1199,"column":3}},{"start":{},"end":{}}],"line":1192},"31":{"loc":{"start":{"line":1204,"column":2},"end":{"line":1211,"column":3}},"type":"if","locations":[{"start":{"line":1204,"column":2},"end":{"line":1211,"column":3}},{"start":{},"end":{}}],"line":1204},"32":{"loc":{"start":{"line":1217,"column":2},"end":{"line":1224,"column":3}},"type":"if","locations":[{"start":{"line":1217,"column":2},"end":{"line":1224,"column":3}},{"start":{},"end":{}}],"line":1217},"33":{"loc":{"start":{"line":1229,"column":2},"end":{"line":1236,"column":3}},"type":"if","locations":[{"start":{"line":1229,"column":2},"end":{"line":1236,"column":3}},{"start":{},"end":{}}],"line":1229},"34":{"loc":{"start":{"line":1239,"column":4},"end":{"line":1241,"column":5}},"type":"if","locations":[{"start":{"line":1239,"column":4},"end":{"line":1241,"column":5}},{"start":{},"end":{}}],"line":1239},"35":{"loc":{"start":{"line":1252,"column":6},"end":{"line":1258,"column":7}},"type":"if","locations":[{"start":{"line":1252,"column":6},"end":{"line":1258,"column":7}},{"start":{},"end":{}}],"line":1252},"36":{"loc":{"start":{"line":1260,"column":4},"end":{"line":1267,"column":5}},"type":"if","locations":[{"start":{"line":1260,"column":4},"end":{"line":1267,"column":5}},{"start":{},"end":{}}],"line":1260},"37":{"loc":{"start":{"line":1272,"column":6},"end":{"line":1278,"column":7}},"type":"if","locations":[{"start":{"line":1272,"column":6},"end":{"line":1278,"column":7}},{"start":{},"end":{}}],"line":1272},"38":{"loc":{"start":{"line":1280,"column":4},"end":{"line":1287,"column":5}},"type":"if","locations":[{"start":{"line":1280,"column":4},"end":{"line":1287,"column":5}},{"start":{},"end":{}}],"line":1280},"39":{"loc":{"start":{"line":1298,"column":4},"end":{"line":1304,"column":5}},"type":"if","locations":[{"start":{"line":1298,"column":4},"end":{"line":1304,"column":5}},{"start":{"line":1301,"column":11},"end":{"line":1304,"column":5}}],"line":1298},"40":{"loc":{"start":{"line":1375,"column":14},"end":{"line":1396,"column":15}},"type":"if","locations":[{"start":{"line":1375,"column":14},"end":{"line":1396,"column":15}},{"start":{"line":1391,"column":21},"end":{"line":1396,"column":15}}],"line":1375},"41":{"loc":{"start":{"line":1376,"column":16},"end":{"line":1390,"column":17}},"type":"switch","locations":[{"start":{"line":1377,"column":18},"end":{"line":1382,"column":26}},{"start":{"line":1383,"column":18},"end":{"line":1388,"column":26}},{"start":{"line":1389,"column":18},"end":{"line":1389,"column":26}}],"line":1376},"42":{"loc":{"start":{"line":1538,"column":8},"end":{"line":1555,"column":9}},"type":"if","locations":[{"start":{"line":1538,"column":8},"end":{"line":1555,"column":9}},{"start":{"line":1552,"column":15},"end":{"line":1555,"column":9}}],"line":1538},"43":{"loc":{"start":{"line":1613,"column":2},"end":{"line":1620,"column":3}},"type":"if","locations":[{"start":{"line":1613,"column":2},"end":{"line":1620,"column":3}},{"start":{"line":1618,"column":9},"end":{"line":1620,"column":3}}],"line":1613},"44":{"loc":{"start":{"line":1633,"column":4},"end":{"line":1655,"column":5}},"type":"if","locations":[{"start":{"line":1633,"column":4},"end":{"line":1655,"column":5}},{"start":{"line":1639,"column":11},"end":{"line":1655,"column":5}}],"line":1633},"45":{"loc":{"start":{"line":1633,"column":8},"end":{"line":1633,"column":47}},"type":"binary-expr","locations":[{"start":{"line":1633,"column":8},"end":{"line":1633,"column":14}},{"start":{"line":1633,"column":18},"end":{"line":1633,"column":47}}],"line":1633},"46":{"loc":{"start":{"line":1639,"column":11},"end":{"line":1655,"column":5}},"type":"if","locations":[{"start":{"line":1639,"column":11},"end":{"line":1655,"column":5}},{"start":{"line":1648,"column":11},"end":{"line":1655,"column":5}}],"line":1639},"47":{"loc":{"start":{"line":1640,"column":6},"end":{"line":1641,"column":35}},"type":"binary-expr","locations":[{"start":{"line":1640,"column":6},"end":{"line":1640,"column":32}},{"start":{"line":1641,"column":6},"end":{"line":1641,"column":35}}],"line":1640},"48":{"loc":{"start":{"line":1648,"column":11},"end":{"line":1655,"column":5}},"type":"if","locations":[{"start":{"line":1648,"column":11},"end":{"line":1655,"column":5}},{"start":{},"end":{}}],"line":1648},"49":{"loc":{"start":{"line":1693,"column":2},"end":{"line":1695,"column":3}},"type":"if","locations":[{"start":{"line":1693,"column":2},"end":{"line":1695,"column":3}},{"start":{},"end":{}}],"line":1693},"50":{"loc":{"start":{"line":1693,"column":6},"end":{"line":1693,"column":24}},"type":"binary-expr","locations":[{"start":{"line":1693,"column":6},"end":{"line":1693,"column":10}},{"start":{"line":1693,"column":14},"end":{"line":1693,"column":24}}],"line":1693}},"s":{"0":5,"1":5,"2":5,"3":5,"4":5,"5":5,"6":5,"7":5,"8":5,"9":5,"10":5,"11":5,"12":5,"13":5,"14":5,"15":5,"16":5,"17":5,"18":5,"19":5,"20":5,"21":5,"22":5,"23":5,"24":5,"25":5,"26":5,"27":5,"28":5,"29":5,"30":5,"31":5,"32":5,"33":5,"34":5,"35":5,"36":5,"37":5,"38":5,"39":5,"40":5,"41":5,"42":5,"43":5,"44":5,"45":5,"46":5,"47":5,"48":5,"49":5,"50":5,"51":5,"52":5,"53":5,"54":5,"55":5,"56":5,"57":5,"58":5,"59":5,"60":5,"61":5,"62":5,"63":5,"64":5,"65":5,"66":5,"67":5,"68":3,"69":3,"70":3,"71":1,"72":1,"73":2,"74":2,"75":1,"76":1,"77":1,"78":5,"79":1,"80":1,"81":1,"82":1,"83":5,"84":5,"85":1,"86":5,"87":5,"88":2,"89":2,"90":2,"91":2,"92":1,"93":1,"94":3,"95":0,"96":0,"97":0,"98":5,"99":4,"100":4,"101":5,"102":1,"103":1,"104":1,"105":5,"106":9,"107":9,"108":9,"109":9,"110":3,"111":6,"112":5,"113":5,"114":4,"115":4,"116":4,"117":1,"118":3,"119":5,"120":5,"121":3,"122":3,"123":3,"124":3,"125":1,"126":2,"127":2,"128":5,"129":3,"130":3,"131":3,"132":3,"133":3,"134":3,"135":3,"136":3,"137":3,"138":3,"139":3,"140":3,"141":2,"142":2,"143":2,"144":2,"145":2,"146":1,"147":1,"148":0,"149":1,"150":1,"151":3,"152":3,"153":5,"154":5,"155":5,"156":5,"157":1,"158":0,"159":0,"160":4,"161":4,"162":4,"163":0,"164":0,"165":0,"166":5,"167":5,"168":5,"169":0,"170":0,"171":0,"172":5,"173":0,"174":0,"175":0,"176":0,"177":0,"178":0,"179":4,"180":4,"181":4,"182":4,"183":1,"184":3,"185":1,"186":4,"187":2,"188":2,"189":2,"190":2,"191":2,"192":3,"193":1,"194":1,"195":1,"196":1,"197":2,"198":1,"199":4,"200":4,"201":3,"202":4,"203":1,"204":0,"205":1,"206":1,"207":1,"208":1,"209":1,"210":1,"211":1,"212":1,"213":1,"214":1,"215":1,"216":1,"217":1,"218":1,"219":9,"220":9,"221":4,"222":3,"223":3,"224":3,"225":3,"226":3,"227":1,"228":1,"229":1,"230":1,"231":1,"232":5,"233":5,"234":5,"235":5,"236":9,"237":9,"238":9,"239":1,"240":1,"241":1,"242":1,"243":4,"244":4,"245":4,"246":4,"247":4,"248":1,"249":1,"250":3,"251":1,"252":1,"253":2,"254":2,"255":2,"256":2,"257":2,"258":2,"259":2,"260":2,"261":2,"262":2,"263":2,"264":2,"265":2,"266":2,"267":2,"268":2,"269":2,"270":2,"271":2,"272":3,"273":3,"274":3,"275":2,"276":1,"277":1,"278":1,"279":1,"280":1,"281":1,"282":1,"283":1,"284":1,"285":2,"286":2,"287":2,"288":2,"289":2,"290":2,"291":2,"292":2,"293":2,"294":1,"295":1,"296":5,"297":5,"298":0,"299":0,"300":0,"301":0,"302":2,"303":9,"304":9,"305":9,"306":9,"307":2,"308":2,"309":9,"310":9,"311":2,"312":2,"313":9,"314":9,"315":1,"316":1,"317":9,"318":9,"319":1,"320":1,"321":9,"322":9,"323":4,"324":9,"325":9,"326":9,"327":8,"328":8,"329":8,"330":7,"331":7,"332":8,"333":5,"334":5,"335":5,"336":5,"337":6,"338":1,"339":6,"340":7,"341":4,"342":4,"343":4,"344":4,"345":5,"346":1,"347":5,"348":5,"349":5,"350":5,"351":1,"352":1,"353":4,"354":4,"355":5,"356":4,"357":4,"358":4,"359":4,"360":4,"361":4,"362":4,"363":4,"364":4,"365":4,"366":3,"367":3,"368":3,"369":3,"370":3,"371":3,"372":3,"373":3,"374":3,"375":3,"376":3,"377":3,"378":3,"379":3,"380":10,"381":10,"382":5,"383":2,"384":2,"385":2,"386":2,"387":2,"388":3,"389":3,"390":3,"391":3,"392":3,"393":5,"394":5,"395":5,"396":5,"397":10,"398":10,"399":10,"400":3,"401":3,"402":3,"403":3,"404":3,"405":3,"406":3,"407":3,"408":1,"409":10,"410":10,"411":10,"412":10,"413":10,"414":10,"415":10,"416":10,"417":10,"418":10,"419":10,"420":10,"421":15,"422":15,"423":15,"424":15,"425":15,"426":15,"427":11,"428":11,"429":205,"430":11,"431":11,"432":11,"433":10,"434":10,"435":1,"436":11,"437":15,"438":20,"439":20,"440":20,"441":5,"442":5,"443":5,"444":5,"445":5,"446":5,"447":5,"448":5,"449":0,"450":5,"451":5,"452":4,"453":4,"454":4,"455":25,"456":4,"457":4,"458":21,"459":1,"460":1,"461":20,"462":8,"463":8,"464":4,"465":5,"466":5,"467":8,"468":8,"469":6,"470":6,"471":6,"472":6,"473":6,"474":1,"475":6,"476":6,"477":6,"478":5,"479":5,"480":5,"481":2,"482":2,"483":2,"484":5},"f":{"0":3,"1":2,"2":1,"3":1,"4":1,"5":5,"6":5,"7":5,"8":0,"9":0,"10":0,"11":4,"12":1,"13":9,"14":3,"15":6,"16":4,"17":1,"18":3,"19":3,"20":3,"21":3,"22":3,"23":3,"24":3,"25":3,"26":0,"27":5,"28":4,"29":4,"30":0,"31":5,"32":0,"33":0,"34":4,"35":4,"36":1,"37":9,"38":0,"39":4,"40":0,"41":0,"42":0,"43":9,"44":9,"45":4,"46":3,"47":10,"48":0,"49":1,"50":10,"51":10,"52":10,"53":0,"54":15,"55":15,"56":11,"57":205,"58":11,"59":10,"60":44,"61":0,"62":20,"63":5,"64":4,"65":5,"66":8,"67":6,"68":5,"69":2},"b":{"0":[1,2],"1":[3,2],"2":[1,1],"3":[1,4],"4":[5,5],"5":[2,3],"6":[1,1],"7":[2,1],"8":[2,0],"9":[1,1],"10":[4,0],"11":[0,0],"12":[0,0],"13":[1,3],"14":[1,2],"15":[2,2],"16":[1,2],"17":[1,1],"18":[2,1],"19":[3,1],"20":[0,1],"21":[4,5],"22":[3,1,0],"23":[1,3],"24":[1,2],"25":[2,0],"26":[2,1],"27":[1,1,0],"28":[1,1],"29":[0,0],"30":[2,7],"31":[2,7],"32":[1,8],"33":[1,8],"34":[4,5],"35":[5,3],"36":[1,5],"37":[4,3],"38":[1,4],"39":[1,4],"40":[5,5],"41":[2,3,0],"42":[10,1],"43":[0,5],"44":[4,21],"45":[25,4],"46":[1,20],"47":[21,4],"48":[8,12],"49":[1,5],"50":[6,4]},"_coverageSchema":"1a1c01bbd47fc00a2c39e90264f33305004495a9","hash":"d7e51689d0c73cea788138be266d2980aaeaa7b7"}
,"C:\\cpen321\\RouteRider\\Backend\\routes\\schedule.js": {"path":"C:\\cpen321\\RouteRider\\Backend\\routes\\schedule.js","statementMap":{"0":{"start":{"line":1,"column":23},"end":{"line":1,"column":41}},"1":{"start":{"line":2,"column":12},"end":{"line":2,"column":39}},"2":{"start":{"line":3,"column":15},"end":{"line":3,"column":35}},"3":{"start":{"line":6,"column":26},"end":{"line":37,"column":1}},"4":{"start":{"line":9,"column":25},"end":{"line":9,"column":33}},"5":{"start":{"line":12,"column":23},"end":{"line":12,"column":73}},"6":{"start":{"line":15,"column":29},"end":{"line":17,"column":6}},"7":{"start":{"line":19,"column":4},"end":{"line":32,"column":5}},"8":{"start":{"line":21,"column":27},"end":{"line":21,"column":68}},"9":{"start":{"line":22,"column":33},"end":{"line":22,"column":72}},"10":{"start":{"line":23,"column":6},"end":{"line":23,"column":52}},"11":{"start":{"line":24,"column":6},"end":{"line":24,"column":54}},"12":{"start":{"line":27,"column":6},"end":{"line":27,"column":47}},"13":{"start":{"line":28,"column":29},"end":{"line":28,"column":60}},"14":{"start":{"line":29,"column":35},"end":{"line":29,"column":76}},"15":{"start":{"line":30,"column":6},"end":{"line":30,"column":54}},"16":{"start":{"line":31,"column":6},"end":{"line":31,"column":56}},"17":{"start":{"line":40,"column":27},"end":{"line":64,"column":1}},"18":{"start":{"line":43,"column":22},"end":{"line":43,"column":38}},"19":{"start":{"line":46,"column":23},"end":{"line":46,"column":73}},"20":{"start":{"line":51,"column":21},"end":{"line":51,"column":67}},"21":{"start":{"line":53,"column":4},"end":{"line":59,"column":5}},"22":{"start":{"line":55,"column":6},"end":{"line":55,"column":45}},"23":{"start":{"line":58,"column":6},"end":{"line":58,"column":60}},"24":{"start":{"line":67,"column":23},"end":{"line":103,"column":1}},"25":{"start":{"line":70,"column":18},"end":{"line":70,"column":34}},"26":{"start":{"line":73,"column":32},"end":{"line":73,"column":40}},"27":{"start":{"line":76,"column":23},"end":{"line":76,"column":73}},"28":{"start":{"line":79,"column":29},"end":{"line":79,"column":64}},"29":{"start":{"line":81,"column":4},"end":{"line":98,"column":5}},"30":{"start":{"line":83,"column":6},"end":{"line":83,"column":62}},"31":{"start":{"line":86,"column":27},"end":{"line":89,"column":7}},"32":{"start":{"line":93,"column":8},"end":{"line":93,"column":75}},"33":{"start":{"line":271,"column":17},"end":{"line":354,"column":1}},"34":{"start":{"line":274,"column":4},"end":{"line":274,"column":67}},"35":{"start":{"line":278,"column":22},"end":{"line":278,"column":38}},"36":{"start":{"line":279,"column":21},"end":{"line":279,"column":29}},"37":{"start":{"line":281,"column":23},"end":{"line":281,"column":73}},"38":{"start":{"line":282,"column":21},"end":{"line":282,"column":67}},"39":{"start":{"line":284,"column":4},"end":{"line":287,"column":5}},"40":{"start":{"line":285,"column":6},"end":{"line":285,"column":60}},"41":{"start":{"line":286,"column":6},"end":{"line":286,"column":13}},"42":{"start":{"line":290,"column":26},"end":{"line":290,"column":54}},"43":{"start":{"line":291,"column":24},"end":{"line":291,"column":50}},"44":{"start":{"line":293,"column":4},"end":{"line":296,"column":5}},"45":{"start":{"line":294,"column":6},"end":{"line":294,"column":70}},"46":{"start":{"line":295,"column":6},"end":{"line":295,"column":13}},"47":{"start":{"line":299,"column":26},"end":{"line":299,"column":53}},"48":{"start":{"line":301,"column":4},"end":{"line":304,"column":5}},"49":{"start":{"line":302,"column":6},"end":{"line":302,"column":79}},"50":{"start":{"line":303,"column":6},"end":{"line":303,"column":13}},"51":{"start":{"line":307,"column":32},"end":{"line":307,"column":54}},"52":{"start":{"line":310,"column":4},"end":{"line":332,"column":5}},"53":{"start":{"line":312,"column":24},"end":{"line":325,"column":8}},"54":{"start":{"line":313,"column":27},"end":{"line":313,"column":52}},"55":{"start":{"line":314,"column":25},"end":{"line":314,"column":48}},"56":{"start":{"line":320,"column":8},"end":{"line":324,"column":10}},"57":{"start":{"line":327,"column":6},"end":{"line":331,"column":7}},"58":{"start":{"line":329,"column":8},"end":{"line":329,"column":79}},"59":{"start":{"line":330,"column":8},"end":{"line":330,"column":15}},"60":{"start":{"line":337,"column":4},"end":{"line":337,"column":35}},"61":{"start":{"line":338,"column":4},"end":{"line":338,"column":40}},"62":{"start":{"line":340,"column":25},"end":{"line":343,"column":5}},"63":{"start":{"line":346,"column":6},"end":{"line":346,"column":68}},"64":{"start":{"line":675,"column":22},"end":{"line":708,"column":1}},"65":{"start":{"line":677,"column":22},"end":{"line":677,"column":38}},"66":{"start":{"line":678,"column":20},"end":{"line":678,"column":33}},"67":{"start":{"line":680,"column":23},"end":{"line":680,"column":73}},"68":{"start":{"line":681,"column":21},"end":{"line":681,"column":67}},"69":{"start":{"line":683,"column":4},"end":{"line":686,"column":5}},"70":{"start":{"line":684,"column":6},"end":{"line":684,"column":60}},"71":{"start":{"line":685,"column":6},"end":{"line":685,"column":13}},"72":{"start":{"line":689,"column":18},"end":{"line":689,"column":71}},"73":{"start":{"line":689,"column":50},"end":{"line":689,"column":70}},"74":{"start":{"line":691,"column":4},"end":{"line":694,"column":5}},"75":{"start":{"line":692,"column":6},"end":{"line":692,"column":73}},"76":{"start":{"line":693,"column":6},"en
[...]
nymous_1)","decl":{"start":{"line":40,"column":27},"end":{"line":40,"column":28}},"loc":{"start":{"line":40,"column":47},"end":{"line":64,"column":1}},"line":40},"2":{"name":"(anonymous_2)","decl":{"start":{"line":67,"column":23},"end":{"line":67,"column":24}},"loc":{"start":{"line":67,"column":43},"end":{"line":103,"column":1}},"line":67},"3":{"name":"(anonymous_3)","decl":{"start":{"line":271,"column":17},"end":{"line":271,"column":18}},"loc":{"start":{"line":271,"column":37},"end":{"line":354,"column":1}},"line":271},"4":{"name":"compareEvents","decl":{"start":{"line":273,"column":11},"end":{"line":273,"column":24}},"loc":{"start":{"line":273,"column":41},"end":{"line":275,"column":3}},"line":273},"5":{"name":"(anonymous_5)","decl":{"start":{"line":312,"column":45},"end":{"line":312,"column":46}},"loc":{"start":{"line":312,"column":56},"end":{"line":325,"column":7}},"line":312},"6":{"name":"(anonymous_6)","decl":{"start":{"line":675,"column":22},"end":{"line":675,"column":23}},"loc":{"start":{"line":675,"column":42},"end":{"line":708,"column":1}},"line":675},"7":{"name":"(anonymous_7)","decl":{"start":{"line":689,"column":39},"end":{"line":689,"column":40}},"loc":{"start":{"line":689,"column":50},"end":{"line":689,"column":70}},"line":689},"8":{"name":"(anonymous_8)","decl":{"start":{"line":788,"column":24},"end":{"line":788,"column":25}},"loc":{"start":{"line":788,"column":44},"end":{"line":830,"column":1}},"line":788},"9":{"name":"(anonymous_9)","decl":{"start":{"line":803,"column":6},"end":{"line":803,"column":7}},"loc":{"start":{"line":803,"column":17},"end":{"line":803,"column":37}},"line":803}},"branchMap":{"0":{"loc":{"start":{"line":19,"column":4},"end":{"line":32,"column":5}},"type":"if","locations":[{"start":{"line":19,"column":4},"end":{"line":32,"column":5}},{"start":{"line":25,"column":11},"end":{"line":32,"column":5}}],"line":19},"1":{"loc":{"start":{"line":53,"column":4},"end":{"line":59,"column":5}},"type":"if","locations":[{"start":{"line":53,"column":4},"end":{"line":59,"column":5}},{"start":{"line":56,"column":11},"end":{"line":59,"column":5}}],"line":53},"2":{"loc":{"start":{"line":81,"column":4},"end":{"line":98,"column":5}},"type":"if","locations":[{"start":{"line":81,"column":4},"end":{"line":98,"column":5}},{"start":{"line":84,"column":11},"end":{"line":98,"column":5}}],"line":81},"3":{"loc":{"start":{"line":284,"column":4},"end":{"line":287,"column":5}},"type":"if","locations":[{"start":{"line":284,"column":4},"end":{"line":287,"column":5}},{"start":{},"end":{}}],"line":284},"4":{"loc":{"start":{"line":293,"column":4},"end":{"line":296,"column":5}},"type":"if","locations":[{"start":{"line":293,"column":4},"end":{"line":296,"column":5}},{"start":{},"end":{}}],"line":293},"5":{"loc":{"start":{"line":293,"column":8},"end":{"line":293,"column":50}},"type":"binary-expr","locations":[{"start":{"line":293,"column":8},"end":{"line":293,"column":28}},{"start":{"line":293,"column":32},"end":{"line":293,"column":50}}],"line":293},"6":{"loc":{"start":{"line":301,"column":4},"end":{"line":304,"column":5}},"type":"if","locations":[{"start":{"line":301,"column":4},"end":{"line":304,"column":5}},{"start":{},"end":{}}],"line":301},"7":{"loc":{"start":{"line":310,"column":4},"end":{"line":332,"column":5}},"type":"if","locations":[{"start":{"line":310,"column":4},"end":{"line":332,"column":5}},{"start":{},"end":{}}],"line":310},"8":{"loc":{"start":{"line":321,"column":10},"end":{"line":323,"column":66}},"type":"binary-expr","locations":[{"start":{"line":321,"column":11},"end":{"line":321,"column":38}},{"start":{"line":321,"column":42},"end":{"line":321,"column":66}},{"start":{"line":322,"column":11},"end":{"line":322,"column":35}},{"start":{"line":322,"column":39},"end":{"line":322,"column":62}},{"start":{"line":323,"column":11},"end":{"line":323,"column":38}},{"start":{"line":323,"column":42},"end":{"line":323,"column":65}}],"line":321},"9":{"loc":{"start":{"line":327,"column":6},"end":{"line":331,"column":7}},"type":"if","locations":[{"start":{"line":327,"column":6},"end":{"line":331,"column":7}},{"start":{},"end":{}}],"line":327},"10":{"loc":{"start":{"line":683,"column":4},"end":{"line":686,"column":5}},"type":"if","locations":[{"start":{"line":683,"column":4},"end":{"line":686,"column":5}},{"start":{},"end":{}}],"line":683},"11":{"loc":{"start":{"line":691,"column":4},"end":{"line":694,"column":5}},"type":"if","locations":[{"start":{"line":691,"column":4},"end":{"line":694,"column":5}},{"start":{},"end":{}}],"line":691},"12":{"loc":{"start":{"line":699,"column":4},"end":{"line":703,"column":5}},"type":"if","locations":[{"start":{"line":699,"column":4},"end":{"line":703,"column":5}},{"start":{"line":701,"column":11},"end":{"line":703,"column":5}}],"line":699},"13":{"loc":{"start":{"line":797,"column":4},"end":{"line":800,"column":5}},"type":"if","locations":[{"start":{"line":797,"column":4},"end":{"line":800,"column":5}},{"start":{},"end":{}}],"line":797}},"s":{"0":5,"1":5,"2":5,"3":5,"4":2,"5":2,"6":2,"7":2,"8":1,"9":1,"10":1,"11":1,"12":1,"13":1,"14":1,"15":1,"16":1,"17":5,"18":2,"19":2,"20":2,"21":2,"22":1,"23":1,"24":5,"25":2,"26":2,"27":2,"28":2,"29":2,"30":1,"31":1,"32":1,"33":5,"34":1,"35":8,"36":8,"37":8,"38":8,"39":8,"40":1,"41":1,"42":7,"43":7,"44":7,"45":1,"46":1,"47":6,"48":6,"49":1,"50":1,"51":5,"52":5,"53":4,"54":7,"55":7,"56":7,"57":4,"58":3,"59":3,"60":2,"61":2,"62":2,"63":2,"64":5,"65":4,"66":4,"67":4,"68":4,"69":4,"70":1,"71":1,"72":3,"73":3,"74":3,"75":1,"76":1,"77":2,"78":2,"79":1,"80":1,"81":5,"82":3,"83":3,"84":3,"85":3,"86":2,"87":2,"88":1,"89":1,"90":1,"91":1,"92":1,"93":5},"f":{"0":2,"1":2,"2":2,"3":8,"4":1,"5":7,"6":4,"7":3,"8":3,"9":1},"b":{"0":[1,1],"1":[1,1],"2":[1,1],"3":[1,7],"4":[1,6],"5":[7,6],"6":[1,5],"7":[4,1],"8":[7,6,5,5,5,1],"9":[3,1],"10":[1,3],"11":[1,2],"12":[1,1],"13":[2,1]},"_coverageSchema":"1a1c01bbd47fc00a2c39e90264f33305004495a9","hash":"7d1161998425444ed4c5431ffe17d1f41a6aebcb"}
,"C:\\cpen321\\RouteRider\\Backend\\routes\\user.js": {"path":"C:\\cpen321\\RouteRider\\Backend\\routes\\user.js","statementMap":{"0":{"start":{"line":4,"column":22},"end":{"line":4,"column":40}},"1":{"start":{"line":5,"column":12},"end":{"line":5,"column":39}},"2":{"start":{"line":6,"column":15},"end":{"line":6,"column":35}},"3":{"start":{"line":9,"column":22},"end":{"line":43,"column":1}},"4":{"start":{"line":12,"column":21},"end":{"line":12,"column":29}},"5":{"start":{"line":16,"column":23},"end":{"line":16,"column":65}},"6":{"start":{"line":20,"column":25},"end":{"line":20,"column":76}},"7":{"start":{"line":23,"column":4},"end":{"line":38,"column":5}},"8":{"start":{"line":26,"column":27},"end":{"line":26,"column":64}},"9":{"start":{"line":27,"column":33},"end":{"line":27,"column":72}},"10":{"start":{"line":28,"column":6},"end":{"line":28,"column":52}},"11":{"start":{"line":29,"column":6},"end":{"line":29,"column":54}},"12":{"start":{"line":32,"column":6},"end":{"line":32,"column":43}},"13":{"start":{"line":33,"column":29},"end":{"line":33,"column":56}},"14":{"start":{"line":34,"column":35},"end":{"line":34,"column":76}},"15":{"start":{"line":35,"column":6},"end":{"line":35,"column":54}},"16":{"start":{"line":36,"column":6},"end":{"line":36,"column":56}},"17":{"start":{"line":46,"column":22},"end":{"line":69,"column":3}},"18":{"start":{"line":48,"column":18},"end":{"line":48,"column":34}},"19":{"start":{"line":49,"column":23},"end":{"line":49,"column":39}},"20":{"start":{"line":52,"column":23},"end":{"line":52,"column":65}},"21":{"start":{"line":55,"column":19},"end":{"line":58,"column":5}},"22":{"start":{"line":60,"column":4},"end":{"line":64,"column":5}},"23":{"start":{"line":61,"column":6},"end":{"line":61,"column":77}},"24":{"start":{"line":63,"column":6},"end":{"line":63,"column":56}},"25":{"start":{"line":72,"column":23},"end":{"line":97,"column":3}},"26":{"start":{"line":75,"column":24},"end":{"line":75,"column":40}},"27":{"start":{"line":78,"column":25},"end":{"line":78,"column":67}},"28":{"start":{"line":83,"column":19},"end":{"line":83,"column":65}},"29":{"start":{"line":85,"column":6},"end":{"line":92,"column":7}},"30":{"start":{"line":87,"column":8},"end":{"line":87,"column":35}},"31":{"start":{"line":91,"column":8},"end":{"line":91,"column":58}},"32":{"start":{"line":180,"column":31},"end":{"line":241,"column":1}},"33":{"start":{"line":182,"column":22},"end":{"line":182,"column":38}},"34":{"start":{"line":185,"column":23},"end":{"line":185,"column":65}},"35":{"start":{"line":188,"column":17},"end":{"line":188,"column":63}},"36":{"start":{"line":190,"column":21},"end":{"line":190,"column":26}},"37":{"start":{"line":192,"column":4},"end":{"line":236,"column":5}},"38":{"start":{"line":193,"column":6},"end":{"line":193,"column":63}},"39":{"start":{"line":195,"column":27},"end":{"line":195,"column":39}},"40":{"start":{"line":196,"column":34},"end":{"line":196,"column":53}},"41":{"start":{"line":199,"column":31},"end":{"line":199,"column":33}},"42":{"start":{"line":200,"column":38},"end":{"line":200,"column":40}},"43":{"start":{"line":203,"column":6},"end":{"line":213,"column":5}},"44":{"start":{"line":204,"column":8},"end":{"line":204,"column":26}},"45":{"start":{"line":205,"column":6},"end":{"line":212,"column":7}},"46":{"start":{"line":206,"column":23},"end":{"line":206,"column":71}},"47":{"start":{"line":208,"column":10},"end":{"line":211,"column":13}},"48":{"start":{"line":216,"column":6},"end":{"line":227,"column":5}},"49":{"start":{"line":217,"column":8},"end":{"line":217,"column":26}},"50":{"start":{"line":218,"column":6},"end":{"line":226,"column":7}},"51":{"start":{"line":219,"column":34},"end":{"line":219,"column":89}},"52":{"start":{"line":221,"column":10},"end":{"line":224,"column":13}},"53":{"start":{"line":230,"column":6},"end":{"line":234,"column":7}},"54":{"start":{"line":231,"column":8},"end":{"line":231,"column":76}},"55":{"start":{"line":233,"column":8},"end":{"line":233,"column":74}},"56":{"start":{"line":347,"column":28},"end":{"line":414,"column":3}},"57":{"start":{"line":349,"column":24},"end":{"line":349,"column":40}},"58":{"start":{"line":350,"column":26},"end":{"line":350,"column":40}},"59":{"start":{"line":352,"column":29},"end":{"line":352,"column":71}},"60":{"start":{"line":355,"column":29},"end":{"line":358,"column":8}},"61":{"start":{"line":361,"column":6},"end":{"line":363,"column":7}},"62":{"start":{"line":362,"column":8},"end":{"line":362,"column":67}},"63":{"start":{"line":366,"column":6},"end":{"line":369,"column":7}},"64":{"start":{"line":367,"column":8},"end":{"line":367,"column":85}},"65":{"start":{"line":368,"column":8},"end":{"line":368,"column":85}},"66":{"start":{"line":380,"column":6},"end":{"line":409,"column":7}},"67":{"start":{"line":381,"column":8},"end":{"line":381,"column":80}},"68":{"start":{"line":383,"column":13},"end":{"line":409,"column":7}},"69":{"start":{"line":384,"column":8},"end":{"line":384,"column":112}},"70":{"start":{"line":386,"column":11},"end":{"line":409,"column":7}},"71":{"start":{"line":387,"column":8},"end":{"line":387,"column":83}},"72":{"start":{"line":396,"column":8},"end":{"line":396,"column":46}},"73":{"start":{"line":399,"column":29},"end":{"line":402,"column":9}},"74":{"start":{"line":405,"column":10},"end":{"line":405,"column":87}},"75":{"start":{"line":416,"column":30},"end":{"line":471,"column":3}},"76":{"start":{"line":418,"column":24},"end":{"line":418,"column":40}},"77":{"start":{"line":419,"column":26},"end":{"line":419,"column":50}},"78":{"start":{"line":421,"column":29},"end":{"line":421,"column":71}},"79":{"start":{"line":424,"column":19},"end":{"line":424,"column":69}},"80":{"start":{"line":426,"column":6},"end":{"line":428,"column":7}},"81":{"start":{"line":427,"column":8},"end":{"line":427,"column":65}},"82":{"start":{"line":431,"column":6},"end":{"line":433,"column":7}},"83":{"start":{"line":432,"column":8},"end":{"line":432,"column":106}},"84":{"start":{"line":436,"column":36},"end":{"line":436,"column":98}},"85":{"start":{"line":436,"column":74},"end":{"line":436,"column":97}},"86":{"start":{"line":439,"column":6},"end":{"line":439,"column":37}},"87":{"start":{"line":442,"column":21},"end":{"line":442,"column":73}},"88":{"start":{"line":450,"column":6},"end":{"line":450,"column":37}},"89":{"start":{"line":453,"column":28},"end":{"line":456,"column":8}},"90":{"start":{"line":457,"column":6},"end":{"line":457,"column":58}},"91":{"start":{"line":457,"column":36},"end":{"line":457,"column":56}},"92":{"start":{"line":458,"column":6},"end":{"line":458,"column":87}},"93":{"start":{"line":473,"column":31},"end":{"line":510,"column":3}},"94":{"start":{"line":475,"column":24},"end":{"line":475,"column":40}},"95":{"start":{"line":476,"column":26},"end":{"line":476,"column":50}},"96":{"start":{"line":478,"column":29},"end":{"line":478,"column":71}},"97":{"start":{"line":481,"column":19},"end":{"line":481,"column":69}},"98":{"start":{"line":483,"column":6},"end":{"line":485,"column":7}},"99":{"start":{"line":484,"column":8},"end":{"line":484,"column":65}},"100":{"start":{"line":488,"column":6},"end":{"line":490,"column":7}},"101":{"start":{"line":489,"column":8},"end":{"line":489,"column":106}},"102":{"start":{"line":493,"column":36},"end":{"line":493,"column":98}},"103":{"start":{"line":493,"column":74},"end":{"line":493,"column":97}},"104":{"start":{"line":496,"column":27},"end":{"line":499,"column":7}},"105":{"start":{"line":502,"column":8},"end":{"line":502,"column":89}},"106":{"start":{"line":678,"column":2},"end":{"line":693,"column":4}}},"fnMap":{"0":{"name":"(anonymous_0)","decl":{"start":{"line":9,"column":22},"end":{"line":9,"column":23}},"loc":{"start":{"line":9,"column":42},"end":{"line":43,"column":1}},"line":9},"1":{"name":"(anonymous_1)","decl":{"start":{"line":46,"column":22},"end":{"line":46,"column":23}},"loc":{"start":{"line":46,"column":42},"end":{"line":69,"column":3}},"line":46},"2":{"name":"(anonymous_2)","decl":{"start":{"line":72,"column":23},"end":{"line":72,"column":24}},"loc":{"start":{"line":72,"column":43},"end":{"line":97,"column":3}},"line":72},"3":{"name":"(anonymous_3)","decl":{"start":{"line":180,"column":31},"end":{"line":180,"column":32}},"loc":{"start":{"line":180,"column":51},"end":{"line":241,"column":1}},"line":180},"4":{"name":"(anonymous_4)","decl":{"start":{"line":347,"column":28},"end":{"line":347,"column":29}},"loc":{"start":{"line":347,"column":48},"end":{"line":414,"column":3}},"line":347},"5":{"name":"(anonymous_5)","decl":{"start":{"line":416,"column":30},"end":{"line":416,"column":31}},"loc":{"start":{"line":416,"column":50},"end":{"line":471,"column":3}},"line":416},"6":{"name":"(anonymous_6)","decl":{"start":{"line":436,"column":63},"end":{"line":436,"column":64}},"loc":{"start":{"line":436,"column":74},"end":{"line":436,"column":97}},"line":436},"7":{"name":"(anonymous_7)","decl":{"start":{"line":457,"column":26},"end":{"line":457,"column":27}},"loc":{"start":{"line":457,"column":36},"end":{"line":457,"column":56}},"line":457},"8":{"name":"(anonymous_8)","decl":{"start":{"line":473,"column":31},"end":{"line":473,"column":32}},"loc":{"start":{"line":473,"column":51},"end":{"line":510,"column":3}},"line":473},"9":{"name":"(anonymous_9)","decl":{"start":{"line":493,"column":63},"end":{"line":493,"column":64}},"loc":{"start":{"line":493,"column":74},"end":{"line":493,"column":97}},"line":493}},"branchMap":{"0":{"loc":{"start":{"line":23,"column":4},"end":{"line":38,"column":5}},"type":"if","locations":[{"start":{"line":23,"column":4},"end":{"line":38,"column":5}},{"start":{"line":30,"column":11},"end":{"line":38,"column":5}}],"line":23},"1":{"loc":{"start":{"line":60,"column":4},"end":{"line":64,"column":5}},"type":"if","locations":[{"start":{"line":60,"column":4},"end":{"line":64,"column":5}},{"start":{"line":62,"column":11},"end":{"line":64,"column":5}}],"line":60},"2":{"loc":{"start":{"line":85,"column":6},"end":{"line":92,"column":7}},"type":"if","locations":[{"start":{"line":85,"column":6},"end":{"line":92,"column":7}},{"start":{"line":89,"column":13},"end":{"line":92,"column":7}}],"line":85},"3":{"loc":{"start":{"line":192,"column":4},"end":{"line":236,"column":5}},"type":"if","locations":[{"start":{"line":192,"column":4},"end":{"line":236,"column":5}},{"start":{"line":194,"column":11},"end":{"line":236,"column":5}}],"line":192},"4":{"loc":{"start":{"line":203,"column":6},"end":{"line":213,"column":5}},"type":"if","locations":[{"start":{"line":203,"column":6},"end":{"line":213,"column":5}},{"start":{},"end":{}}],"line":203},"5":{"loc":{"start":{"line":216,"column":6},"end":{"line":227,"column":5}},"type":"if","locations":[{"start":{"line":216,"column":6},"end":{"line":227,"column":5}},{"start":{},"end":{}}],"line":216},"6":{"loc":{"start":{"line":230,"column":6},"end":{"line":234,"column":7}},"type":"if","locations":[{"start":{"line":230,"column":6},"end":{"line":234,"column":7}},{"start":{"line":232,"column":13},"end":{"line":234,"column":7}}],"line":230},"7":{"loc":{"start":{"line":361,"column":6},"end":{"line":363,"column":7}},"type":"if","locations":[{"start":{"line":361,"column":6},"end":{"line":363,"column":7}},{"start":{},"end":{}}],"line":361},"8":{"loc":{"start":{"line":366,"column":6},"end":{"line":369,"column":7}},"type":"if","locations":[{"start":{"line":366,"column":6},"end":{"line":369,"column":7}},{"start":{},"end":{}}],"line":366},"9":{"loc":{"start":{"line":380,"column":6},"end":{"line":409,"column":7}},"type":"if","locations":[{"start":{"line":380,"column":6},"end":{"line":409,"column":7}},{"start":{"line":383,"column":13},"end":{"line":409,"column":7}}],"line":380},"10":{"loc":{"start":{"line":383,"column":13},"end":{"line":409,"column":7}},"type":"if","locations":[{"start":{"line":383,"column":13},"end":{"line":409,"column":7}},{"start":{"line":386,"column":11},"end":{"line":409,"column":7}}],"line":383},"11":{"loc":{"start":{"line":386,"column":11},"end":{"line":409,"column":7}},"type":"if","locations":[{"start":{"line":386,"column":11},"end":{"line":409,"column":7}},{"start":{"line":389,"column":11},"end":{"line":409,"column":7}}],"line":386},"12":{"loc":{"start":{"line":426,"column":6},"end":{"line":428,"column":7}},"type":"if","locations":[{"start":{"line":426,"column":6},"end":{"line":428,"column":7}},{"start":{},"end":{}}],"line":426},"13":{"loc":{"start":{"line":431,"column":6},"end":{"line":433,"column":7}},"type":"if","locations":[{"start":{"line":431,"column":6},"end":{"line":433,"column":7}},{"start":{},"end":{}}],"line":431},"14":{"loc":{"start":{"line":483,"column":6},"end":{"line":485,"column":7}},"type":"if","locations":[{"start":{"line":483,"column":6},"end":{"line":485,"column":7}},{"start":{},"end":{}}],"line":483},"15":{"loc":{"start":{"line":488,"column":6},"end":{"line":490,"column":7}},"type":"if","locations":[{"start":{"line":488,"column":6},"end":{"line":490,"column":7}},{"start":{},"end":{}}],"line":488}},"s":{"0":5,"1":5,"2":5,"3":5,"4":2,"5":2,"6":2,"7":2,"8":1,"9":1,"10":1,"11":1,"12":1,"13":1,"14":1,"15":1,"16":1,"17":5,"18":2,"19":2,"20":2,"21":2,"22":2,"23":1,"24":1,"25":5,"26":2,"27":2,"28":2,"29":2,"30":1,"31":1,"32":5,"33":5,"34":5,"35":5,"36":5,"37":5,"38":1,"39":4,"40":4,"41":4,"42":4,"43":4,"44":2,"45":2,"46":2,"47":2,"48":4,"49":2,"50":2,"51":2,"52":2,"53":4,"54":3,"55":1,"56":5,"57":6,"58":6,"59":6,"60":6,"61":6,"62":1,"63":5,"64":1,"65":1,"66":4,"67":1,"68":3,"69":1,"70":2,"71":1,"72":1,"73":1,"74":1,"75":5,"76":3,"77":3,"78":3,"79":3,"80":3,"81":1,"82":2,"83":1,"84":1,"85":1,"86":1,"87":1,"88":1,"89":1,"90":1,"91":2,"92":1,"93":5,"94":3,"95":3,"96":3,"97":3,"98":3,"99":1,"100":2,"101":1,"102":1,"103":1,"104":1,"105":1,"106":5},"f":{"0":2,"1":2,"2":2,"3":5,"4":6,"5":3,"6":1,"7":2,"8":3,"9":1},"b":{"0":[1,1],"1":[1,1],"2":[1,1],"3":[1,4],"4":[2,2],"5":[2,2],"6":[3,1],"7":[1,5],"8":[1,4],"9":[1,3],"10":[1,2],"11":[1,1],"12":[1,2],"13":[1,1],"14":[1,2],"15":[1,1]},"_coverageSchema":"1a1c01bbd47fc00a2c39e90264f33305004495a9","hash":"89b16f68c4e710489cadee1865de8ef556760c30"}
}
