<?xml version="1.0" encoding="UTF-8"?>
<coverage generated="1701394067858" clover="3.2.0">
  <project timestamp="1701394067858" name="All files">
    <metrics statements="803" coveredstatements="787" conditionals="199" coveredconditionals="187" methods="113" coveredmethods="102" elements="1115" coveredelements="1076" complexity="0" loc="803" ncloc="803" packages="2" files="5" classes="5"/>
    <package name="Backend">
      <metrics statements="607" coveredstatements="591" conditionals="135" coveredconditionals="123" methods="93" coveredmethods="82"/>
      <file name="commuter_match.js" path="D:\cpen 321\RouteRider\Backend\commuter_match.js">
        <metrics statements="42" coveredstatements="42" conditionals="14" coveredconditionals="14" methods="6" coveredmethods="6"/>
        <line num="1" count="6" type="stmt"/>
        <line num="3" count="6" type="stmt"/>
        <line num="6" count="6" type="stmt"/>
        <line num="7" count="6" type="stmt"/>
        <line num="10" count="6" type="stmt"/>
        <line num="11" count="6" type="stmt"/>
        <line num="93" count="71" type="stmt"/>
        <line num="95" count="71" type="cond" truecount="5" falsecount="0"/>
        <line num="98" count="30" type="stmt"/>
        <line num="102" count="41" type="stmt"/>
        <line num="105" count="41" type="stmt"/>
        <line num="106" count="41" type="stmt"/>
        <line num="108" count="41" type="stmt"/>
        <line num="109" count="71" type="stmt"/>
        <line num="113" count="71" type="cond" truecount="2" falsecount="0"/>
        <line num="114" count="56" type="stmt"/>
        <line num="115" count="56" type="stmt"/>
        <line num="122" count="41" type="stmt"/>
        <line num="178" count="8" type="stmt"/>
        <line num="181" count="8" type="stmt"/>
        <line num="188" count="73" type="stmt"/>
        <line num="193" count="8" type="stmt"/>
        <line num="265" count="7" type="stmt"/>
        <line num="268" count="7" type="stmt"/>
        <line num="271" count="7" type="stmt"/>
        <line num="272" count="7" type="stmt"/>
        <line num="273" count="7" type="stmt"/>
        <line num="277" count="7" type="stmt"/>
        <line num="280" count="7" type="stmt"/>
        <line num="282" count="63" type="stmt"/>
        <line num="285" count="63" type="stmt"/>
        <line num="286" count="44" type="stmt"/>
        <line num="288" count="34" type="stmt"/>
        <line num="291" count="34" type="cond" truecount="2" falsecount="0"/>
        <line num="296" count="2" type="stmt"/>
        <line num="297" count="2" type="stmt"/>
        <line num="298" count="2" type="stmt"/>
        <line num="303" count="7" type="stmt"/>
        <line num="304" count="7" type="cond" truecount="2" falsecount="0"/>
        <line num="305" count="2" type="stmt"/>
        <line num="307" count="5" type="stmt"/>
        <line num="339" count="6" type="stmt"/>
      </file>
      <file name="recommendation.js" path="D:\cpen 321\RouteRider\Backend\recommendation.js">
        <metrics statements="29" coveredstatements="29" conditionals="6" coveredconditionals="6" methods="5" coveredmethods="5"/>
        <line num="9" count="6" type="stmt"/>
        <line num="11" count="6" type="stmt"/>
        <line num="12" count="6" type="stmt"/>
        <line num="14" count="6" type="stmt"/>
        <line num="15" count="3" type="stmt"/>
        <line num="16" count="3" type="stmt"/>
        <line num="18" count="3" type="stmt"/>
        <line num="20" count="3" type="stmt"/>
        <line num="26" count="3" type="stmt"/>
        <line num="33" count="3" type="stmt"/>
        <line num="34" count="3" type="stmt"/>
        <line num="36" count="3" type="stmt"/>
        <line num="37" count="3" type="cond" truecount="2" falsecount="0"/>
        <line num="38" count="1" type="stmt"/>
        <line num="43" count="3" type="stmt"/>
        <line num="44" count="3" type="cond" truecount="2" falsecount="0"/>
        <line num="45" count="1" type="stmt"/>
        <line num="49" count="3" type="stmt"/>
        <line num="50" count="3" type="stmt"/>
        <line num="52" count="3" type="stmt"/>
        <line num="54" count="3" type="stmt"/>
        <line num="63" count="3" type="stmt"/>
        <line num="64" count="3" type="cond" truecount="2" falsecount="0"/>
        <line num="65" count="1" type="stmt"/>
        <line num="66" count="1" type="stmt"/>
        <line num="67" count="7" type="stmt"/>
        <line num="69" count="1" type="stmt"/>
        <line num="72" count="2" type="stmt"/>
        <line num="133" count="6" type="stmt"/>
      </file>
      <file name="server.js" path="D:\cpen 321\RouteRider\Backend\server.js">
        <metrics statements="536" coveredstatements="520" conditionals="115" coveredconditionals="103" methods="82" coveredmethods="71"/>
        <line num="1" count="6" type="stmt"/>
        <line num="2" count="6" type="stmt"/>
        <line num="3" count="6" type="stmt"/>
        <line num="4" count="6" type="stmt"/>
        <line num="6" count="6" type="stmt"/>
        <line num="8" count="6" type="stmt"/>
        <line num="10" count="6" type="stmt"/>
        <line num="11" count="6" type="stmt"/>
        <line num="12" count="6" type="stmt"/>
        <line num="14" count="6" type="stmt"/>
        <line num="15" count="6" type="stmt"/>
        <line num="17" count="6" type="stmt"/>
        <line num="18" count="6" type="stmt"/>
        <line num="20" count="6" type="stmt"/>
        <line num="21" count="6" type="stmt"/>
        <line num="22" count="6" type="stmt"/>
        <line num="23" count="6" type="stmt"/>
        <line num="27" count="6" type="stmt"/>
        <line num="31" count="6" type="stmt"/>
        <line num="34" count="6" type="stmt"/>
        <line num="36" count="6" type="stmt"/>
        <line num="38" count="6" type="stmt"/>
        <line num="40" count="6" type="stmt"/>
        <line num="42" count="6" type="stmt"/>
        <line num="44" count="6" type="stmt"/>
        <line num="46" count="6" type="stmt"/>
        <line num="48" count="6" type="stmt"/>
        <line num="50" count="6" type="stmt"/>
        <line num="52" count="6" type="stmt"/>
        <line num="54" count="6" type="stmt"/>
        <line num="56" count="6" type="stmt"/>
        <line num="58" count="6" type="stmt"/>
        <line num="60" count="6" type="stmt"/>
        <line num="62" count="6" type="stmt"/>
        <line num="64" count="6" type="stmt"/>
        <line num="66" count="6" type="stmt"/>
        <line num="68" count="6" type="stmt"/>
        <line num="70" count="6" type="stmt"/>
        <line num="72" count="6" type="stmt"/>
        <line num="74" count="6" type="stmt"/>
        <line num="76" count="6" type="stmt"/>
        <line num="78" count="6" type="stmt"/>
        <line num="80" count="6" type="stmt"/>
        <line num="82" count="6" type="stmt"/>
        <line num="84" count="6" type="stmt"/>
        <line num="86" count="6" type="stmt"/>
        <line num="89" count="6" type="stmt"/>
        <line num="110" count="6" type="stmt"/>
        <line num="115" count="6" type="stmt"/>
        <line num="121" count="6" type="stmt"/>
        <line num="122" count="6" type="stmt"/>
        <line num="139" count="6" type="stmt"/>
        <line num="141" count="6" type="stmt"/>
        <line num="144" count="6" type="stmt"/>
        <line num="146" count="6" type="stmt"/>
        <line num="151" count="6" type="stmt"/>
        <line num="153" count="6" type="stmt"/>
        <line num="157" count="6" type="stmt"/>
        <line num="168" count="6" type="stmt"/>
        <line num="169" count="6" type="stmt"/>
        <line num="171" count="6" type="stmt"/>
        <line num="173" count="6" type="stmt"/>
        <line num="175" count="6" type="stmt"/>
        <line num="177" count="6" type="stmt"/>
        <line num="186" count="6" type="stmt"/>
        <line num="187" count="3" type="stmt"/>
        <line num="188" count="3" type="stmt"/>
        <line num="189" count="3" type="cond" truecount="4" falsecount="0"/>
        <line num="192" count="1" type="stmt"/>
        <line num="193" count="1" type="stmt"/>
        <line num="197" count="2" type="stmt"/>
        <line num="202" count="2" type="cond" truecount="2" falsecount="0"/>
        <line num="204" count="1" type="stmt"/>
        <line num="210" count="1" type="stmt"/>
        <line num="216" count="1" type="stmt"/>
        <line num="230" count="6" type="stmt"/>
        <line num="231" count="1" type="stmt"/>
        <line num="232" count="1" type="stmt"/>
        <line num="237" count="1" type="stmt"/>
        <line num="238" count="1" type="stmt"/>
        <line num="242" count="5" type="stmt"/>
        <line num="243" count="5" type="cond" truecount="4" falsecount="0"/>
        <line num="245" count="1" type="stmt"/>
        <line num="248" count="5" type="stmt"/>
        <line num="253" count="5" type="cond" truecount="2" falsecount="0"/>
        <line num="262" count="2" type="stmt"/>
        <line num="266" count="2" type="stmt"/>
        <line num="275" count="2" type="stmt"/>
        <line num="276" count="2" type="cond" truecount="2" falsecount="0"/>
        <line num="283" count="1" type="stmt"/>
        <line num="294" count="1" type="stmt"/>
        <line num="306" count="3" type="stmt"/>
        <line num="315" count="0" type="stmt"/>
        <line num="319" count="0" type="stmt"/>
        <line num="321" count="0" type="stmt"/>
        <line num="324" count="0" type="stmt"/>
        <line num="326" count="0" type="stmt"/>
        <line num="333" count="6" type="stmt"/>
        <line num="343" count="4" type="stmt"/>
        <line num="344" count="4" type="stmt"/>
        <line num="348" count="6" type="stmt"/>
        <line num="349" count="2" type="stmt"/>
        <line num="351" count="2" type="stmt"/>
        <line num="352" count="1" type="stmt"/>
        <line num="353" count="1" type="stmt"/>
        <line num="354" count="1" type="stmt"/>
        <line num="358" count="1" type="stmt"/>
        <line num="378" count="6" type="stmt"/>
        <line num="379" count="9" type="stmt"/>
        <line num="380" count="9" type="stmt"/>
        <line num="381" count="9" type="stmt"/>
        <line num="382" count="9" type="stmt"/>
        <line num="384" count="3" type="stmt"/>
        <line num="388" count="6" type="stmt"/>
        <line num="393" count="6" type="stmt"/>
        <line num="400" count="6" type="stmt"/>
        <line num="401" count="6" type="stmt"/>
        <line num="402" count="6" type="stmt"/>
        <line num="406" count="6" type="stmt"/>
        <line num="408" count="1" type="stmt"/>
        <line num="412" count="5" type="stmt"/>
        <line num="416" count="6" type="stmt"/>
        <line num="417" count="5" type="stmt"/>
        <line num="418" count="5" type="stmt"/>
        <line num="419" count="5" type="stmt"/>
        <line num="420" count="5" type="stmt"/>
        <line num="421" count="5" type="stmt"/>
        <line num="422" count="5" type="stmt"/>
        <line num="424" count="5" type="stmt"/>
        <line num="425" count="5" type="stmt"/>
        <line num="426" count="15" type="stmt"/>
        <line num="427" count="15" type="stmt"/>
        <line num="428" count="15" type="stmt"/>
        <line num="429" count="15" type="stmt"/>
        <line num="430" count="15" type="stmt"/>
        <line num="431" count="2" type="stmt"/>
        <line num="432" count="2" type="stmt"/>
        <line num="434" count="13" type="stmt"/>
        <line num="437" count="5" type="cond" truecount="2" falsecount="0"/>
        <line num="438" count="1" type="stmt"/>
        <line num="440" count="4" type="stmt"/>
        <line num="446" count="6" type="stmt"/>
        <line num="447" count="6" type="stmt"/>
        <line num="452" count="6" type="stmt"/>
        <line num="462" count="3" type="stmt"/>
        <line num="463" count="3" type="stmt"/>
        <line num="464" count="3" type="stmt"/>
        <line num="465" count="1" type="stmt"/>
        <line num="467" count="2" type="stmt"/>
        <line num="468" count="2" type="stmt"/>
        <line num="472" count="6" type="stmt"/>
        <line num="495" count="3" type="stmt"/>
        <line num="497" count="3" type="stmt"/>
        <line num="498" count="3" type="stmt"/>
        <line num="503" count="3" type="stmt"/>
        <line num="507" count="3" type="stmt"/>
        <line num="509" count="3" type="stmt"/>
        <line num="516" count="3" type="stmt"/>
        <line num="517" count="3" type="stmt"/>
        <line num="519" count="3" type="stmt"/>
        <line num="520" count="3" type="stmt"/>
        <line num="523" count="3" type="stmt"/>
        <line num="524" count="3" type="cond" truecount="2" falsecount="0"/>
        <line num="525" count="2" type="stmt"/>
        <line num="531" count="2" type="cond" truecount="1" falsecount="1"/>
        <line num="539" count="2" type="stmt"/>
        <line num="547" count="2" type="stmt"/>
        <line num="548" count="2" type="cond" truecount="2" falsecount="0"/>
        <line num="550" count="1" type="stmt"/>
        <line num="553" count="1" type="stmt"/>
        <line num="556" count="0" type="stmt"/>
        <line num="559" count="1" type="stmt"/>
        <line num="562" count="1" type="stmt"/>
        <line num="567" count="3" type="stmt"/>
        <line num="681" count="1" type="stmt"/>
        <line num="686" count="1" type="stmt"/>
        <line num="688" count="1" type="stmt"/>
        <line num="690" count="1" type="stmt"/>
        <line num="697" count="5" type="stmt"/>
        <line num="698" count="5" type="cond" truecount="2" falsecount="0"/>
        <line num="699" count="1" type="stmt"/>
        <line num="700" count="1" type="stmt"/>
        <line num="701" count="1" type="stmt"/>
        <line num="708" count="1" type="stmt"/>
        <line num="709" count="1" type="stmt"/>
        <line num="712" count="1" type="stmt"/>
        <line num="714" count="1" type="stmt"/>
        <line num="895" count="21" type="stmt"/>
        <line num="897" count="21" type="stmt"/>
        <line num="901" count="21" type="stmt"/>
        <line num="905" count="21" type="cond" truecount="2" falsecount="0"/>
        <line num="906" count="2" type="stmt"/>
        <line num="907" count="19" type="cond" truecount="2" falsecount="0"/>
        <line num="908" count="2" type="stmt"/>
        <line num="915" count="21" type="cond" truecount="2" falsecount="0"/>
        <line num="916" count="17" type="stmt"/>
        <line num="917" count="17" type="stmt"/>
        <line num="918" count="17" type="stmt"/>
        <line num="919" count="17" type="stmt"/>
        <line num="922" count="28" type="cond" truecount="2" falsecount="0"/>
        <line num="924" count="7" type="stmt"/>
        <line num="925" count="7" type="stmt"/>
        <line num="926" count="7" type="stmt"/>
        <line num="927" count="7" type="stmt"/>
        <line num="930" count="17" type="cond" truecount="4" falsecount="0"/>
        <line num="931" count="10" type="stmt"/>
        <line num="938" count="21" type="stmt"/>
        <line num="939" count="21" type="cond" truecount="2" falsecount="0"/>
        <line num="941" count="14" type="stmt"/>
        <line num="944" count="21" type="stmt"/>
        <line num="950" count="3" type="cond" truecount="1" falsecount="1"/>
        <line num="959" count="3" type="stmt"/>
        <line num="960" count="3" type="stmt"/>
        <line num="961" count="3" type="stmt"/>
        <line num="962" count="3" type="stmt"/>
        <line num="963" count="3" type="stmt"/>
        <line num="964" count="3" type="stmt"/>
        <line num="965" count="3" type="stmt"/>
        <line num="967" count="3" type="stmt"/>
        <line num="968" count="3" type="stmt"/>
        <line num="969" count="3" type="stmt"/>
        <line num="970" count="3" type="stmt"/>
        <line num="971" count="3" type="stmt"/>
        <line num="973" count="3" type="stmt"/>
        <line num="974" count="3" type="stmt"/>
        <line num="975" count="25" type="stmt"/>
        <line num="977" count="25" type="cond" truecount="2" falsecount="0"/>
        <line num="978" count="11" type="cond" truecount="2" falsecount="1"/>
        <line num="980" count="9" type="stmt"/>
        <line num="981" count="9" type="stmt"/>
        <line num="982" count="9" type="stmt"/>
        <line num="983" count="9" type="stmt"/>
        <line num="984" count="9" type="stmt"/>
        <line num="986" count="2" type="stmt"/>
        <line num="987" count="2" type="stmt"/>
        <line num="988" count="2" type="stmt"/>
        <line num="989" count="2" type="stmt"/>
        <line num="990" count="2" type="stmt"/>
        <line num="997" count="14" type="stmt"/>
        <line num="998" count="14" type="stmt"/>
        <line num="999" count="14" type="stmt"/>
        <line num="1000" count="14" type="stmt"/>
        <line num="1003" count="25" type="stmt"/>
        <line num="1012" count="25" type="stmt"/>
        <line num="1018" count="25" type="stmt"/>
        <line num="1020" count="3" type="stmt"/>
        <line num="1023" count="3" type="stmt"/>
        <line num="1025" count="3" type="stmt"/>
        <line num="1026" count="3" type="stmt"/>
        <line num="1029" count="18" type="stmt"/>
        <line num="1050" count="4" type="stmt"/>
        <line num="1052" count="4" type="stmt"/>
        <line num="1053" count="4" type="stmt"/>
        <line num="1057" count="4" type="stmt"/>
        <line num="1062" count="4" type="stmt"/>
        <line num="1063" count="4" type="cond" truecount="2" falsecount="0"/>
        <line num="1064" count="1" type="stmt"/>
        <line num="1065" count="1" type="stmt"/>
        <line num="1069" count="1" type="stmt"/>
        <line num="1070" count="3" type="cond" truecount="2" falsecount="0"/>
        <line num="1071" count="1" type="stmt"/>
        <line num="1072" count="1" type="stmt"/>
        <line num="1076" count="1" type="stmt"/>
        <line num="1082" count="2" type="stmt"/>
        <line num="1083" count="2" type="stmt"/>
        <line num="1084" count="2" type="stmt"/>
        <line num="1086" count="2" type="cond" truecount="1" falsecount="1"/>
        <line num="1087" count="2" type="stmt"/>
        <line num="1088" count="2" type="stmt"/>
        <line num="1089" count="2" type="stmt"/>
        <line num="1090" count="2" type="stmt"/>
        <line num="1092" count="2" type="stmt"/>
        <line num="1094" count="2" type="stmt"/>
        <line num="1099" count="2" type="stmt"/>
        <line num="1100" count="2" type="stmt"/>
        <line num="1109" count="2" type="stmt"/>
        <line num="1121" count="2" type="stmt"/>
        <line num="1134" count="2" type="stmt"/>
        <line num="1135" count="2" type="stmt"/>
        <line num="1136" count="2" type="stmt"/>
        <line num="1137" count="3" type="stmt"/>
        <line num="1138" count="3" type="stmt"/>
        <line num="1140" count="3" type="cond" truecount="2" falsecount="0"/>
        <line num="1141" count="2" type="cond" truecount="2" falsecount="1"/>
        <line num="1143" count="1" type="stmt"/>
        <line num="1144" count="1" type="stmt"/>
        <line num="1145" count="1" type="stmt"/>
        <line num="1147" count="1" type="stmt"/>
        <line num="1149" count="1" type="stmt"/>
        <line num="1151" count="1" type="stmt"/>
        <line num="1152" count="1" type="stmt"/>
        <line num="1153" count="1" type="stmt"/>
        <line num="1155" count="1" type="stmt"/>
        <line num="1160" count="2" type="stmt"/>
        <line num="1164" count="2" type="stmt"/>
        <line num="1165" count="2" type="stmt"/>
        <line num="1166" count="2" type="stmt"/>
        <line num="1171" count="2" type="stmt"/>
        <line num="1181" count="2" type="stmt"/>
        <line num="1182" count="2" type="stmt"/>
        <line num="1183" count="2" type="stmt"/>
        <line num="1184" count="2" type="cond" truecount="2" falsecount="0"/>
        <line num="1186" count="1" type="stmt"/>
        <line num="1187" count="5" type="stmt"/>
        <line num="1188" count="5" type="stmt"/>
        <line num="1189" count="0" type="stmt"/>
        <line num="1196" count="0" type="cond" truecount="0" falsecount="2"/>
        <line num="1198" count="0" type="stmt"/>
        <line num="1199" count="0" type="stmt"/>
        <line num="1207" count="2" type="stmt"/>
        <line num="1211" count="2" type="stmt"/>
        <line num="1236" count="9" type="stmt"/>
        <line num="1237" count="9" type="stmt"/>
        <line num="1238" count="9" type="stmt"/>
        <line num="1239" count="9" type="stmt"/>
        <line num="1241" count="9" type="stmt"/>
        <line num="1245" count="9" type="cond" truecount="2" falsecount="0"/>
        <line num="1249" count="2" type="stmt"/>
        <line num="1250" count="2" type="stmt"/>
        <line num="1252" count="9" type="stmt"/>
        <line num="1256" count="9" type="cond" truecount="2" falsecount="0"/>
        <line num="1260" count="2" type="stmt"/>
        <line num="1261" count="2" type="stmt"/>
        <line num="1264" count="9" type="stmt"/>
        <line num="1268" count="9" type="cond" truecount="2" falsecount="0"/>
        <line num="1272" count="1" type="stmt"/>
        <line num="1273" count="1" type="stmt"/>
        <line num="1275" count="9" type="stmt"/>
        <line num="1279" count="9" type="cond" truecount="2" falsecount="0"/>
        <line num="1283" count="1" type="stmt"/>
        <line num="1284" count="1" type="stmt"/>
        <line num="1287" count="9" type="stmt"/>
        <line num="1288" count="9" type="cond" truecount="2" falsecount="0"/>
        <line num="1289" count="4" type="stmt"/>
        <line num="1292" count="9" type="stmt"/>
        <line num="1293" count="9" type="stmt"/>
        <line num="1294" count="9" type="stmt"/>
        <line num="1295" count="8" type="stmt"/>
        <line num="1296" count="8" type="stmt"/>
        <line num="1297" count="8" type="stmt"/>
        <line num="1298" count="7" type="stmt"/>
        <line num="1301" count="8" type="cond" truecount="2" falsecount="0"/>
        <line num="1303" count="5" type="stmt"/>
        <line num="1304" count="5" type="stmt"/>
        <line num="1305" count="5" type="stmt"/>
        <line num="1306" count="5" type="stmt"/>
        <line num="1309" count="6" type="cond" truecount="2" falsecount="0"/>
        <line num="1313" count="1" type="stmt"/>
        <line num="1316" count="6" type="stmt"/>
        <line num="1319" count="7" type="cond" truecount="2" falsecount="0"/>
        <line num="1321" count="4" type="stmt"/>
        <line num="1322" count="4" type="stmt"/>
        <line num="1323" count="4" type="stmt"/>
        <line num="1324" count="4" type="stmt"/>
        <line num="1327" count="5" type="cond" truecount="2" falsecount="0"/>
        <line num="1331" count="1" type="stmt"/>
        <line num="1339" count="5" type="stmt"/>
        <line num="1344" count="5" type="stmt"/>
        <line num="1345" count="5" type="stmt"/>
        <line num="1346" count="5" type="cond" truecount="2" falsecount="0"/>
        <line num="1347" count="1" type="stmt"/>
        <line num="1348" count="1" type="stmt"/>
        <line num="1350" count="4" type="stmt"/>
        <line num="1351" count="4" type="stmt"/>
        <line num="1354" count="5" type="stmt"/>
        <line num="1356" count="5" type="stmt"/>
        <line num="1363" count="4" type="stmt"/>
        <line num="1369" count="4" type="stmt"/>
        <line num="1380" count="4" type="stmt"/>
        <line num="1381" count="4" type="stmt"/>
        <line num="1382" count="4" type="stmt"/>
        <line num="1385" count="4" type="stmt"/>
        <line num="1386" count="4" type="stmt"/>
        <line num="1390" count="4" type="stmt"/>
        <line num="1394" count="4" type="stmt"/>
        <line num="1398" count="4" type="stmt"/>
        <line num="1399" count="4" type="stmt"/>
        <line num="1401" count="4" type="stmt"/>
        <line num="1407" count="4" type="stmt"/>
        <line num="1414" count="4" type="stmt"/>
        <line num="1415" count="4" type="stmt"/>
        <line num="1416" count="4" type="stmt"/>
        <line num="1417" count="4" type="stmt"/>
        <line num="1418" count="4" type="stmt"/>
        <line num="1419" count="4" type="stmt"/>
        <line num="1420" count="4" type="stmt"/>
        <line num="1421" count="4" type="stmt"/>
        <line num="1423" count="4" type="stmt"/>
        <line num="1424" count="4" type="stmt"/>
        <line num="1425" count="4" type="stmt"/>
        <line num="1426" count="4" type="stmt"/>
        <line num="1427" count="4" type="stmt"/>
        <line num="1429" count="4" type="stmt"/>
        <line num="1430" count="14" type="stmt"/>
        <line num="1432" count="14" type="cond" truecount="2" falsecount="0"/>
        <line num="1433" count="7" type="cond" truecount="2" falsecount="1"/>
        <line num="1435" count="3" type="stmt"/>
        <line num="1436" count="3" type="stmt"/>
        <line num="1437" count="3" type="stmt"/>
        <line num="1438" count="3" type="stmt"/>
        <line num="1439" count="3" type="stmt"/>
        <line num="1441" count="4" type="stmt"/>
        <line num="1442" count="4" type="stmt"/>
        <line num="1443" count="4" type="stmt"/>
        <line num="1444" count="4" type="stmt"/>
        <line num="1445" count="4" type="stmt"/>
        <line num="1449" count="7" type="stmt"/>
        <line num="1450" count="7" type="stmt"/>
        <line num="1451" count="7" type="stmt"/>
        <line num="1452" count="7" type="stmt"/>
        <line num="1455" count="14" type="stmt"/>
        <line num="1456" count="14" type="stmt"/>
        <line num="1464" count="14" type="stmt"/>
        <line num="1470" count="14" type="stmt"/>
        <line num="1472" count="4" type="stmt"/>
        <line num="1473" count="4" type="stmt"/>
        <line num="1475" count="4" type="stmt"/>
        <line num="1476" count="22" type="stmt"/>
        <line num="1485" count="4" type="stmt"/>
        <line num="1486" count="4" type="stmt"/>
        <line num="1487" count="4" type="stmt"/>
        <line num="1490" count="4" type="stmt"/>
        <line num="1492" count="4" type="stmt"/>
        <line num="1493" count="4" type="stmt"/>
        <line num="1495" count="4" type="stmt"/>
        <line num="1496" count="30" type="stmt"/>
        <line num="1507" count="0" type="stmt"/>
        <line num="1512" count="1" type="stmt"/>
        <line num="1513" count="1" type="stmt"/>
        <line num="1527" count="10" type="stmt"/>
        <line num="1528" count="10" type="stmt"/>
        <line num="1529" count="10" type="stmt"/>
        <line num="1530" count="10" type="stmt"/>
        <line num="1533" count="10" type="stmt"/>
        <line num="1534" count="10" type="stmt"/>
        <line num="1537" count="10" type="stmt"/>
        <line num="1544" count="10" type="stmt"/>
        <line num="1545" count="10" type="stmt"/>
        <line num="1554" count="10" type="stmt"/>
        <line num="1555" count="10" type="stmt"/>
        <line num="1556" count="10" type="stmt"/>
        <line num="1560" count="0" type="stmt"/>
        <line num="1589" count="64" type="stmt"/>
        <line num="1590" count="64" type="stmt"/>
        <line num="1591" count="64" type="stmt"/>
        <line num="1593" count="64" type="stmt"/>
        <line num="1594" count="64" type="stmt"/>
        <line num="1595" count="64" type="stmt"/>
        <line num="1597" count="64" type="stmt"/>
        <line num="1598" count="64" type="stmt"/>
        <line num="1599" count="64" type="stmt"/>
        <line num="1600" count="64" type="stmt"/>
        <line num="1601" count="151" type="stmt"/>
        <line num="1603" count="64" type="stmt"/>
        <line num="1604" count="64" type="stmt"/>
        <line num="1605" count="64" type="cond" truecount="2" falsecount="0"/>
        <line num="1606" count="39" type="stmt"/>
        <line num="1607" count="39" type="stmt"/>
        <line num="1608" count="39" type="stmt"/>
        <line num="1613" count="39" type="stmt"/>
        <line num="1616" count="39" type="cond" truecount="1" falsecount="1"/>
        <line num="1617" count="39" type="stmt"/>
        <line num="1621" count="64" type="stmt"/>
        <line num="1625" count="0" type="stmt"/>
        <line num="1642" count="32" type="stmt"/>
        <line num="1644" count="32" type="stmt"/>
        <line num="1645" count="32" type="cond" truecount="2" falsecount="0"/>
        <line num="1646" count="6" type="stmt"/>
        <line num="1648" count="32" type="stmt"/>
        <line num="1649" count="32" type="cond" truecount="2" falsecount="0"/>
        <line num="1650" count="19" type="stmt"/>
        <line num="1652" count="32" type="stmt"/>
        <line num="1653" count="32" type="stmt"/>
        <line num="1655" count="32" type="stmt"/>
        <line num="1663" count="32" type="stmt"/>
        <line num="1665" count="32" type="stmt"/>
        <line num="1666" count="31" type="stmt"/>
        <line num="1669" count="31" type="stmt"/>
        <line num="1670" count="298" type="stmt"/>
        <line num="1673" count="31" type="stmt"/>
        <line num="1676" count="31" type="stmt"/>
        <line num="1677" count="31" type="cond" truecount="2" falsecount="0"/>
        <line num="1679" count="18" type="stmt"/>
        <line num="1700" count="31" type="stmt"/>
        <line num="1703" count="32" type="stmt"/>
        <line num="1705" count="0" type="stmt"/>
        <line num="1710" count="0" type="stmt"/>
        <line num="1717" count="59" type="stmt"/>
        <line num="1718" count="59" type="stmt"/>
        <line num="1720" count="59" type="stmt"/>
        <line num="1731" count="5" type="stmt"/>
        <line num="1732" count="5" type="stmt"/>
        <line num="1733" count="5" type="stmt"/>
        <line num="1739" count="5" type="stmt"/>
        <line num="1745" count="5" type="stmt"/>
        <line num="1751" count="5" type="stmt"/>
        <line num="1757" count="5" type="stmt"/>
        <line num="1758" count="5" type="cond" truecount="1" falsecount="1"/>
        <line num="1762" count="0" type="stmt"/>
        <line num="1764" count="5" type="stmt"/>
        <line num="1766" count="5" type="stmt"/>
        <line num="1776" count="7" type="stmt"/>
        <line num="1777" count="7" type="stmt"/>
        <line num="1778" count="47" type="cond" truecount="4" falsecount="0"/>
        <line num="1779" count="7" type="stmt"/>
        <line num="1781" count="7" type="stmt"/>
        <line num="1784" count="40" type="cond" truecount="4" falsecount="0"/>
        <line num="1785" count="3" type="stmt"/>
        <line num="1786" count="3" type="stmt"/>
        <line num="1789" count="37" type="cond" truecount="2" falsecount="0"/>
        <line num="1791" count="15" type="stmt"/>
        <line num="1794" count="15" type="stmt"/>
        <line num="1799" count="7" type="stmt"/>
        <line num="1804" count="10" type="stmt"/>
        <line num="1805" count="10" type="stmt"/>
        <line num="1810" count="15" type="stmt"/>
        <line num="1811" count="15" type="stmt"/>
        <line num="1823" count="6" type="stmt"/>
        <line num="1829" count="6" type="stmt"/>
        <line num="1830" count="6" type="stmt"/>
        <line num="1831" count="6" type="stmt"/>
        <line num="1834" count="6" type="cond" truecount="4" falsecount="0"/>
        <line num="1835" count="1" type="stmt"/>
        <line num="1838" count="6" type="stmt"/>
        <line num="1842" count="6" type="stmt"/>
        <line num="1848" count="6" type="stmt"/>
        <line num="1853" count="5" type="stmt"/>
        <line num="1856" count="5" type="stmt"/>
        <line num="1859" count="5" type="cond" truecount="1" falsecount="1"/>
        <line num="1862" count="5" type="cond" truecount="1" falsecount="1"/>
        <line num="1864" count="5" type="stmt"/>
        <line num="1868" count="5" type="stmt"/>
        <line num="1874" count="2" type="stmt"/>
        <line num="1875" count="2" type="stmt"/>
        <line num="1877" count="2" type="stmt"/>
        <line num="1880" count="6" type="stmt"/>
      </file>
    </package>
    <package name="Backend.routes">
      <metrics statements="196" coveredstatements="196" conditionals="64" coveredconditionals="64" methods="20" coveredmethods="20"/>
      <file name="schedule.js" path="D:\cpen 321\RouteRider\Backend\routes\schedule.js">
        <metrics statements="92" coveredstatements="92" conditionals="32" coveredconditionals="32" methods="10" coveredmethods="10"/>
        <line num="1" count="6" type="stmt"/>
        <line num="2" count="6" type="stmt"/>
        <line num="3" count="6" type="stmt"/>
        <line num="6" count="6" type="stmt"/>
        <line num="9" count="2" type="stmt"/>
        <line num="12" count="2" type="stmt"/>
        <line num="15" count="2" type="stmt"/>
        <line num="19" count="2" type="cond" truecount="2" falsecount="0"/>
        <line num="21" count="1" type="stmt"/>
        <line num="22" count="1" type="stmt"/>
        <line num="23" count="1" type="stmt"/>
        <line num="24" count="1" type="stmt"/>
        <line num="27" count="1" type="stmt"/>
        <line num="28" count="1" type="stmt"/>
        <line num="29" count="1" type="stmt"/>
        <line num="30" count="1" type="stmt"/>
        <line num="31" count="1" type="stmt"/>
        <line num="40" count="6" type="stmt"/>
        <line num="43" count="2" type="stmt"/>
        <line num="46" count="2" type="stmt"/>
        <line num="51" count="2" type="stmt"/>
        <line num="53" count="2" type="cond" truecount="2" falsecount="0"/>
        <line num="55" count="1" type="stmt"/>
        <line num="58" count="1" type="stmt"/>
        <line num="67" count="6" type="stmt"/>
        <line num="70" count="2" type="stmt"/>
        <line num="73" count="2" type="stmt"/>
        <line num="76" count="2" type="stmt"/>
        <line num="79" count="2" type="stmt"/>
        <line num="81" count="2" type="cond" truecount="2" falsecount="0"/>
        <line num="83" count="1" type="stmt"/>
        <line num="86" count="1" type="stmt"/>
        <line num="93" count="1" type="stmt"/>
        <line num="271" count="6" type="stmt"/>
        <line num="274" count="1" type="stmt"/>
        <line num="278" count="8" type="stmt"/>
        <line num="279" count="8" type="stmt"/>
        <line num="281" count="8" type="stmt"/>
        <line num="282" count="8" type="stmt"/>
        <line num="284" count="8" type="cond" truecount="2" falsecount="0"/>
        <line num="285" count="1" type="stmt"/>
        <line num="286" count="1" type="stmt"/>
        <line num="290" count="7" type="stmt"/>
        <line num="291" count="7" type="stmt"/>
        <line num="293" count="7" type="cond" truecount="4" falsecount="0"/>
        <line num="294" count="1" type="stmt"/>
        <line num="295" count="1" type="stmt"/>
        <line num="299" count="6" type="stmt"/>
        <line num="301" count="6" type="cond" truecount="2" falsecount="0"/>
        <line num="302" count="1" type="stmt"/>
        <line num="303" count="1" type="stmt"/>
        <line num="307" count="5" type="stmt"/>
        <line num="310" count="5" type="cond" truecount="2" falsecount="0"/>
        <line num="312" count="4" type="stmt"/>
        <line num="313" count="7" type="stmt"/>
        <line num="314" count="7" type="stmt"/>
        <line num="320" count="7" type="stmt"/>
        <line num="327" count="4" type="cond" truecount="2" falsecount="0"/>
        <line num="329" count="3" type="stmt"/>
        <line num="330" count="3" type="stmt"/>
        <line num="337" count="2" type="stmt"/>
        <line num="338" count="2" type="stmt"/>
        <line num="340" count="2" type="stmt"/>
        <line num="346" count="2" type="stmt"/>
        <line num="675" count="6" type="stmt"/>
        <line num="677" count="4" type="stmt"/>
        <line num="678" count="4" type="stmt"/>
        <line num="680" count="4" type="stmt"/>
        <line num="681" count="4" type="stmt"/>
        <line num="683" count="4" type="cond" truecount="2" falsecount="0"/>
        <line num="684" count="1" type="stmt"/>
        <line num="685" count="1" type="stmt"/>
        <line num="689" count="3" type="stmt"/>
        <line num="691" count="3" type="cond" truecount="2" falsecount="0"/>
        <line num="692" count="1" type="stmt"/>
        <line num="693" count="1" type="stmt"/>
        <line num="697" count="2" type="stmt"/>
        <line num="699" count="2" type="cond" truecount="2" falsecount="0"/>
        <line num="700" count="1" type="stmt"/>
        <line num="702" count="1" type="stmt"/>
        <line num="788" count="6" type="stmt"/>
        <line num="790" count="3" type="stmt"/>
        <line num="792" count="3" type="stmt"/>
        <line num="793" count="3" type="stmt"/>
        <line num="797" count="3" type="cond" truecount="2" falsecount="0"/>
        <line num="798" count="2" type="stmt"/>
        <line num="799" count="2" type="stmt"/>
        <line num="802" count="1" type="stmt"/>
        <line num="803" count="1" type="stmt"/>
        <line num="814" count="1" type="stmt"/>
        <line num="822" count="1" type="stmt"/>
        <line num="854" count="6" type="stmt"/>
      </file>
      <file name="user.js" path="D:\cpen 321\RouteRider\Backend\routes\user.js">
        <metrics statements="104" coveredstatements="104" conditionals="32" coveredconditionals="32" methods="10" coveredmethods="10"/>
        <line num="4" count="6" type="stmt"/>
        <line num="5" count="6" type="stmt"/>
        <line num="6" count="6" type="stmt"/>
        <line num="9" count="6" type="stmt"/>
        <line num="12" count="2" type="stmt"/>
        <line num="16" count="2" type="stmt"/>
        <line num="20" count="2" type="stmt"/>
        <line num="23" count="2" type="cond" truecount="2" falsecount="0"/>
        <line num="26" count="1" type="stmt"/>
        <line num="27" count="1" type="stmt"/>
        <line num="28" count="1" type="stmt"/>
        <line num="29" count="1" type="stmt"/>
        <line num="32" count="1" type="stmt"/>
        <line num="33" count="1" type="stmt"/>
        <line num="34" count="1" type="stmt"/>
        <line num="35" count="1" type="stmt"/>
        <line num="36" count="1" type="stmt"/>
        <line num="46" count="6" type="stmt"/>
        <line num="48" count="2" type="stmt"/>
        <line num="49" count="2" type="stmt"/>
        <line num="52" count="2" type="stmt"/>
        <line num="55" count="2" type="stmt"/>
        <line num="60" count="2" type="cond" truecount="2" falsecount="0"/>
        <line num="61" count="1" type="stmt"/>
        <line num="63" count="1" type="stmt"/>
        <line num="72" count="6" type="stmt"/>
        <line num="75" count="2" type="stmt"/>
        <line num="78" count="2" type="stmt"/>
        <line num="83" count="2" type="stmt"/>
        <line num="85" count="2" type="cond" truecount="2" falsecount="0"/>
        <line num="87" count="1" type="stmt"/>
        <line num="91" count="1" type="stmt"/>
        <line num="180" count="6" type="stmt"/>
        <line num="182" count="5" type="stmt"/>
        <line num="185" count="5" type="stmt"/>
        <line num="188" count="5" type="stmt"/>
        <line num="190" count="5" type="stmt"/>
        <line num="192" count="5" type="cond" truecount="2" falsecount="0"/>
        <line num="193" count="1" type="stmt"/>
        <line num="195" count="4" type="stmt"/>
        <line num="196" count="4" type="stmt"/>
        <line num="199" count="4" type="stmt"/>
        <line num="200" count="4" type="stmt"/>
        <line num="203" count="4" type="cond" truecount="2" falsecount="0"/>
        <line num="204" count="2" type="stmt"/>
        <line num="205" count="2" type="stmt"/>
        <line num="206" count="2" type="stmt"/>
        <line num="208" count="2" type="stmt"/>
        <line num="216" count="4" type="cond" truecount="2" falsecount="0"/>
        <line num="217" count="2" type="stmt"/>
        <line num="218" count="2" type="stmt"/>
        <line num="219" count="2" type="stmt"/>
        <line num="221" count="2" type="stmt"/>
        <line num="230" count="4" type="cond" truecount="2" falsecount="0"/>
        <line num="231" count="3" type="stmt"/>
        <line num="233" count="1" type="stmt"/>
        <line num="347" count="6" type="stmt"/>
        <line num="349" count="6" type="stmt"/>
        <line num="350" count="6" type="stmt"/>
        <line num="352" count="6" type="stmt"/>
        <line num="355" count="6" type="stmt"/>
        <line num="361" count="6" type="cond" truecount="2" falsecount="0"/>
        <line num="362" count="1" type="stmt"/>
        <line num="366" count="5" type="cond" truecount="2" falsecount="0"/>
        <line num="367" count="1" type="stmt"/>
        <line num="368" count="1" type="stmt"/>
        <line num="380" count="4" type="cond" truecount="2" falsecount="0"/>
        <line num="381" count="1" type="stmt"/>
        <line num="383" count="3" type="cond" truecount="2" falsecount="0"/>
        <line num="384" count="1" type="stmt"/>
        <line num="386" count="2" type="cond" truecount="2" falsecount="0"/>
        <line num="387" count="1" type="stmt"/>
        <line num="396" count="1" type="stmt"/>
        <line num="399" count="1" type="stmt"/>
        <line num="405" count="1" type="stmt"/>
        <line num="416" count="6" type="stmt"/>
        <line num="418" count="3" type="stmt"/>
        <line num="419" count="3" type="stmt"/>
        <line num="421" count="3" type="stmt"/>
        <line num="424" count="3" type="stmt"/>
        <line num="426" count="3" type="cond" truecount="2" falsecount="0"/>
        <line num="427" count="1" type="stmt"/>
        <line num="431" count="2" type="cond" truecount="2" falsecount="0"/>
        <line num="432" count="1" type="stmt"/>
        <line num="436" count="1" type="stmt"/>
        <line num="439" count="1" type="stmt"/>
        <line num="442" count="1" type="stmt"/>
        <line num="450" count="1" type="stmt"/>
        <line num="453" count="1" type="stmt"/>
        <line num="457" count="2" type="stmt"/>
        <line num="458" count="1" type="stmt"/>
        <line num="473" count="6" type="stmt"/>
        <line num="475" count="3" type="stmt"/>
        <line num="476" count="3" type="stmt"/>
        <line num="478" count="3" type="stmt"/>
        <line num="481" count="3" type="stmt"/>
        <line num="483" count="3" type="cond" truecount="2" falsecount="0"/>
        <line num="484" count="1" type="stmt"/>
        <line num="488" count="2" type="cond" truecount="2" falsecount="0"/>
        <line num="489" count="1" type="stmt"/>
        <line num="493" count="1" type="stmt"/>
        <line num="496" count="1" type="stmt"/>
        <line num="502" count="1" type="stmt"/>
        <line num="678" count="6" type="stmt"/>
      </file>
    </package>
  </project>
</coverage>
