{"C:\\cpen321\\RouteRider\\Backend\\commuter_match.js": {"path":"C:\\cpen321\\RouteRider\\Backend\\commuter_match.js","statementMap":{"0":{"start":{"line":1,"column":16},"end":{"line":1,"column":34}},"1":{"start":{"line":3,"column":23},"end":{"line":3,"column":41}},"2":{"start":{"line":6,"column":12},"end":{"line":6,"column":21}},"3":{"start":{"line":7,"column":0},"end":{"line":7,"column":24}},"4":{"start":{"line":10,"column":12},"end":{"line":10,"column":37}},"5":{"start":{"line":11,"column":15},"end":{"line":11,"column":35}},"6":{"start":{"line":93,"column":22},"end":{"line":93,"column":108}},"7":{"start":{"line":95,"column":1},"end":{"line":99,"column":2}},"8":{"start":{"line":98,"column":5},"end":{"line":98,"column":27}},"9":{"start":{"line":102,"column":22},"end":{"line":102,"column":103}},"10":{"start":{"line":102,"column":57},"end":{"line":102,"column":102}},"11":{"start":{"line":105,"column":21},"end":{"line":105,"column":23}},"12":{"start":{"line":106,"column":19},"end":{"line":106,"column":28}},"13":{"start":{"line":108,"column":1},"end":{"line":117,"column":2}},"14":{"start":{"line":109,"column":21},"end":{"line":109,"column":67}},"15":{"start":{"line":113,"column":5},"end":{"line":116,"column":6}},"16":{"start":{"line":114,"column":9},"end":{"line":114,"column":32}},"17":{"start":{"line":115,"column":9},"end":{"line":115,"column":52}},"18":{"start":{"line":122,"column":1},"end":{"line":122,"column":32}},"19":{"start":{"line":180,"column":39},"end":{"line":184,"column":22}},"20":{"start":{"line":187,"column":36},"end":{"line":187,"column":90}},"21":{"start":{"line":187,"column":75},"end":{"line":187,"column":89}},"22":{"start":{"line":192,"column":8},"end":{"line":192,"column":35}},"23":{"start":{"line":266,"column":32},"end":{"line":266,"column":72}},"24":{"start":{"line":269,"column":28},"end":{"line":269,"column":60}},"25":{"start":{"line":272,"column":30},"end":{"line":272,"column":39}},"26":{"start":{"line":275,"column":8},"end":{"line":296,"column":9}},"27":{"start":{"line":277,"column":40},"end":{"line":277,"column":76}},"28":{"start":{"line":280,"column":12},"end":{"line":295,"column":13}},"29":{"start":{"line":281,"column":16},"end":{"line":294,"column":17}},"30":{"start":{"line":283,"column":43},"end":{"line":283,"column":127}},"31":{"start":{"line":286,"column":20},"end":{"line":293,"column":21}},"32":{"start":{"line":291,"column":24},"end":{"line":291,"column":49}},"33":{"start":{"line":292,"column":24},"end":{"line":292,"column":30}},"34":{"start":{"line":298,"column":8},"end":{"line":298,"column":29}},"35":{"start":{"line":327,"column":0},"end":{"line":333,"column":4}}},"fnMap":{"0":{"name":"getFirstEventsOfEachDay","decl":{"start":{"line":90,"column":15},"end":{"line":90,"column":38}},"loc":{"start":{"line":90,"column":50},"end":{"line":126,"column":1}},"line":90},"1":{"name":"(anonymous_1)","decl":{"start":{"line":102,"column":47},"end":{"line":102,"column":48}},"loc":{"start":{"line":102,"column":57},"end":{"line":102,"column":102}},"line":102},"2":{"name":"findOtherEmails","decl":{"start":{"line":177,"column":15},"end":{"line":177,"column":30}},"loc":{"start":{"line":177,"column":42},"end":{"line":197,"column":1}},"line":177},"3":{"name":"(anonymous_3)","decl":{"start":{"line":187,"column":63},"end":{"line":187,"column":64}},"loc":{"start":{"line":187,"column":75},"end":{"line":187,"column":89}},"line":187},"4":{"name":"findMatchingUsers","decl":{"start":{"line":263,"column":17},"end":{"line":263,"column":34}},"loc":{"start":{"line":263,"column":46},"end":{"line":303,"column":1}},"line":263}},"branchMap":{"0":{"loc":{"start":{"line":95,"column":1},"end":{"line":99,"column":2}},"type":"if","locations":[{"start":{"line":95,"column":1},"end":{"line":99,"column":2}},{"start":{},"end":{}}],"line":95},"1":{"loc":{"start":{"line":95,"column":5},"end":{"line":95,"column":78}},"type":"binary-expr","locations":[{"start":{"line":95,"column":5},"end":{"line":95,"column":18}},{"start":{"line":95,"column":22},"end":{"line":95,"column":42}},{"start":{"line":95,"column":46},"end":{"line":95,"column":78}}],"line":95},"2":{"loc":{"start":{"line":113,"column":5},"end":{"line":116,"column":6}},"type":"if","locations":[{"start":{"line":113,"column":5},"end":{"line":116,"column":6}},{"start":{},"end":{}}],"line":113},"3":{"loc":{"start":{"line":286,"column":20},"end":{"line":293,"column":21}},"type":"if","locations":[{"start":{"line":286,"column":20},"end":{"line":293,"column":21}},{"start":{},"end":{}}],"line":286},"4":{"loc":{"start":{"line":287,"column":24},"end":{"line":289,"column":60}},"type":"binary-expr","locations":[{"start":{"line":287,"column":24},"end":{"line":287,"column":69}},{"start":{"line":288,"column":24},"end":{"line":288,"column":70}},{"start":{"line":289,"column":24},"end":{"line":289,"column":60}}],"line":287}},"s":{"0":6,"1":6,"2":6,"3":6,"4":6,"5":6,"6":33,"7":33,"8":6,"9":27,"10":3,"11":27,"12":27,"13":27,"14":30,"15":30,"16":29,"17":29,"18":27,"19":7,"20":7,"21":29,"22":7,"23":6,"24":6,"25":6,"26":6,"27":26,"28":26,"29":24,"30":20,"31":20,"32":1,"33":1,"34":6,"35":6},"f":{"0":33,"1":3,"2":7,"3":29,"4":6},"b":{"0":[6,27],"1":[33,29,27],"2":[29,1],"3":[1,19],"4":[20,7,5]},"_coverageSchema":"1a1c01bbd47fc00a2c39e90264f33305004495a9","hash":"7b2351455d9000ab6bc22c89ec5af503fa1302c1"}
,"C:\\cpen321\\RouteRider\\Backend\\recommendation.js": {"path":"C:\\cpen321\\RouteRider\\Backend\\recommendation.js","statementMap":{"0":{"start":{"line":9,"column":4},"end":{"line":9,"column":50}},"1":{"start":{"line":11,"column":18},"end":{"line":11,"column":20}},"2":{"start":{"line":12,"column":16},"end":{"line":12,"column":57}},"3":{"start":{"line":14,"column":23},"end":{"line":89,"column":1}},"4":{"start":{"line":15,"column":2},"end":{"line":15,"column":19}},"5":{"start":{"line":16,"column":2},"end":{"line":88,"column":5}},"6":{"start":{"line":18,"column":19},"end":{"line":18,"column":31}},"7":{"start":{"line":20,"column":28},"end":{"line":25,"column":5}},"8":{"start":{"line":26,"column":28},"end":{"line":31,"column":5}},"9":{"start":{"line":33,"column":18},"end":{"line":33,"column":36}},"10":{"start":{"line":34,"column":18},"end":{"line":34,"column":36}},"11":{"start":{"line":36,"column":4},"end":{"line":87,"column":5}},"12":{"start":{"line":37,"column":37},"end":{"line":40,"column":8}},"13":{"start":{"line":48,"column":6},"end":{"line":52,"column":7}},"14":{"start":{"line":49,"column":8},"end":{"line":49,"column":62}},"15":{"start":{"line":54,"column":6},"end":{"line":58,"column":7}},"16":{"start":{"line":55,"column":8},"end":{"line":55,"column":62}},"17":{"start":{"line":59,"column":24},"end":{"line":59,"column":55}},"18":{"start":{"line":60,"column":24},"end":{"line":60,"column":55}},"19":{"start":{"line":62,"column":23},"end":{"line":62,"column":45}},"20":{"start":{"line":64,"column":28},"end":{"line":71,"column":7}},"21":{"start":{"line":73,"column":23},"end":{"line":73,"column":63}},"22":{"start":{"line":74,"column":6},"end":{"line":83,"column":7}},"23":{"start":{"line":75,"column":24},"end":{"line":75,"column":45}},"24":{"start":{"line":76,"column":8},"end":{"line":78,"column":9}},"25":{"start":{"line":76,"column":21},"end":{"line":76,"column":22}},"26":{"start":{"line":77,"column":10},"end":{"line":77,"column":39}},"27":{"start":{"line":79,"column":8},"end":{"line":79,"column":29}},"28":{"start":{"line":82,"column":8},"end":{"line":82,"column":44}},"29":{"start":{"line":86,"column":6},"end":{"line":86,"column":20}},"30":{"start":{"line":91,"column":0},"end":{"line":91,"column":32}}},"fnMap":{"0":{"name":"(anonymous_0)","decl":{"start":{"line":14,"column":23},"end":{"line":14,"column":24}},"loc":{"start":{"line":14,"column":47},"end":{"line":89,"column":1}},"line":14},"1":{"name":"(anonymous_1)","decl":{"start":{"line":16,"column":21},"end":{"line":16,"column":22}},"loc":{"start":{"line":16,"column":48},"end":{"line":88,"column":3}},"line":16}},"branchMap":{"0":{"loc":{"start":{"line":48,"column":6},"end":{"line":52,"column":7}},"type":"if","locations":[{"start":{"line":48,"column":6},"end":{"line":52,"column":7}},{"start":{"line":50,"column":13},"end":{"line":52,"column":7}}],"line":48},"1":{"loc":{"start":{"line":54,"column":6},"end":{"line":58,"column":7}},"type":"if","locations":[{"start":{"line":54,"column":6},"end":{"line":58,"column":7}},{"start":{"line":56,"column":13},"end":{"line":58,"column":7}}],"line":54},"2":{"loc":{"start":{"line":74,"column":6},"end":{"line":83,"column":7}},"type":"if","locations":[{"start":{"line":74,"column":6},"end":{"line":83,"column":7}},{"start":{"line":80,"column":13},"end":{"line":83,"column":7}}],"line":74}},"s":{"0":6,"1":6,"2":6,"3":6,"4":3,"5":3,"6":3,"7":3,"8":3,"9":3,"10":3,"11":3,"12":3,"13":2,"14":1,"15":2,"16":1,"17":2,"18":2,"19":2,"20":2,"21":2,"22":2,"23":1,"24":1,"25":1,"26":7,"27":1,"28":1,"29":1,"30":6},"f":{"0":3,"1":3},"b":{"0":[1,1],"1":[1,1],"2":[1,1]},"_coverageSchema":"1a1c01bbd47fc00a2c39e90264f33305004495a9","hash":"05576ee3a064cadeb151ea7d114eeb0dda11fccb"}
,"C:\\cpen321\\RouteRider\\Backend\\server.js": {"path":"C:\\cpen321\\RouteRider\\Backend\\server.js","statementMap":{"0":{"start":{"line":1,"column":16},"end":{"line":1,"column":34}},"1":{"start":{"line":2,"column":14},"end":{"line":2,"column":30}},"2":{"start":{"line":3,"column":13},"end":{"line":3,"column":28}},"3":{"start":{"line":4,"column":11},"end":{"line":4,"column":24}},"4":{"start":{"line":6,"column":13},"end":{"line":6,"column":17}},"5":{"start":{"line":8,"column":24},"end":{"line":8,"column":42}},"6":{"start":{"line":10,"column":26},"end":{"line":10,"column":62}},"7":{"start":{"line":11,"column":20},"end":{"line":11,"column":58}},"8":{"start":{"line":12,"column":13},"end":{"line":12,"column":28}},"9":{"start":{"line":15,"column":17},"end":{"line":15,"column":44}},"10":{"start":{"line":16,"column":21},"end":{"line":16,"column":64}},"11":{"start":{"line":18,"column":12},"end":{"line":18,"column":21}},"12":{"start":{"line":19,"column":0},"end":{"line":19,"column":24}},"13":{"start":{"line":21,"column":13},"end":{"line":21,"column":40}},"14":{"start":{"line":22,"column":17},"end":{"line":22,"column":48}},"15":{"start":{"line":23,"column":18},"end":{"line":23,"column":48}},"16":{"start":{"line":24,"column":23},"end":{"line":24,"column":53}},"17":{"start":{"line":28,"column":14},"end":{"line":28,"column":39}},"18":{"start":{"line":32,"column":27},"end":{"line":32,"column":59}},"19":{"start":{"line":34,"column":24},"end":{"line":34,"column":119}},"20":{"start":{"line":35,"column":24},"end":{"line":35,"column":90}},"21":{"start":{"line":36,"column":24},"end":{"line":36,"column":90}},"22":{"start":{"line":37,"column":24},"end":{"line":37,"column":90}},"23":{"start":{"line":38,"column":24},"end":{"line":38,"column":90}},"24":{"start":{"line":39,"column":24},"end":{"line":39,"column":90}},"25":{"start":{"line":40,"column":24},"end":{"line":40,"column":90}},"26":{"start":{"line":41,"column":24},"end":{"line":41,"column":90}},"27":{"start":{"line":42,"column":24},"end":{"line":42,"column":90}},"28":{"start":{"line":43,"column":25},"end":{"line":43,"column":91}},"29":{"start":{"line":44,"column":25},"end":{"line":44,"column":91}},"30":{"start":{"line":45,"column":25},"end":{"line":45,"column":91}},"31":{"start":{"line":46,"column":25},"end":{"line":46,"column":91}},"32":{"start":{"line":47,"column":25},"end":{"line":47,"column":91}},"33":{"start":{"line":48,"column":25},"end":{"line":48,"column":91}},"34":{"start":{"line":49,"column":25},"end":{"line":49,"column":91}},"35":{"start":{"line":50,"column":25},"end":{"line":50,"column":91}},"36":{"start":{"line":51,"column":25},"end":{"line":51,"column":91}},"37":{"start":{"line":52,"column":25},"end":{"line":52,"column":91}},"38":{"start":{"line":53,"column":25},"end":{"line":53,"column":91}},"39":{"start":{"line":54,"column":25},"end":{"line":54,"column":91}},"40":{"start":{"line":55,"column":25},"end":{"line":55,"column":91}},"41":{"start":{"line":56,"column":25},"end":{"line":56,"column":91}},"42":{"start":{"line":57,"column":25},"end":{"line":57,"column":91}},"43":{"start":{"line":58,"column":25},"end":{"line":58,"column":91}},"44":{"start":{"line":59,"column":25},"end":{"line":59,"column":80}},"45":{"start":{"line":61,"column":19},"end":{"line":61,"column":556}},"46":{"start":{"line":65,"column":0},"end":{"line":77,"column":1}},"47":{"start":{"line":85,"column":13},"end":{"line":85,"column":33}},"48":{"start":{"line":86,"column":16},"end":{"line":86,"column":31}},"49":{"start":{"line":87,"column":18},"end":{"line":87,"column":36}},"50":{"start":{"line":88,"column":10},"end":{"line":88,"column":28}},"51":{"start":{"line":90,"column":0},"end":{"line":93,"column":3}},"52":{"start":{"line":96,"column":12},"end":{"line":96,"column":39}},"53":{"start":{"line":97,"column":15},"end":{"line":97,"column":35}},"54":{"start":{"line":116,"column":0},"end":{"line":116,"column":46}},"55":{"start":{"line":118,"column":0},"end":{"line":118,"column":53}},"56":{"start":{"line":121,"column":0},"end":{"line":121,"column":69}},"57":{"start":{"line":123,"column":0},"end":{"line":123,"column":60}},"58":{"start":{"line":128,"column":0},"end":{"line":128,"column":71}},"59":{"start":{"line":130,"column":0},"end":{"line":133,"column":2}},"60":{"start":{"line":134,"column":0},"end":{"line":137,"column":2}},"61":{"start":{"line":145,"column":0},"end":{"line":145,"column":58}},"62":{"start":{"line":146,"column":0},"end":{"line":146,"column":65}},"63":{"start":{"line":148,"column":0},"end":{"line":148,"column":61}},"64":{"start":{"line":150,"column":0},"end":{"line":150,"column":64}},"65":{"start":{"line":152,"column":0},"end":{"line":152,"column":56}},"66":{"start":{"line":154,"column":0},"end":{"line":154,"column":69}},"67":{"start":{"line":164,"column":0},"end":{"line":205,"column":3}},"68":{"start":{"line":165,"column":16},"end":{"line":165,"column":30}},"69":{"start":{"line":166,"column":16},"end":{"line":166,"column":30}},"70":{"start":{"line":167,"column":2},"end":{"line":172,"column":3}},"71":{"start":{"line":170,"column":4},"end":{"line":170,"column":64}},"72":{"start":{"line":171,"column":4},"end":{"line":171,"column":11}},"73":{"start":{"line":175,"column":2},"end":{"line":200,"column":6}},"74":{"start":{"line":180,"column":6},"end":{"line":199,"column":7}},"75":{"start":{"line":182,"column":8},"end":{"line":192,"column":13}},"76":{"start":{"line":188,"column":12},"end":{"line":191,"column":15}},"77":{"start":{"line":195,"column":8},"end":{"line":198,"column":11}},"78":{"start":{"line":210,"column":0},"end":{"line":220,"column":3}},"79":{"start":{"line":211,"column":21},"end":{"line":211,"column":40}},"80":{"start":{"line":212,"column":24},"end":{"line":212,"column":46}},"81":{"start":{"line":217,"column":2},"end":{"line":219,"column":5}},"82":{"start":{"line":218,"column":4},"end":{"line":218,"column":58}},"83":{"start":{"line":222,"column":2},"end":{"line":284,"column":5}},"84":{"start":{"line":223,"column":4},"end":{"line":226,"column":5}},"85":{"start":{"line":225,"column":6},"end":{"line":225,"column":77}},"86":{"start":{"line":228,"column":4},"end":{"line":283,"column":7}},"87":{"start":{"line":233,"column":6},"end":{"line":282,"column":7}},"88":{"start":{"line":242,"column":28},"end":{"line":242,"column":45}},"89":{"start":{"line":246,"column":24},"end":{"line":252,"column":9}},"90":{"start":{"line":255,"column":8},"end":{"line":255,"column":50}},"91":{"start":{"line":256,"column":8},"end":{"line":272,"column":9}},"92":{"start":{"line":263,"column":10},"end":{"line":263,"column":92}},"93":{"start":{"line":271,"column":10},"end":{"line":271,"column":89}},"94":{"start":{"line":281,"column":8},"end":{"line":281,"column":92}},"95":{"start":{"line":287,"column":2},"end":{"line":299,"column":7}},"96":{"start":{"line":293,"column":6},"end":{"line":293,"column":15}},"97":{"start":{"line":298,"column":6},"end":{"line":298,"column":15}},"98":{"start":{"line":305,"column":0},"end":{"line":317,"column":3}},"99":{"start":{"line":315,"column":12},"end":{"line":315,"column":54}},"100":{"start":{"line":316,"column":2},"end":{"line":316,"column":56}},"101":{"start":{"line":320,"column":0},"end":{"line":325,"column":3}},"102":{"start":{"line":321,"column":20},"end":{"line":321,"column":40}},"103":{"start":{"line":322,"column":26},"end":{"line":322,"column":70}},"104":{"start":{"line":323,"column":4},"end":{"line":323,"column":44}},"105":{"start":{"line":343,"column":40},"end":{"line":356,"column":1}},"106":{"start":{"line":344,"column":16},"end":{"line":344,"column":32}},"107":{"start":{"line":345,"column":22},"end":{"line":345,"column":44}},"108":{"start":{"line":346,"column":15},"end":{"line":346,"column":30}},"109":{"start":{"line":347,"column":2},"end":{"line":355,"column":4}},"110":{"start":{"line":349,"column":6},"end":{"line":349,"column":54}},"111":{"start":{"line":353,"column":6},"end":{"line":353,"column":54}},"112":{"start":{"line":358,"column":0},"end":{"line":361,"column":2}},"113":{"start":{"line":365,"column":29},"end":{"line":380,"column":1}},"114":{"start":{"line":366,"column":16},"end":{"line":366,"column":32}},"115":{"start":{"line":367,"column":15},"end":{"line":367,"column":30}},"116":{"start":{"line":371,"column":2},"end":{"line":379,"column":4}},"117":{"start":{"line":373,"column":6},"end":{"line":373,"column":54}},"118":{"start":{"line":377,"column":6},"end":{"line":377,"column":54}},"119":{"start":{"line":382,"column":0},"end":{"line":382,"column":73}},"120":{"start":{"line":384,"column":34},"end":{"line":394,"column":1}},"121":{"start":{"line":385,"column":2},"end":{"line":393,"column":3}},"122":{"start":{"line":386,"column":18},"end":{"line":386,"column":34}},"123":{"start":{"line":387,"column":18},"end":{"line":387,"column":34}},"124":{"start":{"line":388,"column":19},"end":{"line":388,"column":53}},"125":{"start":{"line":389,"column":4},"end":{"line":389,"column":57}},"126":{"start":{"line":391,"column":4},"end":{"line":391,"column":79}},"127":{"start":{"line":392,"column":4},"end":{"line":392,"column":64}},"128":{"start":{"line":396,"column":0},"end":{"line":396,"column":80}},"129":{"start":{"line":419,"column":2},"end":{"line":497,"column":5}},"130":{"start":{"line":421,"column":19},"end":{"line":421,"column":41}},"131":{"start":{"line":422,"column":4},"end":{"line":496,"column":9}},"132":{"start":{"line":427,"column":24},"end":{"line":427,"column":37}},"133":{"start":{"line":431,"column":23},"end":{"line":431,"column":150}},"134":{"start":{"line":433,"column":24},"end":{"line":438,"column":9}},"135":{"start":{"line":440,"column":20},"end":{"line":489,"column":10}},"136":{"start":{"line":441,"column":21},"end":{"line":441,"column":23}},"137":{"start":{"line":443,"column":10},"end":{"line":445,"column":13}},"138":{"start":{"line":444,"column":12},"end":{"line":444,"column":26}},"139":{"start":{"line":447,"column":10},"end":{"line":488,"column":13}},"140":{"start":{"line":448,"column":12},"end":{"line":487,"column":13}},"141":{"start":{"line":449,"column":35},"end":{"line":449,"column":51}},"142":{"start":{"line":455,"column":14},"end":{"line":481,"column":15}},"143":{"start":{"line":463,"column":32},"end":{"line":469,"column":17}},"144":{"start":{"line":471,"column":26},"end":{"line":471,"column":55}},"145":{"start":{"line":472,"column":16},"end":{"line":478,"column":17}},"146":{"start":{"line":474,"column":18},"end":{"line":474,"column":32}},"147":{"start":{"line":477,"column":18},"end":{"line":477,"column":33}},"148":{"start":{"line":480,"column":16},"end":{"line":480,"column":31}},"149":{"start":{"line":483,"column":14},"end":{"line":485,"column":16}},"150":{"start":{"line":486,"column":14},"end":{"line":486,"column":29}},"151":{"start":{"line":491,"column":8},"end":{"line":493,"column":11}},"152":{"start":{"line":495,"column":8},"end":{"line":495,"column":18}},"153":{"start":{"line":609,"column":24},"end":{"line":612,"column":6}},"154":{"start":{"line":614,"column":4},"end":{"line":614,"column":55}},"155":{"start":{"line":616,"column":4},"end":{"line":616,"column":45}},"156":{"start":{"line":618,"column":4},"end":{"line":618,"column":52}},"157":{"start":{"line":626,"column":2},"end":{"line":633,"column":5}},"158":{"start":{"line":627,"column":6},"end":{"line":632,"column":7}},"159":{"start":{"line":628,"column":8},"end":{"line":631,"column":11}},"160":{"start":{"line":629,"column":10},"end":{"line":629,"column":48}},"161":{"start":{"line":630,"column":10},"end":{"line":630,"column":20}},"162":{"start":{"line":637,"column":2},"end":{"line":646,"column":6}},"163":{"start":{"line":639,"column":6},"end":{"line":639,"column":42}},"164":{"start":{"line":642,"column":6},"end":{"line":642,"column":29}},"165":{"start":{"line":644,"column":6},"end":{"line":644,"column":16}},"166":{"start":{"line":828,"column":20},"end":{"line":828,"column":22}},"167":{"start":{"line":830,"column":17},"end":{"line":833,"column":34}},"168":{"start":{"line":834,"column":13},"end":{"line":837,"column":34}},"169":{"start":{"line":838,"column":2},"end":{"line":845,"column":3}},"170":{"start":{"line":839,"column":4},"end":{"line":840,"column":50}},"171":{"start":{"line":842,"column":7},"end":{"line":845,"column":3}},"172":{"start":{"line":843,"column":4},"end":{"line":844,"column":57}},"173":{"start":{"line":851,"column":2},"end":{"line":872,"column":3}},"174":{"start":{"line":852,"column":27},"end":{"line":852,"column":29}},"175":{"start":{"line":853,"column":31},"end":{"line":853,"column":33}},"176":{"start":{"line":854,"column":27},"end":{"line":854,"column":39}},"177":{"start":{"line":855,"column":4},"end":{"line":865,"column":5}},"178":{"start":{"line":855,"column":17},"end":{"line":855,"column":18}},"179":{"start":{"line":858,"column":6},"end":{"line":864,"column":7}},"180":{"start":{"line":860,"column":8},"end":{"line":860,"column":56}},"181":{"start":{"line":861,"column":8},"end":{"line":861,"column":58}},"182":{"start":{"line":862,"column":8},"end":{"line":862,"column":66}},"183":{"start":{"line":863,"column":8},"end":{"line":863,"column":14}},"184":{"start":{"line":866,"column":4},"end":{"line":868,"column":5}},"185":{"start":{"line":867,"column":6},"end":{"line":867,"column":63}},"186":{"start":{"line":874,"column":2},"end":{"line":967,"column":5}},"187":{"start":{"line":875,"column":4},"end":{"line":878,"column":5}},"188":{"start":{"line":877,"column":6},"end":{"line":877,"column":26}},"189":{"start":{"line":880,"column":4},"end":{"line":966,"column":9}},"190":{"start":{"line":886,"column":8},"end":{"line":886,"column":45}},"191":{"start":{"line":886,"column":38},"end":{"line":886,"column":45}},"192":{"start":{"line":895,"column":17},"end":{"line":895,"column":19}},"193":{"start":{"line":896,"column":24},"end":{"line":896,"column":26}},"194":{"start":{"line":897,"column":27},"end":{"line":897,"column":29}},"195":{"start":{"line":898,"column":19},"end":{"line":898,"column":21}},"196":{"start":{"line":899,"column":19},"end":{"line":899,"column":21}},"197":{"start":{"line":900,"column":22},"end":{"line":900,"column":24}},"198":{"start":{"line":901,"column":25},"end":{"line":901,"column":27}},"199":{"start":{"line":903,"column":8},"end":{"line":903,"column":61}},"200":{"start":{"line":904,"column":8},"end":{"line":904,"column":61}},"201":{"start":{"line":905,"column":8},"end":{"line":905,"column":69}},"202":{"start":{"line":906,"column":8},"end":{"line":906,"column":73}},"203":{"start":{"line":907,"column":8},"end":{"line":907,"column":24}},"204":{"start":{"line":909,"column":25},"end":{"line":909,"column":27}},"205":{"start":{"line":910,"column":8},"end":{"line":955,"column":11}},"206":{"start":{"line":911,"column":10},"end":{"line":911,"column":40}},"207":{"start":{"line":913,"column":10},"end":{"line":937,"column":11}},"208":{"start":{"line":914,"column":12},"end":{"line":931,"column":13}},"209":{"start":{"line":916,"column":16},"end":{"line":916,"column":29}},"210":{"start":{"line":917,"column":16},"end":{"line":917,"column":58}},"211":{"start":{"line":918,"column":16},"end":{"line":918,"column":69}},"212":{"start":{"line":919,"column":16},"end":{"line":919,"column":73}},"213":{"start":{"line":920,"column":16},"end":{"line":920,"column":22}},"214":{"start":{"line":922,"column":16},"end":{"line":922,"column":34}},"215":{"start":{"line":923,"column":16},"end":{"line":923,"column":52}},"216":{"start":{"line":924,"column":16},"end":{"line":924,"column":69}},"217":{"start":{"line":925,"column":16},"end":{"line":925,"column":73}},"218":{"start":{"line":926,"column":16},"end":{"line":926,"column":22}},"219":{"start":{"line":933,"column":12},"end":{"line":933,"column":26}},"220":{"start":{"line":934,"column":12},"end":{"line":934,"column":24}},"221":{"start":{"line":935,"column":12},"end":{"line":935,"column":43}},"222":{"start":{"line":936,"column":12},"end":{"line":936,"column":47}},"223":{"start":{"line":939,"column":10},"end":{"line":939,"column":50}},"224":{"start":{"line":948,"column":10},"end":{"line":953,"column":12}},"225":{"start":{"line":954,"column":10},"end":{"line":954,"column":35}},"226":{"start":{"line":956,"column":8},"end":{"line":956,"column":30}},"227":{"start":{"line":959,"column":8},"end":{"line":959,"column":50}},"228":{"start":{"line":961,"column":8},"end":{"line":961,"column":62}},"229":{"start":{"line":962,"column":8},"end":{"line":962,"column":28}},"230":{"start":{"line":986,"column":19},"end":{"line":986,"column":21}},"231":{"start":{"line":988,"column":20},"end":{"line":988,"column":22}},"232":{"start":{"line":989,"column":17},"end":{"line":992,"column":39}},"233":{"start":{"line":993,"column":13},"end":{"line":996,"column":39}},"234":{"start":{"line":998,"column":2},"end":{"line":1008,"column":3}},"235":{"start":{"line":999,"column":4},"end":{"line":1000,"column":50}},"236":{"start":{"line":1002,"column":4},"end":{"line":1002,"column":47}},"237":{"start":{"line":1003,"column":9},"end":{"line":1008,"column":3}},"238":{"start":{"line":1004,"column":4},"end":{"line":1005,"column":42}},"239":{"start":{"line":1007,"column":4},"end":{"line":1007,"column":47}},"240":{"start":{"line":1013,"column":20},"end":{"line":1013,"column":22}},"241":{"start":{"line":1014,"column":13},"end":{"line":1014,"column":22}},"242":{"start":{"line":1015,"column":2},"end":{"line":1027,"column":3}},"243":{"start":{"line":1015,"column":15},"end":{"line":1015,"column":16}},"244":{"start":{"line":1017,"column":4},"end":{"line":1026,"column":5}},"245":{"start":{"line":1018,"column":18},"end":{"line":1018,"column":20}},"246":{"start":{"line":1019,"column":6},"end":{"line":1019,"column":44}},"247":{"start":{"line":1020,"column":6},"end":{"line":1020,"column":60}},"248":{"start":{"line":1021,"column":6},"end":{"line":1021,"column":76}},"249":{"start":{"line":1023,"column":6},"end":{"line":1023,"column":30}},"250":{"start":{"line":1025,"column":6},"end":{"line":1025,"column":56}},"251":{"start":{"line":1030,"column":13},"end":{"line":1030,"column":15}},"252":{"start":{"line":1031,"column":2},"end":{"line":1103,"column":3}},"253":{"start":{"line":1040,"column":4},"end":{"line":1044,"column":6}},"254":{"start":{"line":1052,"column":21},"end":{"line":1062,"column":5}},"255":{"start":{"line":1065,"column":15},"end":{"line":1065,"column":17}},"256":{"start":{"line":1066,"column":21},"end":{"line":1066,"column":23}},"257":{"start":{"line":1067,"column":4},"end":{"line":1093,"column":5}},"258":{"start":{"line":1067,"column":17},"end":{"line":1067,"column":18}},"259":{"start":{"line":1068,"column":6},"end":{"line":1068,"column":45}},"260":{"start":{"line":1069,"column":6},"end":{"line":1069,"column":36}},"261":{"start":{"line":1071,"column":6},"end":{"line":1092,"column":7}},"262":{"start":{"line":1072,"column":8},"end":{"line":1090,"column":9}},"263":{"start":{"line":1074,"column":12},"end":{"line":1074,"column":43}},"264":{"start":{"line":1075,"column":12},"end":{"line":1075,"column":72}},"265":{"start":{"line":1076,"column":12},"end":{"line":1077,"column":55}},"266":{"start":{"line":1078,"column":12},"end":{"line":1079,"column":55}},"267":{"start":{"line":1080,"column":12},"end":{"line":1080,"column":18}},"268":{"start":{"line":1082,"column":12},"end":{"line":1082,"column":48}},"269":{"start":{"line":1083,"column":12},"end":{"line":1083,"column":66}},"270":{"start":{"line":1084,"column":12},"end":{"line":1085,"column":55}},"271":{"start":{"line":1086,"column":12},"end":{"line":1086,"column":18}},"272":{"start":{"line":1091,"column":8},"end":{"line":1091,"column":14}},"273":{"start":{"line":1095,"column":4},"end":{"line":1095,"column":66}},"274":{"start":{"line":1096,"column":4},"end":{"line":1096,"column":68}},"275":{"start":{"line":1097,"column":4},"end":{"line":1100,"column":6}},"276":{"start":{"line":1102,"column":4},"end":{"line":1102,"column":30}},"277":{"start":{"line":1112,"column":18},"end":{"line":1112,"column":20}},"278":{"start":{"line":1113,"column":18},"end":{"line":1113,"column":20}},"279":{"start":{"line":1114,"column":2},"end":{"line":1136,"column":3}},"280":{"start":{"line":1115,"column":4},"end":{"line":1135,"column":5}},"281":{"start":{"line":1117,"column":6},"end":{"line":1134,"column":7}},"282":{"start":{"line":1117,"column":19},"end":{"line":1117,"column":20}},"283":{"start":{"line":1118,"column":8},"end":{"line":1118,"column":62}},"284":{"start":{"line":1119,"column":8},"end":{"line":1133,"column":11}},"285":{"start":{"line":1120,"column":10},"end":{"line":1132,"column":13}},"286":{"start":{"line":1127,"column":12},"end":{"line":1131,"column":13}},"287":{"start":{"line":1128,"column":14},"end":{"line":1130,"column":17}},"288":{"start":{"line":1129,"column":16},"end":{"line":1129,"column":28}},"289":{"start":{"line":1137,"column":2},"end":{"line":1137,"column":57}},"290":{"start":{"line":1163,"column":14},"end":{"line":1163,"column":19}},"291":{"start":{"line":1164,"column":21},"end":{"line":1164,"column":23}},"292":{"start":{"line":1166,"column":22},"end":{"line":1169,"column":34}},"293":{"start":{"line":1170,"column":2},"end":{"line":1177,"column":3}},"294":{"start":{"line":1174,"column":4},"end":{"line":1174,"column":17}},"295":{"start":{"line":1175,"column":4},"end":{"line":1176,"column":62}},"296":{"start":{"line":1178,"column":24},"end":{"line":1181,"column":36}},"297":{"start":{"line":1182,"column":2},"end":{"line":1189,"column":3}},"298":{"start":{"line":1186,"column":4},"end":{"line":1186,"column":17}},"299":{"start":{"line":1187,"column":4},"end":{"line":1188,"column":64}},"300":{"start":{"line":1191,"column":13},"end":{"line":1194,"column":32}},"301":{"start":{"line":1195,"column":2},"end":{"line":1202,"column":3}},"302":{"start":{"line":1199,"column":4},"end":{"line":1199,"column":17}},"303":{"start":{"line":1200,"column":4},"end":{"line":1201,"column":55}},"304":{"start":{"line":1203,"column":15},"end":{"line":1206,"column":36}},"305":{"start":{"line":1207,"column":2},"end":{"line":1214,"column":3}},"306":{"start":{"line":1211,"column":4},"end":{"line":1211,"column":17}},"307":{"start":{"line":1212,"column":4},"end":{"line":1213,"column":57}},"308":{"start":{"line":1216,"column":2},"end":{"line":1429,"column":5}},"309":{"start":{"line":1217,"column":4},"end":{"line":1219,"column":5}},"310":{"start":{"line":1218,"column":6},"end":{"line":1218,"column":27}},"311":{"start":{"line":1221,"column":32},"end":{"line":1221,"column":34}},"312":{"start":{"line":1222,"column":36},"end":{"line":1222,"column":38}},"313":{"start":{"line":1223,"column":32},"end":{"line":1223,"column":44}},"314":{"start":{"line":1224,"column":34},"end":{"line":1224,"column":36}},"315":{"start":{"line":1225,"column":38},"end":{"line":1225,"column":40}},"316":{"start":{"line":1226,"column":34},"end":{"line":1226,"column":48}},"317":{"start":{"line":1227,"column":4},"end":{"line":1237,"column":5}},"318":{"start":{"line":1227,"column":17},"end":{"line":1227,"column":18}},"319":{"start":{"line":1230,"column":6},"end":{"line":1236,"column":7}},"320":{"start":{"line":1232,"column":8},"end":{"line":1232,"column":66}},"321":{"start":{"line":1233,"column":8},"end":{"line":1233,"column":68}},"322":{"start":{"line":1234,"column":8},"end":{"line":1234,"column":76}},"323":{"start":{"line":1235,"column":8},"end":{"line":1235,"column":14}},"324":{"start":{"line":1238,"column":4},"end":{"line":1245,"column":5}},"325":{"start":{"line":1242,"column":6},"end":{"line":1244,"column":8}},"326":{"start":{"line":1247,"column":4},"end":{"line":1257,"column":5}},"327":{"start":{"line":1250,"column":6},"end":{"line":1256,"column":7}},"328":{"start":{"line":1252,"column":8},"end":{"line":1252,"column":70}},"329":{"start":{"line":1253,"column":8},"end":{"line":1253,"column":72}},"330":{"start":{"line":1254,"column":8},"end":{"line":1254,"column":80}},"331":{"start":{"line":1255,"column":8},"end":{"line":1255,"column":14}},"332":{"start":{"line":1258,"column":4},"end":{"line":1265,"column":5}},"333":{"start":{"line":1262,"column":6},"end":{"line":1264,"column":8}},"334":{"start":{"line":1272,"column":23},"end":{"line":1272,"column":86}},"335":{"start":{"line":1274,"column":27},"end":{"line":1274,"column":29}},"336":{"start":{"line":1275,"column":31},"end":{"line":1275,"column":33}},"337":{"start":{"line":1276,"column":4},"end":{"line":1282,"column":5}},"338":{"start":{"line":1277,"column":6},"end":{"line":1277,"column":47}},"339":{"start":{"line":1278,"column":6},"end":{"line":1278,"column":55}},"340":{"start":{"line":1280,"column":6},"end":{"line":1280,"column":49}},"341":{"start":{"line":1281,"column":6},"end":{"line":1281,"column":57}},"342":{"start":{"line":1284,"column":4},"end":{"line":1428,"column":9}},"343":{"start":{"line":1291,"column":23},"end":{"line":1296,"column":9}},"344":{"start":{"line":1297,"column":23},"end":{"line":1302,"column":9}},"345":{"start":{"line":1305,"column":30},"end":{"line":1305,"column":70}},"346":{"start":{"line":1306,"column":20},"end":{"line":1306,"column":69}},"347":{"start":{"line":1307,"column":20},"end":{"line":1307,"column":69}},"348":{"start":{"line":1310,"column":8},"end":{"line":1310,"column":50}},"349":{"start":{"line":1315,"column":43},"end":{"line":1318,"column":9}},"350":{"start":{"line":1323,"column":24},"end":{"line":1323,"column":62}},"351":{"start":{"line":1324,"column":29},"end":{"line":1324,"column":73}},"352":{"start":{"line":1326,"column":8},"end":{"line":1423,"column":13}},"353":{"start":{"line":1335,"column":21},"end":{"line":1335,"column":23}},"354":{"start":{"line":1336,"column":28},"end":{"line":1336,"column":30}},"355":{"start":{"line":1337,"column":31},"end":{"line":1337,"column":33}},"356":{"start":{"line":1338,"column":23},"end":{"line":1338,"column":25}},"357":{"start":{"line":1339,"column":29},"end":{"line":1339,"column":31}},"358":{"start":{"line":1340,"column":23},"end":{"line":1340,"column":25}},"359":{"start":{"line":1341,"column":26},"end":{"line":1341,"column":28}},"360":{"start":{"line":1342,"column":29},"end":{"line":1342,"column":31}},"361":{"start":{"line":1344,"column":12},"end":{"line":1344,"column":65}},"362":{"start":{"line":1345,"column":12},"end":{"line":1345,"column":65}},"363":{"start":{"line":1346,"column":12},"end":{"line":1346,"column":48}},"364":{"start":{"line":1347,"column":12},"end":{"line":1347,"column":77}},"365":{"start":{"line":1348,"column":12},"end":{"line":1348,"column":28}},"366":{"start":{"line":1350,"column":12},"end":{"line":1392,"column":15}},"367":{"start":{"line":1351,"column":14},"end":{"line":1351,"column":44}},"368":{"start":{"line":1353,"column":14},"end":{"line":1374,"column":15}},"369":{"start":{"line":1354,"column":16},"end":{"line":1368,"column":17}},"370":{"start":{"line":1356,"column":20},"end":{"line":1356,"column":33}},"371":{"start":{"line":1357,"column":20},"end":{"line":1357,"column":62}},"372":{"start":{"line":1358,"column":20},"end":{"line":1358,"column":73}},"373":{"start":{"line":1359,"column":20},"end":{"line":1359,"column":77}},"374":{"start":{"line":1360,"column":20},"end":{"line":1360,"column":26}},"375":{"start":{"line":1362,"column":20},"end":{"line":1362,"column":38}},"376":{"start":{"line":1363,"column":20},"end":{"line":1363,"column":56}},"377":{"start":{"line":1364,"column":20},"end":{"line":1364,"column":73}},"378":{"start":{"line":1365,"column":20},"end":{"line":1365,"column":77}},"379":{"start":{"line":1366,"column":20},"end":{"line":1366,"column":26}},"380":{"start":{"line":1370,"column":16},"end":{"line":1370,"column":30}},"381":{"start":{"line":1371,"column":16},"end":{"line":1371,"column":28}},"382":{"start":{"line":1372,"column":16},"end":{"line":1372,"column":47}},"383":{"start":{"line":1373,"column":16},"end":{"line":1373,"column":51}},"384":{"start":{"line":1376,"column":14},"end":{"line":1376,"column":54}},"385":{"start":{"line":1385,"column":14},"end":{"line":1390,"column":16}},"386":{"start":{"line":1391,"column":14},"end":{"line":1391,"column":39}},"387":{"start":{"line":1393,"column":12},"end":{"line":1393,"column":38}},"388":{"start":{"line":1394,"column":12},"end":{"line":1394,"column":38}},"389":{"start":{"line":1399,"column":12},"end":{"line":1399,"column":34}},"390":{"start":{"line":1400,"column":12},"end":{"line":1400,"column":64}},"391":{"start":{"line":1401,"column":12},"end":{"line":1401,"column":64}},"392":{"start":{"line":1404,"column":12},"end":{"line":1404,"column":54}},"393":{"start":{"line":1406,"column":12},"end":{"line":1406,"column":66}},"394":{"start":{"line":1407,"column":12},"end":{"line":1407,"column":32}},"395":{"start":{"line":1427,"column":8},"end":{"line":1427,"column":22}},"396":{"start":{"line":1441,"column":2},"end":{"line":1476,"column":5}},"397":{"start":{"line":1442,"column":14},"end":{"line":1442,"column":15}},"398":{"start":{"line":1443,"column":15},"end":{"line":1443,"column":16}},"399":{"start":{"line":1444,"column":17},"end":{"line":1444,"column":28}},"400":{"start":{"line":1447,"column":6},"end":{"line":1447,"column":108}},"401":{"start":{"line":1448,"column":29},"end":{"line":1448,"column":62}},"402":{"start":{"line":1451,"column":4},"end":{"line":1475,"column":9}},"403":{"start":{"line":1458,"column":8},"end":{"line":1458,"column":48}},"404":{"start":{"line":1459,"column":8},"end":{"line":1459,"column":49}},"405":{"start":{"line":1468,"column":8},"end":{"line":1468,"column":35}},"406":{"start":{"line":1469,"column":8},"end":{"line":1469,"column":36}},"407":{"start":{"line":1470,"column":8},"end":{"line":1470,"column":24}},"408":{"start":{"line":1490,"column":2},"end":{"line":1545,"column":5}},"409":{"start":{"line":1491,"column":19},"end":{"line":1491,"column":73}},"410":{"start":{"line":1492,"column":19},"end":{"line":1492,"column":60}},"411":{"start":{"line":1494,"column":19},"end":{"line":1500,"column":6}},"412":{"start":{"line":1502,"column":16},"end":{"line":1502,"column":48}},"413":{"start":{"line":1504,"column":20},"end":{"line":1540,"column":6}},"414":{"start":{"line":1505,"column":17},"end":{"line":1505,"column":19}},"415":{"start":{"line":1508,"column":6},"end":{"line":1510,"column":9}},"416":{"start":{"line":1509,"column":8},"end":{"line":1509,"column":22}},"417":{"start":{"line":1512,"column":6},"end":{"line":1539,"column":9}},"418":{"start":{"line":1515,"column":21},"end":{"line":1515,"column":44}},"419":{"start":{"line":1516,"column":8},"end":{"line":1533,"column":9}},"420":{"start":{"line":1518,"column":10},"end":{"line":1529,"column":13}},"421":{"start":{"line":1525,"column":12},"end":{"line":1527,"column":15}},"422":{"start":{"line":1532,"column":10},"end":{"line":1532,"column":37}},"423":{"start":{"line":1538,"column":8},"end":{"line":1538,"column":34}},"424":{"start":{"line":1541,"column":4},"end":{"line":1544,"column":7}},"425":{"start":{"line":1550,"column":10},"end":{"line":1550,"column":17}},"426":{"start":{"line":1551,"column":10},"end":{"line":1551,"column":17}},"427":{"start":{"line":1553,"column":2},"end":{"line":1553,"column":34}},"428":{"start":{"line":1564,"column":27},"end":{"line":1564,"column":47}},"429":{"start":{"line":1565,"column":29},"end":{"line":1565,"column":49}},"430":{"start":{"line":1566,"column":30},"end":{"line":1571,"column":3}},"431":{"start":{"line":1572,"column":25},"end":{"line":1577,"column":3}},"432":{"start":{"line":1578,"column":32},"end":{"line":1583,"column":3}},"433":{"start":{"line":1584,"column":27},"end":{"line":1589,"column":3}},"434":{"start":{"line":1590,"column":21},"end":{"line":1590,"column":23}},"435":{"start":{"line":1591,"column":2},"end":{"line":1598,"column":3}},"436":{"start":{"line":1595,"column":4},"end":{"line":1595,"column":49}},"437":{"start":{"line":1597,"column":4},"end":{"line":1597,"column":47}},"438":{"start":{"line":1599,"column":2},"end":{"line":1599,"column":22}},"439":{"start":{"line":1609,"column":19},"end":{"line":1609,"column":30}},"440":{"start":{"line":1610,"column":2},"end":{"line":1635,"column":3}},"441":{"start":{"line":1610,"column":15},"end":{"line":1610,"column":16}},"442":{"start":{"line":1611,"column":4},"end":{"line":1633,"column":5}},"443":{"start":{"line":1612,"column":6},"end":{"line":1613,"column":57}},"444":{"start":{"line":1614,"column":6},"end":{"line":1616,"column":8}},"445":{"start":{"line":1617,"column":11},"end":{"line":1633,"column":5}},"446":{"start":{"line":1621,"column":6},"end":{"line":1622,"column":55}},"447":{"start":{"line":1623,"column":6},"end":{"line":1625,"column":8}},"448":{"start":{"line":1626,"column":11},"end":{"line":1633,"column":5}},"449":{"start":{"line":1628,"column":6},"end":{"line":1630,"column":8}},"450":{"start":{"line":1631,"column":6},"end":{"line":1632,"column":70}},"451":{"start":{"line":1636,"column":2},"end":{"line":1636,"column":20}},"452":{"start":{"line":1641,"column":15},"end":{"line":1641,"column":35}},"453":{"start":{"line":1642,"column":2},"end":{"line":1642,"column":43}},"454":{"start":{"line":1647,"column":15},"end":{"line":1647,"column":41}},"455":{"start":{"line":1648,"column":2},"end":{"line":1651,"column":5}},"456":{"start":{"line":1660,"column":25},"end":{"line":1660,"column":68}},"457":{"start":{"line":1666,"column":14},"end":{"line":1666,"column":45}},"458":{"start":{"line":1667,"column":16},"end":{"line":1667,"column":47}},"459":{"start":{"line":1668,"column":13},"end":{"line":1668,"column":52}},"460":{"start":{"line":1671,"column":2},"end":{"line":1673,"column":3}},"461":{"start":{"line":1672,"column":4},"end":{"line":1672,"column":16}},"462":{"start":{"line":1675,"column":28},"end":{"line":1677,"column":65}},"463":{"start":{"line":1679,"column":15},"end":{"line":1679,"column":42}},"464":{"start":{"line":1685,"column":2},"end":{"line":1685,"column":28}},"465":{"start":{"line":1690,"column":15},"end":{"line":1690,"column":34}},"466":{"start":{"line":1691,"column":21},"end":{"line":1693,"column":66}},"467":{"start":{"line":1694,"column":2},"end":{"line":1694,"column":20}},"468":{"start":{"line":1700,"column":28},"end":{"line":1700,"column":69}},"469":{"start":{"line":1701,"column":28},"end":{"line":1701,"column":69}},"470":{"start":{"line":1703,"column":2},"end":{"line":1703,"column":49}},"471":{"start":{"line":1706,"column":0},"end":{"line":1706,"column":141}}},"fnMap":{"0":{"name":"(anonymous_0)","decl":{"start":{"line":164,"column":29},"end":{"line":164,"column":30}},"loc":{"start":{"line":164,"column":43},"end":{"line":205,"column":1}},"line":164},"1":{"name":"(anonymous_1)","decl":{"start":{"line":179,"column":10},"end":{"line":179,"column":11}},"loc":{"start":{"line":179,"column":20},"end":{"line":200,"column":5}},"line":179},"2":{"name":"(anonymous_2)","decl":{"start":{"line":186,"column":16},"end":{"line":186,"column":17}},"loc":{"start":{"line":186,"column":22},"end":{"line":192,"column":11}},"line":186},"3":{"name":"(anonymous_3)","decl":{"start":{"line":210,"column":42},"end":{"line":210,"column":43}},"loc":{"start":{"line":210,"column":62},"end":{"line":220,"column":1}},"line":210},"4":{"name":"(anonymous_4)","decl":{"start":{"line":217,"column":66},"end":{"line":217,"column":67}},"loc":{"start":{"line":217,"column":75},"end":{"line":219,"column":3}},"line":217},"5":{"name":"findUserToken","decl":{"start":{"line":221,"column":9},"end":{"line":221,"column":22}},"loc":{"start":{"line":221,"column":72},"end":{"line":285,"column":1}},"line":221},"6":{"name":"(anonymous_6)","decl":{"start":{"line":222,"column":21},"end":{"line":222,"column":22}},"loc":{"start":{"line":222,"column":42},"end":{"line":284,"column":3}},"line":222},"7":{"name":"(anonymous_7)","decl":{"start":{"line":232,"column":10},"end":{"line":232,"column":11}},"loc":{"start":{"line":232,"column":30},"end":{"line":283,"column":5}},"line":232},"8":{"name":"sendNotification","decl":{"start":{"line":286,"column":9},"end":{"line":286,"column":25}},"loc":{"start":{"line":286,"column":35},"end":{"line":300,"column":1}},"line":286},"9":{"name":"(anonymous_9)","decl":{"start":{"line":290,"column":10},"end":{"line":290,"column":11}},"loc":{"start":{"line":290,"column":24},"end":{"line":294,"column":5}},"line":290},"10":{"name":"(anonymous_10)","decl":{"start":{"line":295,"column":11},"end":{"line":295,"column":12}},"loc":{"start":{"line":295,"column":22},"end":{"line":299,"column":5}},"line":295},"11":{"name":"(anonymous_11)","decl":{"start":{"line":305,"column":31},"end":{"line":305,"column":32}},"loc":{"start":{"line":305,"column":51},"end":{"line":317,"column":1}},"line":305},"12":{"name":"(anonymous_12)","decl":{"start":{"line":320,"column":45},"end":{"line":320,"column":46}},"loc":{"start":{"line":320,"column":65},"end":{"line":325,"column":1}},"line":320},"13":{"name":"(anonymous_13)","decl":{"start":{"line":343,"column":40},"end":{"line":343,"column":41}},"loc":{"start":{"line":343,"column":60},"end":{"line":356,"column":1}},"line":343},"14":{"name":"(anonymous_14)","decl":{"start":{"line":348,"column":4},"end":{"line":348,"column":5}},"loc":{"start":{"line":348,"column":16},"end":{"line":350,"column":5}},"line":348},"15":{"name":"(anonymous_15)","decl":{"start":{"line":351,"column":4},"end":{"line":351,"column":5}},"loc":{"start":{"line":351,"column":15},"end":{"line":354,"column":5}},"line":351},"16":{"name":"(anonymous_16)","decl":{"start":{"line":365,"column":29},"end":{"line":365,"column":30}},"loc":{"start":{"line":365,"column":49},"end":{"line":380,"column":1}},"line":365},"17":{"name":"(anonymous_17)","decl":{"start":{"line":372,"column":4},"end":{"line":372,"column":5}},"loc":{"start":{"line":372,"column":16},"end":{"line":374,"column":5}},"line":372},"18":{"name":"(anonymous_18)","decl":{"start":{"line":375,"column":4},"end":{"line":375,"column":5}},"loc":{"start":{"line":375,"column":15},"end":{"line":378,"column":5}},"line":375},"19":{"name":"(anonymous_19)","decl":{"start":{"line":384,"column":34},"end":{"line":384,"column":35}},"loc":{"start":{"line":384,"column":54},"end":{"line":394,"column":1}},"line":384},"20":{"name":"checkLiveTransitTime","decl":{"start":{"line":412,"column":15},"end":{"line":412,"column":35}},"loc":{"start":{"line":418,"column":2},"end":{"line":498,"column":1}},"line":418},"21":{"name":"(anonymous_21)","decl":{"start":{"line":419,"column":21},"end":{"line":419,"column":22}},"loc":{"start":{"line":419,"column":42},"end":{"line":497,"column":3}},"line":419},"22":{"name":"(anonymous_22)","decl":{"start":{"line":426,"column":12},"end":{"line":426,"column":13}},"loc":{"start":{"line":426,"column":22},"end":{"line":496,"column":7}},"line":426},"23":{"name":"(anonymous_23)","decl":{"start":{"line":440,"column":51},"end":{"line":440,"column":52}},"loc":{"start":{"line":440,"column":60},"end":{"line":489,"column":9}},"line":440},"24":{"name":"(anonymous_24)","decl":{"start":{"line":443,"column":25},"end":{"line":443,"column":26}},"loc":{"start":{"line":443,"column":36},"end":{"line":445,"column":11}},"line":443},"25":{"name":"(anonymous_25)","decl":{"start":{"line":447,"column":24},"end":{"line":447,"column":25}},"loc":{"start":{"line":447,"column":30},"end":{"line":488,"column":11}},"line":447},"26":{"name":"(anonymous_26)","decl":{"start":{"line":491,"column":24},"end":{"line":491,"column":25}},"loc":{"start":{"line":491,"column":35},"end":{"line":493,"column":9}},"line":491},"27":{"name":"startSSLServer","decl":{"start":{"line":608,"column":15},"end":{"line":608,"column":29}},"loc":{"start":{"line":608,"column":32},"end":{"line":622,"column":1}},"line":608},"28":{"name":"stopSSLServer","decl":{"start":{"line":625,"column":15},"end":{"line":625,"column":28}},"loc":{"start":{"line":625,"column":31},"end":{"line":634,"column":1}},"line":625},"29":{"name":"(anonymous_29)","decl":{"start":{"line":626,"column":21},"end":{"line":626,"column":22}},"loc":{"start":{"line":626,"column":40},"end":{"line":633,"column":3}},"line":626},"30":{"name":"(anonymous_30)","decl":{"start":{"line":628,"column":24},"end":{"line":628,"column":25}},"loc":{"start":{"line":628,"column":30},"end":{"line":631,"column":9}},"line":628},"31":{"name":"connectToDatabase","decl":{"start":{"line":636,"column":9},"end":{"line":636,"column":26}},"loc":{"start":{"line":636,"column":29},"end":{"line":647,"column":1}},"line":636},"32":{"name":"(anonymous_32)","decl":{"start":{"line":637,"column":21},"end":{"line":637,"column":22}},"loc":{"start":{"line":637,"column":48},"end":{"line":645,"column":5}},"line":637},"33":{"name":"initRoute","decl":{"start":{"line":826,"column":15},"end":{"line":826,"column":24}},"loc":{"start":{"line":826,"column":42},"end":{"line":968,"column":1}},"line":826},"34":{"name":"(anonymous_34)","decl":{"start":{"line":874,"column":21},"end":{"line":874,"column":22}},"loc":{"start":{"line":874,"column":42},"end":{"line":967,"column":3}},"line":874},"35":{"name":"(anonymous_35)","decl":{"start":{"line":885,"column":12},"end":{"line":885,"column":13}},"loc":{"start":{"line":885,"column":22},"end":{"line":963,"column":7}},"line":885},"36":{"name":"(anonymous_36)","decl":{"start":{"line":910,"column":45},"end":{"line":910,"column":46}},"loc":{"start":{"line":910,"column":66},"end":{"line":955,"column":9}},"line":910},"37":{"name":"(anonymous_37)","decl":{"start":{"line":964,"column":13},"end":{"line":964,"column":14}},"loc":{"start":{"line":964,"column":24},"end":{"line":966,"column":7}},"line":964},"38":{"name":"initReminders","decl":{"start":{"line":983,"column":15},"end":{"line":983,"column":28}},"loc":{"start":{"line":983,"column":56},"end":{"line":1138,"column":1}},"line":983},"39":{"name":"(anonymous_39)","decl":{"start":{"line":1119,"column":52},"end":{"line":1119,"column":53}},"loc":{"start":{"line":1119,"column":58},"end":{"line":1133,"column":9}},"line":1119},"40":{"name":"(anonymous_40)","decl":{"start":{"line":1126,"column":17},"end":{"line":1126,"column":18}},"loc":{"start":{"line":1126,"column":26},"end":{"line":1132,"column":11}},"line":1126},"41":{"name":"(anonymous_41)","decl":{"start":{"line":1128,"column":32},"end":{"line":1128,"column":33}},"loc":{"start":{"line":1128,"column":42},"end":{"line":1130,"column":15}},"line":1128},"42":{"name":"initRouteWithFriends","decl":{"start":{"line":1158,"column":15},"end":{"line":1158,"column":35}},"loc":{"start":{"line":1158,"column":66},"end":{"line":1430,"column":1}},"line":1158},"43":{"name":"(anonymous_43)","decl":{"start":{"line":1216,"column":21},"end":{"line":1216,"column":22}},"loc":{"start":{"line":1216,"column":42},"end":{"line":1429,"column":3}},"line":1216},"44":{"name":"(anonymous_44)","decl":{"start":{"line":1289,"column":12},"end":{"line":1289,"column":13}},"loc":{"start":{"line":1289,"column":22},"end":{"line":1424,"column":7}},"line":1289},"45":{"name":"(anonymous_45)","decl":{"start":{"line":1327,"column":16},"end":{"line":1327,"column":17}},"loc":{"start":{"line":1327,"column":26},"end":{"line":1419,"column":11}},"line":1327},"46":{"name":"(anonymous_46)","decl":{"start":{"line":1350,"column":49},"end":{"line":1350,"column":50}},"loc":{"start":{"line":1350,"column":70},"end":{"line":1392,"column":13}},"line":1350},"47":{"name":"(anonymous_47)","decl":{"start":{"line":1420,"column":17},"end":{"line":1420,"column":18}},"loc":{"start":{"line":1420,"column":28},"end":{"line":1423,"column":11}},"line":1420},"48":{"name":"(anonymous_48)","decl":{"start":{"line":1425,"column":13},"end":{"line":1425,"column":14}},"loc":{"start":{"line":1425,"column":24},"end":{"line":1428,"column":7}},"line":1425},"49":{"name":"getLatLong","decl":{"start":{"line":1440,"column":9},"end":{"line":1440,"column":19}},"loc":{"start":{"line":1440,"column":29},"end":{"line":1477,"column":1}},"line":1440},"50":{"name":"(anonymous_50)","decl":{"start":{"line":1441,"column":21},"end":{"line":1441,"column":22}},"loc":{"start":{"line":1441,"column":42},"end":{"line":1476,"column":3}},"line":1441},"51":{"name":"(anonymous_51)","decl":{"start":{"line":1455,"column":12},"end":{"line":1455,"column":13}},"loc":{"start":{"line":1455,"column":26},"end":{"line":1471,"column":7}},"line":1455},"52":{"name":"(anonymous_52)","decl":{"start":{"line":1472,"column":13},"end":{"line":1472,"column":14}},"loc":{"start":{"line":1472,"column":24},"end":{"line":1475,"column":7}},"line":1472},"53":{"name":"planTransitTrip","decl":{"start":{"line":1489,"column":15},"end":{"line":1489,"column":30}},"loc":{"start":{"line":1489,"column":64},"end":{"line":1546,"column":1}},"line":1489},"54":{"name":"(anonymous_54)","decl":{"start":{"line":1490,"column":21},"end":{"line":1490,"column":22}},"loc":{"start":{"line":1490,"column":42},"end":{"line":1545,"column":3}},"line":1490},"55":{"name":"(anonymous_55)","decl":{"start":{"line":1504,"column":35},"end":{"line":1504,"column":36}},"loc":{"start":{"line":1504,"column":49},"end":{"line":1540,"column":5}},"line":1504},"56":{"name":"(anonymous_56)","decl":{"start":{"line":1508,"column":26},"end":{"line":1508,"column":27}},"loc":{"start":{"line":1508,"column":37},"end":{"line":1510,"column":7}},"line":1508},"57":{"name":"(anonymous_57)","decl":{"start":{"line":1512,"column":25},"end":{"line":1512,"column":26}},"loc":{"start":{"line":1512,"column":31},"end":{"line":1539,"column":7}},"line":1512},"58":{"name":"(anonymous_58)","decl":{"start":{"line":1518,"column":25},"end":{"line":1518,"column":26}},"loc":{"start":{"line":1518,"column":43},"end":{"line":1529,"column":11}},"line":1518},"59":{"name":"(anonymous_59)","decl":{"start":{"line":1525,"column":40},"end":{"line":1525,"column":41}},"loc":{"start":{"line":1525,"column":61},"end":{"line":1527,"column":13}},"line":1525},"60":{"name":"(anonymous_60)","decl":{"start":{"line":1541,"column":24},"end":{"line":1541,"column":25}},"loc":{"start":{"line":1541,"column":33},"end":{"line":1544,"column":5}},"line":1541},"61":{"name":"calcDist","decl":{"start":{"line":1549,"column":9},"end":{"line":1549,"column":17}},"loc":{"start":{"line":1549,"column":34},"end":{"line":1554,"column":1}},"line":1549},"62":{"name":"getMeetingPoint","decl":{"start":{"line":1563,"column":9},"end":{"line":1563,"column":24}},"loc":{"start":{"line":1563,"column":45},"end":{"line":1600,"column":1}},"line":1563},"63":{"name":"calcWalkingTimes","decl":{"start":{"line":1608,"column":9},"end":{"line":1608,"column":25}},"loc":{"start":{"line":1608,"column":39},"end":{"line":1637,"column":1}},"line":1608},"64":{"name":"timeToTimestamp","decl":{"start":{"line":1640,"column":9},"end":{"line":1640,"column":24}},"loc":{"start":{"line":1640,"column":37},"end":{"line":1643,"column":1}},"line":1640},"65":{"name":"timestampToTime","decl":{"start":{"line":1646,"column":9},"end":{"line":1646,"column":24}},"loc":{"start":{"line":1646,"column":36},"end":{"line":1652,"column":1}},"line":1646},"66":{"name":"combineDateAndTime","decl":{"start":{"line":1655,"column":9},"end":{"line":1655,"column":27}},"loc":{"start":{"line":1655,"column":52},"end":{"line":1686,"column":1}},"line":1655},"67":{"name":"isoToCron","decl":{"start":{"line":1689,"column":9},"end":{"line":1689,"column":18}},"loc":{"start":{"line":1689,"column":45},"end":{"line":1695,"column":1}},"line":1689},"68":{"name":"compareTimeStrings","decl":{"start":{"line":1698,"column":9},"end":{"line":1698,"column":27}},"loc":{"start":{"line":1698,"column":48},"end":{"line":1704,"column":1}},"line":1698}},"branchMap":{"0":{"loc":{"start":{"line":167,"column":2},"end":{"line":172,"column":3}},"type":"if","locations":[{"start":{"line":167,"column":2},"end":{"line":172,"column":3}},{"start":{},"end":{}}],"line":167},"1":{"loc":{"start":{"line":167,"column":6},"end":{"line":167,"column":22}},"type":"binary-expr","locations":[{"start":{"line":167,"column":6},"end":{"line":167,"column":12}},{"start":{"line":167,"column":16},"end":{"line":167,"column":22}}],"line":167},"2":{"loc":{"start":{"line":180,"column":6},"end":{"line":199,"column":7}},"type":"if","locations":[{"start":{"line":180,"column":6},"end":{"line":199,"column":7}},{"start":{"line":193,"column":13},"end":{"line":199,"column":7}}],"line":180},"3":{"loc":{"start":{"line":223,"column":4},"end":{"line":226,"column":5}},"type":"if","locations":[{"start":{"line":223,"column":4},"end":{"line":226,"column":5}},{"start":{},"end":{}}],"line":223},"4":{"loc":{"start":{"line":223,"column":8},"end":{"line":223,"column":37}},"type":"binary-expr","locations":[{"start":{"line":223,"column":8},"end":{"line":223,"column":19}},{"start":{"line":223,"column":23},"end":{"line":223,"column":37}}],"line":223},"5":{"loc":{"start":{"line":233,"column":6},"end":{"line":282,"column":7}},"type":"if","locations":[{"start":{"line":233,"column":6},"end":{"line":282,"column":7}},{"start":{"line":274,"column":11},"end":{"line":282,"column":7}}],"line":233},"6":{"loc":{"start":{"line":256,"column":8},"end":{"line":272,"column":9}},"type":"if","locations":[{"start":{"line":256,"column":8},"end":{"line":272,"column":9}},{"start":{"line":264,"column":15},"end":{"line":272,"column":9}}],"line":256},"7":{"loc":{"start":{"line":448,"column":12},"end":{"line":487,"column":13}},"type":"if","locations":[{"start":{"line":448,"column":12},"end":{"line":487,"column":13}},{"start":{"line":482,"column":19},"end":{"line":487,"column":13}}],"line":448},"8":{"loc":{"start":{"line":455,"column":14},"end":{"line":481,"column":15}},"type":"if","locations":[{"start":{"line":455,"column":14},"end":{"line":481,"column":15}},{"start":{"line":479,"column":21},"end":{"line":481,"column":15}}],"line":455},"9":{"loc":{"start":{"line":472,"column":16},"end":{"line":478,"column":17}},"type":"if","locations":[{"start":{"line":472,"column":16},"end":{"line":478,"column":17}},{"start":{"line":475,"column":23},"end":{"line":478,"column":17}}],"line":472},"10":{"loc":{"start":{"line":627,"column":6},"end":{"line":632,"column":7}},"type":"if","locations":[{"start":{"line":627,"column":6},"end":{"line":632,"column":7}},{"start":{},"end":{}}],"line":627},"11":{"loc":{"start":{"line":838,"column":2},"end":{"line":845,"column":3}},"type":"if","locations":[{"start":{"line":838,"column":2},"end":{"line":845,"column":3}},{"start":{"line":842,"column":7},"end":{"line":845,"column":3}}],"line":838},"12":{"loc":{"start":{"line":842,"column":7},"end":{"line":845,"column":3}},"type":"if","locations":[{"start":{"line":842,"column":7},"end":{"line":845,"column":3}},{"start":{},"end":{}}],"line":842},"13":{"loc":{"start":{"line":851,"column":2},"end":{"line":872,"column":3}},"type":"if","locations":[{"start":{"line":851,"column":2},"end":{"line":872,"column":3}},{"start":{},"end":{}}],"line":851},"14":{"loc":{"start":{"line":858,"column":6},"end":{"line":864,"column":7}},"type":"if","locations":[{"start":{"line":858,"column":6},"end":{"line":864,"column":7}},{"start":{},"end":{}}],"line":858},"15":{"loc":{"start":{"line":866,"column":4},"end":{"line":868,"column":5}},"type":"if","locations":[{"start":{"line":866,"column":4},"end":{"line":868,"column":5}},{"start":{},"end":{}}],"line":866},"16":{"loc":{"start":{"line":866,"column":8},"end":{"line":866,"column":51}},"type":"binary-expr","locations":[{"start":{"line":866,"column":8},"end":{"line":866,"column":30}},{"start":{"line":866,"column":34},"end":{"line":866,"column":51}}],"line":866},"17":{"loc":{"start":{"line":875,"column":4},"end":{"line":878,"column":5}},"type":"if","locations":[{"start":{"line":875,"column":4},"end":{"line":878,"column":5}},{"start":{},"end":{}}],"line":875},"18":{"loc":{"start":{"line":886,"column":8},"end":{"line":886,"column":45}},"type":"if","locations":[{"start":{"line":886,"column":8},"end":{"line":886,"column":45}},{"start":{},"end":{}}],"line":886},"19":{"loc":{"start":{"line":913,"column":10},"end":{"line":937,"column":11}},"type":"if","locations":[{"start":{"line":913,"column":10},"end":{"line":937,"column":11}},{"start":{"line":932,"column":17},"end":{"line":937,"column":11}}],"line":913},"20":{"loc":{"start":{"line":914,"column":12},"end":{"line":931,"column":13}},"type":"switch","locations":[{"start":{"line":915,"column":14},"end":{"line":920,"column":22}},{"start":{"line":921,"column":14},"end":{"line":926,"column":22}},{"start":{"line":927,"column":14},"end":{"line":927,"column":22}}],"line":914},"21":{"loc":{"start":{"line":998,"column":2},"end":{"line":1008,"column":3}},"type":"if","locations":[{"start":{"line":998,"column":2},"end":{"line":1008,"column":3}},{"start":{"line":1003,"column":9},"end":{"line":1008,"column":3}}],"line":998},"22":{"loc":{"start":{"line":1003,"column":9},"end":{"line":1008,"column":3}},"type":"if","locations":[{"start":{"line":1003,"column":9},"end":{"line":1008,"column":3}},{"start":{},"end":{}}],"line":1003},"23":{"loc":{"start":{"line":1017,"column":4},"end":{"line":1026,"column":5}},"type":"if","locations":[{"start":{"line":1017,"column":4},"end":{"line":1026,"column":5}},{"start":{},"end":{}}],"line":1017},"24":{"loc":{"start":{"line":1071,"column":6},"end":{"line":1092,"column":7}},"type":"if","locations":[{"start":{"line":1071,"column":6},"end":{"line":1092,"column":7}},{"start":{},"end":{}}],"line":1071},"25":{"loc":{"start":{"line":1072,"column":8},"end":{"line":1090,"column":9}},"type":"switch","locations":[{"start":{"line":1073,"column":10},"end":{"line":1080,"column":18}},{"start":{"line":1081,"column":10},"end":{"line":1086,"column":18}},{"start":{"line":1087,"column":10},"end":{"line":1087,"column":18}}],"line":1072},"26":{"loc":{"start":{"line":1115,"column":4},"end":{"line":1135,"column":5}},"type":"if","locations":[{"start":{"line":1115,"column":4},"end":{"line":1135,"column":5}},{"start":{},"end":{}}],"line":1115},"27":{"loc":{"start":{"line":1127,"column":12},"end":{"line":1131,"column":13}},"type":"if","locations":[{"start":{"line":1127,"column":12},"end":{"line":1131,"column":13}},{"start":{},"end":{}}],"line":1127},"28":{"loc":{"start":{"line":1170,"column":2},"end":{"line":1177,"column":3}},"type":"if","locations":[{"start":{"line":1170,"column":2},"end":{"line":1177,"column":3}},{"start":{},"end":{}}],"line":1170},"29":{"loc":{"start":{"line":1182,"column":2},"end":{"line":1189,"column":3}},"type":"if","locations":[{"start":{"line":1182,"column":2},"end":{"line":1189,"column":3}},{"start":{},"end":{}}],"line":1182},"30":{"loc":{"start":{"line":1195,"column":2},"end":{"line":1202,"column":3}},"type":"if","locations":[{"start":{"line":1195,"column":2},"end":{"line":1202,"column":3}},{"start":{},"end":{}}],"line":1195},"31":{"loc":{"start":{"line":1207,"column":2},"end":{"line":1214,"column":3}},"type":"if","locations":[{"start":{"line":1207,"column":2},"end":{"line":1214,"column":3}},{"start":{},"end":{}}],"line":1207},"32":{"loc":{"start":{"line":1217,"column":4},"end":{"line":1219,"column":5}},"type":"if","locations":[{"start":{"line":1217,"column":4},"end":{"line":1219,"column":5}},{"start":{},"end":{}}],"line":1217},"33":{"loc":{"start":{"line":1230,"column":6},"end":{"line":1236,"column":7}},"type":"if","locations":[{"start":{"line":1230,"column":6},"end":{"line":1236,"column":7}},{"start":{},"end":{}}],"line":1230},"34":{"loc":{"start":{"line":1238,"column":4},"end":{"line":1245,"column":5}},"type":"if","locations":[{"start":{"line":1238,"column":4},"end":{"line":1245,"column":5}},{"start":{},"end":{}}],"line":1238},"35":{"loc":{"start":{"line":1250,"column":6},"end":{"line":1256,"column":7}},"type":"if","locations":[{"start":{"line":1250,"column":6},"end":{"line":1256,"column":7}},{"start":{},"end":{}}],"line":1250},"36":{"loc":{"start":{"line":1258,"column":4},"end":{"line":1265,"column":5}},"type":"if","locations":[{"start":{"line":1258,"column":4},"end":{"line":1265,"column":5}},{"start":{},"end":{}}],"line":1258},"37":{"loc":{"start":{"line":1276,"column":4},"end":{"line":1282,"column":5}},"type":"if","locations":[{"start":{"line":1276,"column":4},"end":{"line":1282,"column":5}},{"start":{"line":1279,"column":11},"end":{"line":1282,"column":5}}],"line":1276},"38":{"loc":{"start":{"line":1353,"column":14},"end":{"line":1374,"column":15}},"type":"if","locations":[{"start":{"line":1353,"column":14},"end":{"line":1374,"column":15}},{"start":{"line":1369,"column":21},"end":{"line":1374,"column":15}}],"line":1353},"39":{"loc":{"start":{"line":1354,"column":16},"end":{"line":1368,"column":17}},"type":"switch","locations":[{"start":{"line":1355,"column":18},"end":{"line":1360,"column":26}},{"start":{"line":1361,"column":18},"end":{"line":1366,"column":26}},{"start":{"line":1367,"column":18},"end":{"line":1367,"column":26}}],"line":1354},"40":{"loc":{"start":{"line":1516,"column":8},"end":{"line":1533,"column":9}},"type":"if","locations":[{"start":{"line":1516,"column":8},"end":{"line":1533,"column":9}},{"start":{"line":1530,"column":15},"end":{"line":1533,"column":9}}],"line":1516},"41":{"loc":{"start":{"line":1591,"column":2},"end":{"line":1598,"column":3}},"type":"if","locations":[{"start":{"line":1591,"column":2},"end":{"line":1598,"column":3}},{"start":{"line":1596,"column":9},"end":{"line":1598,"column":3}}],"line":1591},"42":{"loc":{"start":{"line":1611,"column":4},"end":{"line":1633,"column":5}},"type":"if","locations":[{"start":{"line":1611,"column":4},"end":{"line":1633,"column":5}},{"start":{"line":1617,"column":11},"end":{"line":1633,"column":5}}],"line":1611},"43":{"loc":{"start":{"line":1611,"column":8},"end":{"line":1611,"column":47}},"type":"binary-expr","locations":[{"start":{"line":1611,"column":8},"end":{"line":1611,"column":14}},{"start":{"line":1611,"column":18},"end":{"line":1611,"column":47}}],"line":1611},"44":{"loc":{"start":{"line":1617,"column":11},"end":{"line":1633,"column":5}},"type":"if","locations":[{"start":{"line":1617,"column":11},"end":{"line":1633,"column":5}},{"start":{"line":1626,"column":11},"end":{"line":1633,"column":5}}],"line":1617},"45":{"loc":{"start":{"line":1618,"column":6},"end":{"line":1619,"column":35}},"type":"binary-expr","locations":[{"start":{"line":1618,"column":6},"end":{"line":1618,"column":32}},{"start":{"line":1619,"column":6},"end":{"line":1619,"column":35}}],"line":1618},"46":{"loc":{"start":{"line":1626,"column":11},"end":{"line":1633,"column":5}},"type":"if","locations":[{"start":{"line":1626,"column":11},"end":{"line":1633,"column":5}},{"start":{},"end":{}}],"line":1626},"47":{"loc":{"start":{"line":1671,"column":2},"end":{"line":1673,"column":3}},"type":"if","locations":[{"start":{"line":1671,"column":2},"end":{"line":1673,"column":3}},{"start":{},"end":{}}],"line":1671},"48":{"loc":{"start":{"line":1671,"column":6},"end":{"line":1671,"column":24}},"type":"binary-expr","locations":[{"start":{"line":1671,"column":6},"end":{"line":1671,"column":10}},{"start":{"line":1671,"column":14},"end":{"line":1671,"column":24}}],"line":1671}},"s":{"0":6,"1":6,"2":6,"3":6,"4":6,"5":6,"6":6,"7":6,"8":6,"9":6,"10":6,"11":6,"12":6,"13":6,"14":6,"15":6,"16":6,"17":6,"18":6,"19":6,"20":6,"21":6,"22":6,"23":6,"24":6,"25":6,"26":6,"27":6,"28":6,"29":6,"30":6,"31":6,"32":6,"33":6,"34":6,"35":6,"36":6,"37":6,"38":6,"39":6,"40":6,"41":6,"42":6,"43":6,"44":6,"45":6,"46":6,"47":6,"48":6,"49":6,"50":6,"51":6,"52":6,"53":6,"54":6,"55":6,"56":6,"57":6,"58":6,"59":6,"60":6,"61":6,"62":6,"63":6,"64":6,"65":6,"66":6,"67":6,"68":3,"69":3,"70":3,"71":1,"72":1,"73":2,"74":2,"75":1,"76":1,"77":1,"78":6,"79":1,"80":1,"81":1,"82":1,"83":5,"84":5,"85":1,"86":5,"87":5,"88":2,"89":2,"90":2,"91":2,"92":1,"93":1,"94":3,"95":0,"96":0,"97":0,"98":6,"99":4,"100":4,"101":6,"102":1,"103":1,"104":1,"105":6,"106":9,"107":9,"108":9,"109":9,"110":3,"111":6,"112":6,"113":6,"114":4,"115":4,"116":4,"117":1,"118":3,"119":6,"120":6,"121":3,"122":3,"123":3,"124":3,"125":1,"126":2,"127":2,"128":6,"129":3,"130":3,"131":3,"132":3,"133":3,"134":3,"135":3,"136":3,"137":3,"138":3,"139":3,"140":3,"141":2,"142":2,"143":2,"144":2,"145":2,"146":1,"147":1,"148":0,"149":1,"150":1,"151":3,"152":3,"153":1,"154":1,"155":1,"156":1,"157":5,"158":5,"159":1,"160":1,"161":1,"162":1,"163":1,"164":1,"165":1,"166":4,"167":4,"168":4,"169":4,"170":1,"171":3,"172":1,"173":4,"174":2,"175":2,"176":2,"177":2,"178":2,"179":3,"180":1,"181":1,"182":1,"183":1,"184":2,"185":1,"186":4,"187":4,"188":3,"189":4,"190":1,"191":0,"192":1,"193":1,"194":1,"195":1,"196":1,"197":1,"198":1,"199":1,"200":1,"201":1,"202":1,"203":1,"204":1,"205":1,"206":9,"207":9,"208":4,"209":3,"210":3,"211":3,"212":3,"213":3,"214":1,"215":1,"216":1,"217":1,"218":1,"219":5,"220":5,"221":5,"222":5,"223":9,"224":9,"225":9,"226":1,"227":1,"228":1,"229":1,"230":4,"231":4,"232":4,"233":4,"234":4,"235":1,"236":1,"237":3,"238":1,"239":1,"240":2,"241":2,"242":2,"243":2,"244":2,"245":2,"246":2,"247":2,"248":2,"249":2,"250":2,"251":2,"252":2,"253":2,"254":2,"255":2,"256":2,"257":2,"258":2,"259":3,"260":3,"261":3,"262":2,"263":1,"264":1,"265":1,"266":1,"267":1,"268":1,"269":1,"270":1,"271":1,"272":2,"273":2,"274":2,"275":2,"276":2,"277":2,"278":2,"279":2,"280":2,"281":1,"282":1,"283":5,"284":5,"285":0,"286":0,"287":0,"288":0,"289":2,"290":9,"291":9,"292":9,"293":9,"294":2,"295":2,"296":9,"297":9,"298":2,"299":2,"300":9,"301":9,"302":1,"303":1,"304":9,"305":9,"306":1,"307":1,"308":9,"309":9,"310":4,"311":9,"312":9,"313":9,"314":8,"315":8,"316":8,"317":7,"318":7,"319":8,"320":5,"321":5,"322":5,"323":5,"324":6,"325":1,"326":6,"327":7,"328":4,"329":4,"330":4,"331":4,"332":5,"333":1,"334":5,"335":5,"336":5,"337":5,"338":1,"339":1,"340":4,"341":4,"342":5,"343":4,"344":4,"345":4,"346":4,"347":4,"348":4,"349":4,"350":4,"351":4,"352":4,"353":4,"354":4,"355":4,"356":4,"357":4,"358":4,"359":4,"360":4,"361":4,"362":4,"363":4,"364":4,"365":4,"366":4,"367":14,"368":14,"369":7,"370":3,"371":3,"372":3,"373":3,"374":3,"375":4,"376":4,"377":4,"378":4,"379":4,"380":7,"381":7,"382":7,"383":7,"384":14,"385":14,"386":14,"387":4,"388":4,"389":4,"390":4,"391":4,"392":4,"393":4,"394":4,"395":1,"396":10,"397":10,"398":10,"399":10,"400":10,"401":10,"402":10,"403":10,"404":10,"405":10,"406":10,"407":10,"408":15,"409":15,"410":15,"411":15,"412":15,"413":15,"414":12,"415":12,"416":221,"417":12,"418":12,"419":12,"420":11,"421":11,"422":1,"423":12,"424":15,"425":20,"426":20,"427":20,"428":5,"429":5,"430":5,"431":5,"432":5,"433":5,"434":5,"435":5,"436":0,"437":5,"438":5,"439":5,"440":5,"441":5,"442":31,"443":5,"444":5,"445":26,"446":1,"447":1,"448":25,"449":10,"450":10,"451":5,"452":6,"453":6,"454":10,"455":10,"456":6,"457":6,"458":6,"459":6,"460":6,"461":1,"462":6,"463":6,"464":6,"465":5,"466":5,"467":5,"468":2,"469":2,"470":2,"471":6},"f":{"0":3,"1":2,"2":1,"3":1,"4":1,"5":5,"6":5,"7":5,"8":0,"9":0,"10":0,"11":4,"12":1,"13":9,"14":3,"15":6,"16":4,"17":1,"18":3,"19":3,"20":3,"21":3,"22":3,"23":3,"24":3,"25":3,"26":0,"27":1,"28":5,"29":5,"30":1,"31":1,"32":1,"33":4,"34":4,"35":1,"36":9,"37":0,"38":4,"39":0,"40":0,"41":0,"42":9,"43":9,"44":4,"45":4,"46":14,"47":0,"48":1,"49":10,"50":10,"51":10,"52":0,"53":15,"54":15,"55":12,"56":221,"57":12,"58":11,"59":48,"60":0,"61":20,"62":5,"63":5,"64":6,"65":10,"66":6,"67":5,"68":2},"b":{"0":[1,2],"1":[3,2],"2":[1,1],"3":[1,4],"4":[5,5],"5":[2,3],"6":[1,1],"7":[2,1],"8":[2,0],"9":[1,1],"10":[1,4],"11":[1,3],"12":[1,2],"13":[2,2],"14":[1,2],"15":[1,1],"16":[2,1],"17":[3,1],"18":[0,1],"19":[4,5],"20":[3,1,0],"21":[1,3],"22":[1,2],"23":[2,0],"24":[2,1],"25":[1,1,0],"26":[1,1],"27":[0,0],"28":[2,7],"29":[2,7],"30":[1,8],"31":[1,8],"32":[4,5],"33":[5,3],"34":[1,5],"35":[4,3],"36":[1,4],"37":[1,4],"38":[7,7],"39":[3,4,0],"40":[11,1],"41":[0,5],"42":[5,26],"43":[31,5],"44":[1,25],"45":[26,5],"46":[10,15],"47":[1,5],"48":[6,4]},"_coverageSchema":"1a1c01bbd47fc00a2c39e90264f33305004495a9","hash":"1516db862b466ea708011c3bcd618bba9b901925"}
,"C:\\cpen321\\RouteRider\\Backend\\routes\\schedule.js": {"path":"C:\\cpen321\\RouteRider\\Backend\\routes\\schedule.js","statementMap":{"0":{"start":{"line":1,"column":23},"end":{"line":1,"column":41}},"1":{"start":{"line":2,"column":12},"end":{"line":2,"column":39}},"2":{"start":{"line":3,"column":15},"end":{"line":3,"column":35}},"3":{"start":{"line":6,"column":26},"end":{"line":37,"column":1}},"4":{"start":{"line":9,"column":25},"end":{"line":9,"column":33}},"5":{"start":{"line":12,"column":23},"end":{"line":12,"column":73}},"6":{"start":{"line":15,"column":29},"end":{"line":17,"column":6}},"7":{"start":{"line":19,"column":4},"end":{"line":32,"column":5}},"8":{"start":{"line":21,"column":27},"end":{"line":21,"column":68}},"9":{"start":{"line":22,"column":33},"end":{"line":22,"column":72}},"10":{"start":{"line":23,"column":6},"end":{"line":23,"column":52}},"11":{"start":{"line":24,"column":6},"end":{"line":24,"column":54}},"12":{"start":{"line":27,"column":6},"end":{"line":27,"column":47}},"13":{"start":{"line":28,"column":29},"end":{"line":28,"column":60}},"14":{"start":{"line":29,"column":35},"end":{"line":29,"column":76}},"15":{"start":{"line":30,"column":6},"end":{"line":30,"column":54}},"16":{"start":{"line":31,"column":6},"end":{"line":31,"column":56}},"17":{"start":{"line":40,"column":27},"end":{"line":64,"column":1}},"18":{"start":{"line":43,"column":22},"end":{"line":43,"column":38}},"19":{"start":{"line":46,"column":23},"end":{"line":46,"column":73}},"20":{"start":{"line":51,"column":21},"end":{"line":51,"column":67}},"21":{"start":{"line":53,"column":4},"end":{"line":59,"column":5}},"22":{"start":{"line":55,"column":6},"end":{"line":55,"column":45}},"23":{"start":{"line":58,"column":6},"end":{"line":58,"column":60}},"24":{"start":{"line":67,"column":23},"end":{"line":103,"column":1}},"25":{"start":{"line":70,"column":18},"end":{"line":70,"column":34}},"26":{"start":{"line":73,"column":32},"end":{"line":73,"column":40}},"27":{"start":{"line":76,"column":23},"end":{"line":76,"column":73}},"28":{"start":{"line":79,"column":29},"end":{"line":79,"column":64}},"29":{"start":{"line":81,"column":4},"end":{"line":98,"column":5}},"30":{"start":{"line":83,"column":6},"end":{"line":83,"column":62}},"31":{"start":{"line":86,"column":27},"end":{"line":89,"column":7}},"32":{"start":{"line":93,"column":8},"end":{"line":93,"column":75}},"33":{"start":{"line":271,"column":17},"end":{"line":354,"column":1}},"34":{"start":{"line":274,"column":4},"end":{"line":274,"column":67}},"35":{"start":{"line":278,"column":22},"end":{"line":278,"column":38}},"36":{"start":{"line":279,"column":21},"end":{"line":279,"column":29}},"37":{"start":{"line":281,"column":23},"end":{"line":281,"column":73}},"38":{"start":{"line":282,"column":21},"end":{"line":282,"column":67}},"39":{"start":{"line":284,"column":4},"end":{"line":287,"column":5}},"40":{"start":{"line":285,"column":6},"end":{"line":285,"column":60}},"41":{"start":{"line":286,"column":6},"end":{"line":286,"column":13}},"42":{"start":{"line":290,"column":26},"end":{"line":290,"column":54}},"43":{"start":{"line":291,"column":24},"end":{"line":291,"column":50}},"44":{"start":{"line":293,"column":4},"end":{"line":296,"column":5}},"45":{"start":{"line":294,"column":6},"end":{"line":294,"column":70}},"46":{"start":{"line":295,"column":6},"end":{"line":295,"column":13}},"47":{"start":{"line":299,"column":26},"end":{"line":299,"column":53}},"48":{"start":{"line":301,"column":4},"end":{"line":304,"column":5}},"49":{"start":{"line":302,"column":6},"end":{"line":302,"column":79}},"50":{"start":{"line":303,"column":6},"end":{"line":303,"column":13}},"51":{"start":{"line":307,"column":32},"end":{"line":307,"column":54}},"52":{"start":{"line":310,"column":4},"end":{"line":332,"column":5}},"53":{"start":{"line":312,"column":24},"end":{"line":325,"column":8}},"54":{"start":{"line":313,"column":27},"end":{"line":313,"column":52}},"55":{"start":{"line":314,"column":25},"end":{"line":314,"column":48}},"56":{"start":{"line":320,"column":8},"end":{"line":324,"column":10}},"57":{"start":{"line":327,"column":6},"end":{"line":331,"column":7}},"58":{"start":{"line":329,"column":8},"end":{"line":329,"column":79}},"59":{"start":{"line":330,"column":8},"end":{"line":330,"column":15}},"60":{"start":{"line":337,"column":4},"end":{"line":337,"column":35}},"61":{"start":{"line":338,"column":4},"end":{"line":338,"column":40}},"62":{"start":{"line":340,"column":25},"end":{"line":343,"column":5}},"63":{"start":{"line":346,"column":6},"end":{"line":346,"column":68}},"64":{"start":{"line":675,"column":22},"end":{"line":708,"column":1}},"65":{"start":{"line":677,"column":22},"end":{"line":677,"column":38}},"66":{"start":{"line":678,"column":20},"end":{"line":678,"column":33}},"67":{"start":{"line":680,"column":23},"end":{"line":680,"column":73}},"68":{"start":{"line":681,"column":21},"end":{"line":681,"column":67}},"69":{"start":{"line":683,"column":4},"end":{"line":686,"column":5}},"70":{"start":{"line":684,"column":6},"end":{"line":684,"column":60}},"71":{"start":{"line":685,"column":6},"end":{"line":685,"column":13}},"72":{"start":{"line":689,"column":18},"end":{"line":689,"column":71}},"73":{"start":{"line":689,"column":50},"end":{"line":689,"column":70}},"74":{"start":{"line":691,"column":4},"end":{"line":694,"column":5}},"75":{"start":{"line":692,"column":6},"end":{"line":692,"column":73}},"76":{"start":{"line":693,"column":6},"end":{"line":693,"column":13}},"77":{"start":{"line":697,"column":23},"end":{"line":697,"column":39}},"78":{"start":{"line":699,"column":4},"end":{"line":703,"column":5}},"79":{"start":{"line":700,"column":6},"end":{"line":700,"column":43}},"80":{"start":{"line":702,"column":6},"end":{"line":702,"column":77}},"81":{"start":{"line":788,"column":24},"end":{"line":830,"column":1}},"82":{"start":{"line":790,"column":20},"end":{"line":790,"column":33}},"83":{"start":{"line":792,"column":23},"end":{"line":792,"column":73}},"84":{"start":{"line":793,"column":21},"end":{"line":795,"column":6}},"85":{"start":{"line":797,"column":4},"end":{"line":800,"column":5}},"86":{"start":{"line":798,"column":6},"end":{"line":798,"column":57}},"87":{"start":{"line":799,"column":6},"end":{"line":799,"column":13}},"88":{"start":{"line":802,"column":23},"end":{"line":804,"column":5}},"89":{"start":{"line":803,"column":17},"end":{"line":803,"column":37}},"90":{"start":{"line":814,"column":4},"end":{"line":814,"column":42}},"91":{"start":{"line":816,"column":25},"end":{"line":819,"column":5}},"92":{"start":{"line":822,"column":6},"end":{"line":822,"column":70}},"93":{"start":{"line":854,"column":0},"end":{"line":872,"column":2}}},"fnMap":{"0":{"name":"(anonymous_0)","decl":{"start":{"line":6,"column":26},"end":{"line":6,"column":27}},"loc":{"start":{"line":6,"column":46},"end":{"line":37,"column":1}},"line":6},"1":{"name":"(anonymous_1)","decl":{"start":{"line":40,"column":27},"end":{"line":40,"column":28}},"loc":{"start":{"line":40,"column":47},"end":{"line":64,"column":1}},"line":40},"2":{"name":"(anonymous_2)","decl":{"start":{"line":67,"column":23},"end":{"line":67,"column":24}},"loc":{"start":{"line":67,"column":43},"end":{"line":103,"column":1}},"line":67},"3":{"name":"(anonymous_3)","decl":{"start":{"line":271,"column":17},"end":{"line":271,"column":18}},"loc":{"start":{"line":271,"column":37},"end":{"line":354,"column":1}},"line":271},"4":{"name":"compareEvents","decl":{"start":{"line":273,"column":11},"end":{"line":273,"column":24}},"loc":{"start":{"line":273,"column":41},"end":{"line":275,"column":3}},"line":273},"5":{"name":"(anonymous_5)","decl":{"start":{"line":312,"column":45},"end":{"line":312,"column":46}},"loc":{"start":{"line":312,"column":56},"end":{"line":325,"column":7}},"line":312},"6":{"name":"(anonymous_6)","decl":{"start":{"line":675,"column":22},"end":{"line":675,"column":23}},"loc":{"start":{"line":675,"column":42},"end":{"line":708,"column":1}},"line":675},"7":{"name":"(anonymous_7)","decl":{"start":{"line":689,"column":39},"end":{"line":689,"column":40}},"loc":{"start":{"line":689,"column":50},"end":{"line":689,"column":70}},"line":689},"8":{"name":"(anonymous_8)","decl":{"start":{"line":788,"column":24},"end":{"line":788,"column":25}},"loc":{"start":{"line":788,"column":44},"end":{"line":830,"column":1}},"line":788},"9":{"name":"(anonymous_9)","decl":{"start":{"line":803,"column":6},"end":{"line":803,"column":7}},"loc":{"start":{"line":803,"column":17},"end":{"line":803,"column":37}},"line":803}},"branchMap":{"0":{"loc":{"start":{"line":19,"column":4},"end":{"line":32,"column":5}},"type":"if","locations":[{"start":{"line":19,"column":4},"end":{"line":32,"column":5}},{"start":{"line":25,"column":11},"end":{"line":32,"column":5}}],"line":19},"1":{"loc":{"start":{"line":53,"column":4},"end":{"line":59,"column":5}},"type":"if","locations":[{"start":{"line":53,"column":4},"end":{"line":59,"column":5}},{"start":{"line":56,"column":11},"end":{"line":59,"column":5}}],"line":53},"2":{"loc":{"start":{"line":81,"column":4},"end":{"line":98,"column":5}},"type":"if","locations":[{"start":{"line":81,"column":4},"end":{"line":98,"column":5}},{"start":{"line":84,"column":11},"end":{"line":98,"column":5}}],"line":81},"3":{"loc":{"start":{"line":284,"column":4},"end":{"line":287,"column":5}},"type":"if","locations":[{"start":{"line":284,"column":4},"end":{"line":287,"column":5}},{"start":{},"end":{}}],"line":284},"4":{"loc":{"start":{"line":293,"column":4},"end":{"line":296,"column":5}},"type":"if","locations":[{"start":{"line":293,"column":4},"end":{"line":296,"column":5}},{"start":{},"end":{}}],"line":293},"5":{"loc":{"start":{"line":293,"column":8},"end":{"line":293,"column":50}},"type":"binary-expr","locations":[{"start":{"line":293,"column":8},"end":{"line":293,"column":28}},{"start":{"line":293,"column":32},"end":{"line":293,"column":50}}],"line":293},"6":{"loc":{"start":{"line":301,"column":4},"end":{"line":304,"column":5}},"type":"if","locations":[{"start":{"line":301,"column":4},"end":{"line":304,"column":5}},{"start":{},"end":{}}],"line":301},"7":{"loc":{"start":{"line":310,"column":4},"end":{"line":332,"column":5}},"type":"if","locations":[{"start":{"line":310,"column":4},"end":{"line":332,"column":5}},{"start":{},"end":{}}],"line":310},"8":{"loc":{"start":{"line":321,"column":10},"end":{"line":323,"column":66}},"type":"binary-expr","locations":[{"start":{"line":321,"column":11},"end":{"line":321,"column":38}},{"start":{"line":321,"column":42},"end":{"line":321,"column":66}},{"start":{"line":322,"column":11},"end":{"line":322,"column":35}},{"start":{"line":322,"column":39},"end":{"line":322,"column":62}},{"start":{"line":323,"column":11},"end":{"line":323,"column":38}},{"start":{"line":323,"column":42},"end":{"line":323,"column":65}}],"line":321},"9":{"loc":{"start":{"line":327,"column":6},"end":{"line":331,"column":7}},"type":"if","locations":[{"start":{"line":327,"column":6},"end":{"line":331,"column":7}},{"start":{},"end":{}}],"line":327},"10":{"loc":{"start":{"line":683,"column":4},"end":{"line":686,"column":5}},"type":"if","locations":[{"start":{"line":683,"column":4},"end":{"line":686,"column":5}},{"start":{},"end":{}}],"line":683},"11":{"loc":{"start":{"line":691,"column":4},"end":{"line":694,"column":5}},"type":"if","locations":[{"start":{"line":691,"column":4},"end":{"line":694,"column":5}},{"start":{},"end":{}}],"line":691},"12":{"loc":{"start":{"line":699,"column":4},"end":{"line":703,"column":5}},"type":"if","locations":[{"start":{"line":699,"column":4},"end":{"line":703,"column":5}},{"start":{"line":701,"column":11},"end":{"line":703,"column":5}}],"line":699},"13":{"loc":{"start":{"line":797,"column":4},"end":{"line":800,"column":5}},"type":"if","locations":[{"start":{"line":797,"column":4},"end":{"line":800,"column":5}},{"start":{},"end":{}}],"line":797}},"s":{"0":6,"1":6,"2":6,"3":6,"4":2,"5":2,"6":2,"7":2,"8":1,"9":1,"10":1,"11":1,"12":1,"13":1,"14":1,"15":1,"16":1,"17":6,"18":2,"19":2,"20":2,"21":2,"22":1,"23":1,"24":6,"25":2,"26":2,"27":2,"28":2,"29":2,"30":1,"31":1,"32":1,"33":6,"34":1,"35":8,"36":8,"37":8,"38":8,"39":8,"40":1,"41":1,"42":7,"43":7,"44":7,"45":1,"46":1,"47":6,"48":6,"49":1,"50":1,"51":5,"52":5,"53":4,"54":7,"55":7,"56":7,"57":4,"58":3,"59":3,"60":2,"61":2,"62":2,"63":2,"64":6,"65":4,"66":4,"67":4,"68":4,"69":4,"70":1,"71":1,"72":3,"73":3,"74":3,"75":1,"76":1,"77":2,"78":2,"79":1,"80":1,"81":6,"82":3,"83":3,"84":3,"85":3,"86":2,"87":2,"88":1,"89":1,"90":1,"91":1,"92":1,"93":6},"f":{"0":2,"1":2,"2":2,"3":8,"4":1,"5":7,"6":4,"7":3,"8":3,"9":1},"b":{"0":[1,1],"1":[1,1],"2":[1,1],"3":[1,7],"4":[1,6],"5":[7,6],"6":[1,5],"7":[4,1],"8":[7,6,5,5,5,1],"9":[3,1],"10":[1,3],"11":[1,2],"12":[1,1],"13":[2,1]},"_coverageSchema":"1a1c01bbd47fc00a2c39e90264f33305004495a9","hash":"7d1161998425444ed4c5431ffe17d1f41a6aebcb"}
,"C:\\cpen321\\RouteRider\\Backend\\routes\\user.js": {"path":"C:\\cpen321\\RouteRider\\Backend\\routes\\user.js","statementMap":{"0":{"start":{"line":4,"column":22},"end":{"line":4,"column":40}},"1":{"start":{"line":5,"column":12},"end":{"line":5,"column":39}},"2":{"start":{"line":6,"column":15},"end":{"line":6,"column":35}},"3":{"start":{"line":9,"column":22},"end":{"line":43,"column":1}},"4":{"start":{"line":12,"column":21},"end":{"line":12,"column":29}},"5":{"start":{"line":16,"column":23},"end":{"line":16,"column":65}},"6":{"start":{"line":20,"column":25},"end":{"line":20,"column":76}},"7":{"start":{"line":23,"column":4},"end":{"line":38,"column":5}},"8":{"start":{"line":26,"column":27},"end":{"line":26,"column":64}},"9":{"start":{"line":27,"column":33},"end":{"line":27,"column":72}},"10":{"start":{"line":28,"column":6},"end":{"line":28,"column":52}},"11":{"start":{"line":29,"column":6},"end":{"line":29,"column":54}},"12":{"start":{"line":32,"column":6},"end":{"line":32,"column":43}},"13":{"start":{"line":33,"column":29},"end":{"line":33,"column":56}},"14":{"start":{"line":34,"column":35},"end":{"line":34,"column":76}},"15":{"start":{"line":35,"column":6},"end":{"line":35,"column":54}},"16":{"start":{"line":36,"column":6},"end":{"line":36,"column":56}},"17":{"start":{"line":46,"column":22},"end":{"line":69,"column":3}},"18":{"start":{"line":48,"column":18},"end":{"line":48,"column":34}},"19":{"start":{"line":49,"column":23},"end":{"line":49,"column":39}},"20":{"start":{"line":52,"column":23},"end":{"line":52,"column":65}},"21":{"start":{"line":55,"column":19},"end":{"line":58,"column":5}},"22":{"start":{"line":60,"column":4},"end":{"line":64,"column":5}},"23":{"start":{"line":61,"column":6},"end":{"line":61,"column":77}},"24":{"start":{"line":63,"column":6},"end":{"line":63,"column":56}},"25":{"start":{"line":72,"column":23},"end":{"line":97,"column":3}},"26":{"start":{"line":75,"column":24},"end":{"line":75,"column":40}},"27":{"start":{"line":78,"column":25},"end":{"line":78,"column":67}},"28":{"start":{"line":83,"column":19},"end":{"line":83,"column":65}},"29":{"start":{"line":85,"column":6},"end":{"line":92,"column":7}},"30":{"start":{"line":87,"column":8},"end":{"line":87,"column":35}},"31":{"start":{"line":91,"column":8},"end":{"line":91,"column":58}},"32":{"start":{"line":180,"column":31},"end":{"line":241,"column":1}},"33":{"start":{"line":182,"column":22},"end":{"line":182,"column":38}},"34":{"start":{"line":185,"column":23},"end":{"line":185,"column":65}},"35":{"start":{"line":188,"column":17},"end":{"line":188,"column":63}},"36":{"start":{"line":190,"column":21},"end":{"line":190,"column":26}},"37":{"start":{"line":192,"column":4},"end":{"line":236,"column":5}},"38":{"start":{"line":193,"column":6},"end":{"line":193,"column":63}},"39":{"start":{"line":195,"column":27},"end":{"line":195,"column":39}},"40":{"start":{"line":196,"column":34},"end":{"line":196,"column":53}},"41":{"start":{"line":199,"column":31},"end":{"line":199,"column":33}},"42":{"start":{"line":200,"column":38},"end":{"line":200,"column":40}},"43":{"start":{"line":203,"column":6},"end":{"line":213,"column":5}},"44":{"start":{"line":204,"column":8},"end":{"line":204,"column":26}},"45":{"start":{"line":205,"column":6},"end":{"line":212,"column":7}},"46":{"start":{"line":206,"column":23},"end":{"line":206,"column":71}},"47":{"start":{"line":208,"column":10},"end":{"line":211,"column":13}},"48":{"start":{"line":216,"column":6},"end":{"line":227,"column":5}},"49":{"start":{"line":217,"column":8},"end":{"line":217,"column":26}},"50":{"start":{"line":218,"column":6},"end":{"line":226,"column":7}},"51":{"start":{"line":219,"column":34},"end":{"line":219,"column":89}},"52":{"start":{"line":221,"column":10},"end":{"line":224,"column":13}},"53":{"start":{"line":230,"column":6},"end":{"line":234,"column":7}},"54":{"start":{"line":231,"column":8},"end":{"line":231,"column":76}},"55":{"start":{"line":233,"column":8},"end":{"line":233,"column":74}},"56":{"start":{"line":347,"column":28},"end":{"line":414,"column":3}},"57":{"start":{"line":349,"column":24},"end":{"line":349,"column":40}},"58":{"start":{"line":350,"column":26},"end":{"line":350,"column":40}},"59":{"start":{"line":352,"column":29},"end":{"line":352,"column":71}},"60":{"start":{"line":355,"column":29},"end":{"line":358,"column":8}},"61":{"start":{"line":361,"column":6},"end":{"line":363,"column":7}},"62":{"start":{"line":362,"column":8},"end":{"line":362,"column":67}},"63":{"start":{"line":366,"column":6},"end":{"line":369,"column":7}},"64":{"start":{"line":367,"column":8},"end":{"line":367,"column":83}},"65":{"start":{"line":368,"column":8},"end":{"line":368,"column":85}},"66":{"start":{"line":380,"column":6},"end":{"line":409,"column":7}},"67":{"start":{"line":381,"column":8},"end":{"line":381,"column":80}},"68":{"start":{"line":383,"column":13},"end":{"line":409,"column":7}},"69":{"start":{"line":384,"column":8},"end":{"line":384,"column":112}},"70":{"start":{"line":386,"column":11},"end":{"line":409,"column":7}},"71":{"start":{"line":387,"column":8},"end":{"line":387,"column":83}},"72":{"start":{"line":396,"column":8},"end":{"line":396,"column":46}},"73":{"start":{"line":399,"column":29},"end":{"line":402,"column":9}},"74":{"start":{"line":405,"column":10},"end":{"line":405,"column":87}},"75":{"start":{"line":416,"column":30},"end":{"line":471,"column":3}},"76":{"start":{"line":418,"column":24},"end":{"line":418,"column":40}},"77":{"start":{"line":419,"column":26},"end":{"line":419,"column":50}},"78":{"start":{"line":421,"column":29},"end":{"line":421,"column":71}},"79":{"start":{"line":424,"column":19},"end":{"line":424,"column":69}},"80":{"start":{"line":426,"column":6},"end":{"line":428,"column":7}},"81":{"start":{"line":427,"column":8},"end":{"line":427,"column":65}},"82":{"start":{"line":431,"column":6},"end":{"line":433,"column":7}},"83":{"start":{"line":432,"column":8},"end":{"line":432,"column":106}},"84":{"start":{"line":436,"column":36},"end":{"line":436,"column":98}},"85":{"start":{"line":436,"column":74},"end":{"line":436,"column":97}},"86":{"start":{"line":439,"column":6},"end":{"line":439,"column":37}},"87":{"start":{"line":442,"column":21},"end":{"line":442,"column":73}},"88":{"start":{"line":450,"column":6},"end":{"line":450,"column":37}},"89":{"start":{"line":453,"column":28},"end":{"line":456,"column":8}},"90":{"start":{"line":457,"column":6},"end":{"line":457,"column":58}},"91":{"start":{"line":457,"column":36},"end":{"line":457,"column":56}},"92":{"start":{"line":458,"column":6},"end":{"line":458,"column":87}},"93":{"start":{"line":473,"column":31},"end":{"line":510,"column":3}},"94":{"start":{"line":475,"column":24},"end":{"line":475,"column":40}},"95":{"start":{"line":476,"column":26},"end":{"line":476,"column":50}},"96":{"start":{"line":478,"column":29},"end":{"line":478,"column":71}},"97":{"start":{"line":481,"column":19},"end":{"line":481,"column":69}},"98":{"start":{"line":483,"column":6},"end":{"line":485,"column":7}},"99":{"start":{"line":484,"column":8},"end":{"line":484,"column":65}},"100":{"start":{"line":488,"column":6},"end":{"line":490,"column":7}},"101":{"start":{"line":489,"column":8},"end":{"line":489,"column":106}},"102":{"start":{"line":493,"column":36},"end":{"line":493,"column":98}},"103":{"start":{"line":493,"column":74},"end":{"line":493,"column":97}},"104":{"start":{"line":496,"column":27},"end":{"line":499,"column":7}},"105":{"start":{"line":502,"column":8},"end":{"line":502,"column":89}},"106":{"start":{"line":678,"column":2},"end":{"line":693,"column":4}}},"fnMap":{"0":{"name":"(anonymous_0)","decl":{"start":{"line":9,"column":22},"end":{"line":9,"column":23}},"loc":{"start":{"line":9,"column":42},"end":{"line":43,"column":1}},"line":9},"1":{"name":"(anonymous_1)","decl":{"start":{"line":46,"column":22},"end":{"line":46,"column":23}},"loc":{"start":{"line":46,"column":42},"end":{"line":69,"column":3}},"line":46},"2":{"name":"(anonymous_2)","decl":{"start":{"line":72,"column":23},"end":{"line":72,"column":24}},"loc":{"start":{"line":72,"column":43},"end":{"line":97,"column":3}},"line":72},"3":{"name":"(anonymous_3)","decl":{"start":{"line":180,"column":31},"end":{"line":180,"column":32}},"loc":{"start":{"line":180,"column":51},"end":{"line":241,"column":1}},"line":180},"4":{"name":"(anonymous_4)","decl":{"start":{"line":347,"column":28},"end":{"line":347,"column":29}},"loc":{"start":{"line":347,"column":48},"end":{"line":414,"column":3}},"line":347},"5":{"name":"(anonymous_5)","decl":{"start":{"line":416,"column":30},"end":{"line":416,"column":31}},"loc":{"start":{"line":416,"column":50},"end":{"line":471,"column":3}},"line":416},"6":{"name":"(anonymous_6)","decl":{"start":{"line":436,"column":63},"end":{"line":436,"column":64}},"loc":{"start":{"line":436,"column":74},"end":{"line":436,"column":97}},"line":436},"7":{"name":"(anonymous_7)","decl":{"start":{"line":457,"column":26},"end":{"line":457,"column":27}},"loc":{"start":{"line":457,"column":36},"end":{"line":457,"column":56}},"line":457},"8":{"name":"(anonymous_8)","decl":{"start":{"line":473,"column":31},"end":{"line":473,"column":32}},"loc":{"start":{"line":473,"column":51},"end":{"line":510,"column":3}},"line":473},"9":{"name":"(anonymous_9)","decl":{"start":{"line":493,"column":63},"end":{"line":493,"column":64}},"loc":{"start":{"line":493,"column":74},"end":{"line":493,"column":97}},"line":493}},"branchMap":{"0":{"loc":{"start":{"line":23,"column":4},"end":{"line":38,"column":5}},"type":"if","locations":[{"start":{"line":23,"column":4},"end":{"line":38,"column":5}},{"start":{"line":30,"column":11},"end":{"line":38,"column":5}}],"line":23},"1":{"loc":{"start":{"line":60,"column":4},"end":{"line":64,"column":5}},"type":"if","locations":[{"start":{"line":60,"column":4},"end":{"line":64,"column":5}},{"start":{"line":62,"column":11},"end":{"line":64,"column":5}}],"line":60},"2":{"loc":{"start":{"line":85,"column":6},"end":{"line":92,"column":7}},"type":"if","locations":[{"start":{"line":85,"column":6},"end":{"line":92,"column":7}},{"start":{"line":89,"column":13},"end":{"line":92,"column":7}}],"line":85},"3":{"loc":{"start":{"line":192,"column":4},"end":{"line":236,"column":5}},"type":"if","locations":[{"start":{"line":192,"column":4},"end":{"line":236,"column":5}},{"start":{"line":194,"column":11},"end":{"line":236,"column":5}}],"line":192},"4":{"loc":{"start":{"line":203,"column":6},"end":{"line":213,"column":5}},"type":"if","locations":[{"start":{"line":203,"column":6},"end":{"line":213,"column":5}},{"start":{},"end":{}}],"line":203},"5":{"loc":{"start":{"line":216,"column":6},"end":{"line":227,"column":5}},"type":"if","locations":[{"start":{"line":216,"column":6},"end":{"line":227,"column":5}},{"start":{},"end":{}}],"line":216},"6":{"loc":{"start":{"line":230,"column":6},"end":{"line":234,"column":7}},"type":"if","locations":[{"start":{"line":230,"column":6},"end":{"line":234,"column":7}},{"start":{"line":232,"column":13},"end":{"line":234,"column":7}}],"line":230},"7":{"loc":{"start":{"line":361,"column":6},"end":{"line":363,"column":7}},"type":"if","locations":[{"start":{"line":361,"column":6},"end":{"line":363,"column":7}},{"start":{},"end":{}}],"line":361},"8":{"loc":{"start":{"line":366,"column":6},"end":{"line":369,"column":7}},"type":"if","locations":[{"start":{"line":366,"column":6},"end":{"line":369,"column":7}},{"start":{},"end":{}}],"line":366},"9":{"loc":{"start":{"line":380,"column":6},"end":{"line":409,"column":7}},"type":"if","locations":[{"start":{"line":380,"column":6},"end":{"line":409,"column":7}},{"start":{"line":383,"column":13},"end":{"line":409,"column":7}}],"line":380},"10":{"loc":{"start":{"line":383,"column":13},"end":{"line":409,"column":7}},"type":"if","locations":[{"start":{"line":383,"column":13},"end":{"line":409,"column":7}},{"start":{"line":386,"column":11},"end":{"line":409,"column":7}}],"line":383},"11":{"loc":{"start":{"line":386,"column":11},"end":{"line":409,"column":7}},"type":"if","locations":[{"start":{"line":386,"column":11},"end":{"line":409,"column":7}},{"start":{"line":389,"column":11},"end":{"line":409,"column":7}}],"line":386},"12":{"loc":{"start":{"line":426,"column":6},"end":{"line":428,"column":7}},"type":"if","locations":[{"start":{"line":426,"column":6},"end":{"line":428,"column":7}},{"start":{},"end":{}}],"line":426},"13":{"loc":{"start":{"line":431,"column":6},"end":{"line":433,"column":7}},"type":"if","locations":[{"start":{"line":431,"column":6},"end":{"line":433,"column":7}},{"start":{},"end":{}}],"line":431},"14":{"loc":{"start":{"line":483,"column":6},"end":{"line":485,"column":7}},"type":"if","locations":[{"start":{"line":483,"column":6},"end":{"line":485,"column":7}},{"start":{},"end":{}}],"line":483},"15":{"loc":{"start":{"line":488,"column":6},"end":{"line":490,"column":7}},"type":"if","locations":[{"start":{"line":488,"column":6},"end":{"line":490,"column":7}},{"start":{},"end":{}}],"line":488}},"s":{"0":6,"1":6,"2":6,"3":6,"4":2,"5":2,"6":2,"7":2,"8":1,"9":1,"10":1,"11":1,"12":1,"13":1,"14":1,"15":1,"16":1,"17":6,"18":2,"19":2,"20":2,"21":2,"22":2,"23":1,"24":1,"25":6,"26":2,"27":2,"28":2,"29":2,"30":1,"31":1,"32":6,"33":5,"34":5,"35":5,"36":5,"37":5,"38":1,"39":4,"40":4,"41":4,"42":4,"43":4,"44":2,"45":2,"46":2,"47":2,"48":4,"49":2,"50":2,"51":2,"52":2,"53":4,"54":3,"55":1,"56":6,"57":6,"58":6,"59":6,"60":6,"61":6,"62":1,"63":5,"64":1,"65":1,"66":4,"67":1,"68":3,"69":1,"70":2,"71":1,"72":1,"73":1,"74":1,"75":6,"76":3,"77":3,"78":3,"79":3,"80":3,"81":1,"82":2,"83":1,"84":1,"85":1,"86":1,"87":1,"88":1,"89":1,"90":1,"91":2,"92":1,"93":6,"94":3,"95":3,"96":3,"97":3,"98":3,"99":1,"100":2,"101":1,"102":1,"103":1,"104":1,"105":1,"106":6},"f":{"0":2,"1":2,"2":2,"3":5,"4":6,"5":3,"6":1,"7":2,"8":3,"9":1},"b":{"0":[1,1],"1":[1,1],"2":[1,1],"3":[1,4],"4":[2,2],"5":[2,2],"6":[3,1],"7":[1,5],"8":[1,4],"9":[1,3],"10":[1,2],"11":[1,1],"12":[1,2],"13":[1,1],"14":[1,2],"15":[1,1]},"_coverageSchema":"1a1c01bbd47fc00a2c39e90264f33305004495a9","hash":"fd6248777d6b5dcc018597678a00f15d57860744"}
}
