{"C:\\cpen321\\RouteRider\\Backend\\commuter_match.js": {"path":"C:\\cpen321\\RouteRider\\Backend\\commuter_match.js","statementMap":{"0":{"start":{"line":1,"column":16},"end":{"line":1,"column":34}},"1":{"start":{"line":3,"column":23},"end":{"line":3,"column":41}},"2":{"start":{"line":6,"column":12},"end":{"line":6,"column":21}},"3":{"start":{"line":7,"column":0},"end":{"line":7,"column":24}},"4":{"start":{"line":10,"column":12},"end":{"line":10,"column":37}},"5":{"start":{"line":11,"column":15},"end":{"line":11,"column":35}},"6":{"start":{"line":93,"column":22},"end":{"line":93,"column":108}},"7":{"start":{"line":95,"column":1},"end":{"line":99,"column":2}},"8":{"start":{"line":98,"column":5},"end":{"line":98,"column":27}},"9":{"start":{"line":102,"column":22},"end":{"line":102,"column":103}},"10":{"start":{"line":102,"column":57},"end":{"line":102,"column":102}},"11":{"start":{"line":105,"column":21},"end":{"line":105,"column":23}},"12":{"start":{"line":106,"column":19},"end":{"line":106,"column":28}},"13":{"start":{"line":108,"column":1},"end":{"line":117,"column":2}},"14":{"start":{"line":109,"column":21},"end":{"line":109,"column":67}},"15":{"start":{"line":113,"column":5},"end":{"line":116,"column":6}},"16":{"start":{"line":114,"column":9},"end":{"line":114,"column":32}},"17":{"start":{"line":115,"column":9},"end":{"line":115,"column":52}},"18":{"start":{"line":122,"column":1},"end":{"line":122,"column":32}},"19":{"start":{"line":180,"column":39},"end":{"line":184,"column":22}},"20":{"start":{"line":187,"column":36},"end":{"line":187,"column":90}},"21":{"start":{"line":187,"column":75},"end":{"line":187,"column":89}},"22":{"start":{"line":192,"column":8},"end":{"line":192,"column":35}},"23":{"start":{"line":266,"column":32},"end":{"line":266,"column":72}},"24":{"start":{"line":269,"column":28},"end":{"line":269,"column":60}},"25":{"start":{"line":272,"column":30},"end":{"line":272,"column":39}},"26":{"start":{"line":275,"column":8},"end":{"line":296,"column":9}},"27":{"start":{"line":277,"column":40},"end":{"line":277,"column":76}},"28":{"start":{"line":280,"column":12},"end":{"line":295,"column":13}},"29":{"start":{"line":281,"column":16},"end":{"line":294,"column":17}},"30":{"start":{"line":283,"column":43},"end":{"line":283,"column":127}},"31":{"start":{"line":286,"column":20},"end":{"line":293,"column":21}},"32":{"start":{"line":291,"column":24},"end":{"line":291,"column":49}},"33":{"start":{"line":292,"column":24},"end":{"line":292,"column":30}},"34":{"start":{"line":298,"column":8},"end":{"line":298,"column":29}},"35":{"start":{"line":327,"column":0},"end":{"line":333,"column":4}}},"fnMap":{"0":{"name":"getFirstEventsOfEachDay","decl":{"start":{"line":90,"column":15},"end":{"line":90,"column":38}},"loc":{"start":{"line":90,"column":50},"end":{"line":126,"column":1}},"line":90},"1":{"name":"(anonymous_1)","decl":{"start":{"line":102,"column":47},"end":{"line":102,"column":48}},"loc":{"start":{"line":102,"column":57},"end":{"line":102,"column":102}},"line":102},"2":{"name":"findOtherEmails","decl":{"start":{"line":177,"column":15},"end":{"line":177,"column":30}},"loc":{"start":{"line":177,"column":42},"end":{"line":197,"column":1}},"line":177},"3":{"name":"(anonymous_3)","decl":{"start":{"line":187,"column":63},"end":{"line":187,"column":64}},"loc":{"start":{"line":187,"column":75},"end":{"line":187,"column":89}},"line":187},"4":{"name":"findMatchingUsers","decl":{"start":{"line":263,"column":17},"end":{"line":263,"column":34}},"loc":{"start":{"line":263,"column":46},"end":{"line":303,"column":1}},"line":263}},"branchMap":{"0":{"loc":{"start":{"line":95,"column":1},"end":{"line":99,"column":2}},"type":"if","locations":[{"start":{"line":95,"column":1},"end":{"line":99,"column":2}},{"start":{},"end":{}}],"line":95},"1":{"loc":{"start":{"line":95,"column":5},"end":{"line":95,"column":78}},"type":"binary-expr","locations":[{"start":{"line":95,"column":5},"end":{"line":95,"column":18}},{"start":{"line":95,"column":22},"end":{"line":95,"column":42}},{"start":{"line":95,"column":46},"end":{"line":95,"column":78}}],"line":95},"2":{"loc":{"start":{"line":113,"column":5},"end":{"line":116,"column":6}},"type":"if","locations":[{"start":{"line":113,"column":5},"end":{"line":116,"column":6}},{"start":{},"end":{}}],"line":113},"3":{"loc":{"start":{"line":286,"column":20},"end":{"line":293,"column":21}},"type":"if","locations":[{"start":{"line":286,"column":20},"end":{"line":293,"column":21}},{"start":{},"end":{}}],"line":286},"4":{"loc":{"start":{"line":287,"column":24},"end":{"line":289,"column":60}},"type":"binary-expr","locations":[{"start":{"line":287,"column":24},"end":{"line":287,"column":69}},{"start":{"line":288,"column":24},"end":{"line":288,"column":70}},{"start":{"line":289,"column":24},"end":{"line":289,"column":60}}],"line":287}},"s":{"0":6,"1":6,"2":6,"3":6,"4":6,"5":6,"6":40,"7":40,"8":5,"9":35,"10":4,"11":35,"12":35,"13":35,"14":39,"15":39,"16":38,"17":38,"18":35,"19":7,"20":7,"21":39,"22":7,"23":6,"24":6,"25":6,"26":6,"27":33,"28":33,"29":29,"30":25,"31":25,"32":1,"33":1,"34":6,"35":6},"f":{"0":40,"1":4,"2":7,"3":39,"4":6},"b":{"0":[5,35],"1":[40,36,35],"2":[38,1],"3":[1,24],"4":[25,9,7]},"_coverageSchema":"1a1c01bbd47fc00a2c39e90264f33305004495a9","hash":"7b2351455d9000ab6bc22c89ec5af503fa1302c1"}
,"C:\\cpen321\\RouteRider\\Backend\\recommendation.js": {"path":"C:\\cpen321\\RouteRider\\Backend\\recommendation.js","statementMap":{"0":{"start":{"line":9,"column":4},"end":{"line":9,"column":50}},"1":{"start":{"line":11,"column":18},"end":{"line":11,"column":20}},"2":{"start":{"line":12,"column":16},"end":{"line":12,"column":57}},"3":{"start":{"line":14,"column":23},"end":{"line":89,"column":1}},"4":{"start":{"line":15,"column":2},"end":{"line":15,"column":19}},"5":{"start":{"line":16,"column":2},"end":{"line":88,"column":5}},"6":{"start":{"line":18,"column":19},"end":{"line":18,"column":31}},"7":{"start":{"line":20,"column":28},"end":{"line":25,"column":5}},"8":{"start":{"line":26,"column":28},"end":{"line":31,"column":5}},"9":{"start":{"line":33,"column":18},"end":{"line":33,"column":36}},"10":{"start":{"line":34,"column":18},"end":{"line":34,"column":36}},"11":{"start":{"line":36,"column":4},"end":{"line":87,"column":5}},"12":{"start":{"line":37,"column":37},"end":{"line":40,"column":8}},"13":{"start":{"line":48,"column":6},"end":{"line":52,"column":7}},"14":{"start":{"line":49,"column":8},"end":{"line":49,"column":62}},"15":{"start":{"line":54,"column":6},"end":{"line":58,"column":7}},"16":{"start":{"line":55,"column":8},"end":{"line":55,"column":62}},"17":{"start":{"line":59,"column":24},"end":{"line":59,"column":55}},"18":{"start":{"line":60,"column":24},"end":{"line":60,"column":55}},"19":{"start":{"line":62,"column":23},"end":{"line":62,"column":45}},"20":{"start":{"line":64,"column":28},"end":{"line":71,"column":7}},"21":{"start":{"line":73,"column":23},"end":{"line":73,"column":63}},"22":{"start":{"line":74,"column":6},"end":{"line":83,"column":7}},"23":{"start":{"line":75,"column":24},"end":{"line":75,"column":45}},"24":{"start":{"line":76,"column":8},"end":{"line":78,"column":9}},"25":{"start":{"line":76,"column":21},"end":{"line":76,"column":22}},"26":{"start":{"line":77,"column":10},"end":{"line":77,"column":39}},"27":{"start":{"line":79,"column":8},"end":{"line":79,"column":29}},"28":{"start":{"line":82,"column":8},"end":{"line":82,"column":44}},"29":{"start":{"line":86,"column":6},"end":{"line":86,"column":20}},"30":{"start":{"line":91,"column":0},"end":{"line":91,"column":32}}},"fnMap":{"0":{"name":"(anonymous_0)","decl":{"start":{"line":14,"column":23},"end":{"line":14,"column":24}},"loc":{"start":{"line":14,"column":47},"end":{"line":89,"column":1}},"line":14},"1":{"name":"(anonymous_1)","decl":{"start":{"line":16,"column":21},"end":{"line":16,"column":22}},"loc":{"start":{"line":16,"column":48},"end":{"line":88,"column":3}},"line":16}},"branchMap":{"0":{"loc":{"start":{"line":48,"column":6},"end":{"line":52,"column":7}},"type":"if","locations":[{"start":{"line":48,"column":6},"end":{"line":52,"column":7}},{"start":{"line":50,"column":13},"end":{"line":52,"column":7}}],"line":48},"1":{"loc":{"start":{"line":54,"column":6},"end":{"line":58,"column":7}},"type":"if","locations":[{"start":{"line":54,"column":6},"end":{"line":58,"column":7}},{"start":{"line":56,"column":13},"end":{"line":58,"column":7}}],"line":54},"2":{"loc":{"start":{"line":74,"column":6},"end":{"line":83,"column":7}},"type":"if","locations":[{"start":{"line":74,"column":6},"end":{"line":83,"column":7}},{"start":{"line":80,"column":13},"end":{"line":83,"column":7}}],"line":74}},"s":{"0":6,"1":6,"2":6,"3":6,"4":3,"5":3,"6":3,"7":3,"8":3,"9":3,"10":3,"11":3,"12":3,"13":2,"14":1,"15":2,"16":1,"17":2,"18":2,"19":2,"20":2,"21":2,"22":2,"23":1,"24":1,"25":1,"26":7,"27":1,"28":1,"29":1,"30":6},"f":{"0":3,"1":3},"b":{"0":[1,1],"1":[1,1],"2":[1,1]},"_coverageSchema":"1a1c01bbd47fc00a2c39e90264f33305004495a9","hash":"05576ee3a064cadeb151ea7d114eeb0dda11fccb"}
,"C:\\cpen321\\RouteRider\\Backend\\server.js": {"path":"C:\\cpen321\\RouteRider\\Backend\\server.js","statementMap":{"0":{"start":{"line":1,"column":16},"end":{"line":1,"column":34}},"1":{"start":{"line":2,"column":14},"end":{"line":2,"column":30}},"2":{"start":{"line":3,"column":13},"end":{"line":3,"column":28}},"3":{"start":{"line":4,"column":11},"end":{"line":4,"column":24}},"4":{"start":{"line":6,"column":13},"end":{"line":6,"column":17}},"5":{"start":{"line":8,"column":24},"end":{"line":8,"column":42}},"6":{"start":{"line":10,"column":26},"end":{"line":10,"column":62}},"7":{"start":{"line":11,"column":20},"end":{"line":11,"column":58}},"8":{"start":{"line":12,"column":13},"end":{"line":12,"column":28}},"9":{"start":{"line":14,"column":17},"end":{"line":14,"column":44}},"10":{"start":{"line":15,"column":21},"end":{"line":15,"column":64}},"11":{"start":{"line":17,"column":12},"end":{"line":17,"column":21}},"12":{"start":{"line":18,"column":0},"end":{"line":18,"column":24}},"13":{"start":{"line":20,"column":13},"end":{"line":20,"column":40}},"14":{"start":{"line":21,"column":17},"end":{"line":21,"column":48}},"15":{"start":{"line":22,"column":18},"end":{"line":22,"column":48}},"16":{"start":{"line":23,"column":23},"end":{"line":23,"column":53}},"17":{"start":{"line":27,"column":14},"end":{"line":27,"column":39}},"18":{"start":{"line":31,"column":27},"end":{"line":31,"column":59}},"19":{"start":{"line":34,"column":2},"end":{"line":34,"column":97}},"20":{"start":{"line":36,"column":2},"end":{"line":36,"column":68}},"21":{"start":{"line":38,"column":2},"end":{"line":38,"column":68}},"22":{"start":{"line":40,"column":2},"end":{"line":40,"column":68}},"23":{"start":{"line":42,"column":2},"end":{"line":42,"column":68}},"24":{"start":{"line":44,"column":2},"end":{"line":44,"column":68}},"25":{"start":{"line":46,"column":2},"end":{"line":46,"column":68}},"26":{"start":{"line":48,"column":2},"end":{"line":48,"column":68}},"27":{"start":{"line":50,"column":2},"end":{"line":50,"column":68}},"28":{"start":{"line":52,"column":2},"end":{"line":52,"column":68}},"29":{"start":{"line":54,"column":2},"end":{"line":54,"column":68}},"30":{"start":{"line":56,"column":2},"end":{"line":56,"column":68}},"31":{"start":{"line":58,"column":2},"end":{"line":58,"column":68}},"32":{"start":{"line":60,"column":2},"end":{"line":60,"column":68}},"33":{"start":{"line":62,"column":2},"end":{"line":62,"column":68}},"34":{"start":{"line":64,"column":2},"end":{"line":64,"column":68}},"35":{"start":{"line":66,"column":2},"end":{"line":66,"column":68}},"36":{"start":{"line":68,"column":2},"end":{"line":68,"column":68}},"37":{"start":{"line":70,"column":2},"end":{"line":70,"column":68}},"38":{"start":{"line":72,"column":2},"end":{"line":72,"column":68}},"39":{"start":{"line":74,"column":2},"end":{"line":74,"column":68}},"40":{"start":{"line":76,"column":2},"end":{"line":76,"column":68}},"41":{"start":{"line":78,"column":2},"end":{"line":78,"column":68}},"42":{"start":{"line":80,"column":2},"end":{"line":80,"column":68}},"43":{"start":{"line":82,"column":2},"end":{"line":82,"column":68}},"44":{"start":{"line":84,"column":2},"end":{"line":84,"column":57}},"45":{"start":{"line":86,"column":19},"end":{"line":86,"column":556}},"46":{"start":{"line":89,"column":23},"end":{"line":103,"column":1}},"47":{"start":{"line":110,"column":13},"end":{"line":110,"column":33}},"48":{"start":{"line":111,"column":16},"end":{"line":111,"column":31}},"49":{"start":{"line":112,"column":18},"end":{"line":112,"column":36}},"50":{"start":{"line":113,"column":10},"end":{"line":113,"column":28}},"51":{"start":{"line":115,"column":0},"end":{"line":118,"column":3}},"52":{"start":{"line":121,"column":12},"end":{"line":121,"column":39}},"53":{"start":{"line":122,"column":15},"end":{"line":122,"column":35}},"54":{"start":{"line":139,"column":0},"end":{"line":139,"column":46}},"55":{"start":{"line":141,"column":0},"end":{"line":141,"column":53}},"56":{"start":{"line":144,"column":0},"end":{"line":144,"column":69}},"57":{"start":{"line":146,"column":0},"end":{"line":146,"column":60}},"58":{"start":{"line":151,"column":0},"end":{"line":151,"column":71}},"59":{"start":{"line":153,"column":0},"end":{"line":156,"column":2}},"60":{"start":{"line":157,"column":0},"end":{"line":160,"column":2}},"61":{"start":{"line":168,"column":0},"end":{"line":168,"column":58}},"62":{"start":{"line":169,"column":0},"end":{"line":169,"column":65}},"63":{"start":{"line":171,"column":0},"end":{"line":171,"column":61}},"64":{"start":{"line":173,"column":0},"end":{"line":173,"column":64}},"65":{"start":{"line":175,"column":0},"end":{"line":175,"column":56}},"66":{"start":{"line":177,"column":0},"end":{"line":177,"column":69}},"67":{"start":{"line":186,"column":0},"end":{"line":225,"column":3}},"68":{"start":{"line":187,"column":16},"end":{"line":187,"column":30}},"69":{"start":{"line":188,"column":16},"end":{"line":188,"column":30}},"70":{"start":{"line":189,"column":2},"end":{"line":194,"column":3}},"71":{"start":{"line":192,"column":4},"end":{"line":192,"column":64}},"72":{"start":{"line":193,"column":4},"end":{"line":193,"column":11}},"73":{"start":{"line":197,"column":2},"end":{"line":220,"column":7}},"74":{"start":{"line":202,"column":6},"end":{"line":219,"column":7}},"75":{"start":{"line":204,"column":8},"end":{"line":213,"column":13}},"76":{"start":{"line":210,"column":12},"end":{"line":212,"column":15}},"77":{"start":{"line":216,"column":8},"end":{"line":218,"column":11}},"78":{"start":{"line":230,"column":0},"end":{"line":240,"column":3}},"79":{"start":{"line":231,"column":21},"end":{"line":231,"column":40}},"80":{"start":{"line":232,"column":24},"end":{"line":232,"column":46}},"81":{"start":{"line":237,"column":2},"end":{"line":239,"column":5}},"82":{"start":{"line":238,"column":4},"end":{"line":238,"column":58}},"83":{"start":{"line":242,"column":2},"end":{"line":312,"column":5}},"84":{"start":{"line":243,"column":4},"end":{"line":246,"column":5}},"85":{"start":{"line":245,"column":6},"end":{"line":245,"column":78}},"86":{"start":{"line":248,"column":4},"end":{"line":311,"column":9}},"87":{"start":{"line":253,"column":8},"end":{"line":310,"column":9}},"88":{"start":{"line":262,"column":30},"end":{"line":262,"column":47}},"89":{"start":{"line":266,"column":26},"end":{"line":272,"column":11}},"90":{"start":{"line":275,"column":10},"end":{"line":275,"column":52}},"91":{"start":{"line":276,"column":10},"end":{"line":298,"column":11}},"92":{"start":{"line":283,"column":12},"end":{"line":286,"column":15}},"93":{"start":{"line":294,"column":12},"end":{"line":297,"column":15}},"94":{"start":{"line":306,"column":10},"end":{"line":309,"column":13}},"95":{"start":{"line":315,"column":2},"end":{"line":327,"column":7}},"96":{"start":{"line":321,"column":6},"end":{"line":321,"column":15}},"97":{"start":{"line":326,"column":6},"end":{"line":326,"column":15}},"98":{"start":{"line":333,"column":0},"end":{"line":345,"column":3}},"99":{"start":{"line":343,"column":12},"end":{"line":343,"column":54}},"100":{"start":{"line":344,"column":2},"end":{"line":344,"column":56}},"101":{"start":{"line":348,"column":0},"end":{"line":352,"column":3}},"102":{"start":{"line":349,"column":20},"end":{"line":349,"column":40}},"103":{"start":{"line":350,"column":24},"end":{"line":350,"column":68}},"104":{"start":{"line":351,"column":2},"end":{"line":351,"column":42}},"105":{"start":{"line":370,"column":40},"end":{"line":383,"column":1}},"106":{"start":{"line":371,"column":16},"end":{"line":371,"column":32}},"107":{"start":{"line":372,"column":22},"end":{"line":372,"column":44}},"108":{"start":{"line":373,"column":15},"end":{"line":373,"column":30}},"109":{"start":{"line":374,"column":2},"end":{"line":382,"column":4}},"110":{"start":{"line":376,"column":6},"end":{"line":376,"column":54}},"111":{"start":{"line":380,"column":6},"end":{"line":380,"column":54}},"112":{"start":{"line":385,"column":0},"end":{"line":388,"column":2}},"113":{"start":{"line":392,"column":29},"end":{"line":407,"column":1}},"114":{"start":{"line":393,"column":16},"end":{"line":393,"column":32}},"115":{"start":{"line":394,"column":15},"end":{"line":394,"column":30}},"116":{"start":{"line":398,"column":2},"end":{"line":406,"column":4}},"117":{"start":{"line":400,"column":6},"end":{"line":400,"column":54}},"118":{"start":{"line":404,"column":6},"end":{"line":404,"column":54}},"119":{"start":{"line":408,"column":35},"end":{"line":436,"column":1}},"120":{"start":{"line":409,"column":2},"end":{"line":409,"column":39}},"121":{"start":{"line":410,"column":16},"end":{"line":410,"column":32}},"122":{"start":{"line":411,"column":16},"end":{"line":411,"column":42}},"123":{"start":{"line":412,"column":16},"end":{"line":412,"column":42}},"124":{"start":{"line":413,"column":2},"end":{"line":413,"column":39}},"125":{"start":{"line":414,"column":2},"end":{"line":414,"column":39}},"126":{"start":{"line":416,"column":17},"end":{"line":416,"column":19}},"127":{"start":{"line":417,"column":2},"end":{"line":428,"column":3}},"128":{"start":{"line":417,"column":15},"end":{"line":417,"column":20}},"129":{"start":{"line":418,"column":4},"end":{"line":427,"column":5}},"130":{"start":{"line":419,"column":6},"end":{"line":419,"column":28}},"131":{"start":{"line":420,"column":17},"end":{"line":420,"column":46}},"132":{"start":{"line":421,"column":6},"end":{"line":421,"column":38}},"133":{"start":{"line":422,"column":21},"end":{"line":422,"column":49}},"134":{"start":{"line":423,"column":6},"end":{"line":423,"column":36}},"135":{"start":{"line":424,"column":6},"end":{"line":424,"column":36}},"136":{"start":{"line":426,"column":6},"end":{"line":426,"column":67}},"137":{"start":{"line":429,"column":2},"end":{"line":435,"column":3}},"138":{"start":{"line":430,"column":4},"end":{"line":430,"column":51}},"139":{"start":{"line":432,"column":4},"end":{"line":434,"column":76}},"140":{"start":{"line":438,"column":0},"end":{"line":438,"column":73}},"141":{"start":{"line":439,"column":0},"end":{"line":442,"column":2}},"142":{"start":{"line":444,"column":34},"end":{"line":454,"column":1}},"143":{"start":{"line":445,"column":2},"end":{"line":453,"column":3}},"144":{"start":{"line":446,"column":18},"end":{"line":446,"column":34}},"145":{"start":{"line":447,"column":18},"end":{"line":447,"column":34}},"146":{"start":{"line":448,"column":19},"end":{"line":448,"column":53}},"147":{"start":{"line":449,"column":4},"end":{"line":449,"column":57}},"148":{"start":{"line":451,"column":4},"end":{"line":451,"column":79}},"149":{"start":{"line":452,"column":4},"end":{"line":452,"column":64}},"150":{"start":{"line":456,"column":0},"end":{"line":456,"column":80}},"151":{"start":{"line":479,"column":2},"end":{"line":557,"column":5}},"152":{"start":{"line":481,"column":19},"end":{"line":481,"column":41}},"153":{"start":{"line":482,"column":4},"end":{"line":556,"column":9}},"154":{"start":{"line":487,"column":24},"end":{"line":487,"column":37}},"155":{"start":{"line":491,"column":23},"end":{"line":491,"column":150}},"156":{"start":{"line":493,"column":24},"end":{"line":498,"column":9}},"157":{"start":{"line":500,"column":20},"end":{"line":549,"column":10}},"158":{"start":{"line":501,"column":21},"end":{"line":501,"column":23}},"159":{"start":{"line":503,"column":10},"end":{"line":505,"column":13}},"160":{"start":{"line":504,"column":12},"end":{"line":504,"column":26}},"161":{"start":{"line":507,"column":10},"end":{"line":548,"column":13}},"162":{"start":{"line":508,"column":12},"end":{"line":547,"column":13}},"163":{"start":{"line":509,"column":35},"end":{"line":509,"column":51}},"164":{"start":{"line":515,"column":14},"end":{"line":541,"column":15}},"165":{"start":{"line":523,"column":32},"end":{"line":529,"column":17}},"166":{"start":{"line":531,"column":26},"end":{"line":531,"column":55}},"167":{"start":{"line":532,"column":16},"end":{"line":538,"column":17}},"168":{"start":{"line":534,"column":18},"end":{"line":534,"column":32}},"169":{"start":{"line":537,"column":18},"end":{"line":537,"column":33}},"170":{"start":{"line":540,"column":16},"end":{"line":540,"column":31}},"171":{"start":{"line":543,"column":14},"end":{"line":545,"column":16}},"172":{"start":{"line":546,"column":14},"end":{"line":546,"column":29}},"173":{"start":{"line":551,"column":8},"end":{"line":553,"column":11}},"174":{"start":{"line":555,"column":8},"end":{"line":555,"column":18}},"175":{"start":{"line":669,"column":22},"end":{"line":672,"column":4}},"176":{"start":{"line":674,"column":2},"end":{"line":674,"column":53}},"177":{"start":{"line":676,"column":2},"end":{"line":676,"column":43}},"178":{"start":{"line":678,"column":2},"end":{"line":678,"column":50}},"179":{"start":{"line":685,"column":2},"end":{"line":692,"column":5}},"180":{"start":{"line":686,"column":4},"end":{"line":691,"column":5}},"181":{"start":{"line":687,"column":6},"end":{"line":690,"column":9}},"182":{"start":{"line":688,"column":8},"end":{"line":688,"column":46}},"183":{"start":{"line":689,"column":8},"end":{"line":689,"column":18}},"184":{"start":{"line":696,"column":2},"end":{"line":703,"column":5}},"185":{"start":{"line":697,"column":4},"end":{"line":697,"column":40}},"186":{"start":{"line":700,"column":4},"end":{"line":700,"column":27}},"187":{"start":{"line":702,"column":4},"end":{"line":702,"column":14}},"188":{"start":{"line":883,"column":20},"end":{"line":883,"column":22}},"189":{"start":{"line":885,"column":17},"end":{"line":888,"column":34}},"190":{"start":{"line":889,"column":13},"end":{"line":892,"column":34}},"191":{"start":{"line":893,"column":2},"end":{"line":897,"column":3}},"192":{"start":{"line":894,"column":4},"end":{"line":894,"column":62}},"193":{"start":{"line":895,"column":9},"end":{"line":897,"column":3}},"194":{"start":{"line":896,"column":4},"end":{"line":896,"column":69}},"195":{"start":{"line":903,"column":2},"end":{"line":924,"column":3}},"196":{"start":{"line":904,"column":27},"end":{"line":904,"column":29}},"197":{"start":{"line":905,"column":31},"end":{"line":905,"column":33}},"198":{"start":{"line":906,"column":27},"end":{"line":906,"column":39}},"199":{"start":{"line":907,"column":4},"end":{"line":917,"column":5}},"200":{"start":{"line":907,"column":17},"end":{"line":907,"column":18}},"201":{"start":{"line":910,"column":6},"end":{"line":916,"column":7}},"202":{"start":{"line":912,"column":8},"end":{"line":912,"column":56}},"203":{"start":{"line":913,"column":8},"end":{"line":913,"column":58}},"204":{"start":{"line":914,"column":8},"end":{"line":914,"column":66}},"205":{"start":{"line":915,"column":8},"end":{"line":915,"column":14}},"206":{"start":{"line":918,"column":4},"end":{"line":920,"column":5}},"207":{"start":{"line":919,"column":6},"end":{"line":919,"column":72}},"208":{"start":{"line":926,"column":2},"end":{"line":1019,"column":5}},"209":{"start":{"line":927,"column":4},"end":{"line":930,"column":5}},"210":{"start":{"line":929,"column":6},"end":{"line":929,"column":26}},"211":{"start":{"line":932,"column":4},"end":{"line":1018,"column":9}},"212":{"start":{"line":938,"column":8},"end":{"line":938,"column":45}},"213":{"start":{"line":938,"column":38},"end":{"line":938,"column":45}},"214":{"start":{"line":947,"column":17},"end":{"line":947,"column":19}},"215":{"start":{"line":948,"column":24},"end":{"line":948,"column":26}},"216":{"start":{"line":949,"column":27},"end":{"line":949,"column":29}},"217":{"start":{"line":950,"column":19},"end":{"line":950,"column":21}},"218":{"start":{"line":951,"column":19},"end":{"line":951,"column":21}},"219":{"start":{"line":952,"column":22},"end":{"line":952,"column":24}},"220":{"start":{"line":953,"column":25},"end":{"line":953,"column":27}},"221":{"start":{"line":955,"column":8},"end":{"line":955,"column":61}},"222":{"start":{"line":956,"column":8},"end":{"line":956,"column":61}},"223":{"start":{"line":957,"column":8},"end":{"line":957,"column":69}},"224":{"start":{"line":958,"column":8},"end":{"line":958,"column":73}},"225":{"start":{"line":959,"column":8},"end":{"line":959,"column":24}},"226":{"start":{"line":961,"column":25},"end":{"line":961,"column":27}},"227":{"start":{"line":962,"column":8},"end":{"line":1007,"column":11}},"228":{"start":{"line":963,"column":10},"end":{"line":963,"column":40}},"229":{"start":{"line":965,"column":10},"end":{"line":989,"column":11}},"230":{"start":{"line":966,"column":12},"end":{"line":983,"column":13}},"231":{"start":{"line":968,"column":16},"end":{"line":968,"column":29}},"232":{"start":{"line":969,"column":16},"end":{"line":969,"column":58}},"233":{"start":{"line":970,"column":16},"end":{"line":970,"column":69}},"234":{"start":{"line":971,"column":16},"end":{"line":971,"column":73}},"235":{"start":{"line":972,"column":16},"end":{"line":972,"column":22}},"236":{"start":{"line":974,"column":16},"end":{"line":974,"column":34}},"237":{"start":{"line":975,"column":16},"end":{"line":975,"column":52}},"238":{"start":{"line":976,"column":16},"end":{"line":976,"column":69}},"239":{"start":{"line":977,"column":16},"end":{"line":977,"column":73}},"240":{"start":{"line":978,"column":16},"end":{"line":978,"column":22}},"241":{"start":{"line":985,"column":12},"end":{"line":985,"column":26}},"242":{"start":{"line":986,"column":12},"end":{"line":986,"column":24}},"243":{"start":{"line":987,"column":12},"end":{"line":987,"column":43}},"244":{"start":{"line":988,"column":12},"end":{"line":988,"column":47}},"245":{"start":{"line":991,"column":10},"end":{"line":991,"column":50}},"246":{"start":{"line":1000,"column":10},"end":{"line":1005,"column":12}},"247":{"start":{"line":1006,"column":10},"end":{"line":1006,"column":35}},"248":{"start":{"line":1008,"column":8},"end":{"line":1008,"column":30}},"249":{"start":{"line":1011,"column":8},"end":{"line":1011,"column":50}},"250":{"start":{"line":1013,"column":8},"end":{"line":1013,"column":64}},"251":{"start":{"line":1014,"column":8},"end":{"line":1014,"column":28}},"252":{"start":{"line":1017,"column":8},"end":{"line":1017,"column":22}},"253":{"start":{"line":1038,"column":19},"end":{"line":1038,"column":21}},"254":{"start":{"line":1040,"column":20},"end":{"line":1040,"column":22}},"255":{"start":{"line":1041,"column":17},"end":{"line":1044,"column":39}},"256":{"start":{"line":1045,"column":13},"end":{"line":1048,"column":39}},"257":{"start":{"line":1050,"column":2},"end":{"line":1058,"column":3}},"258":{"start":{"line":1051,"column":4},"end":{"line":1051,"column":62}},"259":{"start":{"line":1053,"column":4},"end":{"line":1053,"column":49}},"260":{"start":{"line":1054,"column":9},"end":{"line":1058,"column":3}},"261":{"start":{"line":1055,"column":4},"end":{"line":1055,"column":54}},"262":{"start":{"line":1057,"column":4},"end":{"line":1057,"column":49}},"263":{"start":{"line":1063,"column":20},"end":{"line":1063,"column":22}},"264":{"start":{"line":1064,"column":13},"end":{"line":1064,"column":22}},"265":{"start":{"line":1065,"column":2},"end":{"line":1077,"column":3}},"266":{"start":{"line":1065,"column":15},"end":{"line":1065,"column":16}},"267":{"start":{"line":1067,"column":4},"end":{"line":1076,"column":5}},"268":{"start":{"line":1068,"column":18},"end":{"line":1068,"column":20}},"269":{"start":{"line":1069,"column":6},"end":{"line":1069,"column":44}},"270":{"start":{"line":1070,"column":6},"end":{"line":1070,"column":60}},"271":{"start":{"line":1071,"column":6},"end":{"line":1071,"column":76}},"272":{"start":{"line":1073,"column":6},"end":{"line":1073,"column":30}},"273":{"start":{"line":1075,"column":6},"end":{"line":1075,"column":56}},"274":{"start":{"line":1080,"column":13},"end":{"line":1080,"column":15}},"275":{"start":{"line":1081,"column":2},"end":{"line":1153,"column":3}},"276":{"start":{"line":1090,"column":4},"end":{"line":1094,"column":6}},"277":{"start":{"line":1102,"column":21},"end":{"line":1112,"column":5}},"278":{"start":{"line":1115,"column":15},"end":{"line":1115,"column":17}},"279":{"start":{"line":1116,"column":21},"end":{"line":1116,"column":23}},"280":{"start":{"line":1117,"column":4},"end":{"line":1143,"column":5}},"281":{"start":{"line":1117,"column":17},"end":{"line":1117,"column":18}},"282":{"start":{"line":1118,"column":6},"end":{"line":1118,"column":45}},"283":{"start":{"line":1119,"column":6},"end":{"line":1119,"column":36}},"284":{"start":{"line":1121,"column":6},"end":{"line":1142,"column":7}},"285":{"start":{"line":1122,"column":8},"end":{"line":1140,"column":9}},"286":{"start":{"line":1124,"column":12},"end":{"line":1124,"column":43}},"287":{"start":{"line":1125,"column":12},"end":{"line":1125,"column":72}},"288":{"start":{"line":1126,"column":12},"end":{"line":1127,"column":55}},"289":{"start":{"line":1128,"column":12},"end":{"line":1129,"column":55}},"290":{"start":{"line":1130,"column":12},"end":{"line":1130,"column":18}},"291":{"start":{"line":1132,"column":12},"end":{"line":1132,"column":48}},"292":{"start":{"line":1133,"column":12},"end":{"line":1133,"column":66}},"293":{"start":{"line":1134,"column":12},"end":{"line":1135,"column":55}},"294":{"start":{"line":1136,"column":12},"end":{"line":1136,"column":18}},"295":{"start":{"line":1141,"column":8},"end":{"line":1141,"column":14}},"296":{"start":{"line":1145,"column":4},"end":{"line":1145,"column":66}},"297":{"start":{"line":1146,"column":4},"end":{"line":1146,"column":68}},"298":{"start":{"line":1147,"column":4},"end":{"line":1150,"column":6}},"299":{"start":{"line":1152,"column":4},"end":{"line":1152,"column":30}},"300":{"start":{"line":1162,"column":18},"end":{"line":1162,"column":20}},"301":{"start":{"line":1163,"column":18},"end":{"line":1163,"column":20}},"302":{"start":{"line":1164,"column":2},"end":{"line":1187,"column":3}},"303":{"start":{"line":1165,"column":4},"end":{"line":1186,"column":5}},"304":{"start":{"line":1167,"column":6},"end":{"line":1185,"column":7}},"305":{"start":{"line":1167,"column":19},"end":{"line":1167,"column":20}},"306":{"start":{"line":1168,"column":8},"end":{"line":1168,"column":62}},"307":{"start":{"line":1169,"column":8},"end":{"line":1184,"column":11}},"308":{"start":{"line":1170,"column":10},"end":{"line":1183,"column":13}},"309":{"start":{"line":1177,"column":12},"end":{"line":1182,"column":13}},"310":{"start":{"line":1179,"column":14},"end":{"line":1181,"column":17}},"311":{"start":{"line":1180,"column":16},"end":{"line":1180,"column":28}},"312":{"start":{"line":1188,"column":2},"end":{"line":1188,"column":59}},"313":{"start":{"line":1213,"column":2},"end":{"line":1213,"column":35}},"314":{"start":{"line":1214,"column":2},"end":{"line":1214,"column":58}},"315":{"start":{"line":1215,"column":14},"end":{"line":1215,"column":19}},"316":{"start":{"line":1216,"column":21},"end":{"line":1216,"column":23}},"317":{"start":{"line":1218,"column":22},"end":{"line":1221,"column":34}},"318":{"start":{"line":1222,"column":2},"end":{"line":1228,"column":3}},"319":{"start":{"line":1226,"column":4},"end":{"line":1226,"column":17}},"320":{"start":{"line":1227,"column":4},"end":{"line":1227,"column":75}},"321":{"start":{"line":1229,"column":24},"end":{"line":1232,"column":36}},"322":{"start":{"line":1233,"column":2},"end":{"line":1239,"column":3}},"323":{"start":{"line":1237,"column":4},"end":{"line":1237,"column":17}},"324":{"start":{"line":1238,"column":4},"end":{"line":1238,"column":77}},"325":{"start":{"line":1241,"column":13},"end":{"line":1244,"column":34}},"326":{"start":{"line":1245,"column":2},"end":{"line":1251,"column":3}},"327":{"start":{"line":1249,"column":4},"end":{"line":1249,"column":17}},"328":{"start":{"line":1250,"column":4},"end":{"line":1250,"column":68}},"329":{"start":{"line":1252,"column":15},"end":{"line":1255,"column":36}},"330":{"start":{"line":1256,"column":2},"end":{"line":1262,"column":3}},"331":{"start":{"line":1260,"column":4},"end":{"line":1260,"column":17}},"332":{"start":{"line":1261,"column":4},"end":{"line":1261,"column":70}},"333":{"start":{"line":1264,"column":2},"end":{"line":1492,"column":5}},"334":{"start":{"line":1265,"column":4},"end":{"line":1267,"column":5}},"335":{"start":{"line":1266,"column":6},"end":{"line":1266,"column":27}},"336":{"start":{"line":1269,"column":32},"end":{"line":1269,"column":34}},"337":{"start":{"line":1270,"column":36},"end":{"line":1270,"column":38}},"338":{"start":{"line":1271,"column":32},"end":{"line":1271,"column":44}},"339":{"start":{"line":1272,"column":34},"end":{"line":1272,"column":36}},"340":{"start":{"line":1273,"column":38},"end":{"line":1273,"column":40}},"341":{"start":{"line":1274,"column":34},"end":{"line":1274,"column":48}},"342":{"start":{"line":1275,"column":4},"end":{"line":1285,"column":5}},"343":{"start":{"line":1275,"column":17},"end":{"line":1275,"column":18}},"344":{"start":{"line":1278,"column":6},"end":{"line":1284,"column":7}},"345":{"start":{"line":1280,"column":8},"end":{"line":1280,"column":66}},"346":{"start":{"line":1281,"column":8},"end":{"line":1281,"column":68}},"347":{"start":{"line":1282,"column":8},"end":{"line":1282,"column":76}},"348":{"start":{"line":1283,"column":8},"end":{"line":1283,"column":14}},"349":{"start":{"line":1286,"column":4},"end":{"line":1291,"column":5}},"350":{"start":{"line":1290,"column":6},"end":{"line":1290,"column":57}},"351":{"start":{"line":1293,"column":4},"end":{"line":1303,"column":5}},"352":{"start":{"line":1296,"column":6},"end":{"line":1302,"column":7}},"353":{"start":{"line":1298,"column":8},"end":{"line":1298,"column":70}},"354":{"start":{"line":1299,"column":8},"end":{"line":1299,"column":72}},"355":{"start":{"line":1300,"column":8},"end":{"line":1300,"column":80}},"356":{"start":{"line":1301,"column":8},"end":{"line":1301,"column":14}},"357":{"start":{"line":1304,"column":4},"end":{"line":1309,"column":5}},"358":{"start":{"line":1308,"column":6},"end":{"line":1308,"column":59}},"359":{"start":{"line":1316,"column":23},"end":{"line":1319,"column":5}},"360":{"start":{"line":1321,"column":27},"end":{"line":1321,"column":29}},"361":{"start":{"line":1322,"column":31},"end":{"line":1322,"column":33}},"362":{"start":{"line":1323,"column":4},"end":{"line":1329,"column":5}},"363":{"start":{"line":1324,"column":6},"end":{"line":1324,"column":47}},"364":{"start":{"line":1325,"column":6},"end":{"line":1325,"column":55}},"365":{"start":{"line":1327,"column":6},"end":{"line":1327,"column":49}},"366":{"start":{"line":1328,"column":6},"end":{"line":1328,"column":57}},"367":{"start":{"line":1331,"column":4},"end":{"line":1331,"column":32}},"368":{"start":{"line":1333,"column":4},"end":{"line":1491,"column":9}},"369":{"start":{"line":1340,"column":23},"end":{"line":1345,"column":9}},"370":{"start":{"line":1346,"column":23},"end":{"line":1354,"column":9}},"371":{"start":{"line":1357,"column":30},"end":{"line":1357,"column":70}},"372":{"start":{"line":1358,"column":20},"end":{"line":1358,"column":69}},"373":{"start":{"line":1359,"column":20},"end":{"line":1359,"column":69}},"374":{"start":{"line":1362,"column":10},"end":{"line":1362,"column":52}},"375":{"start":{"line":1363,"column":8},"end":{"line":1366,"column":10}},"376":{"start":{"line":1367,"column":43},"end":{"line":1370,"column":9}},"377":{"start":{"line":1371,"column":8},"end":{"line":1374,"column":10}},"378":{"start":{"line":1375,"column":24},"end":{"line":1375,"column":62}},"379":{"start":{"line":1376,"column":29},"end":{"line":1376,"column":73}},"380":{"start":{"line":1378,"column":8},"end":{"line":1486,"column":13}},"381":{"start":{"line":1384,"column":12},"end":{"line":1389,"column":14}},"382":{"start":{"line":1391,"column":21},"end":{"line":1391,"column":23}},"383":{"start":{"line":1392,"column":28},"end":{"line":1392,"column":30}},"384":{"start":{"line":1393,"column":31},"end":{"line":1393,"column":33}},"385":{"start":{"line":1394,"column":23},"end":{"line":1394,"column":25}},"386":{"start":{"line":1395,"column":29},"end":{"line":1395,"column":31}},"387":{"start":{"line":1396,"column":23},"end":{"line":1396,"column":25}},"388":{"start":{"line":1397,"column":26},"end":{"line":1397,"column":28}},"389":{"start":{"line":1398,"column":29},"end":{"line":1398,"column":31}},"390":{"start":{"line":1400,"column":12},"end":{"line":1400,"column":65}},"391":{"start":{"line":1401,"column":12},"end":{"line":1401,"column":65}},"392":{"start":{"line":1402,"column":12},"end":{"line":1402,"column":48}},"393":{"start":{"line":1403,"column":12},"end":{"line":1403,"column":77}},"394":{"start":{"line":1404,"column":12},"end":{"line":1404,"column":28}},"395":{"start":{"line":1406,"column":12},"end":{"line":1448,"column":15}},"396":{"start":{"line":1407,"column":14},"end":{"line":1407,"column":44}},"397":{"start":{"line":1409,"column":14},"end":{"line":1430,"column":15}},"398":{"start":{"line":1410,"column":16},"end":{"line":1424,"column":17}},"399":{"start":{"line":1412,"column":20},"end":{"line":1412,"column":33}},"400":{"start":{"line":1413,"column":20},"end":{"line":1413,"column":62}},"401":{"start":{"line":1414,"column":20},"end":{"line":1414,"column":73}},"402":{"start":{"line":1415,"column":20},"end":{"line":1415,"column":77}},"403":{"start":{"line":1416,"column":20},"end":{"line":1416,"column":26}},"404":{"start":{"line":1418,"column":20},"end":{"line":1418,"column":38}},"405":{"start":{"line":1419,"column":20},"end":{"line":1419,"column":56}},"406":{"start":{"line":1420,"column":20},"end":{"line":1420,"column":73}},"407":{"start":{"line":1421,"column":20},"end":{"line":1421,"column":77}},"408":{"start":{"line":1422,"column":20},"end":{"line":1422,"column":26}},"409":{"start":{"line":1426,"column":16},"end":{"line":1426,"column":30}},"410":{"start":{"line":1427,"column":16},"end":{"line":1427,"column":28}},"411":{"start":{"line":1428,"column":16},"end":{"line":1428,"column":47}},"412":{"start":{"line":1429,"column":16},"end":{"line":1429,"column":51}},"413":{"start":{"line":1432,"column":14},"end":{"line":1432,"column":54}},"414":{"start":{"line":1433,"column":14},"end":{"line":1440,"column":16}},"415":{"start":{"line":1441,"column":14},"end":{"line":1446,"column":16}},"416":{"start":{"line":1447,"column":14},"end":{"line":1447,"column":39}},"417":{"start":{"line":1449,"column":12},"end":{"line":1449,"column":38}},"418":{"start":{"line":1450,"column":12},"end":{"line":1450,"column":38}},"419":{"start":{"line":1452,"column":12},"end":{"line":1461,"column":15}},"420":{"start":{"line":1453,"column":14},"end":{"line":1460,"column":16}},"421":{"start":{"line":1462,"column":12},"end":{"line":1462,"column":34}},"422":{"start":{"line":1463,"column":12},"end":{"line":1463,"column":64}},"423":{"start":{"line":1464,"column":12},"end":{"line":1464,"column":64}},"424":{"start":{"line":1467,"column":12},"end":{"line":1467,"column":54}},"425":{"start":{"line":1469,"column":12},"end":{"line":1469,"column":68}},"426":{"start":{"line":1470,"column":12},"end":{"line":1470,"column":32}},"427":{"start":{"line":1472,"column":12},"end":{"line":1481,"column":15}},"428":{"start":{"line":1473,"column":14},"end":{"line":1480,"column":16}},"429":{"start":{"line":1484,"column":12},"end":{"line":1484,"column":31}},"430":{"start":{"line":1489,"column":8},"end":{"line":1489,"column":27}},"431":{"start":{"line":1490,"column":8},"end":{"line":1490,"column":22}},"432":{"start":{"line":1504,"column":2},"end":{"line":1539,"column":5}},"433":{"start":{"line":1505,"column":14},"end":{"line":1505,"column":15}},"434":{"start":{"line":1506,"column":15},"end":{"line":1506,"column":16}},"435":{"start":{"line":1507,"column":17},"end":{"line":1507,"column":28}},"436":{"start":{"line":1510,"column":6},"end":{"line":1510,"column":108}},"437":{"start":{"line":1511,"column":29},"end":{"line":1511,"column":62}},"438":{"start":{"line":1514,"column":4},"end":{"line":1538,"column":9}},"439":{"start":{"line":1521,"column":8},"end":{"line":1521,"column":48}},"440":{"start":{"line":1522,"column":8},"end":{"line":1522,"column":49}},"441":{"start":{"line":1531,"column":8},"end":{"line":1531,"column":35}},"442":{"start":{"line":1532,"column":8},"end":{"line":1532,"column":36}},"443":{"start":{"line":1533,"column":8},"end":{"line":1533,"column":24}},"444":{"start":{"line":1537,"column":8},"end":{"line":1537,"column":22}},"445":{"start":{"line":1566,"column":21},"end":{"line":1566,"column":28}},"446":{"start":{"line":1567,"column":22},"end":{"line":1567,"column":31}},"447":{"start":{"line":1568,"column":17},"end":{"line":1568,"column":20}},"448":{"start":{"line":1570,"column":17},"end":{"line":1570,"column":58}},"449":{"start":{"line":1571,"column":25},"end":{"line":1571,"column":52}},"450":{"start":{"line":1572,"column":17},"end":{"line":1572,"column":108}},"451":{"start":{"line":1574,"column":2},"end":{"line":1604,"column":5}},"452":{"start":{"line":1575,"column":4},"end":{"line":1603,"column":7}},"453":{"start":{"line":1576,"column":17},"end":{"line":1576,"column":19}},"454":{"start":{"line":1577,"column":6},"end":{"line":1579,"column":9}},"455":{"start":{"line":1578,"column":8},"end":{"line":1578,"column":22}},"456":{"start":{"line":1580,"column":6},"end":{"line":1599,"column":9}},"457":{"start":{"line":1581,"column":25},"end":{"line":1581,"column":41}},"458":{"start":{"line":1582,"column":8},"end":{"line":1597,"column":9}},"459":{"start":{"line":1583,"column":10},"end":{"line":1596,"column":11}},"460":{"start":{"line":1584,"column":24},"end":{"line":1584,"column":52}},"461":{"start":{"line":1585,"column":24},"end":{"line":1585,"column":52}},"462":{"start":{"line":1590,"column":29},"end":{"line":1590,"column":72}},"463":{"start":{"line":1593,"column":12},"end":{"line":1595,"column":13}},"464":{"start":{"line":1594,"column":14},"end":{"line":1594,"column":28}},"465":{"start":{"line":1598,"column":8},"end":{"line":1598,"column":23}},"466":{"start":{"line":1602,"column":6},"end":{"line":1602,"column":21}},"467":{"start":{"line":1619,"column":2},"end":{"line":1689,"column":5}},"468":{"start":{"line":1621,"column":4},"end":{"line":1688,"column":7}},"469":{"start":{"line":1622,"column":6},"end":{"line":1624,"column":7}},"470":{"start":{"line":1623,"column":8},"end":{"line":1623,"column":69}},"471":{"start":{"line":1625,"column":6},"end":{"line":1684,"column":9}},"472":{"start":{"line":1626,"column":8},"end":{"line":1628,"column":9}},"473":{"start":{"line":1627,"column":10},"end":{"line":1627,"column":76}},"474":{"start":{"line":1629,"column":23},"end":{"line":1629,"column":77}},"475":{"start":{"line":1630,"column":23},"end":{"line":1630,"column":64}},"476":{"start":{"line":1632,"column":23},"end":{"line":1638,"column":10}},"477":{"start":{"line":1640,"column":20},"end":{"line":1640,"column":52}},"478":{"start":{"line":1642,"column":24},"end":{"line":1679,"column":10}},"479":{"start":{"line":1643,"column":21},"end":{"line":1643,"column":23}},"480":{"start":{"line":1646,"column":10},"end":{"line":1648,"column":13}},"481":{"start":{"line":1647,"column":12},"end":{"line":1647,"column":26}},"482":{"start":{"line":1650,"column":10},"end":{"line":1678,"column":13}},"483":{"start":{"line":1653,"column":25},"end":{"line":1653,"column":48}},"484":{"start":{"line":1654,"column":12},"end":{"line":1657,"column":13}},"485":{"start":{"line":1656,"column":14},"end":{"line":1656,"column":83}},"486":{"start":{"line":1677,"column":12},"end":{"line":1677,"column":38}},"487":{"start":{"line":1680,"column":8},"end":{"line":1683,"column":11}},"488":{"start":{"line":1682,"column":10},"end":{"line":1682,"column":59}},"489":{"start":{"line":1687,"column":6},"end":{"line":1687,"column":46}},"490":{"start":{"line":1694,"column":10},"end":{"line":1694,"column":17}},"491":{"start":{"line":1695,"column":10},"end":{"line":1695,"column":17}},"492":{"start":{"line":1697,"column":2},"end":{"line":1697,"column":34}},"493":{"start":{"line":1708,"column":27},"end":{"line":1708,"column":47}},"494":{"start":{"line":1709,"column":29},"end":{"line":1709,"column":49}},"495":{"start":{"line":1710,"column":30},"end":{"line":1715,"column":3}},"496":{"start":{"line":1716,"column":25},"end":{"line":1721,"column":3}},"497":{"start":{"line":1722,"column":32},"end":{"line":1727,"column":3}},"498":{"start":{"line":1728,"column":27},"end":{"line":1733,"column":3}},"499":{"start":{"line":1734,"column":21},"end":{"line":1734,"column":23}},"500":{"start":{"line":1735,"column":2},"end":{"line":1742,"column":3}},"501":{"start":{"line":1739,"column":4},"end":{"line":1739,"column":49}},"502":{"start":{"line":1741,"column":4},"end":{"line":1741,"column":47}},"503":{"start":{"line":1743,"column":2},"end":{"line":1743,"column":22}},"504":{"start":{"line":1753,"column":19},"end":{"line":1753,"column":30}},"505":{"start":{"line":1754,"column":2},"end":{"line":1775,"column":3}},"506":{"start":{"line":1754,"column":15},"end":{"line":1754,"column":16}},"507":{"start":{"line":1755,"column":4},"end":{"line":1773,"column":5}},"508":{"start":{"line":1756,"column":6},"end":{"line":1757,"column":57}},"509":{"start":{"line":1758,"column":6},"end":{"line":1760,"column":8}},"510":{"start":{"line":1761,"column":11},"end":{"line":1773,"column":5}},"511":{"start":{"line":1762,"column":6},"end":{"line":1762,"column":80}},"512":{"start":{"line":1763,"column":6},"end":{"line":1765,"column":8}},"513":{"start":{"line":1766,"column":11},"end":{"line":1773,"column":5}},"514":{"start":{"line":1768,"column":6},"end":{"line":1770,"column":8}},"515":{"start":{"line":1771,"column":6},"end":{"line":1772,"column":70}},"516":{"start":{"line":1776,"column":2},"end":{"line":1776,"column":20}},"517":{"start":{"line":1781,"column":15},"end":{"line":1781,"column":35}},"518":{"start":{"line":1782,"column":2},"end":{"line":1782,"column":43}},"519":{"start":{"line":1787,"column":15},"end":{"line":1787,"column":41}},"520":{"start":{"line":1788,"column":2},"end":{"line":1791,"column":5}},"521":{"start":{"line":1800,"column":25},"end":{"line":1800,"column":68}},"522":{"start":{"line":1806,"column":14},"end":{"line":1806,"column":45}},"523":{"start":{"line":1807,"column":16},"end":{"line":1807,"column":47}},"524":{"start":{"line":1808,"column":13},"end":{"line":1808,"column":52}},"525":{"start":{"line":1811,"column":2},"end":{"line":1813,"column":3}},"526":{"start":{"line":1812,"column":4},"end":{"line":1812,"column":16}},"527":{"start":{"line":1815,"column":28},"end":{"line":1817,"column":65}},"528":{"start":{"line":1819,"column":15},"end":{"line":1819,"column":42}},"529":{"start":{"line":1825,"column":2},"end":{"line":1825,"column":28}},"530":{"start":{"line":1830,"column":15},"end":{"line":1830,"column":34}},"531":{"start":{"line":1833,"column":25},"end":{"line":1833,"column":58}},"532":{"start":{"line":1836,"column":18},"end":{"line":1836,"column":75}},"533":{"start":{"line":1839,"column":16},"end":{"line":1839,"column":74}},"534":{"start":{"line":1841,"column":21},"end":{"line":1843,"column":6}},"535":{"start":{"line":1845,"column":2},"end":{"line":1845,"column":20}},"536":{"start":{"line":1851,"column":28},"end":{"line":1851,"column":69}},"537":{"start":{"line":1852,"column":28},"end":{"line":1852,"column":69}},"538":{"start":{"line":1854,"column":2},"end":{"line":1854,"column":49}},"539":{"start":{"line":1857,"column":0},"end":{"line":1866,"column":2}}},"fnMap":{"0":{"name":"(anonymous_0)","decl":{"start":{"line":186,"column":29},"end":{"line":186,"column":30}},"loc":{"start":{"line":186,"column":43},"end":{"line":225,"column":1}},"line":186},"1":{"name":"(anonymous_1)","decl":{"start":{"line":201,"column":10},"end":{"line":201,"column":11}},"loc":{"start":{"line":201,"column":20},"end":{"line":220,"column":5}},"line":201},"2":{"name":"(anonymous_2)","decl":{"start":{"line":208,"column":16},"end":{"line":208,"column":17}},"loc":{"start":{"line":208,"column":22},"end":{"line":213,"column":11}},"line":208},"3":{"name":"(anonymous_3)","decl":{"start":{"line":230,"column":42},"end":{"line":230,"column":43}},"loc":{"start":{"line":230,"column":62},"end":{"line":240,"column":1}},"line":230},"4":{"name":"(anonymous_4)","decl":{"start":{"line":237,"column":66},"end":{"line":237,"column":67}},"loc":{"start":{"line":237,"column":75},"end":{"line":239,"column":3}},"line":237},"5":{"name":"findUserToken","decl":{"start":{"line":241,"column":9},"end":{"line":241,"column":22}},"loc":{"start":{"line":241,"column":72},"end":{"line":313,"column":1}},"line":241},"6":{"name":"(anonymous_6)","decl":{"start":{"line":242,"column":21},"end":{"line":242,"column":22}},"loc":{"start":{"line":242,"column":42},"end":{"line":312,"column":3}},"line":242},"7":{"name":"(anonymous_7)","decl":{"start":{"line":252,"column":12},"end":{"line":252,"column":13}},"loc":{"start":{"line":252,"column":32},"end":{"line":311,"column":7}},"line":252},"8":{"name":"sendNotification","decl":{"start":{"line":314,"column":9},"end":{"line":314,"column":25}},"loc":{"start":{"line":314,"column":35},"end":{"line":328,"column":1}},"line":314},"9":{"name":"(anonymous_9)","decl":{"start":{"line":318,"column":10},"end":{"line":318,"column":11}},"loc":{"start":{"line":318,"column":24},"end":{"line":322,"column":5}},"line":318},"10":{"name":"(anonymous_10)","decl":{"start":{"line":323,"column":11},"end":{"line":323,"column":12}},"loc":{"start":{"line":323,"column":22},"end":{"line":327,"column":5}},"line":323},"11":{"name":"(anonymous_11)","decl":{"start":{"line":333,"column":31},"end":{"line":333,"column":32}},"loc":{"start":{"line":333,"column":51},"end":{"line":345,"column":1}},"line":333},"12":{"name":"(anonymous_12)","decl":{"start":{"line":348,"column":45},"end":{"line":348,"column":46}},"loc":{"start":{"line":348,"column":65},"end":{"line":352,"column":1}},"line":348},"13":{"name":"(anonymous_13)","decl":{"start":{"line":370,"column":40},"end":{"line":370,"column":41}},"loc":{"start":{"line":370,"column":60},"end":{"line":383,"column":1}},"line":370},"14":{"name":"(anonymous_14)","decl":{"start":{"line":375,"column":4},"end":{"line":375,"column":5}},"loc":{"start":{"line":375,"column":16},"end":{"line":377,"column":5}},"line":375},"15":{"name":"(anonymous_15)","decl":{"start":{"line":378,"column":4},"end":{"line":378,"column":5}},"loc":{"start":{"line":378,"column":15},"end":{"line":381,"column":5}},"line":378},"16":{"name":"(anonymous_16)","decl":{"start":{"line":392,"column":29},"end":{"line":392,"column":30}},"loc":{"start":{"line":392,"column":49},"end":{"line":407,"column":1}},"line":392},"17":{"name":"(anonymous_17)","decl":{"start":{"line":399,"column":4},"end":{"line":399,"column":5}},"loc":{"start":{"line":399,"column":16},"end":{"line":401,"column":5}},"line":399},"18":{"name":"(anonymous_18)","decl":{"start":{"line":402,"column":4},"end":{"line":402,"column":5}},"loc":{"start":{"line":402,"column":15},"end":{"line":405,"column":5}},"line":402},"19":{"name":"(anonymous_19)","decl":{"start":{"line":408,"column":35},"end":{"line":408,"column":36}},"loc":{"start":{"line":408,"column":55},"end":{"line":436,"column":1}},"line":408},"20":{"name":"(anonymous_20)","decl":{"start":{"line":444,"column":34},"end":{"line":444,"column":35}},"loc":{"start":{"line":444,"column":54},"end":{"line":454,"column":1}},"line":444},"21":{"name":"checkLiveTransitTime","decl":{"start":{"line":472,"column":15},"end":{"line":472,"column":35}},"loc":{"start":{"line":478,"column":2},"end":{"line":558,"column":1}},"line":478},"22":{"name":"(anonymous_22)","decl":{"start":{"line":479,"column":21},"end":{"line":479,"column":22}},"loc":{"start":{"line":479,"column":42},"end":{"line":557,"column":3}},"line":479},"23":{"name":"(anonymous_23)","decl":{"start":{"line":486,"column":12},"end":{"line":486,"column":13}},"loc":{"start":{"line":486,"column":22},"end":{"line":556,"column":7}},"line":486},"24":{"name":"(anonymous_24)","decl":{"start":{"line":500,"column":51},"end":{"line":500,"column":52}},"loc":{"start":{"line":500,"column":60},"end":{"line":549,"column":9}},"line":500},"25":{"name":"(anonymous_25)","decl":{"start":{"line":503,"column":25},"end":{"line":503,"column":26}},"loc":{"start":{"line":503,"column":36},"end":{"line":505,"column":11}},"line":503},"26":{"name":"(anonymous_26)","decl":{"start":{"line":507,"column":24},"end":{"line":507,"column":25}},"loc":{"start":{"line":507,"column":30},"end":{"line":548,"column":11}},"line":507},"27":{"name":"(anonymous_27)","decl":{"start":{"line":551,"column":24},"end":{"line":551,"column":25}},"loc":{"start":{"line":551,"column":35},"end":{"line":553,"column":9}},"line":551},"28":{"name":"startSSLServer","decl":{"start":{"line":668,"column":15},"end":{"line":668,"column":29}},"loc":{"start":{"line":668,"column":32},"end":{"line":682,"column":1}},"line":668},"29":{"name":"stopSSLServer","decl":{"start":{"line":684,"column":15},"end":{"line":684,"column":28}},"loc":{"start":{"line":684,"column":31},"end":{"line":693,"column":1}},"line":684},"30":{"name":"(anonymous_30)","decl":{"start":{"line":685,"column":21},"end":{"line":685,"column":22}},"loc":{"start":{"line":685,"column":40},"end":{"line":692,"column":3}},"line":685},"31":{"name":"(anonymous_31)","decl":{"start":{"line":687,"column":22},"end":{"line":687,"column":23}},"loc":{"start":{"line":687,"column":28},"end":{"line":690,"column":7}},"line":687},"32":{"name":"connectToDatabase","decl":{"start":{"line":695,"column":9},"end":{"line":695,"column":26}},"loc":{"start":{"line":695,"column":29},"end":{"line":704,"column":1}},"line":695},"33":{"name":"(anonymous_33)","decl":{"start":{"line":696,"column":21},"end":{"line":696,"column":22}},"loc":{"start":{"line":696,"column":48},"end":{"line":703,"column":3}},"line":696},"34":{"name":"initRoute","decl":{"start":{"line":881,"column":15},"end":{"line":881,"column":24}},"loc":{"start":{"line":881,"column":42},"end":{"line":1020,"column":1}},"line":881},"35":{"name":"(anonymous_35)","decl":{"start":{"line":926,"column":21},"end":{"line":926,"column":22}},"loc":{"start":{"line":926,"column":42},"end":{"line":1019,"column":3}},"line":926},"36":{"name":"(anonymous_36)","decl":{"start":{"line":937,"column":12},"end":{"line":937,"column":13}},"loc":{"start":{"line":937,"column":22},"end":{"line":1015,"column":7}},"line":937},"37":{"name":"(anonymous_37)","decl":{"start":{"line":962,"column":45},"end":{"line":962,"column":46}},"loc":{"start":{"line":962,"column":66},"end":{"line":1007,"column":9}},"line":962},"38":{"name":"(anonymous_38)","decl":{"start":{"line":1016,"column":13},"end":{"line":1016,"column":14}},"loc":{"start":{"line":1016,"column":24},"end":{"line":1018,"column":7}},"line":1016},"39":{"name":"initReminders","decl":{"start":{"line":1035,"column":15},"end":{"line":1035,"column":28}},"loc":{"start":{"line":1035,"column":56},"end":{"line":1189,"column":1}},"line":1035},"40":{"name":"(anonymous_40)","decl":{"start":{"line":1169,"column":52},"end":{"line":1169,"column":53}},"loc":{"start":{"line":1169,"column":58},"end":{"line":1184,"column":9}},"line":1169},"41":{"name":"(anonymous_41)","decl":{"start":{"line":1176,"column":17},"end":{"line":1176,"column":18}},"loc":{"start":{"line":1176,"column":26},"end":{"line":1183,"column":11}},"line":1176},"42":{"name":"(anonymous_42)","decl":{"start":{"line":1179,"column":32},"end":{"line":1179,"column":33}},"loc":{"start":{"line":1179,"column":42},"end":{"line":1181,"column":15}},"line":1179},"43":{"name":"initRouteWithFriends","decl":{"start":{"line":1209,"column":15},"end":{"line":1209,"column":35}},"loc":{"start":{"line":1209,"column":66},"end":{"line":1493,"column":1}},"line":1209},"44":{"name":"(anonymous_44)","decl":{"start":{"line":1264,"column":21},"end":{"line":1264,"column":22}},"loc":{"start":{"line":1264,"column":42},"end":{"line":1492,"column":3}},"line":1264},"45":{"name":"(anonymous_45)","decl":{"start":{"line":1338,"column":12},"end":{"line":1338,"column":13}},"loc":{"start":{"line":1338,"column":22},"end":{"line":1487,"column":7}},"line":1338},"46":{"name":"(anonymous_46)","decl":{"start":{"line":1383,"column":16},"end":{"line":1383,"column":17}},"loc":{"start":{"line":1383,"column":26},"end":{"line":1482,"column":11}},"line":1383},"47":{"name":"(anonymous_47)","decl":{"start":{"line":1406,"column":49},"end":{"line":1406,"column":50}},"loc":{"start":{"line":1406,"column":70},"end":{"line":1448,"column":13}},"line":1406},"48":{"name":"(anonymous_48)","decl":{"start":{"line":1452,"column":31},"end":{"line":1452,"column":32}},"loc":{"start":{"line":1452,"column":44},"end":{"line":1461,"column":13}},"line":1452},"49":{"name":"(anonymous_49)","decl":{"start":{"line":1472,"column":31},"end":{"line":1472,"column":32}},"loc":{"start":{"line":1472,"column":44},"end":{"line":1481,"column":13}},"line":1472},"50":{"name":"(anonymous_50)","decl":{"start":{"line":1483,"column":17},"end":{"line":1483,"column":18}},"loc":{"start":{"line":1483,"column":28},"end":{"line":1486,"column":11}},"line":1483},"51":{"name":"(anonymous_51)","decl":{"start":{"line":1488,"column":13},"end":{"line":1488,"column":14}},"loc":{"start":{"line":1488,"column":24},"end":{"line":1491,"column":7}},"line":1488},"52":{"name":"getLatLong","decl":{"start":{"line":1503,"column":9},"end":{"line":1503,"column":19}},"loc":{"start":{"line":1503,"column":29},"end":{"line":1540,"column":1}},"line":1503},"53":{"name":"(anonymous_53)","decl":{"start":{"line":1504,"column":21},"end":{"line":1504,"column":22}},"loc":{"start":{"line":1504,"column":42},"end":{"line":1539,"column":3}},"line":1504},"54":{"name":"(anonymous_54)","decl":{"start":{"line":1518,"column":12},"end":{"line":1518,"column":13}},"loc":{"start":{"line":1518,"column":26},"end":{"line":1534,"column":7}},"line":1518},"55":{"name":"(anonymous_55)","decl":{"start":{"line":1535,"column":13},"end":{"line":1535,"column":14}},"loc":{"start":{"line":1535,"column":24},"end":{"line":1538,"column":7}},"line":1535},"56":{"name":"checkAddressInBC","decl":{"start":{"line":1565,"column":15},"end":{"line":1565,"column":31}},"loc":{"start":{"line":1565,"column":41},"end":{"line":1605,"column":1}},"line":1565},"57":{"name":"(anonymous_57)","decl":{"start":{"line":1574,"column":21},"end":{"line":1574,"column":22}},"loc":{"start":{"line":1574,"column":42},"end":{"line":1604,"column":3}},"line":1574},"58":{"name":"(anonymous_58)","decl":{"start":{"line":1575,"column":22},"end":{"line":1575,"column":23}},"loc":{"start":{"line":1575,"column":31},"end":{"line":1600,"column":5}},"line":1575},"59":{"name":"(anonymous_59)","decl":{"start":{"line":1577,"column":21},"end":{"line":1577,"column":22}},"loc":{"start":{"line":1577,"column":32},"end":{"line":1579,"column":7}},"line":1577},"60":{"name":"(anonymous_60)","decl":{"start":{"line":1580,"column":20},"end":{"line":1580,"column":21}},"loc":{"start":{"line":1580,"column":26},"end":{"line":1599,"column":7}},"line":1580},"61":{"name":"(anonymous_61)","decl":{"start":{"line":1600,"column":19},"end":{"line":1600,"column":20}},"loc":{"start":{"line":1600,"column":28},"end":{"line":1603,"column":5}},"line":1600},"62":{"name":"planTransitTrip","decl":{"start":{"line":1618,"column":15},"end":{"line":1618,"column":30}},"loc":{"start":{"line":1618,"column":64},"end":{"line":1690,"column":1}},"line":1618},"63":{"name":"(anonymous_63)","decl":{"start":{"line":1619,"column":21},"end":{"line":1619,"column":22}},"loc":{"start":{"line":1619,"column":42},"end":{"line":1689,"column":3}},"line":1619},"64":{"name":"(anonymous_64)","decl":{"start":{"line":1621,"column":34},"end":{"line":1621,"column":35}},"loc":{"start":{"line":1621,"column":46},"end":{"line":1685,"column":5}},"line":1621},"65":{"name":"(anonymous_65)","decl":{"start":{"line":1625,"column":41},"end":{"line":1625,"column":42}},"loc":{"start":{"line":1625,"column":53},"end":{"line":1684,"column":7}},"line":1625},"66":{"name":"(anonymous_66)","decl":{"start":{"line":1642,"column":39},"end":{"line":1642,"column":40}},"loc":{"start":{"line":1642,"column":53},"end":{"line":1679,"column":9}},"line":1642},"67":{"name":"(anonymous_67)","decl":{"start":{"line":1646,"column":30},"end":{"line":1646,"column":31}},"loc":{"start":{"line":1646,"column":41},"end":{"line":1648,"column":11}},"line":1646},"68":{"name":"(anonymous_68)","decl":{"start":{"line":1650,"column":29},"end":{"line":1650,"column":30}},"loc":{"start":{"line":1650,"column":35},"end":{"line":1678,"column":11}},"line":1650},"69":{"name":"(anonymous_69)","decl":{"start":{"line":1680,"column":28},"end":{"line":1680,"column":29}},"loc":{"start":{"line":1680,"column":37},"end":{"line":1683,"column":9}},"line":1680},"70":{"name":"(anonymous_70)","decl":{"start":{"line":1685,"column":13},"end":{"line":1685,"column":14}},"loc":{"start":{"line":1685,"column":24},"end":{"line":1688,"column":5}},"line":1685},"71":{"name":"calcDist","decl":{"start":{"line":1693,"column":9},"end":{"line":1693,"column":17}},"loc":{"start":{"line":1693,"column":34},"end":{"line":1698,"column":1}},"line":1693},"72":{"name":"getMeetingPoint","decl":{"start":{"line":1707,"column":9},"end":{"line":1707,"column":24}},"loc":{"start":{"line":1707,"column":45},"end":{"line":1744,"column":1}},"line":1707},"73":{"name":"calcWalkingTimes","decl":{"start":{"line":1752,"column":9},"end":{"line":1752,"column":25}},"loc":{"start":{"line":1752,"column":39},"end":{"line":1777,"column":1}},"line":1752},"74":{"name":"timeToTimestamp","decl":{"start":{"line":1780,"column":9},"end":{"line":1780,"column":24}},"loc":{"start":{"line":1780,"column":37},"end":{"line":1783,"column":1}},"line":1780},"75":{"name":"timestampToTime","decl":{"start":{"line":1786,"column":9},"end":{"line":1786,"column":24}},"loc":{"start":{"line":1786,"column":36},"end":{"line":1792,"column":1}},"line":1786},"76":{"name":"combineDateAndTime","decl":{"start":{"line":1795,"column":9},"end":{"line":1795,"column":27}},"loc":{"start":{"line":1795,"column":52},"end":{"line":1826,"column":1}},"line":1795},"77":{"name":"isoToCron","decl":{"start":{"line":1829,"column":9},"end":{"line":1829,"column":18}},"loc":{"start":{"line":1829,"column":45},"end":{"line":1846,"column":1}},"line":1829},"78":{"name":"compareTimeStrings","decl":{"start":{"line":1849,"column":9},"end":{"line":1849,"column":27}},"loc":{"start":{"line":1849,"column":48},"end":{"line":1855,"column":1}},"line":1849}},"branchMap":{"0":{"loc":{"start":{"line":189,"column":2},"end":{"line":194,"column":3}},"type":"if","locations":[{"start":{"line":189,"column":2},"end":{"line":194,"column":3}},{"start":{},"end":{}}],"line":189},"1":{"loc":{"start":{"line":189,"column":6},"end":{"line":189,"column":22}},"type":"binary-expr","locations":[{"start":{"line":189,"column":6},"end":{"line":189,"column":12}},{"start":{"line":189,"column":16},"end":{"line":189,"column":22}}],"line":189},"2":{"loc":{"start":{"line":202,"column":6},"end":{"line":219,"column":7}},"type":"if","locations":[{"start":{"line":202,"column":6},"end":{"line":219,"column":7}},{"start":{"line":214,"column":13},"end":{"line":219,"column":7}}],"line":202},"3":{"loc":{"start":{"line":243,"column":4},"end":{"line":246,"column":5}},"type":"if","locations":[{"start":{"line":243,"column":4},"end":{"line":246,"column":5}},{"start":{},"end":{}}],"line":243},"4":{"loc":{"start":{"line":243,"column":8},"end":{"line":243,"column":37}},"type":"binary-expr","locations":[{"start":{"line":243,"column":8},"end":{"line":243,"column":19}},{"start":{"line":243,"column":23},"end":{"line":243,"column":37}}],"line":243},"5":{"loc":{"start":{"line":253,"column":8},"end":{"line":310,"column":9}},"type":"if","locations":[{"start":{"line":253,"column":8},"end":{"line":310,"column":9}},{"start":{"line":299,"column":15},"end":{"line":310,"column":9}}],"line":253},"6":{"loc":{"start":{"line":276,"column":10},"end":{"line":298,"column":11}},"type":"if","locations":[{"start":{"line":276,"column":10},"end":{"line":298,"column":11}},{"start":{"line":287,"column":17},"end":{"line":298,"column":11}}],"line":276},"7":{"loc":{"start":{"line":429,"column":2},"end":{"line":435,"column":3}},"type":"if","locations":[{"start":{"line":429,"column":2},"end":{"line":435,"column":3}},{"start":{"line":431,"column":9},"end":{"line":435,"column":3}}],"line":429},"8":{"loc":{"start":{"line":508,"column":12},"end":{"line":547,"column":13}},"type":"if","locations":[{"start":{"line":508,"column":12},"end":{"line":547,"column":13}},{"start":{"line":542,"column":19},"end":{"line":547,"column":13}}],"line":508},"9":{"loc":{"start":{"line":515,"column":14},"end":{"line":541,"column":15}},"type":"if","locations":[{"start":{"line":515,"column":14},"end":{"line":541,"column":15}},{"start":{"line":539,"column":21},"end":{"line":541,"column":15}}],"line":515},"10":{"loc":{"start":{"line":532,"column":16},"end":{"line":538,"column":17}},"type":"if","locations":[{"start":{"line":532,"column":16},"end":{"line":538,"column":17}},{"start":{"line":535,"column":23},"end":{"line":538,"column":17}}],"line":532},"11":{"loc":{"start":{"line":686,"column":4},"end":{"line":691,"column":5}},"type":"if","locations":[{"start":{"line":686,"column":4},"end":{"line":691,"column":5}},{"start":{},"end":{}}],"line":686},"12":{"loc":{"start":{"line":893,"column":2},"end":{"line":897,"column":3}},"type":"if","locations":[{"start":{"line":893,"column":2},"end":{"line":897,"column":3}},{"start":{"line":895,"column":9},"end":{"line":897,"column":3}}],"line":893},"13":{"loc":{"start":{"line":895,"column":9},"end":{"line":897,"column":3}},"type":"if","locations":[{"start":{"line":895,"column":9},"end":{"line":897,"column":3}},{"start":{},"end":{}}],"line":895},"14":{"loc":{"start":{"line":903,"column":2},"end":{"line":924,"column":3}},"type":"if","locations":[{"start":{"line":903,"column":2},"end":{"line":924,"column":3}},{"start":{},"end":{}}],"line":903},"15":{"loc":{"start":{"line":910,"column":6},"end":{"line":916,"column":7}},"type":"if","locations":[{"start":{"line":910,"column":6},"end":{"line":916,"column":7}},{"start":{},"end":{}}],"line":910},"16":{"loc":{"start":{"line":918,"column":4},"end":{"line":920,"column":5}},"type":"if","locations":[{"start":{"line":918,"column":4},"end":{"line":920,"column":5}},{"start":{},"end":{}}],"line":918},"17":{"loc":{"start":{"line":918,"column":8},"end":{"line":918,"column":51}},"type":"binary-expr","locations":[{"start":{"line":918,"column":8},"end":{"line":918,"column":30}},{"start":{"line":918,"column":34},"end":{"line":918,"column":51}}],"line":918},"18":{"loc":{"start":{"line":927,"column":4},"end":{"line":930,"column":5}},"type":"if","locations":[{"start":{"line":927,"column":4},"end":{"line":930,"column":5}},{"start":{},"end":{}}],"line":927},"19":{"loc":{"start":{"line":938,"column":8},"end":{"line":938,"column":45}},"type":"if","locations":[{"start":{"line":938,"column":8},"end":{"line":938,"column":45}},{"start":{},"end":{}}],"line":938},"20":{"loc":{"start":{"line":965,"column":10},"end":{"line":989,"column":11}},"type":"if","locations":[{"start":{"line":965,"column":10},"end":{"line":989,"column":11}},{"start":{"line":984,"column":17},"end":{"line":989,"column":11}}],"line":965},"21":{"loc":{"start":{"line":966,"column":12},"end":{"line":983,"column":13}},"type":"switch","locations":[{"start":{"line":967,"column":14},"end":{"line":972,"column":22}},{"start":{"line":973,"column":14},"end":{"line":978,"column":22}},{"start":{"line":979,"column":14},"end":{"line":979,"column":22}}],"line":966},"22":{"loc":{"start":{"line":1050,"column":2},"end":{"line":1058,"column":3}},"type":"if","locations":[{"start":{"line":1050,"column":2},"end":{"line":1058,"column":3}},{"start":{"line":1054,"column":9},"end":{"line":1058,"column":3}}],"line":1050},"23":{"loc":{"start":{"line":1054,"column":9},"end":{"line":1058,"column":3}},"type":"if","locations":[{"start":{"line":1054,"column":9},"end":{"line":1058,"column":3}},{"start":{},"end":{}}],"line":1054},"24":{"loc":{"start":{"line":1067,"column":4},"end":{"line":1076,"column":5}},"type":"if","locations":[{"start":{"line":1067,"column":4},"end":{"line":1076,"column":5}},{"start":{},"end":{}}],"line":1067},"25":{"loc":{"start":{"line":1121,"column":6},"end":{"line":1142,"column":7}},"type":"if","locations":[{"start":{"line":1121,"column":6},"end":{"line":1142,"column":7}},{"start":{},"end":{}}],"line":1121},"26":{"loc":{"start":{"line":1122,"column":8},"end":{"line":1140,"column":9}},"type":"switch","locations":[{"start":{"line":1123,"column":10},"end":{"line":1130,"column":18}},{"start":{"line":1131,"column":10},"end":{"line":1136,"column":18}},{"start":{"line":1137,"column":10},"end":{"line":1137,"column":18}}],"line":1122},"27":{"loc":{"start":{"line":1165,"column":4},"end":{"line":1186,"column":5}},"type":"if","locations":[{"start":{"line":1165,"column":4},"end":{"line":1186,"column":5}},{"start":{},"end":{}}],"line":1165},"28":{"loc":{"start":{"line":1177,"column":12},"end":{"line":1182,"column":13}},"type":"if","locations":[{"start":{"line":1177,"column":12},"end":{"line":1182,"column":13}},{"start":{},"end":{}}],"line":1177},"29":{"loc":{"start":{"line":1222,"column":2},"end":{"line":1228,"column":3}},"type":"if","locations":[{"start":{"line":1222,"column":2},"end":{"line":1228,"column":3}},{"start":{},"end":{}}],"line":1222},"30":{"loc":{"start":{"line":1233,"column":2},"end":{"line":1239,"column":3}},"type":"if","locations":[{"start":{"line":1233,"column":2},"end":{"line":1239,"column":3}},{"start":{},"end":{}}],"line":1233},"31":{"loc":{"start":{"line":1245,"column":2},"end":{"line":1251,"column":3}},"type":"if","locations":[{"start":{"line":1245,"column":2},"end":{"line":1251,"column":3}},{"start":{},"end":{}}],"line":1245},"32":{"loc":{"start":{"line":1256,"column":2},"end":{"line":1262,"column":3}},"type":"if","locations":[{"start":{"line":1256,"column":2},"end":{"line":1262,"column":3}},{"start":{},"end":{}}],"line":1256},"33":{"loc":{"start":{"line":1265,"column":4},"end":{"line":1267,"column":5}},"type":"if","locations":[{"start":{"line":1265,"column":4},"end":{"line":1267,"column":5}},{"start":{},"end":{}}],"line":1265},"34":{"loc":{"start":{"line":1278,"column":6},"end":{"line":1284,"column":7}},"type":"if","locations":[{"start":{"line":1278,"column":6},"end":{"line":1284,"column":7}},{"start":{},"end":{}}],"line":1278},"35":{"loc":{"start":{"line":1286,"column":4},"end":{"line":1291,"column":5}},"type":"if","locations":[{"start":{"line":1286,"column":4},"end":{"line":1291,"column":5}},{"start":{},"end":{}}],"line":1286},"36":{"loc":{"start":{"line":1296,"column":6},"end":{"line":1302,"column":7}},"type":"if","locations":[{"start":{"line":1296,"column":6},"end":{"line":1302,"column":7}},{"start":{},"end":{}}],"line":1296},"37":{"loc":{"start":{"line":1304,"column":4},"end":{"line":1309,"column":5}},"type":"if","locations":[{"start":{"line":1304,"column":4},"end":{"line":1309,"column":5}},{"start":{},"end":{}}],"line":1304},"38":{"loc":{"start":{"line":1323,"column":4},"end":{"line":1329,"column":5}},"type":"if","locations":[{"start":{"line":1323,"column":4},"end":{"line":1329,"column":5}},{"start":{"line":1326,"column":11},"end":{"line":1329,"column":5}}],"line":1323},"39":{"loc":{"start":{"line":1409,"column":14},"end":{"line":1430,"column":15}},"type":"if","locations":[{"start":{"line":1409,"column":14},"end":{"line":1430,"column":15}},{"start":{"line":1425,"column":21},"end":{"line":1430,"column":15}}],"line":1409},"40":{"loc":{"start":{"line":1410,"column":16},"end":{"line":1424,"column":17}},"type":"switch","locations":[{"start":{"line":1411,"column":18},"end":{"line":1416,"column":26}},{"start":{"line":1417,"column":18},"end":{"line":1422,"column":26}},{"start":{"line":1423,"column":18},"end":{"line":1423,"column":26}}],"line":1410},"41":{"loc":{"start":{"line":1582,"column":8},"end":{"line":1597,"column":9}},"type":"if","locations":[{"start":{"line":1582,"column":8},"end":{"line":1597,"column":9}},{"start":{},"end":{}}],"line":1582},"42":{"loc":{"start":{"line":1593,"column":12},"end":{"line":1595,"column":13}},"type":"if","locations":[{"start":{"line":1593,"column":12},"end":{"line":1595,"column":13}},{"start":{},"end":{}}],"line":1593},"43":{"loc":{"start":{"line":1622,"column":6},"end":{"line":1624,"column":7}},"type":"if","locations":[{"start":{"line":1622,"column":6},"end":{"line":1624,"column":7}},{"start":{},"end":{}}],"line":1622},"44":{"loc":{"start":{"line":1626,"column":8},"end":{"line":1628,"column":9}},"type":"if","locations":[{"start":{"line":1626,"column":8},"end":{"line":1628,"column":9}},{"start":{},"end":{}}],"line":1626},"45":{"loc":{"start":{"line":1654,"column":12},"end":{"line":1657,"column":13}},"type":"if","locations":[{"start":{"line":1654,"column":12},"end":{"line":1657,"column":13}},{"start":{},"end":{}}],"line":1654},"46":{"loc":{"start":{"line":1735,"column":2},"end":{"line":1742,"column":3}},"type":"if","locations":[{"start":{"line":1735,"column":2},"end":{"line":1742,"column":3}},{"start":{"line":1740,"column":9},"end":{"line":1742,"column":3}}],"line":1735},"47":{"loc":{"start":{"line":1755,"column":4},"end":{"line":1773,"column":5}},"type":"if","locations":[{"start":{"line":1755,"column":4},"end":{"line":1773,"column":5}},{"start":{"line":1761,"column":11},"end":{"line":1773,"column":5}}],"line":1755},"48":{"loc":{"start":{"line":1755,"column":8},"end":{"line":1755,"column":47}},"type":"binary-expr","locations":[{"start":{"line":1755,"column":8},"end":{"line":1755,"column":14}},{"start":{"line":1755,"column":18},"end":{"line":1755,"column":47}}],"line":1755},"49":{"loc":{"start":{"line":1761,"column":11},"end":{"line":1773,"column":5}},"type":"if","locations":[{"start":{"line":1761,"column":11},"end":{"line":1773,"column":5}},{"start":{"line":1766,"column":11},"end":{"line":1773,"column":5}}],"line":1761},"50":{"loc":{"start":{"line":1761,"column":15},"end":{"line":1761,"column":74}},"type":"binary-expr","locations":[{"start":{"line":1761,"column":15},"end":{"line":1761,"column":41}},{"start":{"line":1761,"column":45},"end":{"line":1761,"column":74}}],"line":1761},"51":{"loc":{"start":{"line":1766,"column":11},"end":{"line":1773,"column":5}},"type":"if","locations":[{"start":{"line":1766,"column":11},"end":{"line":1773,"column":5}},{"start":{},"end":{}}],"line":1766},"52":{"loc":{"start":{"line":1811,"column":2},"end":{"line":1813,"column":3}},"type":"if","locations":[{"start":{"line":1811,"column":2},"end":{"line":1813,"column":3}},{"start":{},"end":{}}],"line":1811},"53":{"loc":{"start":{"line":1811,"column":6},"end":{"line":1811,"column":24}},"type":"binary-expr","locations":[{"start":{"line":1811,"column":6},"end":{"line":1811,"column":10}},{"start":{"line":1811,"column":14},"end":{"line":1811,"column":24}}],"line":1811},"54":{"loc":{"start":{"line":1836,"column":18},"end":{"line":1836,"column":75}},"type":"cond-expr","locations":[{"start":{"line":1836,"column":39},"end":{"line":1836,"column":58}},{"start":{"line":1836,"column":61},"end":{"line":1836,"column":75}}],"line":1836},"55":{"loc":{"start":{"line":1839,"column":16},"end":{"line":1839,"column":74}},"type":"cond-expr","locations":[{"start":{"line":1839,"column":37},"end":{"line":1839,"column":56}},{"start":{"line":1839,"column":59},"end":{"line":1839,"column":74}}],"line":1839}},"s":{"0":6,"1":6,"2":6,"3":6,"4":6,"5":6,"6":6,"7":6,"8":6,"9":6,"10":6,"11":6,"12":6,"13":6,"14":6,"15":6,"16":6,"17":6,"18":6,"19":6,"20":6,"21":6,"22":6,"23":6,"24":6,"25":6,"26":6,"27":6,"28":6,"29":6,"30":6,"31":6,"32":6,"33":6,"34":6,"35":6,"36":6,"37":6,"38":6,"39":6,"40":6,"41":6,"42":6,"43":6,"44":6,"45":6,"46":6,"47":6,"48":6,"49":6,"50":6,"51":6,"52":6,"53":6,"54":6,"55":6,"56":6,"57":6,"58":6,"59":6,"60":6,"61":6,"62":6,"63":6,"64":6,"65":6,"66":6,"67":6,"68":3,"69":3,"70":3,"71":1,"72":1,"73":2,"74":2,"75":1,"76":1,"77":1,"78":6,"79":1,"80":1,"81":1,"82":1,"83":5,"84":5,"85":1,"86":5,"87":5,"88":2,"89":2,"90":2,"91":2,"92":1,"93":1,"94":3,"95":0,"96":0,"97":0,"98":6,"99":4,"100":4,"101":6,"102":1,"103":1,"104":1,"105":6,"106":9,"107":9,"108":9,"109":9,"110":3,"111":6,"112":6,"113":6,"114":6,"115":6,"116":6,"117":1,"118":5,"119":6,"120":0,"121":0,"122":0,"123":0,"124":0,"125":0,"126":0,"127":0,"128":0,"129":0,"130":0,"131":0,"132":0,"133":0,"134":0,"135":0,"136":0,"137":0,"138":0,"139":0,"140":6,"141":6,"142":6,"143":3,"144":3,"145":3,"146":3,"147":1,"148":2,"149":2,"150":6,"151":3,"152":3,"153":3,"154":3,"155":3,"156":3,"157":3,"158":3,"159":3,"160":3,"161":3,"162":3,"163":2,"164":2,"165":2,"166":2,"167":2,"168":1,"169":1,"170":0,"171":1,"172":1,"173":3,"174":3,"175":1,"176":1,"177":1,"178":1,"179":5,"180":5,"181":1,"182":1,"183":1,"184":1,"185":1,"186":1,"187":1,"188":6,"189":6,"190":6,"191":6,"192":1,"193":5,"194":1,"195":6,"196":4,"197":4,"198":4,"199":4,"200":4,"201":5,"202":3,"203":3,"204":3,"205":3,"206":4,"207":1,"208":6,"209":6,"210":3,"211":6,"212":1,"213":0,"214":1,"215":1,"216":1,"217":1,"218":1,"219":1,"220":1,"221":1,"222":1,"223":1,"224":1,"225":1,"226":1,"227":1,"228":9,"229":9,"230":4,"231":3,"232":3,"233":3,"234":3,"235":3,"236":1,"237":1,"238":1,"239":1,"240":1,"241":5,"242":5,"243":5,"244":5,"245":9,"246":9,"247":9,"248":1,"249":1,"250":1,"251":1,"252":5,"253":4,"254":4,"255":4,"256":4,"257":4,"258":1,"259":1,"260":3,"261":1,"262":1,"263":2,"264":2,"265":2,"266":2,"267":2,"268":2,"269":2,"270":2,"271":2,"272":2,"273":2,"274":2,"275":2,"276":2,"277":2,"278":2,"279":2,"280":2,"281":2,"282":3,"283":3,"284":3,"285":2,"286":1,"287":1,"288":1,"289":1,"290":1,"291":1,"292":1,"293":1,"294":1,"295":2,"296":2,"297":2,"298":2,"299":2,"300":2,"301":2,"302":2,"303":2,"304":1,"305":1,"306":5,"307":5,"308":0,"309":0,"310":0,"311":0,"312":2,"313":9,"314":9,"315":9,"316":9,"317":9,"318":9,"319":2,"320":2,"321":9,"322":9,"323":2,"324":2,"325":9,"326":9,"327":1,"328":1,"329":9,"330":9,"331":1,"332":1,"333":9,"334":9,"335":4,"336":9,"337":9,"338":9,"339":8,"340":8,"341":8,"342":7,"343":7,"344":8,"345":5,"346":5,"347":5,"348":5,"349":6,"350":1,"351":6,"352":7,"353":4,"354":4,"355":4,"356":4,"357":5,"358":1,"359":5,"360":5,"361":5,"362":5,"363":1,"364":1,"365":4,"366":4,"367":5,"368":5,"369":4,"370":4,"371":4,"372":4,"373":4,"374":4,"375":4,"376":4,"377":4,"378":4,"379":4,"380":4,"381":4,"382":4,"383":4,"384":4,"385":4,"386":4,"387":4,"388":4,"389":4,"390":4,"391":4,"392":4,"393":4,"394":4,"395":4,"396":14,"397":14,"398":7,"399":3,"400":3,"401":3,"402":3,"403":3,"404":4,"405":4,"406":4,"407":4,"408":4,"409":7,"410":7,"411":7,"412":7,"413":14,"414":14,"415":14,"416":14,"417":4,"418":4,"419":4,"420":22,"421":4,"422":4,"423":4,"424":4,"425":4,"426":4,"427":4,"428":30,"429":0,"430":1,"431":1,"432":10,"433":10,"434":10,"435":10,"436":10,"437":10,"438":10,"439":10,"440":10,"441":10,"442":10,"443":10,"444":0,"445":34,"446":34,"447":34,"448":34,"449":34,"450":34,"451":34,"452":34,"453":34,"454":34,"455":93,"456":34,"457":34,"458":34,"459":25,"460":25,"461":25,"462":25,"463":25,"464":25,"465":34,"466":0,"467":17,"468":17,"469":17,"470":3,"471":17,"472":17,"473":6,"474":17,"475":17,"476":17,"477":17,"478":17,"479":16,"480":16,"481":225,"482":16,"483":16,"484":16,"485":5,"486":16,"487":17,"488":0,"489":0,"490":45,"491":45,"492":45,"493":5,"494":5,"495":5,"496":5,"497":5,"498":5,"499":5,"500":5,"501":0,"502":5,"503":5,"504":5,"505":5,"506":5,"507":31,"508":5,"509":5,"510":26,"511":1,"512":1,"513":25,"514":10,"515":10,"516":5,"517":6,"518":6,"519":10,"520":10,"521":6,"522":6,"523":6,"524":6,"525":6,"526":1,"527":6
[...]
nymous_1)","decl":{"start":{"line":40,"column":27},"end":{"line":40,"column":28}},"loc":{"start":{"line":40,"column":47},"end":{"line":64,"column":1}},"line":40},"2":{"name":"(anonymous_2)","decl":{"start":{"line":67,"column":23},"end":{"line":67,"column":24}},"loc":{"start":{"line":67,"column":43},"end":{"line":103,"column":1}},"line":67},"3":{"name":"(anonymous_3)","decl":{"start":{"line":271,"column":17},"end":{"line":271,"column":18}},"loc":{"start":{"line":271,"column":37},"end":{"line":354,"column":1}},"line":271},"4":{"name":"compareEvents","decl":{"start":{"line":273,"column":11},"end":{"line":273,"column":24}},"loc":{"start":{"line":273,"column":41},"end":{"line":275,"column":3}},"line":273},"5":{"name":"(anonymous_5)","decl":{"start":{"line":312,"column":45},"end":{"line":312,"column":46}},"loc":{"start":{"line":312,"column":56},"end":{"line":325,"column":7}},"line":312},"6":{"name":"(anonymous_6)","decl":{"start":{"line":675,"column":22},"end":{"line":675,"column":23}},"loc":{"start":{"line":675,"column":42},"end":{"line":708,"column":1}},"line":675},"7":{"name":"(anonymous_7)","decl":{"start":{"line":689,"column":39},"end":{"line":689,"column":40}},"loc":{"start":{"line":689,"column":50},"end":{"line":689,"column":70}},"line":689},"8":{"name":"(anonymous_8)","decl":{"start":{"line":788,"column":24},"end":{"line":788,"column":25}},"loc":{"start":{"line":788,"column":44},"end":{"line":830,"column":1}},"line":788},"9":{"name":"(anonymous_9)","decl":{"start":{"line":803,"column":6},"end":{"line":803,"column":7}},"loc":{"start":{"line":803,"column":17},"end":{"line":803,"column":37}},"line":803}},"branchMap":{"0":{"loc":{"start":{"line":19,"column":4},"end":{"line":32,"column":5}},"type":"if","locations":[{"start":{"line":19,"column":4},"end":{"line":32,"column":5}},{"start":{"line":25,"column":11},"end":{"line":32,"column":5}}],"line":19},"1":{"loc":{"start":{"line":53,"column":4},"end":{"line":59,"column":5}},"type":"if","locations":[{"start":{"line":53,"column":4},"end":{"line":59,"column":5}},{"start":{"line":56,"column":11},"end":{"line":59,"column":5}}],"line":53},"2":{"loc":{"start":{"line":81,"column":4},"end":{"line":98,"column":5}},"type":"if","locations":[{"start":{"line":81,"column":4},"end":{"line":98,"column":5}},{"start":{"line":84,"column":11},"end":{"line":98,"column":5}}],"line":81},"3":{"loc":{"start":{"line":284,"column":4},"end":{"line":287,"column":5}},"type":"if","locations":[{"start":{"line":284,"column":4},"end":{"line":287,"column":5}},{"start":{},"end":{}}],"line":284},"4":{"loc":{"start":{"line":293,"column":4},"end":{"line":296,"column":5}},"type":"if","locations":[{"start":{"line":293,"column":4},"end":{"line":296,"column":5}},{"start":{},"end":{}}],"line":293},"5":{"loc":{"start":{"line":293,"column":8},"end":{"line":293,"column":50}},"type":"binary-expr","locations":[{"start":{"line":293,"column":8},"end":{"line":293,"column":28}},{"start":{"line":293,"column":32},"end":{"line":293,"column":50}}],"line":293},"6":{"loc":{"start":{"line":301,"column":4},"end":{"line":304,"column":5}},"type":"if","locations":[{"start":{"line":301,"column":4},"end":{"line":304,"column":5}},{"start":{},"end":{}}],"line":301},"7":{"loc":{"start":{"line":310,"column":4},"end":{"line":332,"column":5}},"type":"if","locations":[{"start":{"line":310,"column":4},"end":{"line":332,"column":5}},{"start":{},"end":{}}],"line":310},"8":{"loc":{"start":{"line":321,"column":10},"end":{"line":323,"column":66}},"type":"binary-expr","locations":[{"start":{"line":321,"column":11},"end":{"line":321,"column":38}},{"start":{"line":321,"column":42},"end":{"line":321,"column":66}},{"start":{"line":322,"column":11},"end":{"line":322,"column":35}},{"start":{"line":322,"column":39},"end":{"line":322,"column":62}},{"start":{"line":323,"column":11},"end":{"line":323,"column":38}},{"start":{"line":323,"column":42},"end":{"line":323,"column":65}}],"line":321},"9":{"loc":{"start":{"line":327,"column":6},"end":{"line":331,"column":7}},"type":"if","locations":[{"start":{"line":327,"column":6},"end":{"line":331,"column":7}},{"start":{},"end":{}}],"line":327},"10":{"loc":{"start":{"line":683,"column":4},"end":{"line":686,"column":5}},"type":"if","locations":[{"start":{"line":683,"column":4},"end":{"line":686,"column":5}},{"start":{},"end":{}}],"line":683},"11":{"loc":{"start":{"line":691,"column":4},"end":{"line":694,"column":5}},"type":"if","locations":[{"start":{"line":691,"column":4},"end":{"line":694,"column":5}},{"start":{},"end":{}}],"line":691},"12":{"loc":{"start":{"line":699,"column":4},"end":{"line":703,"column":5}},"type":"if","locations":[{"start":{"line":699,"column":4},"end":{"line":703,"column":5}},{"start":{"line":701,"column":11},"end":{"line":703,"column":5}}],"line":699},"13":{"loc":{"start":{"line":797,"column":4},"end":{"line":800,"column":5}},"type":"if","locations":[{"start":{"line":797,"column":4},"end":{"line":800,"column":5}},{"start":{},"end":{}}],"line":797}},"s":{"0":6,"1":6,"2":6,"3":6,"4":2,"5":2,"6":2,"7":2,"8":1,"9":1,"10":1,"11":1,"12":1,"13":1,"14":1,"15":1,"16":1,"17":6,"18":2,"19":2,"20":2,"21":2,"22":1,"23":1,"24":6,"25":2,"26":2,"27":2,"28":2,"29":2,"30":1,"31":1,"32":1,"33":6,"34":1,"35":8,"36":8,"37":8,"38":8,"39":8,"40":1,"41":1,"42":7,"43":7,"44":7,"45":1,"46":1,"47":6,"48":6,"49":1,"50":1,"51":5,"52":5,"53":4,"54":7,"55":7,"56":7,"57":4,"58":3,"59":3,"60":2,"61":2,"62":2,"63":2,"64":6,"65":4,"66":4,"67":4,"68":4,"69":4,"70":1,"71":1,"72":3,"73":3,"74":3,"75":1,"76":1,"77":2,"78":2,"79":1,"80":1,"81":6,"82":3,"83":3,"84":3,"85":3,"86":2,"87":2,"88":1,"89":1,"90":1,"91":1,"92":1,"93":6},"f":{"0":2,"1":2,"2":2,"3":8,"4":1,"5":7,"6":4,"7":3,"8":3,"9":1},"b":{"0":[1,1],"1":[1,1],"2":[1,1],"3":[1,7],"4":[1,6],"5":[7,6],"6":[1,5],"7":[4,1],"8":[7,6,5,5,5,1],"9":[3,1],"10":[1,3],"11":[1,2],"12":[1,1],"13":[2,1]},"_coverageSchema":"1a1c01bbd47fc00a2c39e90264f33305004495a9","hash":"7d1161998425444ed4c5431ffe17d1f41a6aebcb"}
,"C:\\cpen321\\RouteRider\\Backend\\routes\\user.js": {"path":"C:\\cpen321\\RouteRider\\Backend\\routes\\user.js","statementMap":{"0":{"start":{"line":4,"column":22},"end":{"line":4,"column":40}},"1":{"start":{"line":5,"column":12},"end":{"line":5,"column":39}},"2":{"start":{"line":6,"column":15},"end":{"line":6,"column":35}},"3":{"start":{"line":9,"column":22},"end":{"line":43,"column":1}},"4":{"start":{"line":12,"column":21},"end":{"line":12,"column":29}},"5":{"start":{"line":16,"column":23},"end":{"line":16,"column":65}},"6":{"start":{"line":20,"column":25},"end":{"line":20,"column":76}},"7":{"start":{"line":23,"column":4},"end":{"line":38,"column":5}},"8":{"start":{"line":26,"column":27},"end":{"line":26,"column":64}},"9":{"start":{"line":27,"column":33},"end":{"line":27,"column":72}},"10":{"start":{"line":28,"column":6},"end":{"line":28,"column":52}},"11":{"start":{"line":29,"column":6},"end":{"line":29,"column":54}},"12":{"start":{"line":32,"column":6},"end":{"line":32,"column":43}},"13":{"start":{"line":33,"column":29},"end":{"line":33,"column":56}},"14":{"start":{"line":34,"column":35},"end":{"line":34,"column":76}},"15":{"start":{"line":35,"column":6},"end":{"line":35,"column":54}},"16":{"start":{"line":36,"column":6},"end":{"line":36,"column":56}},"17":{"start":{"line":46,"column":22},"end":{"line":69,"column":3}},"18":{"start":{"line":48,"column":18},"end":{"line":48,"column":34}},"19":{"start":{"line":49,"column":23},"end":{"line":49,"column":39}},"20":{"start":{"line":52,"column":23},"end":{"line":52,"column":65}},"21":{"start":{"line":55,"column":19},"end":{"line":58,"column":5}},"22":{"start":{"line":60,"column":4},"end":{"line":64,"column":5}},"23":{"start":{"line":61,"column":6},"end":{"line":61,"column":77}},"24":{"start":{"line":63,"column":6},"end":{"line":63,"column":56}},"25":{"start":{"line":72,"column":23},"end":{"line":97,"column":3}},"26":{"start":{"line":75,"column":24},"end":{"line":75,"column":40}},"27":{"start":{"line":78,"column":25},"end":{"line":78,"column":67}},"28":{"start":{"line":83,"column":19},"end":{"line":83,"column":65}},"29":{"start":{"line":85,"column":6},"end":{"line":92,"column":7}},"30":{"start":{"line":87,"column":8},"end":{"line":87,"column":35}},"31":{"start":{"line":91,"column":8},"end":{"line":91,"column":58}},"32":{"start":{"line":180,"column":31},"end":{"line":241,"column":1}},"33":{"start":{"line":182,"column":22},"end":{"line":182,"column":38}},"34":{"start":{"line":185,"column":23},"end":{"line":185,"column":65}},"35":{"start":{"line":188,"column":17},"end":{"line":188,"column":63}},"36":{"start":{"line":190,"column":21},"end":{"line":190,"column":26}},"37":{"start":{"line":192,"column":4},"end":{"line":236,"column":5}},"38":{"start":{"line":193,"column":6},"end":{"line":193,"column":63}},"39":{"start":{"line":195,"column":27},"end":{"line":195,"column":39}},"40":{"start":{"line":196,"column":34},"end":{"line":196,"column":53}},"41":{"start":{"line":199,"column":31},"end":{"line":199,"column":33}},"42":{"start":{"line":200,"column":38},"end":{"line":200,"column":40}},"43":{"start":{"line":203,"column":6},"end":{"line":213,"column":5}},"44":{"start":{"line":204,"column":8},"end":{"line":204,"column":26}},"45":{"start":{"line":205,"column":6},"end":{"line":212,"column":7}},"46":{"start":{"line":206,"column":23},"end":{"line":206,"column":71}},"47":{"start":{"line":208,"column":10},"end":{"line":211,"column":13}},"48":{"start":{"line":216,"column":6},"end":{"line":227,"column":5}},"49":{"start":{"line":217,"column":8},"end":{"line":217,"column":26}},"50":{"start":{"line":218,"column":6},"end":{"line":226,"column":7}},"51":{"start":{"line":219,"column":34},"end":{"line":219,"column":89}},"52":{"start":{"line":221,"column":10},"end":{"line":224,"column":13}},"53":{"start":{"line":230,"column":6},"end":{"line":234,"column":7}},"54":{"start":{"line":231,"column":8},"end":{"line":231,"column":76}},"55":{"start":{"line":233,"column":8},"end":{"line":233,"column":74}},"56":{"start":{"line":347,"column":28},"end":{"line":414,"column":3}},"57":{"start":{"line":349,"column":24},"end":{"line":349,"column":40}},"58":{"start":{"line":350,"column":26},"end":{"line":350,"column":40}},"59":{"start":{"line":352,"column":29},"end":{"line":352,"column":71}},"60":{"start":{"line":355,"column":29},"end":{"line":358,"column":8}},"61":{"start":{"line":361,"column":6},"end":{"line":363,"column":7}},"62":{"start":{"line":362,"column":8},"end":{"line":362,"column":67}},"63":{"start":{"line":366,"column":6},"end":{"line":369,"column":7}},"64":{"start":{"line":367,"column":8},"end":{"line":367,"column":83}},"65":{"start":{"line":368,"column":8},"end":{"line":368,"column":85}},"66":{"start":{"line":380,"column":6},"end":{"line":409,"column":7}},"67":{"start":{"line":381,"column":8},"end":{"line":381,"column":80}},"68":{"start":{"line":383,"column":13},"end":{"line":409,"column":7}},"69":{"start":{"line":384,"column":8},"end":{"line":384,"column":112}},"70":{"start":{"line":386,"column":11},"end":{"line":409,"column":7}},"71":{"start":{"line":387,"column":8},"end":{"line":387,"column":83}},"72":{"start":{"line":396,"column":8},"end":{"line":396,"column":46}},"73":{"start":{"line":399,"column":29},"end":{"line":402,"column":9}},"74":{"start":{"line":405,"column":10},"end":{"line":405,"column":87}},"75":{"start":{"line":416,"column":30},"end":{"line":471,"column":3}},"76":{"start":{"line":418,"column":24},"end":{"line":418,"column":40}},"77":{"start":{"line":419,"column":26},"end":{"line":419,"column":50}},"78":{"start":{"line":421,"column":29},"end":{"line":421,"column":71}},"79":{"start":{"line":424,"column":19},"end":{"line":424,"column":69}},"80":{"start":{"line":426,"column":6},"end":{"line":428,"column":7}},"81":{"start":{"line":427,"column":8},"end":{"line":427,"column":65}},"82":{"start":{"line":431,"column":6},"end":{"line":433,"column":7}},"83":{"start":{"line":432,"column":8},"end":{"line":432,"column":106}},"84":{"start":{"line":436,"column":36},"end":{"line":436,"column":98}},"85":{"start":{"line":436,"column":74},"end":{"line":436,"column":97}},"86":{"start":{"line":439,"column":6},"end":{"line":439,"column":37}},"87":{"start":{"line":442,"column":21},"end":{"line":442,"column":73}},"88":{"start":{"line":450,"column":6},"end":{"line":450,"column":37}},"89":{"start":{"line":453,"column":28},"end":{"line":456,"column":8}},"90":{"start":{"line":457,"column":6},"end":{"line":457,"column":58}},"91":{"start":{"line":457,"column":36},"end":{"line":457,"column":56}},"92":{"start":{"line":458,"column":6},"end":{"line":458,"column":87}},"93":{"start":{"line":473,"column":31},"end":{"line":510,"column":3}},"94":{"start":{"line":475,"column":24},"end":{"line":475,"column":40}},"95":{"start":{"line":476,"column":26},"end":{"line":476,"column":50}},"96":{"start":{"line":478,"column":29},"end":{"line":478,"column":71}},"97":{"start":{"line":481,"column":19},"end":{"line":481,"column":69}},"98":{"start":{"line":483,"column":6},"end":{"line":485,"column":7}},"99":{"start":{"line":484,"column":8},"end":{"line":484,"column":65}},"100":{"start":{"line":488,"column":6},"end":{"line":490,"column":7}},"101":{"start":{"line":489,"column":8},"end":{"line":489,"column":106}},"102":{"start":{"line":493,"column":36},"end":{"line":493,"column":98}},"103":{"start":{"line":493,"column":74},"end":{"line":493,"column":97}},"104":{"start":{"line":496,"column":27},"end":{"line":499,"column":7}},"105":{"start":{"line":502,"column":8},"end":{"line":502,"column":89}},"106":{"start":{"line":678,"column":2},"end":{"line":693,"column":4}}},"fnMap":{"0":{"name":"(anonymous_0)","decl":{"start":{"line":9,"column":22},"end":{"line":9,"column":23}},"loc":{"start":{"line":9,"column":42},"end":{"line":43,"column":1}},"line":9},"1":{"name":"(anonymous_1)","decl":{"start":{"line":46,"column":22},"end":{"line":46,"column":23}},"loc":{"start":{"line":46,"column":42},"end":{"line":69,"column":3}},"line":46},"2":{"name":"(anonymous_2)","decl":{"start":{"line":72,"column":23},"end":{"line":72,"column":24}},"loc":{"start":{"line":72,"column":43},"end":{"line":97,"column":3}},"line":72},"3":{"name":"(anonymous_3)","decl":{"start":{"line":180,"column":31},"end":{"line":180,"column":32}},"loc":{"start":{"line":180,"column":51},"end":{"line":241,"column":1}},"line":180},"4":{"name":"(anonymous_4)","decl":{"start":{"line":347,"column":28},"end":{"line":347,"column":29}},"loc":{"start":{"line":347,"column":48},"end":{"line":414,"column":3}},"line":347},"5":{"name":"(anonymous_5)","decl":{"start":{"line":416,"column":30},"end":{"line":416,"column":31}},"loc":{"start":{"line":416,"column":50},"end":{"line":471,"column":3}},"line":416},"6":{"name":"(anonymous_6)","decl":{"start":{"line":436,"column":63},"end":{"line":436,"column":64}},"loc":{"start":{"line":436,"column":74},"end":{"line":436,"column":97}},"line":436},"7":{"name":"(anonymous_7)","decl":{"start":{"line":457,"column":26},"end":{"line":457,"column":27}},"loc":{"start":{"line":457,"column":36},"end":{"line":457,"column":56}},"line":457},"8":{"name":"(anonymous_8)","decl":{"start":{"line":473,"column":31},"end":{"line":473,"column":32}},"loc":{"start":{"line":473,"column":51},"end":{"line":510,"column":3}},"line":473},"9":{"name":"(anonymous_9)","decl":{"start":{"line":493,"column":63},"end":{"line":493,"column":64}},"loc":{"start":{"line":493,"column":74},"end":{"line":493,"column":97}},"line":493}},"branchMap":{"0":{"loc":{"start":{"line":23,"column":4},"end":{"line":38,"column":5}},"type":"if","locations":[{"start":{"line":23,"column":4},"end":{"line":38,"column":5}},{"start":{"line":30,"column":11},"end":{"line":38,"column":5}}],"line":23},"1":{"loc":{"start":{"line":60,"column":4},"end":{"line":64,"column":5}},"type":"if","locations":[{"start":{"line":60,"column":4},"end":{"line":64,"column":5}},{"start":{"line":62,"column":11},"end":{"line":64,"column":5}}],"line":60},"2":{"loc":{"start":{"line":85,"column":6},"end":{"line":92,"column":7}},"type":"if","locations":[{"start":{"line":85,"column":6},"end":{"line":92,"column":7}},{"start":{"line":89,"column":13},"end":{"line":92,"column":7}}],"line":85},"3":{"loc":{"start":{"line":192,"column":4},"end":{"line":236,"column":5}},"type":"if","locations":[{"start":{"line":192,"column":4},"end":{"line":236,"column":5}},{"start":{"line":194,"column":11},"end":{"line":236,"column":5}}],"line":192},"4":{"loc":{"start":{"line":203,"column":6},"end":{"line":213,"column":5}},"type":"if","locations":[{"start":{"line":203,"column":6},"end":{"line":213,"column":5}},{"start":{},"end":{}}],"line":203},"5":{"loc":{"start":{"line":216,"column":6},"end":{"line":227,"column":5}},"type":"if","locations":[{"start":{"line":216,"column":6},"end":{"line":227,"column":5}},{"start":{},"end":{}}],"line":216},"6":{"loc":{"start":{"line":230,"column":6},"end":{"line":234,"column":7}},"type":"if","locations":[{"start":{"line":230,"column":6},"end":{"line":234,"column":7}},{"start":{"line":232,"column":13},"end":{"line":234,"column":7}}],"line":230},"7":{"loc":{"start":{"line":361,"column":6},"end":{"line":363,"column":7}},"type":"if","locations":[{"start":{"line":361,"column":6},"end":{"line":363,"column":7}},{"start":{},"end":{}}],"line":361},"8":{"loc":{"start":{"line":366,"column":6},"end":{"line":369,"column":7}},"type":"if","locations":[{"start":{"line":366,"column":6},"end":{"line":369,"column":7}},{"start":{},"end":{}}],"line":366},"9":{"loc":{"start":{"line":380,"column":6},"end":{"line":409,"column":7}},"type":"if","locations":[{"start":{"line":380,"column":6},"end":{"line":409,"column":7}},{"start":{"line":383,"column":13},"end":{"line":409,"column":7}}],"line":380},"10":{"loc":{"start":{"line":383,"column":13},"end":{"line":409,"column":7}},"type":"if","locations":[{"start":{"line":383,"column":13},"end":{"line":409,"column":7}},{"start":{"line":386,"column":11},"end":{"line":409,"column":7}}],"line":383},"11":{"loc":{"start":{"line":386,"column":11},"end":{"line":409,"column":7}},"type":"if","locations":[{"start":{"line":386,"column":11},"end":{"line":409,"column":7}},{"start":{"line":389,"column":11},"end":{"line":409,"column":7}}],"line":386},"12":{"loc":{"start":{"line":426,"column":6},"end":{"line":428,"column":7}},"type":"if","locations":[{"start":{"line":426,"column":6},"end":{"line":428,"column":7}},{"start":{},"end":{}}],"line":426},"13":{"loc":{"start":{"line":431,"column":6},"end":{"line":433,"column":7}},"type":"if","locations":[{"start":{"line":431,"column":6},"end":{"line":433,"column":7}},{"start":{},"end":{}}],"line":431},"14":{"loc":{"start":{"line":483,"column":6},"end":{"line":485,"column":7}},"type":"if","locations":[{"start":{"line":483,"column":6},"end":{"line":485,"column":7}},{"start":{},"end":{}}],"line":483},"15":{"loc":{"start":{"line":488,"column":6},"end":{"line":490,"column":7}},"type":"if","locations":[{"start":{"line":488,"column":6},"end":{"line":490,"column":7}},{"start":{},"end":{}}],"line":488}},"s":{"0":6,"1":6,"2":6,"3":6,"4":2,"5":2,"6":2,"7":2,"8":1,"9":1,"10":1,"11":1,"12":1,"13":1,"14":1,"15":1,"16":1,"17":6,"18":2,"19":2,"20":2,"21":2,"22":2,"23":1,"24":1,"25":6,"26":2,"27":2,"28":2,"29":2,"30":1,"31":1,"32":6,"33":5,"34":5,"35":5,"36":5,"37":5,"38":1,"39":4,"40":4,"41":4,"42":4,"43":4,"44":2,"45":2,"46":2,"47":2,"48":4,"49":2,"50":2,"51":2,"52":2,"53":4,"54":3,"55":1,"56":6,"57":6,"58":6,"59":6,"60":6,"61":6,"62":1,"63":5,"64":1,"65":1,"66":4,"67":1,"68":3,"69":1,"70":2,"71":1,"72":1,"73":1,"74":1,"75":6,"76":3,"77":3,"78":3,"79":3,"80":3,"81":1,"82":2,"83":1,"84":1,"85":1,"86":1,"87":1,"88":1,"89":1,"90":1,"91":2,"92":1,"93":6,"94":3,"95":3,"96":3,"97":3,"98":3,"99":1,"100":2,"101":1,"102":1,"103":1,"104":1,"105":1,"106":6},"f":{"0":2,"1":2,"2":2,"3":5,"4":6,"5":3,"6":1,"7":2,"8":3,"9":1},"b":{"0":[1,1],"1":[1,1],"2":[1,1],"3":[1,4],"4":[2,2],"5":[2,2],"6":[3,1],"7":[1,5],"8":[1,4],"9":[1,3],"10":[1,2],"11":[1,1],"12":[1,2],"13":[1,1],"14":[1,2],"15":[1,1]},"_coverageSchema":"1a1c01bbd47fc00a2c39e90264f33305004495a9","hash":"fd6248777d6b5dcc018597678a00f15d57860744"}
}
