TN:
SF:Backend\commuter_match.js
FN:90,getFirstEventsOfEachDay
FN:107,(anonymous_1)
FN:110,(anonymous_2)
FN:185,findOtherEmails
FN:195,(anonymous_4)
FN:272,findMatchingUsers
FNF:6
FNH:0
FNDA:0,getFirstEventsOfEachDay
FNDA:0,(anonymous_1)
FNDA:0,(anonymous_2)
FNDA:0,findOtherEmails
FNDA:0,(anonymous_4)
FNDA:0,findMatchingUsers
DA:1,2
DA:3,2
DA:6,2
DA:7,2
DA:10,2
DA:11,2
DA:91,0
DA:92,0
DA:94,0
DA:95,0
DA:96,0
DA:100,0
DA:107,0
DA:110,0
DA:113,0
DA:114,0
DA:116,0
DA:117,0
DA:119,0
DA:120,0
DA:121,0
DA:125,0
DA:127,0
DA:128,0
DA:130,0
DA:132,0
DA:186,0
DA:188,0
DA:195,0
DA:197,0
DA:198,0
DA:200,0
DA:202,0
DA:203,0
DA:273,0
DA:275,0
DA:277,0
DA:278,0
DA:281,0
DA:284,0
DA:287,0
DA:289,0
DA:291,0
DA:292,0
DA:295,0
DA:296,0
DA:297,0
DA:302,0
DA:303,0
DA:309,0
DA:310,0
DA:312,0
DA:314,0
DA:315,0
DA:341,2
LF:55
LH:7
BRDA:94,0,0,0
BRDA:94,0,1,0
BRDA:119,1,0,0
BRDA:119,1,1,0
BRDA:297,2,0,0
BRDA:297,2,1,0
BRDA:298,3,0,0
BRDA:298,3,1,0
BRDA:298,3,2,0
BRF:9
BRH:0
end_of_record
TN:
SF:Backend\recommendation.js
FN:14,(anonymous_0)
FN:16,(anonymous_1)
FNF:2
FNH:0
FNDA:0,(anonymous_0)
FNDA:0,(anonymous_1)
DA:9,2
DA:11,2
DA:12,2
DA:14,2
DA:15,0
DA:16,0
DA:18,0
DA:20,0
DA:26,0
DA:33,0
DA:34,0
DA:36,0
DA:37,0
DA:41,0
DA:42,0
DA:43,0
DA:44,0
DA:46,0
DA:47,0
DA:49,0
DA:52,0
DA:53,0
DA:55,0
DA:57,0
DA:58,0
DA:60,0
DA:62,0
DA:71,0
DA:72,0
DA:73,0
DA:74,0
DA:75,0
DA:77,0
DA:79,0
DA:80,0
DA:83,0
DA:84,0
DA:89,2
LF:38
LH:5
BRDA:46,0,0,0
BRDA:46,0,1,0
BRDA:52,1,0,0
BRDA:52,1,1,0
BRDA:72,2,0,0
BRDA:72,2,1,0
BRF:6
BRH:0
end_of_record
TN:
SF:Backend\server.js
FN:77,connectToDatabase
FN:140,(anonymous_1)
FN:149,(anonymous_2)
FN:156,(anonymous_3)
FN:163,(anonymous_4)
FN:178,(anonymous_5)
FN:188,(anonymous_6)
FN:198,(anonymous_7)
FN:223,(anonymous_8)
FN:227,(anonymous_9)
FN:237,(anonymous_10)
FN:240,(anonymous_11)
FN:243,(anonymous_12)
FN:250,(anonymous_13)
FN:278,(anonymous_14)
FN:301,(anonymous_15)
FN:315,(anonymous_16)
FN:343,checkLiveTransitTime
FN:349,(anonymous_18)
FN:356,(anonymous_19)
FN:370,(anonymous_20)
FN:373,(anonymous_21)
FN:377,(anonymous_22)
FN:404,(anonymous_23)
FN:408,(anonymous_24)
FN:424,(anonymous_25)
FN:521,(anonymous_26)
FN:537,startSSLServer
FN:546,(anonymous_28)
FN:689,initRoute
FN:723,(anonymous_30)
FN:729,(anonymous_31)
FN:754,(anonymous_32)
FN:806,(anonymous_33)
FN:825,initReminders
FN:960,(anonymous_35)
FN:966,(anonymous_36)
FN:968,(anonymous_37)
FN:997,initRouteWithFriends
FN:1040,(anonymous_39)
FN:1110,(anonymous_40)
FN:1148,(anonymous_41)
FN:1171,(anonymous_42)
FN:1231,(anonymous_43)
FN:1242,(anonymous_44)
FN:1247,(anonymous_45)
FN:1262,getLatLong
FN:1263,(anonymous_47)
FN:1277,(anonymous_48)
FN:1294,(anonymous_49)
FN:1311,planTransitTrip
FN:1312,(anonymous_51)
FN:1326,(anonymous_52)
FN:1330,(anonymous_53)
FN:1334,(anonymous_54)
FN:1340,(anonymous_55)
FN:1347,(anonymous_56)
FN:1363,(anonymous_57)
FN:1371,calcDist
FN:1385,getMeetingPoint
FN:1430,calcWalkingTimes
FN:1462,timeToTimestamp
FN:1468,timestampToTime
FN:1477,combineDateAndTime
FN:1511,isoToCron
FN:1520,compareTimeStrings
FNF:66
FNH:3
FNDA:2,connectToDatabase
FNDA:0,(anonymous_1)
FNDA:0,(anonymous_2)
FNDA:0,(anonymous_3)
FNDA:0,(anonymous_4)
FNDA:0,(anonymous_5)
FNDA:0,(anonymous_6)
FNDA:0,(anonymous_7)
FNDA:0,(anonymous_8)
FNDA:0,(anonymous_9)
FNDA:0,(anonymous_10)
FNDA:0,(anonymous_11)
FNDA:0,(anonymous_12)
FNDA:0,(anonymous_13)
FNDA:0,(anonymous_14)
FNDA:0,(anonymous_15)
FNDA:0,(anonymous_16)
FNDA:0,checkLiveTransitTime
FNDA:0,(anonymous_18)
FNDA:0,(anonymous_19)
FNDA:0,(anonymous_20)
FNDA:0,(anonymous_21)
FNDA:0,(anonymous_22)
FNDA:0,(anonymous_23)
FNDA:0,(anonymous_24)
FNDA:0,(anonymous_25)
FNDA:0,(anonymous_26)
FNDA:2,startSSLServer
FNDA:1,(anonymous_28)
FNDA:0,initRoute
FNDA:0,(anonymous_30)
FNDA:0,(anonymous_31)
FNDA:0,(anonymous_32)
FNDA:0,(anonymous_33)
FNDA:0,initReminders
FNDA:0,(anonymous_35)
FNDA:0,(anonymous_36)
FNDA:0,(anonymous_37)
FNDA:0,initRouteWithFriends
FNDA:0,(anonymous_39)
FNDA:0,(anonymous_40)
FNDA:0,(anonymous_41)
FNDA:0,(anonymous_42)
FNDA:0,(anonymous_43)
FNDA:0,(anonymous_44)
FNDA:0,(anonymous_45)
FNDA:0,getLatLong
FNDA:0,(anonymous_47)
FNDA:0,(anonymous_48)
FNDA:0,(anonymous_49)
FNDA:0,planTransitTrip
FNDA:0,(anonymous_51)
FNDA:0,(anonymous_52)
FNDA:0,(anonymous_53)
FNDA:0,(anonymous_54)
FNDA:0,(anonymous_55)
FNDA:0,(anonymous_56)
FNDA:0,(anonymous_57)
FNDA:0,calcDist
FNDA:0,getMeetingPoint
FNDA:0,calcWalkingTimes
FNDA:0,timeToTimestamp
FNDA:0,timestampToTime
FNDA:0,combineDateAndTime
FNDA:0,isoToCron
FNDA:0,compareTimeStrings
DA:1,2
DA:2,2
DA:3,2
DA:4,2
DA:6,2
DA:8,2
DA:10,2
DA:11,2
DA:13,2
DA:14,2
DA:16,2
DA:17,2
DA:18,2
DA:19,2
DA:23,2
DA:26,2
DA:27,2
DA:31,2
DA:53,2
DA:54,2
DA:56,2
DA:62,2
DA:63,2
DA:78,2
DA:79,2
DA:80,2
DA:83,2
DA:85,0
DA:92,2
DA:94,2
DA:97,2
DA:99,2
DA:104,2
DA:106,2
DA:110,2
DA:121,2
DA:122,2
DA:124,2
DA:126,2
DA:128,2
DA:130,2
DA:140,2
DA:141,0
DA:142,0
DA:145,0
DA:150,0
DA:152,0
DA:157,0
DA:159,0
DA:164,0
DA:165,0
DA:171,0
DA:172,0
DA:179,0
DA:180,0
DA:188,2
DA:189,0
DA:190,0
DA:192,0
DA:194,0
DA:199,0
DA:207,0
DA:209,0
DA:211,0
DA:218,0
DA:220,0
DA:224,0
DA:225,0
DA:228,0
DA:229,0
DA:237,2
DA:238,0
DA:239,0
DA:241,0
DA:244,0
DA:245,0
DA:250,2
DA:251,0
DA:253,0
DA:254,0
DA:255,0
DA:257,0
DA:258,0
DA:278,2
DA:279,0
DA:280,0
DA:281,0
DA:282,0
DA:283,0
DA:284,0
DA:286,0
DA:290,0
DA:294,2
DA:301,2
DA:302,0
DA:303,0
DA:304,0
DA:305,0
DA:306,0
DA:308,0
DA:309,0
DA:313,2
DA:315,2
DA:316,0
DA:317,0
DA:318,0
DA:319,0
DA:320,0
DA:322,0
DA:323,0
DA:327,2
DA:349,0
DA:350,0
DA:351,0
DA:352,0
DA:357,0
DA:361,0
DA:363,0
DA:370,0
DA:371,0
DA:373,0
DA:374,0
DA:377,0
DA:378,0
DA:379,0
DA:380,0
DA:381,0
DA:382,0
DA:383,0
DA:385,0
DA:391,0
DA:393,0
DA:401,0
DA:405,0
DA:406,0
DA:409,0
DA:410,0
DA:413,0
DA:416,0
DA:419,0
DA:424,0
DA:425,0
DA:428,0
DA:521,2
DA:522,0
DA:538,2
DA:546,2
DA:548,2
DA:690,0
DA:692,0
DA:696,0
DA:700,0
DA:701,0
DA:704,0
DA:705,0
DA:706,0
DA:707,0
DA:710,0
DA:712,0
DA:713,0
DA:714,0
DA:715,0
DA:718,0
DA:719,0
DA:722,0
DA:723,0
DA:724,0
DA:730,0
DA:731,0
DA:739,0
DA:740,0
DA:741,0
DA:742,0
DA:743,0
DA:744,0
DA:745,0
DA:747,0
DA:748,0
DA:749,0
DA:750,0
DA:751,0
DA:753,0
DA:754,0
DA:755,0
DA:757,0
DA:758,0
DA:760,0
DA:761,0
DA:762,0
DA:763,0
DA:764,0
DA:766,0
DA:767,0
DA:768,0
DA:769,0
DA:770,0
DA:772,0
DA:773,0
DA:774,0
DA:777,0
DA:778,0
DA:779,0
DA:780,0
DA:783,0
DA:784,0
DA:792,0
DA:798,0
DA:800,0
DA:803,0
DA:804,0
DA:807,0
DA:826,0
DA:827,0
DA:828,0
DA:830,0
DA:831,0
DA:835,0
DA:839,0
DA:840,0
DA:842,0
DA:843,0
DA:844,0
DA:845,0
DA:847,0
DA:848,0
DA:850,0
DA:851,0
DA:854,0
DA:855,0
DA:856,0
DA:858,0
DA:859,0
DA:860,0
DA:861,0
DA:862,0
DA:864,0
DA:866,0
DA:869,0
DA:871,0
DA:872,0
DA:873,0
DA:881,0
DA:886,0
DA:893,0
DA:906,0
DA:907,0
DA:908,0
DA:909,0
DA:910,0
DA:912,0
DA:913,0
DA:915,0
DA:916,0
DA:917,0
DA:919,0
DA:921,0
DA:923,0
DA:924,0
DA:925,0
DA:927,0
DA:929,0
DA:930,0
DA:932,0
DA:936,0
DA:937,0
DA:938,0
DA:943,0
DA:945,0
DA:953,0
DA:954,0
DA:955,0
DA:956,0
DA:958,0
DA:959,0
DA:960,0
DA:961,0
DA:967,0
DA:968,0
DA:969,0
DA:1002,0
DA:1006,0
DA:1007,0
DA:1011,0
DA:1015,0
DA:1016,0
DA:1021,0
DA:1025,0
DA:1026,0
DA:1030,0
DA:1034,0
DA:1035,0
DA:1040,0
DA:1042,0
DA:1043,0
DA:1044,0
DA:1045,0
DA:1046,0
DA:1047,0
DA:1048,0
DA:1051,0
DA:1053,0
DA:1054,0
DA:1055,0
DA:1056,0
DA:1059,0
DA:1060,0
DA:1063,0
DA:1068,0
DA:1071,0
DA:1073,0
DA:1074,0
DA:1075,0
DA:1076,0
DA:1079,0
DA:1080,0
DA:1083,0
DA:1093,0
DA:1095,0
DA:1096,0
DA:1097,0
DA:1098,0
DA:1099,0
DA:1101,0
DA:1102,0
DA:1105,0
DA:1112,0
DA:1118,0
DA:1126,0
DA:1127,0
DA:1128,0
DA:1131,0
DA:1132,0
DA:1136,0
DA:1140,0
DA:1144,0
DA:1145,0
DA:1147,0
DA:1149,0
DA:1156,0
DA:1157,0
DA:1158,0
DA:1159,0
DA:1160,0
DA:1161,0
DA:1162,0
DA:1163,0
DA:1165,0
DA:1166,0
DA:1167,0
DA:1168,0
DA:1169,0
DA:1171,0
DA:1172,0
DA:1174,0
DA:1175,0
DA:1177,0
DA:1178,0
DA:1179,0
DA:1180,0
DA:1181,0
DA:1183,0
DA:1184,0
DA:1185,0
DA:1186,0
DA:1187,0
DA:1189,0
DA:1190,0
DA:1191,0
DA:1194,0
DA:1195,0
DA:1196,0
DA:1197,0
DA:1200,0
DA:1201,0
DA:1209,0
DA:1215,0
DA:1217,0
DA:1218,0
DA:1223,0
DA:1224,0
DA:1225,0
DA:1228,0
DA:1229,0
DA:1231,0
DA:1232,0
DA:1243,0
DA:1244,0
DA:1248,0
DA:1249,0
DA:1263,0
DA:1264,0
DA:1265,0
DA:1266,0
DA:1269,0
DA:1270,0
DA:1272,0
DA:1273,0
DA:1279,0
DA:1280,0
DA:1281,0
DA:1282,0
DA:1290,0
DA:1291,0
DA:1292,0
DA:1295,0
DA:1296,0
DA:1312,0
DA:1313,0
DA:1314,0
DA:1316,0
DA:1324,0
DA:1326,0
DA:1327,0
DA:1328,0
DA:1330,0
DA:1331,0
DA:1334,0
DA:1335,0
DA:1336,0
DA:1337,0
DA:1338,0
DA:1340,0
DA:1342,0
DA:1343,0
DA:1344,0
DA:1345,0
DA:1346,0
DA:1347,0
DA:1348,0
DA:1350,0
DA:1353,0
DA:1354,0
DA:1356,0
DA:1359,0
DA:1360,0
DA:1363,0
DA:1364,0
DA:1365,0
DA:1372,0
DA:1373,0
DA:1375,0
DA:1386,0
DA:1387,0
DA:1388,0
DA:1394,0
DA:1400,0
DA:1406,0
DA:1412,0
DA:1413,0
DA:1417,0
DA:1419,0
DA:1421,0
DA:1431,0
DA:1432,0
DA:1433,0
DA:1434,0
DA:1436,0
DA:1439,0
DA:1443,0
DA:1445,0
DA:1448,0
DA:1450,0
DA:1453,0
DA:1456,0
DA:1458,0
DA:1463,0
DA:1464,0
DA:1469,0
DA:1470,0
DA:1479,0
DA:1482,0
DA:1484,0
DA:1485,0
DA:1488,0
DA:1489,0
DA:1490,0
DA:1493,0
DA:1494,0
DA:1497,0
DA:1500,0
DA:1501,0
DA:1503,0
DA:1504,0
DA:1507,0
DA:1512,0
DA:1513,0
DA:1516,0
DA:1522,0
DA:1523,0
DA:1525,0
DA:1528,2
LF:491
LH:55
BRDA:157,0,0,0
BRDA:157,0,1,0
BRDA:378,1,0,0
BRDA:378,1,1,0
BRDA:385,2,0,0
BRDA:385,2,1,0
BRDA:710,3,0,0
BRDA:710,3,1,0
BRDA:730,4,0,0
BRDA:730,4,1,0
BRDA:757,5,0,0
BRDA:757,5,1,0
BRDA:758,6,0,0
BRDA:758,6,1,0
BRDA:758,6,2,0
BRDA:839,7,0,0
BRDA:839,7,1,0
BRDA:844,8,0,0
BRDA:844,8,1,0
BRDA:858,9,0,0
BRDA:858,9,1,0
BRDA:912,10,0,0
BRDA:912,10,1,0
BRDA:913,11,0,0
BRDA:913,11,1,0
BRDA:913,11,2,0
BRDA:956,12,0,0
BRDA:956,12,1,0
BRDA:967,13,0,0
BRDA:967,13,1,0
BRDA:1006,14,0,0
BRDA:1006,14,1,0
BRDA:1015,15,0,0
BRDA:1015,15,1,0
BRDA:1025,16,0,0
BRDA:1025,16,1,0
BRDA:1034,17,0,0
BRDA:1034,17,1,0
BRDA:1051,18,0,0
BRDA:1051,18,1,0
BRDA:1059,19,0,0
BRDA:1059,19,1,0
BRDA:1071,20,0,0
BRDA:1071,20,1,0
BRDA:1079,21,0,0
BRDA:1079,21,1,0
BRDA:1097,22,0,0
BRDA:1097,22,1,0
BRDA:1174,23,0,0
BRDA:1174,23,1,0
BRDA:1175,24,0,0
BRDA:1175,24,1,0
BRDA:1175,24,2,0
BRDA:1338,25,0,0
BRDA:1338,25,1,0
BRDA:1413,26,0,0
BRDA:1413,26,1,0
BRDA:1433,27,0,0
BRDA:1433,27,1,0
BRDA:1433,28,0,0
BRDA:1433,28,1,0
BRDA:1439,29,0,0
BRDA:1439,29,1,0
BRDA:1440,30,0,0
BRDA:1440,30,1,0
BRDA:1448,31,0,0
BRDA:1448,31,1,0
BRDA:1484,32,0,0
BRDA:1484,32,1,0
BRDA:1493,33,0,0
BRDA:1493,33,1,0
BRDA:1493,34,0,0
BRDA:1493,34,1,0
BRDA:1503,35,0,0
BRDA:1503,35,1,0
BRF:75
BRH:0
end_of_record
TN:
SF:Backend\routes\schedule.js
FN:6,(anonymous_0)
FN:40,(anonymous_1)
FN:67,(anonymous_2)
FN:271,(anonymous_3)
FN:273,compareEvents
FN:312,(anonymous_5)
FN:675,(anonymous_6)
FN:689,(anonymous_7)
FN:788,(anonymous_8)
FN:803,(anonymous_9)
FNF:10
FNH:10
FNDA:4,(anonymous_0)
FNDA:3,(anonymous_1)
FNDA:2,(anonymous_2)
FNDA:7,(anonymous_3)
FNDA:1,compareEvents
FNDA:4,(anonymous_5)
FNDA:5,(anonymous_6)
FNDA:4,(anonymous_7)
FNDA:5,(anonymous_8)
FNDA:2,(anonymous_9)
DA:1,2
DA:2,2
DA:3,2
DA:6,2
DA:7,4
DA:9,4
DA:12,4
DA:15,4
DA:19,4
DA:21,3
DA:22,3
DA:23,3
DA:24,3
DA:27,1
DA:28,1
DA:29,1
DA:30,1
DA:31,1
DA:34,0
DA:35,0
DA:40,2
DA:41,3
DA:43,3
DA:46,3
DA:48,3
DA:51,3
DA:53,3
DA:55,2
DA:58,1
DA:61,0
DA:62,0
DA:67,2
DA:68,2
DA:70,2
DA:73,2
DA:76,2
DA:79,2
DA:81,2
DA:83,1
DA:86,1
DA:93,1
DA:100,0
DA:101,0
DA:271,2
DA:274,1
DA:277,7
DA:278,7
DA:279,7
DA:281,7
DA:282,7
DA:284,7
DA:285,1
DA:286,1
DA:290,6
DA:291,6
DA:293,6
DA:294,1
DA:295,1
DA:299,5
DA:301,5
DA:302,1
DA:303,1
DA:307,4
DA:310,4
DA:311,3
DA:312,3
DA:313,4
DA:314,4
DA:316,4
DA:317,4
DA:320,4
DA:327,3
DA:328,2
DA:329,2
DA:330,2
DA:337,2
DA:338,2
DA:340,2
DA:346,2
DA:351,0
DA:352,0
DA:675,2
DA:676,5
DA:677,5
DA:678,5
DA:680,5
DA:681,5
DA:683,5
DA:684,1
DA:685,1
DA:689,4
DA:691,4
DA:692,2
DA:693,2
DA:697,2
DA:699,2
DA:700,1
DA:702,1
DA:705,0
DA:706,0
DA:788,2
DA:789,5
DA:790,5
DA:792,5
DA:793,5
DA:797,5
DA:798,3
DA:799,3
DA:802,2
DA:803,2
DA:806,2
DA:807,0
DA:808,0
DA:812,2
DA:814,2
DA:820,2
DA:825,0
DA:826,0
DA:852,2
LF:119
LH:105
BRDA:19,0,0,3
BRDA:19,0,1,1
BRDA:53,1,0,2
BRDA:53,1,1,1
BRDA:81,2,0,1
BRDA:81,2,1,1
BRDA:284,3,0,1
BRDA:284,3,1,6
BRDA:293,4,0,1
BRDA:293,4,1,5
BRDA:293,5,0,6
BRDA:293,5,1,5
BRDA:301,6,0,1
BRDA:301,6,1,4
BRDA:310,7,0,3
BRDA:310,7,1,1
BRDA:321,8,0,4
BRDA:321,8,1,4
BRDA:321,8,2,2
BRDA:321,8,3,2
BRDA:321,8,4,2
BRDA:321,8,5,0
BRDA:327,9,0,2
BRDA:327,9,1,1
BRDA:683,10,0,1
BRDA:683,10,1,4
BRDA:691,11,0,2
BRDA:691,11,1,2
BRDA:699,12,0,1
BRDA:699,12,1,1
BRDA:797,13,0,3
BRDA:797,13,1,2
BRDA:806,14,0,0
BRDA:806,14,1,2
BRF:34
BRH:32
end_of_record
TN:
SF:Backend\routes\user.js
FN:9,(anonymous_0)
FN:46,(anonymous_1)
FN:72,(anonymous_2)
FN:180,(anonymous_3)
FN:349,(anonymous_4)
FN:405,(anonymous_5)
FN:425,(anonymous_6)
FN:445,(anonymous_7)
FN:456,(anonymous_8)
FN:476,(anonymous_9)
FNF:10
FNH:7
FNDA:3,(anonymous_0)
FNDA:3,(anonymous_1)
FNDA:3,(anonymous_2)
FNDA:3,(anonymous_3)
FNDA:5,(anonymous_4)
FNDA:4,(anonymous_5)
FNDA:0,(anonymous_6)
FNDA:0,(anonymous_7)
FNDA:4,(anonymous_8)
FNDA:0,(anonymous_9)
DA:4,2
DA:5,2
DA:6,2
DA:9,2
DA:10,3
DA:12,3
DA:16,3
DA:20,3
DA:23,3
DA:25,2
DA:26,1
DA:27,1
DA:28,1
DA:29,1
DA:32,1
DA:33,1
DA:34,1
DA:35,1
DA:36,1
DA:40,1
DA:41,1
DA:46,2
DA:47,3
DA:48,3
DA:49,3
DA:52,3
DA:55,3
DA:60,3
DA:61,2
DA:63,1
DA:66,0
DA:67,0
DA:72,2
DA:73,3
DA:75,3
DA:78,3
DA:80,3
DA:83,3
DA:85,3
DA:87,2
DA:91,1
DA:94,0
DA:95,0
DA:180,2
DA:181,3
DA:182,3
DA:185,3
DA:188,3
DA:190,3
DA:191,1
DA:193,2
DA:194,2
DA:197,2
DA:198,2
DA:201,2
DA:202,2
DA:204,2
DA:205,2
DA:211,0
DA:219,2
DA:220,2
DA:222,2
DA:223,2
DA:229,0
DA:237,2
DA:240,0
DA:241,0
DA:349,2
DA:350,5
DA:351,5
DA:352,5
DA:354,5
DA:357,5
DA:363,5
DA:364,1
DA:368,4
DA:369,2
DA:370,2
DA:381,2
DA:383,2
DA:386,2
DA:391,2
DA:392,2
DA:394,0
DA:397,0
DA:400,0
DA:401,0
DA:405,2
DA:406,4
DA:407,4
DA:408,4
DA:410,4
DA:413,4
DA:415,4
DA:416,1
DA:420,3
DA:421,0
DA:425,0
DA:428,0
DA:431,0
DA:433,0
DA:434,0
DA:437,0
DA:440,0
DA:445,0
DA:446,0
DA:448,0
DA:451,3
DA:452,3
DA:456,2
DA:457,4
DA:458,4
DA:459,4
DA:461,4
DA:464,4
DA:466,4
DA:467,1
DA:471,3
DA:472,0
DA:476,0
DA:479,0
DA:484,0
DA:485,0
DA:487,0
DA:490,3
DA:491,3
DA:661,2
LF:127
LH:98
BRDA:23,0,0,2
BRDA:23,0,1,1
BRDA:60,1,0,2
BRDA:60,1,1,1
BRDA:85,2,0,2
BRDA:85,2,1,1
BRDA:190,3,0,1
BRDA:190,3,1,2
BRDA:204,4,0,2
BRDA:204,4,1,0
BRDA:222,5,0,2
BRDA:222,5,1,0
BRDA:363,6,0,1
BRDA:363,6,1,4
BRDA:368,7,0,2
BRDA:368,7,1,2
BRDA:381,8,0,2
BRDA:381,8,1,0
BRDA:381,9,0,2
BRDA:381,9,1,1
BRDA:391,10,0,2
BRDA:391,10,1,0
BRDA:415,11,0,1
BRDA:415,11,1,3
BRDA:420,12,0,0
BRDA:420,12,1,0
BRDA:433,13,0,0
BRDA:433,13,1,0
BRDA:445,14,0,0
BRDA:445,14,1,0
BRDA:466,15,0,1
BRDA:466,15,1,3
BRDA:471,16,0,0
BRDA:471,16,1,0
BRDA:484,17,0,0
BRDA:484,17,1,0
BRF:36
BRH:22
end_of_record
