TN:
SF:Backend\commuter_match.js
FN:90,getFirstEventsOfEachDay
FN:102,(anonymous_1)
FN:177,findOtherEmails
FN:188,(anonymous_3)
FN:264,findMatchingUsers
FN:303,(anonymous_5)
FNF:6
FNH:6
FNDA:71,getFirstEventsOfEachDay
FNDA:30,(anonymous_1)
FNDA:8,findOtherEmails
FNDA:73,(anonymous_3)
FNDA:7,findMatchingUsers
FNDA:7,(anonymous_5)
DA:1,6
DA:3,6
DA:6,6
DA:7,6
DA:10,6
DA:11,6
DA:93,71
DA:95,71
DA:98,30
DA:102,41
DA:105,41
DA:106,41
DA:108,41
DA:109,71
DA:113,71
DA:114,56
DA:115,56
DA:122,41
DA:178,8
DA:181,8
DA:188,73
DA:193,8
DA:265,7
DA:268,7
DA:271,7
DA:272,7
DA:273,7
DA:277,7
DA:280,7
DA:282,63
DA:285,63
DA:286,44
DA:288,34
DA:291,34
DA:296,2
DA:297,2
DA:298,2
DA:303,7
DA:304,7
DA:305,2
DA:307,5
DA:339,6
LF:42
LH:42
BRDA:95,0,0,30
BRDA:95,0,1,41
BRDA:95,1,0,71
BRDA:95,1,1,65
BRDA:95,1,2,41
BRDA:113,2,0,56
BRDA:113,2,1,15
BRDA:291,3,0,2
BRDA:291,3,1,32
BRDA:292,4,0,34
BRDA:292,4,1,16
BRDA:292,4,2,14
BRDA:304,5,0,2
BRDA:304,5,1,5
BRF:14
BRH:14
end_of_record
TN:
SF:Backend\recommendation.js
FN:14,(anonymous_0)
FN:16,(anonymous_1)
FN:36,(anonymous_2)
FN:43,(anonymous_3)
FN:63,(anonymous_4)
FNF:5
FNH:5
FNDA:3,(anonymous_0)
FNDA:3,(anonymous_1)
FNDA:3,(anonymous_2)
FNDA:3,(anonymous_3)
FNDA:3,(anonymous_4)
DA:9,6
DA:11,6
DA:12,6
DA:14,6
DA:15,3
DA:16,3
DA:18,3
DA:20,3
DA:26,3
DA:33,3
DA:34,3
DA:36,3
DA:37,3
DA:38,1
DA:43,3
DA:44,3
DA:45,1
DA:49,3
DA:50,3
DA:52,3
DA:54,3
DA:63,3
DA:64,3
DA:65,1
DA:66,1
DA:67,7
DA:69,1
DA:72,2
DA:133,6
LF:29
LH:29
BRDA:37,0,0,1
BRDA:37,0,1,2
BRDA:44,1,0,1
BRDA:44,1,1,2
BRDA:64,2,0,1
BRDA:64,2,1,2
BRF:6
BRH:6
end_of_record
TN:
SF:Backend\server.js
FN:186,(anonymous_0)
FN:201,(anonymous_1)
FN:208,(anonymous_2)
FN:230,(anonymous_3)
FN:237,(anonymous_4)
FN:241,findUserToken
FN:242,(anonymous_6)
FN:252,(anonymous_7)
FN:314,sendNotification
FN:318,(anonymous_9)
FN:323,(anonymous_10)
FN:333,(anonymous_11)
FN:348,(anonymous_12)
FN:351,(anonymous_13)
FN:356,(anonymous_14)
FN:378,(anonymous_15)
FN:383,(anonymous_16)
FN:386,(anonymous_17)
FN:400,(anonymous_18)
FN:407,(anonymous_19)
FN:410,(anonymous_20)
FN:416,(anonymous_21)
FN:452,(anonymous_22)
FN:464,(anonymous_23)
FN:466,(anonymous_24)
FN:488,checkLiveTransitTime
FN:495,(anonymous_26)
FN:502,(anonymous_27)
FN:516,(anonymous_28)
FN:519,(anonymous_29)
FN:523,(anonymous_30)
FN:680,startSSLServer
FN:696,stopSSLServer
FN:697,(anonymous_33)
FN:699,(anonymous_34)
FN:707,connectToDatabase
FN:708,(anonymous_36)
FN:893,initRoute
FN:938,(anonymous_38)
FN:949,(anonymous_39)
FN:974,(anonymous_40)
FN:1028,(anonymous_41)
FN:1047,initReminders
FN:1188,(anonymous_43)
FN:1195,(anonymous_44)
FN:1198,(anonymous_45)
FN:1232,initRouteWithFriends
FN:1287,(anonymous_47)
FN:1361,(anonymous_48)
FN:1406,(anonymous_49)
FN:1429,(anonymous_50)
FN:1475,(anonymous_51)
FN:1495,(anonymous_52)
FN:1506,(anonymous_53)
FN:1511,(anonymous_54)
FN:1526,getLatLong
FN:1527,(anonymous_56)
FN:1541,(anonymous_57)
FN:1558,(anonymous_58)
FN:1588,checkAddressInBC
FN:1597,(anonymous_60)
FN:1598,(anonymous_61)
FN:1600,(anonymous_62)
FN:1603,(anonymous_63)
FN:1623,(anonymous_64)
FN:1641,planTransitTrip
FN:1642,(anonymous_66)
FN:1644,(anonymous_67)
FN:1648,(anonymous_68)
FN:1665,(anonymous_69)
FN:1669,(anonymous_70)
FN:1673,(anonymous_71)
FN:1703,(anonymous_72)
FN:1708,(anonymous_73)
FN:1716,calcDist
FN:1730,getMeetingPoint
FN:1775,calcWalkingTimes
FN:1803,timeToTimestamp
FN:1809,timestampToTime
FN:1818,combineDateAndTime
FN:1852,isoToCron
FN:1872,compareTimeStrings
FNF:82
FNH:71
FNDA:3,(anonymous_0)
FNDA:2,(anonymous_1)
FNDA:1,(anonymous_2)
FNDA:1,(anonymous_3)
FNDA:1,(anonymous_4)
FNDA:5,findUserToken
FNDA:5,(anonymous_6)
FNDA:5,(anonymous_7)
FNDA:0,sendNotification
FNDA:0,(anonymous_9)
FNDA:0,(anonymous_10)
FNDA:4,(anonymous_11)
FNDA:2,(anonymous_12)
FNDA:1,(anonymous_13)
FNDA:1,(anonymous_14)
FNDA:9,(anonymous_15)
FNDA:3,(anonymous_16)
FNDA:6,(anonymous_17)
FNDA:6,(anonymous_18)
FNDA:1,(anonymous_19)
FNDA:5,(anonymous_20)
FNDA:5,(anonymous_21)
FNDA:3,(anonymous_22)
FNDA:1,(anonymous_23)
FNDA:2,(anonymous_24)
FNDA:3,checkLiveTransitTime
FNDA:3,(anonymous_26)
FNDA:3,(anonymous_27)
FNDA:3,(anonymous_28)
FNDA:3,(anonymous_29)
FNDA:3,(anonymous_30)
FNDA:1,startSSLServer
FNDA:5,stopSSLServer
FNDA:5,(anonymous_33)
FNDA:1,(anonymous_34)
FNDA:1,connectToDatabase
FNDA:1,(anonymous_36)
FNDA:21,initRoute
FNDA:21,(anonymous_38)
FNDA:3,(anonymous_39)
FNDA:25,(anonymous_40)
FNDA:18,(anonymous_41)
FNDA:4,initReminders
FNDA:0,(anonymous_43)
FNDA:0,(anonymous_44)
FNDA:0,(anonymous_45)
FNDA:9,initRouteWithFriends
FNDA:9,(anonymous_47)
FNDA:4,(anonymous_48)
FNDA:4,(anonymous_49)
FNDA:14,(anonymous_50)
FNDA:22,(anonymous_51)
FNDA:30,(anonymous_52)
FNDA:0,(anonymous_53)
FNDA:1,(anonymous_54)
FNDA:10,getLatLong
FNDA:10,(anonymous_56)
FNDA:10,(anonymous_57)
FNDA:0,(anonymous_58)
FNDA:64,checkAddressInBC
FNDA:64,(anonymous_60)
FNDA:64,(anonymous_61)
FNDA:151,(anonymous_62)
FNDA:64,(anonymous_63)
FNDA:0,(anonymous_64)
FNDA:32,planTransitTrip
FNDA:32,(anonymous_66)
FNDA:32,(anonymous_67)
FNDA:32,(anonymous_68)
FNDA:31,(anonymous_69)
FNDA:298,(anonymous_70)
FNDA:31,(anonymous_71)
FNDA:0,(anonymous_72)
FNDA:0,(anonymous_73)
FNDA:59,calcDist
FNDA:5,getMeetingPoint
FNDA:7,calcWalkingTimes
FNDA:10,timeToTimestamp
FNDA:15,timestampToTime
FNDA:6,combineDateAndTime
FNDA:5,isoToCron
FNDA:2,compareTimeStrings
DA:1,6
DA:2,6
DA:3,6
DA:4,6
DA:6,6
DA:8,6
DA:10,6
DA:11,6
DA:12,6
DA:14,6
DA:15,6
DA:17,6
DA:18,6
DA:20,6
DA:21,6
DA:22,6
DA:23,6
DA:27,6
DA:31,6
DA:34,6
DA:36,6
DA:38,6
DA:40,6
DA:42,6
DA:44,6
DA:46,6
DA:48,6
DA:50,6
DA:52,6
DA:54,6
DA:56,6
DA:58,6
DA:60,6
DA:62,6
DA:64,6
DA:66,6
DA:68,6
DA:70,6
DA:72,6
DA:74,6
DA:76,6
DA:78,6
DA:80,6
DA:82,6
DA:84,6
DA:86,6
DA:89,6
DA:110,6
DA:115,6
DA:121,6
DA:122,6
DA:139,6
DA:141,6
DA:144,6
DA:146,6
DA:151,6
DA:153,6
DA:157,6
DA:168,6
DA:169,6
DA:171,6
DA:173,6
DA:175,6
DA:177,6
DA:186,6
DA:187,3
DA:188,3
DA:189,3
DA:192,1
DA:193,1
DA:197,2
DA:202,2
DA:204,1
DA:210,1
DA:216,1
DA:230,6
DA:231,1
DA:232,1
DA:237,1
DA:238,1
DA:242,5
DA:243,5
DA:245,1
DA:248,5
DA:253,5
DA:262,2
DA:266,2
DA:275,2
DA:276,2
DA:283,1
DA:294,1
DA:306,3
DA:315,0
DA:319,0
DA:321,0
DA:324,0
DA:326,0
DA:333,6
DA:343,4
DA:344,4
DA:348,6
DA:349,2
DA:351,2
DA:352,1
DA:353,1
DA:354,1
DA:358,1
DA:378,6
DA:379,9
DA:380,9
DA:381,9
DA:382,9
DA:384,3
DA:388,6
DA:393,6
DA:400,6
DA:401,6
DA:402,6
DA:406,6
DA:408,1
DA:412,5
DA:416,6
DA:417,5
DA:418,5
DA:419,5
DA:420,5
DA:421,5
DA:422,5
DA:424,5
DA:425,5
DA:426,15
DA:427,15
DA:428,15
DA:429,15
DA:430,15
DA:431,2
DA:432,2
DA:434,13
DA:437,5
DA:438,1
DA:440,4
DA:446,6
DA:447,6
DA:452,6
DA:462,3
DA:463,3
DA:464,3
DA:465,1
DA:467,2
DA:468,2
DA:472,6
DA:495,3
DA:497,3
DA:498,3
DA:503,3
DA:507,3
DA:509,3
DA:516,3
DA:517,3
DA:519,3
DA:520,3
DA:523,3
DA:524,3
DA:525,2
DA:531,2
DA:539,2
DA:547,2
DA:548,2
DA:550,1
DA:553,1
DA:556,0
DA:559,1
DA:562,1
DA:567,3
DA:681,1
DA:686,1
DA:688,1
DA:690,1
DA:697,5
DA:698,5
DA:699,1
DA:700,1
DA:701,1
DA:708,1
DA:709,1
DA:712,1
DA:714,1
DA:895,21
DA:897,21
DA:901,21
DA:905,21
DA:906,2
DA:907,19
DA:908,2
DA:915,21
DA:916,17
DA:917,17
DA:918,17
DA:919,17
DA:922,28
DA:924,7
DA:925,7
DA:926,7
DA:927,7
DA:930,17
DA:931,10
DA:938,21
DA:939,21
DA:941,14
DA:944,21
DA:950,3
DA:959,3
DA:960,3
DA:961,3
DA:962,3
DA:963,3
DA:964,3
DA:965,3
DA:967,3
DA:968,3
DA:969,3
DA:970,3
DA:971,3
DA:973,3
DA:974,3
DA:975,25
DA:977,25
DA:978,11
DA:980,9
DA:981,9
DA:982,9
DA:983,9
DA:984,9
DA:986,2
DA:987,2
DA:988,2
DA:989,2
DA:990,2
DA:997,14
DA:998,14
DA:999,14
DA:1000,14
DA:1003,25
DA:1012,25
DA:1018,25
DA:1020,3
DA:1023,3
DA:1025,3
DA:1026,3
DA:1029,18
DA:1050,4
DA:1052,4
DA:1053,4
DA:1057,4
DA:1062,4
DA:1063,4
DA:1064,1
DA:1065,1
DA:1069,1
DA:1070,3
DA:1071,1
DA:1072,1
DA:1076,1
DA:1082,2
DA:1083,2
DA:1084,2
DA:1086,2
DA:1087,2
DA:1088,2
DA:1089,2
DA:1090,2
DA:1092,2
DA:1094,2
DA:1099,2
DA:1100,2
DA:1109,2
DA:1121,2
DA:1134,2
DA:1135,2
DA:1136,2
DA:1137,3
DA:1138,3
DA:1140,3
DA:1141,2
DA:1143,1
DA:1144,1
DA:1145,1
DA:1147,1
DA:1149,1
DA:1151,1
DA:1152,1
DA:1153,1
DA:1155,1
DA:1160,2
DA:1164,2
DA:1165,2
DA:1166,2
DA:1171,2
DA:1181,2
DA:1182,2
DA:1183,2
DA:1184,2
DA:1186,1
DA:1187,5
DA:1188,5
DA:1189,0
DA:1196,0
DA:1198,0
DA:1199,0
DA:1207,2
DA:1211,2
DA:1236,9
DA:1237,9
DA:1238,9
DA:1239,9
DA:1241,9
DA:1245,9
DA:1249,2
DA:1250,2
DA:1252,9
DA:1256,9
DA:1260,2
DA:1261,2
DA:1264,9
DA:1268,9
DA:1272,1
DA:1273,1
DA:1275,9
DA:1279,9
DA:1283,1
DA:1284,1
DA:1287,9
DA:1288,9
DA:1289,4
DA:1292,9
DA:1293,9
DA:1294,9
DA:1295,8
DA:1296,8
DA:1297,8
DA:1298,7
DA:1301,8
DA:1303,5
DA:1304,5
DA:1305,5
DA:1306,5
DA:1309,6
DA:1313,1
DA:1316,6
DA:1319,7
DA:1321,4
DA:1322,4
DA:1323,4
DA:1324,4
DA:1327,5
DA:1331,1
DA:1339,5
DA:1344,5
DA:1345,5
DA:1346,5
DA:1347,1
DA:1348,1
DA:1350,4
DA:1351,4
DA:1354,5
DA:1356,5
DA:1363,4
DA:1369,4
DA:1380,4
DA:1381,4
DA:1382,4
DA:1385,4
DA:1386,4
DA:1390,4
DA:1394,4
DA:1398,4
DA:1399,4
DA:1401,4
DA:1407,4
DA:1414,4
DA:1415,4
DA:1416,4
DA:1417,4
DA:1418,4
DA:1419,4
DA:1420,4
DA:1421,4
DA:1423,4
DA:1424,4
DA:1425,4
DA:1426,4
DA:1427,4
DA:1429,4
DA:1430,14
DA:1432,14
DA:1433,7
DA:1435,3
DA:1436,3
DA:1437,3
DA:1438,3
DA:1439,3
DA:1441,4
DA:1442,4
DA:1443,4
DA:1444,4
DA:1445,4
DA:1449,7
DA:1450,7
DA:1451,7
DA:1452,7
DA:1455,14
DA:1456,14
DA:1464,14
DA:1470,14
DA:1472,4
DA:1473,4
DA:1475,4
DA:1476,22
DA:1485,4
DA:1486,4
DA:1487,4
DA:1490,4
DA:1492,4
DA:1493,4
DA:1495,4
DA:1496,30
DA:1507,0
DA:1512,1
DA:1513,1
DA:1527,10
DA:1528,10
DA:1529,10
DA:1530,10
DA:1533,10
DA:1534,10
DA:1537,10
DA:1544,10
DA:1545,10
DA:1554,10
DA:1555,10
DA:1556,10
DA:1560,0
DA:1589,64
DA:1590,64
DA:1591,64
DA:1593,64
DA:1594,64
DA:1595,64
DA:1597,64
DA:1598,64
DA:1599,64
DA:1600,64
DA:1601,151
DA:1603,64
DA:1604,64
DA:1605,64
DA:1606,39
DA:1607,39
DA:1608,39
DA:1613,39
DA:1616,39
DA:1617,39
DA:1621,64
DA:1625,0
DA:1642,32
DA:1644,32
DA:1645,32
DA:1646,6
DA:1648,32
DA:1649,32
DA:1650,19
DA:1652,32
DA:1653,32
DA:1655,32
DA:1663,32
DA:1665,32
DA:1666,31
DA:1669,31
DA:1670,298
DA:1673,31
DA:1676,31
DA:1677,31
DA:1679,18
DA:1700,31
DA:1703,32
DA:1705,0
DA:1710,0
DA:1717,59
DA:1718,59
DA:1720,59
DA:1731,5
DA:1732,5
DA:1733,5
DA:1739,5
DA:1745,5
DA:1751,5
DA:1757,5
DA:1758,5
DA:1762,0
DA:1764,5
DA:1766,5
DA:1776,7
DA:1777,7
DA:1778,47
DA:1779,7
DA:1781,7
DA:1784,40
DA:1785,3
DA:1786,3
DA:1789,37
DA:1791,15
DA:1794,15
DA:1799,7
DA:1804,10
DA:1805,10
DA:1810,15
DA:1811,15
DA:1823,6
DA:1829,6
DA:1830,6
DA:1831,6
DA:1834,6
DA:1835,1
DA:1838,6
DA:1842,6
DA:1848,6
DA:1853,5
DA:1856,5
DA:1859,5
DA:1862,5
DA:1864,5
DA:1868,5
DA:1874,2
DA:1875,2
DA:1877,2
DA:1880,6
LF:536
LH:520
BRDA:189,0,0,1
BRDA:189,0,1,2
BRDA:189,1,0,3
BRDA:189,1,1,2
BRDA:202,2,0,1
BRDA:202,2,1,1
BRDA:243,3,0,1
BRDA:243,3,1,4
BRDA:243,4,0,5
BRDA:243,4,1,5
BRDA:253,5,0,2
BRDA:253,5,1,3
BRDA:276,6,0,1
BRDA:276,6,1,1
BRDA:437,7,0,1
BRDA:437,7,1,4
BRDA:524,8,0,2
BRDA:524,8,1,1
BRDA:531,9,0,2
BRDA:531,9,1,0
BRDA:548,10,0,1
BRDA:548,10,1,1
BRDA:698,11,0,1
BRDA:698,11,1,4
BRDA:905,12,0,2
BRDA:905,12,1,19
BRDA:907,13,0,2
BRDA:907,13,1,17
BRDA:915,14,0,17
BRDA:915,14,1,4
BRDA:922,15,0,7
BRDA:922,15,1,21
BRDA:930,16,0,10
BRDA:930,16,1,7
BRDA:930,17,0,17
BRDA:930,17,1,10
BRDA:939,18,0,14
BRDA:939,18,1,7
BRDA:950,19,0,0
BRDA:950,19,1,3
BRDA:977,20,0,11
BRDA:977,20,1,14
BRDA:978,21,0,9
BRDA:978,21,1,2
BRDA:978,21,2,0
BRDA:1063,22,0,1
BRDA:1063,22,1,3
BRDA:1070,23,0,1
BRDA:1070,23,1,2
BRDA:1086,24,0,2
BRDA:1086,24,1,0
BRDA:1140,25,0,2
BRDA:1140,25,1,1
BRDA:1141,26,0,1
BRDA:1141,26,1,1
BRDA:1141,26,2,0
BRDA:1184,27,0,1
BRDA:1184,27,1,1
BRDA:1196,28,0,0
BRDA:1196,28,1,0
BRDA:1245,29,0,2
BRDA:1245,29,1,7
BRDA:1256,30,0,2
BRDA:1256,30,1,7
BRDA:1268,31,0,1
BRDA:1268,31,1,8
BRDA:1279,32,0,1
BRDA:1279,32,1,8
BRDA:1288,33,0,4
BRDA:1288,33,1,5
BRDA:1301,34,0,5
BRDA:1301,34,1,3
BRDA:1309,35,0,1
BRDA:1309,35,1,5
BRDA:1319,36,0,4
BRDA:1319,36,1,3
BRDA:1327,37,0,1
BRDA:1327,37,1,4
BRDA:1346,38,0,1
BRDA:1346,38,1,4
BRDA:1432,39,0,7
BRDA:1432,39,1,7
BRDA:1433,40,0,3
BRDA:1433,40,1,4
BRDA:1433,40,2,0
BRDA:1605,41,0,39
BRDA:1605,41,1,25
BRDA:1616,42,0,39
BRDA:1616,42,1,0
BRDA:1645,43,0,6
BRDA:1645,43,1,26
BRDA:1649,44,0,19
BRDA:1649,44,1,13
BRDA:1677,45,0,18
BRDA:1677,45,1,13
BRDA:1758,46,0,0
BRDA:1758,46,1,5
BRDA:1778,47,0,7
BRDA:1778,47,1,40
BRDA:1778,48,0,47
BRDA:1778,48,1,7
BRDA:1784,49,0,3
BRDA:1784,49,1,37
BRDA:1784,50,0,40
BRDA:1784,50,1,7
BRDA:1789,51,0,15
BRDA:1789,51,1,22
BRDA:1834,52,0,1
BRDA:1834,52,1,5
BRDA:1834,53,0,6
BRDA:1834,53,1,4
BRDA:1859,54,0,0
BRDA:1859,54,1,5
BRDA:1862,55,0,0
BRDA:1862,55,1,5
BRF:115
BRH:103
end_of_record
TN:
SF:Backend\routes\schedule.js
FN:6,(anonymous_0)
FN:40,(anonymous_1)
FN:67,(anonymous_2)
FN:271,(anonymous_3)
FN:273,compareEvents
FN:312,(anonymous_5)
FN:675,(anonymous_6)
FN:689,(anonymous_7)
FN:788,(anonymous_8)
FN:803,(anonymous_9)
FNF:10
FNH:10
FNDA:2,(anonymous_0)
FNDA:2,(anonymous_1)
FNDA:2,(anonymous_2)
FNDA:8,(anonymous_3)
FNDA:1,compareEvents
FNDA:7,(anonymous_5)
FNDA:4,(anonymous_6)
FNDA:3,(anonymous_7)
FNDA:3,(anonymous_8)
FNDA:1,(anonymous_9)
DA:1,6
DA:2,6
DA:3,6
DA:6,6
DA:9,2
DA:12,2
DA:15,2
DA:19,2
DA:21,1
DA:22,1
DA:23,1
DA:24,1
DA:27,1
DA:28,1
DA:29,1
DA:30,1
DA:31,1
DA:40,6
DA:43,2
DA:46,2
DA:51,2
DA:53,2
DA:55,1
DA:58,1
DA:67,6
DA:70,2
DA:73,2
DA:76,2
DA:79,2
DA:81,2
DA:83,1
DA:86,1
DA:93,1
DA:271,6
DA:274,1
DA:278,8
DA:279,8
DA:281,8
DA:282,8
DA:284,8
DA:285,1
DA:286,1
DA:290,7
DA:291,7
DA:293,7
DA:294,1
DA:295,1
DA:299,6
DA:301,6
DA:302,1
DA:303,1
DA:307,5
DA:310,5
DA:312,4
DA:313,7
DA:314,7
DA:320,7
DA:327,4
DA:329,3
DA:330,3
DA:337,2
DA:338,2
DA:340,2
DA:346,2
DA:675,6
DA:677,4
DA:678,4
DA:680,4
DA:681,4
DA:683,4
DA:684,1
DA:685,1
DA:689,3
DA:691,3
DA:692,1
DA:693,1
DA:697,2
DA:699,2
DA:700,1
DA:702,1
DA:788,6
DA:790,3
DA:792,3
DA:793,3
DA:797,3
DA:798,2
DA:799,2
DA:802,1
DA:803,1
DA:814,1
DA:822,1
DA:854,6
LF:92
LH:92
BRDA:19,0,0,1
BRDA:19,0,1,1
BRDA:53,1,0,1
BRDA:53,1,1,1
BRDA:81,2,0,1
BRDA:81,2,1,1
BRDA:284,3,0,1
BRDA:284,3,1,7
BRDA:293,4,0,1
BRDA:293,4,1,6
BRDA:293,5,0,7
BRDA:293,5,1,6
BRDA:301,6,0,1
BRDA:301,6,1,5
BRDA:310,7,0,4
BRDA:310,7,1,1
BRDA:321,8,0,7
BRDA:321,8,1,6
BRDA:321,8,2,5
BRDA:321,8,3,5
BRDA:321,8,4,5
BRDA:321,8,5,1
BRDA:327,9,0,3
BRDA:327,9,1,1
BRDA:683,10,0,1
BRDA:683,10,1,3
BRDA:691,11,0,1
BRDA:691,11,1,2
BRDA:699,12,0,1
BRDA:699,12,1,1
BRDA:797,13,0,2
BRDA:797,13,1,1
BRF:32
BRH:32
end_of_record
TN:
SF:Backend\routes\user.js
FN:9,(anonymous_0)
FN:46,(anonymous_1)
FN:72,(anonymous_2)
FN:180,(anonymous_3)
FN:347,(anonymous_4)
FN:416,(anonymous_5)
FN:436,(anonymous_6)
FN:457,(anonymous_7)
FN:473,(anonymous_8)
FN:493,(anonymous_9)
FNF:10
FNH:10
FNDA:2,(anonymous_0)
FNDA:2,(anonymous_1)
FNDA:2,(anonymous_2)
FNDA:5,(anonymous_3)
FNDA:6,(anonymous_4)
FNDA:3,(anonymous_5)
FNDA:1,(anonymous_6)
FNDA:2,(anonymous_7)
FNDA:3,(anonymous_8)
FNDA:1,(anonymous_9)
DA:4,6
DA:5,6
DA:6,6
DA:9,6
DA:12,2
DA:16,2
DA:20,2
DA:23,2
DA:26,1
DA:27,1
DA:28,1
DA:29,1
DA:32,1
DA:33,1
DA:34,1
DA:35,1
DA:36,1
DA:46,6
DA:48,2
DA:49,2
DA:52,2
DA:55,2
DA:60,2
DA:61,1
DA:63,1
DA:72,6
DA:75,2
DA:78,2
DA:83,2
DA:85,2
DA:87,1
DA:91,1
DA:180,6
DA:182,5
DA:185,5
DA:188,5
DA:190,5
DA:192,5
DA:193,1
DA:195,4
DA:196,4
DA:199,4
DA:200,4
DA:203,4
DA:204,2
DA:205,2
DA:206,2
DA:208,2
DA:216,4
DA:217,2
DA:218,2
DA:219,2
DA:221,2
DA:230,4
DA:231,3
DA:233,1
DA:347,6
DA:349,6
DA:350,6
DA:352,6
DA:355,6
DA:361,6
DA:362,1
DA:366,5
DA:367,1
DA:368,1
DA:380,4
DA:381,1
DA:383,3
DA:384,1
DA:386,2
DA:387,1
DA:396,1
DA:399,1
DA:405,1
DA:416,6
DA:418,3
DA:419,3
DA:421,3
DA:424,3
DA:426,3
DA:427,1
DA:431,2
DA:432,1
DA:436,1
DA:439,1
DA:442,1
DA:450,1
DA:453,1
DA:457,2
DA:458,1
DA:473,6
DA:475,3
DA:476,3
DA:478,3
DA:481,3
DA:483,3
DA:484,1
DA:488,2
DA:489,1
DA:493,1
DA:496,1
DA:502,1
DA:678,6
LF:104
LH:104
BRDA:23,0,0,1
BRDA:23,0,1,1
BRDA:60,1,0,1
BRDA:60,1,1,1
BRDA:85,2,0,1
BRDA:85,2,1,1
BRDA:192,3,0,1
BRDA:192,3,1,4
BRDA:203,4,0,2
BRDA:203,4,1,2
BRDA:216,5,0,2
BRDA:216,5,1,2
BRDA:230,6,0,3
BRDA:230,6,1,1
BRDA:361,7,0,1
BRDA:361,7,1,5
BRDA:366,8,0,1
BRDA:366,8,1,4
BRDA:380,9,0,1
BRDA:380,9,1,3
BRDA:383,10,0,1
BRDA:383,10,1,2
BRDA:386,11,0,1
BRDA:386,11,1,1
BRDA:426,12,0,1
BRDA:426,12,1,2
BRDA:431,13,0,1
BRDA:431,13,1,1
BRDA:483,14,0,1
BRDA:483,14,1,2
BRDA:488,15,0,1
BRDA:488,15,1,1
BRF:32
BRH:32
end_of_record
